#
# There is insufficient memory for the Java Runtime Environment to continue.
# Native memory allocation (malloc) failed to allocate 1774624 bytes. Error detail: Chunk::new
# Possible reasons:
#   The system is out of physical RAM or swap space
#   This process is running with CompressedOops enabled, and the Java Heap may be blocking the growth of the native heap
# Possible solutions:
#   Reduce memory load on the system
#   Increase physical memory or swap space
#   Check if swap backing store is full
#   Decrease Java heap size (-Xmx/-Xms)
#   Decrease number of Java threads
#   Decrease Java thread stack sizes (-Xss)
#   Set larger code cache with -XX:ReservedCodeCacheSize=
#   JVM is running with Unscaled Compressed Oops mode in which the Java heap is
#     placed in the first 4GB address space. The Java Heap base address is the
#     maximum limit for the native heap growth. Please use -XX:HeapBaseMinAddress
#     to set the Java Heap base and to place the Java Heap above 4GB virtual address.
# This output file may be truncated or incomplete.
#
#  Out of Memory Error (arena.cpp:168), pid=28216, tid=16120
#
# JRE version: OpenJDK Runtime Environment (21.0.8) (build 21.0.8+-14018985-b1038.68)
# Java VM: OpenJDK 64-Bit Server VM (21.0.8+-14018985-b1038.68, mixed mode, tiered, compressed oops, compressed class ptrs, g1 gc, windows-amd64)
# No core dump will be written. Minidumps are not enabled by default on client versions of Windows
#

---------------  S U M M A R Y ------------

Command Line: --add-opens=java.base/java.lang=ALL-UNNAMED --add-opens=java.base/java.lang.invoke=ALL-UNNAMED --add-opens=java.base/java.util=ALL-UNNAMED --add-opens=java.prefs/java.util.prefs=ALL-UNNAMED --add-exports=jdk.compiler/com.sun.tools.javac.api=ALL-UNNAMED --add-exports=jdk.compiler/com.sun.tools.javac.util=ALL-UNNAMED --add-opens=java.base/java.util=ALL-UNNAMED --add-opens=java.prefs/java.util.prefs=ALL-UNNAMED --add-opens=java.base/java.nio.charset=ALL-UNNAMED --add-opens=java.base/java.net=ALL-UNNAMED --add-opens=java.base/java.util.concurrent.atomic=ALL-UNNAMED --add-opens=java.xml/javax.xml.namespace=ALL-UNNAMED -Xmx2048m -Dfile.encoding=UTF-8 -Duser.country=FR -Duser.language=fr -Duser.variant -javaagent:E:\androidprojet\gradle\wrapper\wrapper\wrapper\wrapper\wrapper\wrapper\dists\gradle-8.13-bin\5xuhj0ry160q40clulazy9h7d\gradle-8.13\lib\agents\gradle-instrumentation-agent-8.13.jar org.gradle.launcher.daemon.bootstrap.GradleDaemon 8.13

Host: 11th Gen Intel(R) Core(TM) i5-1155G7 @ 2.50GHz, 8 cores, 7G,  Windows 11 , 64 bit Build 26100 (10.0.26100.7705)
Time: Sat Feb 28 20:35:52 2026 Maroc elapsed time: 15.023901 seconds (0d 0h 0m 15s)

---------------  T H R E A D  ---------------

Current thread (0x0000015a67c09cc0):  JavaThread "C2 CompilerThread0" daemon [_thread_in_native, id=16120, stack(0x0000003624500000,0x0000003624600000) (1024K)]


Current CompileTask:
C2:15023 6944 %     4       org.objectweb.asm.ClassReader::readCode @ 2187 (5117 bytes)

Stack: [0x0000003624500000,0x0000003624600000]
Native frames: (J=compiled Java code, j=interpreted, Vv=VM code, C=native code)
V  [jvm.dll+0x6d68d9]
V  [jvm.dll+0x866693]
V  [jvm.dll+0x868c4e]
V  [jvm.dll+0x869333]
V  [jvm.dll+0x280566]
V  [jvm.dll+0xc07cd]
V  [jvm.dll+0xc0d03]
V  [jvm.dll+0x3b961b]
V  [jvm.dll+0x385507]
V  [jvm.dll+0x38497a]
V  [jvm.dll+0x249252]
V  [jvm.dll+0x248821]
V  [jvm.dll+0x1c73a4]
V  [jvm.dll+0x257f9e]
V  [jvm.dll+0x2564e6]
V  [jvm.dll+0x3f4696]
V  [jvm.dll+0x80eac8]
V  [jvm.dll+0x6d512d]
C  [ucrtbase.dll+0x37b0]
C  [KERNEL32.DLL+0x2e8d7]
C  [ntdll.dll+0x8c40c]


---------------  P R O C E S S  ---------------

Threads class SMR info:
_java_thread_list=0x0000015a6cde61e0, length=44, elements={
0x0000015a4df67930, 0x0000015a67bdeda0, 0x0000015a67bdfc20, 0x0000015a67be11f0,
0x0000015a67c03d50, 0x0000015a67c047b0, 0x0000015a67c1fe30, 0x0000015a67c20890,
0x0000015a67c09cc0, 0x0000015a67c0ce80, 0x0000015a67f21700, 0x0000015a6d433ce0,
0x0000015a6d260b20, 0x0000015a6d278700, 0x0000015a6d8469d0, 0x0000015a6c7fe040,
0x0000015a6da09f10, 0x0000015a67f7dff0, 0x0000015a6dc4f6f0, 0x0000015a6dc50410,
0x0000015a6dc4f060, 0x0000015a6dc4fd80, 0x0000015a6e1dc0f0, 0x0000015a6e1da020,
0x0000015a6e1dba60, 0x0000015a6e1dad40, 0x0000015a6e1db3d0, 0x0000015a6e1d8c70,
0x0000015a6e1dce10, 0x0000015a6e1dc780, 0x0000015a6e1da6b0, 0x0000015a6e1d9990,
0x0000015a6e1de1c0, 0x0000015a6e1de850, 0x0000015a6e1deee0, 0x0000015a6e1dd4a0,
0x0000015a6e1df570, 0x0000015a6e1ddb30, 0x0000015a6e1e0290, 0x0000015a70088670,
0x0000015a70089a20, 0x0000015a70087950, 0x0000015a700865a0, 0x0000015a70086c30
}

Java Threads: ( => current thread )
  0x0000015a4df67930 JavaThread "main"                              [_thread_blocked, id=30860, stack(0x0000003623600000,0x0000003623700000) (1024K)]
  0x0000015a67bdeda0 JavaThread "Common-Cleaner"             daemon [_thread_blocked, id=40904, stack(0x0000003623e00000,0x0000003623f00000) (1024K)]
  0x0000015a67bdfc20 JavaThread "Reference Handler"          daemon [_thread_blocked, id=40992, stack(0x0000003623f00000,0x0000003624000000) (1024K)]
  0x0000015a67be11f0 JavaThread "Finalizer"                  daemon [_thread_blocked, id=24364, stack(0x0000003624000000,0x0000003624100000) (1024K)]
  0x0000015a67c03d50 JavaThread "Signal Dispatcher"          daemon [_thread_blocked, id=6744, stack(0x0000003624100000,0x0000003624200000) (1024K)]
  0x0000015a67c047b0 JavaThread "Attach Listener"            daemon [_thread_blocked, id=18468, stack(0x0000003624200000,0x0000003624300000) (1024K)]
  0x0000015a67c1fe30 JavaThread "Service Thread"             daemon [_thread_blocked, id=20064, stack(0x0000003624300000,0x0000003624400000) (1024K)]
  0x0000015a67c20890 JavaThread "Monitor Deflation Thread"   daemon [_thread_blocked, id=16364, stack(0x0000003624400000,0x0000003624500000) (1024K)]
=>0x0000015a67c09cc0 JavaThread "C2 CompilerThread0"         daemon [_thread_in_native, id=16120, stack(0x0000003624500000,0x0000003624600000) (1024K)]
  0x0000015a67c0ce80 JavaThread "C1 CompilerThread0"         daemon [_thread_blocked, id=11356, stack(0x0000003624600000,0x0000003624700000) (1024K)]
  0x0000015a67f21700 JavaThread "Notification Thread"        daemon [_thread_blocked, id=6668, stack(0x0000003624700000,0x0000003624800000) (1024K)]
  0x0000015a6d433ce0 JavaThread "Daemon health stats"               [_thread_blocked, id=24968, stack(0x0000003624c00000,0x0000003624d00000) (1024K)]
  0x0000015a6d260b20 JavaThread "Incoming local TCP Connector on port 5573"        [_thread_in_native, id=33872, stack(0x0000003624d00000,0x0000003624e00000) (1024K)]
  0x0000015a6d278700 JavaThread "Daemon periodic checks"            [_thread_blocked, id=19600, stack(0x0000003624e00000,0x0000003624f00000) (1024K)]
  0x0000015a6d8469d0 JavaThread "Daemon"                            [_thread_blocked, id=36724, stack(0x0000003625200000,0x0000003625300000) (1024K)]
  0x0000015a6c7fe040 JavaThread "Handler for socket connection from /127.0.0.1:5573 to /127.0.0.1:5574"        [_thread_in_native, id=16132, stack(0x0000003625300000,0x0000003625400000) (1024K)]
  0x0000015a6da09f10 JavaThread "Cancel handler"                    [_thread_blocked, id=20788, stack(0x0000003625400000,0x0000003625500000) (1024K)]
  0x0000015a67f7dff0 JavaThread "Daemon worker"                     [_thread_in_Java, id=12300, stack(0x0000003625500000,0x0000003625600000) (1024K)]
  0x0000015a6dc4f6f0 JavaThread "Asynchronous log dispatcher for DefaultDaemonConnection: socket connection from /127.0.0.1:5573 to /127.0.0.1:5574"        [_thread_blocked, id=1488, stack(0x0000003625600000,0x0000003625700000) (1024K)]
  0x0000015a6dc50410 JavaThread "Stdin handler"                     [_thread_blocked, id=15016, stack(0x0000003625800000,0x0000003625900000) (1024K)]
  0x0000015a6dc4f060 JavaThread "Daemon client event forwarder"        [_thread_blocked, id=34328, stack(0x0000003625900000,0x0000003625a00000) (1024K)]
  0x0000015a6dc4fd80 JavaThread "Cache worker for journal cache (E:\androidprojet\gradle\wrapper\wrapper\wrapper\wrapper\wrapper\caches\journal-1)"        [_thread_blocked, id=10532, stack(0x0000003625b00000,0x0000003625c00000) (1024K)]
  0x0000015a6e1dc0f0 JavaThread "File lock request listener"        [_thread_in_native, id=20068, stack(0x0000003625c00000,0x0000003625d00000) (1024K)]
  0x0000015a6e1da020 JavaThread "Cache worker for file hash cache (E:\androidprojet\gradle\wrapper\wrapper\wrapper\wrapper\wrapper\caches\8.13\fileHashes)"        [_thread_blocked, id=3456, stack(0x0000003625d00000,0x0000003625e00000) (1024K)]
  0x0000015a6e1dba60 JavaThread "Cache worker for file hash cache (E:\finally10\.gradle\8.13\fileHashes)"        [_thread_blocked, id=36736, stack(0x0000003625e00000,0x0000003625f00000) (1024K)]
  0x0000015a6e1dad40 JavaThread "Cache worker for Build Output Cleanup Cache (E:\finally10\.gradle\buildOutputCleanup)"        [_thread_blocked, id=16912, stack(0x0000003625f00000,0x0000003626000000) (1024K)]
  0x0000015a6e1db3d0 JavaThread "File watcher server"        daemon [_thread_in_native, id=40520, stack(0x0000003626000000,0x0000003626100000) (1024K)]
  0x0000015a6e1d8c70 JavaThread "File watcher consumer"      daemon [_thread_blocked, id=30584, stack(0x0000003626100000,0x0000003626200000) (1024K)]
  0x0000015a6e1dce10 JavaThread "jar transforms"                    [_thread_blocked, id=25224, stack(0x0000003625a00000,0x0000003625b00000) (1024K)]
  0x0000015a6e1dc780 JavaThread "jar transforms Thread 2"           [_thread_blocked, id=34984, stack(0x0000003626200000,0x0000003626300000) (1024K)]
  0x0000015a6e1da6b0 JavaThread "jar transforms Thread 3"           [_thread_blocked, id=35384, stack(0x0000003626300000,0x0000003626400000) (1024K)]
  0x0000015a6e1d9990 JavaThread "jar transforms Thread 4"           [_thread_blocked, id=43588, stack(0x0000003626400000,0x0000003626500000) (1024K)]
  0x0000015a6e1de1c0 JavaThread "jar transforms Thread 5"           [_thread_blocked, id=33928, stack(0x0000003626500000,0x0000003626600000) (1024K)]
  0x0000015a6e1de850 JavaThread "jar transforms Thread 6"           [_thread_blocked, id=36992, stack(0x0000003626600000,0x0000003626700000) (1024K)]
  0x0000015a6e1deee0 JavaThread "jar transforms Thread 7"           [_thread_blocked, id=39564, stack(0x0000003626700000,0x0000003626800000) (1024K)]
  0x0000015a6e1dd4a0 JavaThread "jar transforms Thread 8"           [_thread_blocked, id=36616, stack(0x0000003626800000,0x0000003626900000) (1024K)]
  0x0000015a6e1df570 JavaThread "Cache worker for checksums cache (E:\finally10\.gradle\8.13\checksums)"        [_thread_blocked, id=36112, stack(0x0000003626900000,0x0000003626a00000) (1024K)]
  0x0000015a6e1ddb30 JavaThread "Cache worker for file content cache (E:\androidprojet\gradle\wrapper\wrapper\wrapper\wrapper\wrapper\caches\8.13\fileContent)"        [_thread_blocked, id=39528, stack(0x0000003626a00000,0x0000003626b00000) (1024K)]
  0x0000015a6e1e0290 JavaThread "Cache worker for cache directory md-supplier (E:\androidprojet\gradle\wrapper\wrapper\wrapper\wrapper\wrapper\caches\8.13\md-supplier)"        [_thread_blocked, id=35528, stack(0x0000003626b00000,0x0000003626c00000) (1024K)]
  0x0000015a70088670 JavaThread "Cache worker for cache directory md-rule (E:\androidprojet\gradle\wrapper\wrapper\wrapper\wrapper\wrapper\caches\8.13\md-rule)"        [_thread_blocked, id=20768, stack(0x0000003626c00000,0x0000003626d00000) (1024K)]
  0x0000015a70089a20 JavaThread "Unconstrained build operations"        [_thread_blocked, id=33132, stack(0x0000003626d00000,0x0000003626e00000) (1024K)]
  0x0000015a70087950 JavaThread "Unconstrained build operations Thread 2"        [_thread_blocked, id=28012, stack(0x0000003626e00000,0x0000003626f00000) (1024K)]
  0x0000015a700865a0 JavaThread "Unconstrained build operations Thread 3"        [_thread_blocked, id=37232, stack(0x0000003626f00000,0x0000003627000000) (1024K)]
  0x0000015a70086c30 JavaThread "Unconstrained build operations Thread 4"        [_thread_blocked, id=28164, stack(0x0000003627000000,0x0000003627100000) (1024K)]
Total: 44

Other Threads:
  0x0000015a67a0e6b0 VMThread "VM Thread"                           [id=37812, stack(0x0000003623d00000,0x0000003623e00000) (1024K)]
  0x0000015a679c7e30 WatcherThread "VM Periodic Task Thread"        [id=24316, stack(0x0000003623c00000,0x0000003623d00000) (1024K)]
  0x0000015a503a61f0 WorkerThread "GC Thread#0"                     [id=43348, stack(0x0000003623700000,0x0000003623800000) (1024K)]
  0x0000015a6c13fe80 WorkerThread "GC Thread#1"                     [id=36136, stack(0x0000003624800000,0x0000003624900000) (1024K)]
  0x0000015a6c140220 WorkerThread "GC Thread#2"                     [id=42920, stack(0x0000003624900000,0x0000003624a00000) (1024K)]
  0x0000015a6cc463d0 WorkerThread "GC Thread#3"                     [id=37436, stack(0x0000003624a00000,0x0000003624b00000) (1024K)]
  0x0000015a6cb7cbc0 WorkerThread "GC Thread#4"                     [id=29472, stack(0x0000003624b00000,0x0000003624c00000) (1024K)]
  0x0000015a6d7bed10 WorkerThread "GC Thread#5"                     [id=2748, stack(0x0000003624f00000,0x0000003625000000) (1024K)]
  0x0000015a6d278d70 WorkerThread "GC Thread#6"                     [id=11088, stack(0x0000003625000000,0x0000003625100000) (1024K)]
  0x0000015a6d8a6330 WorkerThread "GC Thread#7"                     [id=12624, stack(0x0000003625100000,0x0000003625200000) (1024K)]
  0x0000015a503b7f20 ConcurrentGCThread "G1 Main Marker"            [id=21220, stack(0x0000003623800000,0x0000003623900000) (1024K)]
  0x0000015a503b8930 WorkerThread "G1 Conc#0"                       [id=5632, stack(0x0000003623900000,0x0000003623a00000) (1024K)]
  0x0000015a6d8288a0 WorkerThread "G1 Conc#1"                       [id=37796, stack(0x0000003625700000,0x0000003625800000) (1024K)]
  0x0000015a5040e720 ConcurrentGCThread "G1 Refine#0"               [id=6720, stack(0x0000003623a00000,0x0000003623b00000) (1024K)]
  0x0000015a6789f3c0 ConcurrentGCThread "G1 Service"                [id=34944, stack(0x0000003623b00000,0x0000003623c00000) (1024K)]
Total: 15

Threads with active compile tasks:
C2 CompilerThread0  15205 6944 %     4       org.objectweb.asm.ClassReader::readCode @ 2187 (5117 bytes)
Total: 1

VM state: not at safepoint (normal execution)

VM Mutex/Monitor currently owned by a thread: None

Heap address: 0x0000000080000000, size: 2048 MB, Compressed Oops mode: 32-bit

CDS archive(s) not mapped
Compressed class space mapped at: 0x0000000100000000-0x0000000140000000, reserved size: 1073741824
Narrow klass base: 0x0000000000000000, Narrow klass shift: 3, Narrow klass range: 0x140000000

GC Precious Log:
 CardTable entry size: 512
 Card Set container configuration: InlinePtr #cards 5 size 8 Array Of Cards #cards 12 size 40 Howl #buckets 4 coarsen threshold 1843 Howl Bitmap #cards 512 size 80 coarsen threshold 460 Card regions per heap region 1 cards per card region 2048
 CPUs: 8 total, 8 available
 Memory: 7975M
 Large Page Support: Disabled
 NUMA Support: Disabled
 Compressed Oops: Enabled (32-bit)
 Heap Region Size: 1M
 Heap Min Capacity: 8M
 Heap Initial Capacity: 126M
 Heap Max Capacity: 2G
 Pre-touch: Disabled
 Parallel Workers: 8
 Concurrent Workers: 2
 Concurrent Refinement Workers: 8
 Periodic GC: Disabled

Heap:
 garbage-first heap   total 172032K, used 146179K [0x0000000080000000, 0x0000000100000000)
  region size 1024K, 43 young (44032K), 1 survivors (1024K)
 Metaspace       used 65340K, committed 66816K, reserved 1114112K
  class space    used 9197K, committed 9920K, reserved 1048576K

Heap Regions: E=young(eden), S=young(survivor), O=old, HS=humongous(starts), HC=humongous(continues), CS=collection set, F=free, TAMS=top-at-mark-start, PB=parsable bottom
|   0|0x0000000080000000, 0x0000000080100000, 0x0000000080100000|100%|HS|  |TAMS 0x0000000080000000| PB 0x0000000080000000| Complete 
|   1|0x0000000080100000, 0x0000000080200000, 0x0000000080200000|100%|HC|  |TAMS 0x0000000080100000| PB 0x0000000080100000| Complete 
|   2|0x0000000080200000, 0x0000000080300000, 0x0000000080300000|100%|HC|  |TAMS 0x0000000080200000| PB 0x0000000080200000| Complete 
|   3|0x0000000080300000, 0x0000000080400000, 0x0000000080400000|100%| O|  |TAMS 0x0000000080300000| PB 0x0000000080300000| Untracked 
|   4|0x0000000080400000, 0x0000000080500000, 0x0000000080500000|100%| O|  |TAMS 0x0000000080400000| PB 0x0000000080400000| Untracked 
|   5|0x0000000080500000, 0x0000000080600000, 0x0000000080600000|100%| O|  |TAMS 0x0000000080500000| PB 0x0000000080500000| Untracked 
|   6|0x0000000080600000, 0x0000000080700000, 0x0000000080700000|100%|HS|  |TAMS 0x0000000080600000| PB 0x0000000080600000| Complete 
|   7|0x0000000080700000, 0x0000000080800000, 0x0000000080800000|100%| O|  |TAMS 0x0000000080700000| PB 0x0000000080700000| Untracked 
|   8|0x0000000080800000, 0x0000000080900000, 0x0000000080900000|100%| O|  |TAMS 0x0000000080800000| PB 0x0000000080800000| Untracked 
|   9|0x0000000080900000, 0x0000000080a00000, 0x0000000080a00000|100%| O|  |TAMS 0x0000000080900000| PB 0x0000000080900000| Untracked 
|  10|0x0000000080a00000, 0x0000000080b00000, 0x0000000080b00000|100%| O|  |TAMS 0x0000000080a00000| PB 0x0000000080a00000| Untracked 
|  11|0x0000000080b00000, 0x0000000080c00000, 0x0000000080c00000|100%| O|  |TAMS 0x0000000080b00000| PB 0x0000000080b00000| Untracked 
|  12|0x0000000080c00000, 0x0000000080d00000, 0x0000000080d00000|100%| O|  |TAMS 0x0000000080c00000| PB 0x0000000080c00000| Untracked 
|  13|0x0000000080d00000, 0x0000000080e00000, 0x0000000080e00000|100%| O|  |TAMS 0x0000000080d00000| PB 0x0000000080d00000| Untracked 
|  14|0x0000000080e00000, 0x0000000080f00000, 0x0000000080f00000|100%| O|  |TAMS 0x0000000080e00000| PB 0x0000000080e00000| Untracked 
|  15|0x0000000080f00000, 0x0000000081000000, 0x0000000081000000|100%| O|  |TAMS 0x0000000080f00000| PB 0x0000000080f00000| Untracked 
|  16|0x0000000081000000, 0x0000000081100000, 0x0000000081100000|100%| O|  |TAMS 0x0000000081000000| PB 0x0000000081000000| Untracked 
|  17|0x0000000081100000, 0x0000000081200000, 0x0000000081200000|100%| O|  |TAMS 0x0000000081100000| PB 0x0000000081100000| Untracked 
|  18|0x0000000081200000, 0x0000000081300000, 0x0000000081300000|100%| O|  |TAMS 0x0000000081200000| PB 0x0000000081200000| Untracked 
|  19|0x0000000081300000, 0x0000000081400000, 0x0000000081400000|100%| O|  |TAMS 0x0000000081300000| PB 0x0000000081300000| Untracked 
|  20|0x0000000081400000, 0x0000000081500000, 0x0000000081500000|100%| O|  |TAMS 0x0000000081400000| PB 0x0000000081400000| Untracked 
|  21|0x0000000081500000, 0x0000000081600000, 0x0000000081600000|100%| O|  |TAMS 0x0000000081500000| PB 0x0000000081500000| Untracked 
|  22|0x0000000081600000, 0x0000000081700000, 0x0000000081700000|100%| O|  |TAMS 0x0000000081600000| PB 0x0000000081600000| Untracked 
|  23|0x0000000081700000, 0x0000000081800000, 0x0000000081800000|100%| O|  |TAMS 0x0000000081700000| PB 0x0000000081700000| Untracked 
|  24|0x0000000081800000, 0x0000000081900000, 0x0000000081900000|100%| O|  |TAMS 0x0000000081800000| PB 0x0000000081800000| Untracked 
|  25|0x0000000081900000, 0x0000000081a00000, 0x0000000081a00000|100%|HS|  |TAMS 0x0000000081900000| PB 0x0000000081900000| Complete 
|  26|0x0000000081a00000, 0x0000000081b00000, 0x0000000081b00000|100%|HC|  |TAMS 0x0000000081a00000| PB 0x0000000081a00000| Complete 
|  27|0x0000000081b00000, 0x0000000081c00000, 0x0000000081c00000|100%|HC|  |TAMS 0x0000000081b00000| PB 0x0000000081b00000| Complete 
|  28|0x0000000081c00000, 0x0000000081d00000, 0x0000000081d00000|100%|HC|  |TAMS 0x0000000081c00000| PB 0x0000000081c00000| Complete 
|  29|0x0000000081d00000, 0x0000000081e00000, 0x0000000081e00000|100%|HC|  |TAMS 0x0000000081d00000| PB 0x0000000081d00000| Complete 
|  30|0x0000000081e00000, 0x0000000081f00000, 0x0000000081f00000|100%|HC|  |TAMS 0x0000000081e00000| PB 0x0000000081e00000| Complete 
|  31|0x0000000081f00000, 0x0000000082000000, 0x0000000082000000|100%|HS|  |TAMS 0x0000000081f00000| PB 0x0000000081f00000| Complete 
|  32|0x0000000082000000, 0x0000000082100000, 0x0000000082100000|100%|HS|  |TAMS 0x0000000082000000| PB 0x0000000082000000| Complete 
|  33|0x0000000082100000, 0x0000000082200000, 0x0000000082200000|100%|HC|  |TAMS 0x0000000082100000| PB 0x0000000082100000| Complete 
|  34|0x0000000082200000, 0x0000000082300000, 0x0000000082300000|100%|HC|  |TAMS 0x0000000082200000| PB 0x0000000082200000| Complete 
|  35|0x0000000082300000, 0x0000000082400000, 0x0000000082400000|100%|HC|  |TAMS 0x0000000082300000| PB 0x0000000082300000| Complete 
|  36|0x0000000082400000, 0x0000000082500000, 0x0000000082500000|100%|HS|  |TAMS 0x0000000082400000| PB 0x0000000082400000| Complete 
|  37|0x0000000082500000, 0x0000000082600000, 0x0000000082600000|100%|HC|  |TAMS 0x0000000082500000| PB 0x0000000082500000| Complete 
|  38|0x0000000082600000, 0x0000000082700000, 0x0000000082700000|100%|HS|  |TAMS 0x0000000082600000| PB 0x0000000082600000| Complete 
|  39|0x0000000082700000, 0x0000000082800000, 0x0000000082800000|100%|HS|  |TAMS 0x0000000082700000| PB 0x0000000082700000| Complete 
|  40|0x0000000082800000, 0x0000000082900000, 0x0000000082900000|100%|HC|  |TAMS 0x0000000082800000| PB 0x0000000082800000| Complete 
|  41|0x0000000082900000, 0x0000000082a00000, 0x0000000082a00000|100%|HC|  |TAMS 0x0000000082900000| PB 0x0000000082900000| Complete 
|  42|0x0000000082a00000, 0x0000000082b00000, 0x0000000082b00000|100%|HC|  |TAMS 0x0000000082a00000| PB 0x0000000082a00000| Complete 
|  43|0x0000000082b00000, 0x0000000082c00000, 0x0000000082c00000|100%|HC|  |TAMS 0x0000000082b00000| PB 0x0000000082b00000| Complete 
|  44|0x0000000082c00000, 0x0000000082d00000, 0x0000000082d00000|100%|HC|  |TAMS 0x0000000082c00000| PB 0x0000000082c00000| Complete 
|  45|0x0000000082d00000, 0x0000000082e00000, 0x0000000082e00000|100%|HS|  |TAMS 0x0000000082d00000| PB 0x0000000082d00000| Complete 
|  46|0x0000000082e00000, 0x0000000082f00000, 0x0000000082f00000|100%|HS|  |TAMS 0x0000000082e00000| PB 0x0000000082e00000| Complete 
|  47|0x0000000082f00000, 0x0000000083000000, 0x0000000083000000|100%|HC|  |TAMS 0x0000000082f00000| PB 0x0000000082f00000| Complete 
|  48|0x0000000083000000, 0x0000000083100000, 0x0000000083100000|100%|HC|  |TAMS 0x0000000083000000| PB 0x0000000083000000| Complete 
|  49|0x0000000083100000, 0x0000000083200000, 0x0000000083200000|100%|HC|  |TAMS 0x0000000083100000| PB 0x0000000083100000| Complete 
|  50|0x0000000083200000, 0x0000000083300000, 0x0000000083300000|100%|HS|  |TAMS 0x0000000083200000| PB 0x0000000083200000| Complete 
|  51|0x0000000083300000, 0x0000000083400000, 0x0000000083400000|100%| O|  |TAMS 0x0000000083300000| PB 0x0000000083300000| Untracked 
|  52|0x0000000083400000, 0x0000000083500000, 0x0000000083500000|100%| O|  |TAMS 0x0000000083400000| PB 0x0000000083400000| Untracked 
|  53|0x0000000083500000, 0x0000000083600000, 0x0000000083600000|100%|HS|  |TAMS 0x0000000083500000| PB 0x0000000083500000| Complete 
|  54|0x0000000083600000, 0x0000000083700000, 0x0000000083700000|100%|HC|  |TAMS 0x0000000083600000| PB 0x0000000083600000| Complete 
|  55|0x0000000083700000, 0x0000000083800000, 0x0000000083800000|100%| O|  |TAMS 0x0000000083700000| PB 0x0000000083700000| Untracked 
|  56|0x0000000083800000, 0x0000000083900000, 0x0000000083900000|100%| O|  |TAMS 0x0000000083800000| PB 0x0000000083800000| Untracked 
|  57|0x0000000083900000, 0x0000000083a00000, 0x0000000083a00000|100%| O|  |TAMS 0x0000000083900000| PB 0x0000000083900000| Untracked 
|  58|0x0000000083a00000, 0x0000000083b00000, 0x0000000083b00000|100%| O|  |TAMS 0x0000000083a00000| PB 0x0000000083a00000| Untracked 
|  59|0x0000000083b00000, 0x0000000083c00000, 0x0000000083c00000|100%| O|  |TAMS 0x0000000083b00000| PB 0x0000000083b00000| Untracked 
|  60|0x0000000083c00000, 0x0000000083d00000, 0x0000000083d00000|100%| O|  |TAMS 0x0000000083c00000| PB 0x0000000083c00000| Untracked 
|  61|0x0000000083d00000, 0x0000000083e00000, 0x0000000083e00000|100%| O|  |TAMS 0x0000000083d00000| PB 0x0000000083d00000| Untracked 
|  62|0x0000000083e00000, 0x0000000083f00000, 0x0000000083f00000|100%| O|  |TAMS 0x0000000083e00000| PB 0x0000000083e00000| Untracked 
|  63|0x0000000083f00000, 0x0000000084000000, 0x0000000084000000|100%| O|  |TAMS 0x0000000083f00000| PB 0x0000000083f00000| Untracked 
|  64|0x0000000084000000, 0x0000000084100000, 0x0000000084100000|100%| O|  |TAMS 0x0000000084000000| PB 0x0000000084000000| Untracked 
|  65|0x0000000084100000, 0x0000000084200000, 0x0000000084200000|100%| O|  |TAMS 0x0000000084100000| PB 0x0000000084100000| Untracked 
|  66|0x0000000084200000, 0x0000000084300000, 0x0000000084300000|100%| O|  |TAMS 0x0000000084200000| PB 0x0000000084200000| Untracked 
|  67|0x0000000084300000, 0x0000000084400000, 0x0000000084400000|100%| O|  |TAMS 0x0000000084300000| PB 0x0000000084300000| Untracked 
|  68|0x0000000084400000, 0x0000000084500000, 0x0000000084500000|100%| O|  |TAMS 0x0000000084400000| PB 0x0000000084400000| Untracked 
|  69|0x0000000084500000, 0x0000000084600000, 0x0000000084600000|100%| O|  |TAMS 0x0000000084500000| PB 0x0000000084500000| Untracked 
|  70|0x0000000084600000, 0x0000000084700000, 0x0000000084700000|100%| O|  |TAMS 0x0000000084600000| PB 0x0000000084600000| Untracked 
|  71|0x0000000084700000, 0x0000000084800000, 0x0000000084800000|100%| O|  |TAMS 0x0000000084700000| PB 0x0000000084700000| Untracked 
|  72|0x0000000084800000, 0x0000000084900000, 0x0000000084900000|100%| O|  |TAMS 0x0000000084800000| PB 0x0000000084800000| Untracked 
|  73|0x0000000084900000, 0x0000000084a00000, 0x0000000084a00000|100%| O|  |TAMS 0x0000000084900000| PB 0x0000000084900000| Untracked 
|  74|0x0000000084a00000, 0x0000000084b00000, 0x0000000084b00000|100%| O|  |TAMS 0x0000000084a00000| PB 0x0000000084a00000| Untracked 
|  75|0x0000000084b00000, 0x0000000084c00000, 0x0000000084c00000|100%| O|  |TAMS 0x0000000084b00000| PB 0x0000000084b00000| Untracked 
|  76|0x0000000084c00000, 0x0000000084d00000, 0x0000000084d00000|100%| O|  |TAMS 0x0000000084c00000| PB 0x0000000084c00000| Untracked 
|  77|0x0000000084d00000, 0x0000000084e00000, 0x0000000084e00000|100%| O|  |TAMS 0x0000000084d00000| PB 0x0000000084d00000| Untracked 
|  78|0x0000000084e00000, 0x0000000084f00000, 0x0000000084f00000|100%| O|  |TAMS 0x0000000084e00000| PB 0x0000000084e00000| Untracked 
|  79|0x0000000084f00000, 0x0000000085000000, 0x0000000085000000|100%| O|  |TAMS 0x0000000084f00000| PB 0x0000000084f00000| Untracked 
|  80|0x0000000085000000, 0x0000000085100000, 0x0000000085100000|100%| O|  |TAMS 0x0000000085000000| PB 0x0000000085000000| Untracked 
|  81|0x0000000085100000, 0x0000000085200000, 0x0000000085200000|100%| O|  |TAMS 0x0000000085100000| PB 0x0000000085100000| Untracked 
|  82|0x0000000085200000, 0x0000000085300000, 0x0000000085300000|100%| O|  |TAMS 0x0000000085200000| PB 0x0000000085200000| Untracked 
|  83|0x0000000085300000, 0x0000000085400000, 0x0000000085400000|100%| O|  |TAMS 0x0000000085300000| PB 0x0000000085300000| Untracked 
|  84|0x0000000085400000, 0x0000000085500000, 0x0000000085500000|100%| O|  |TAMS 0x0000000085400000| PB 0x0000000085400000| Untracked 
|  85|0x0000000085500000, 0x0000000085600000, 0x0000000085600000|100%| O|  |TAMS 0x0000000085500000| PB 0x0000000085500000| Untracked 
|  86|0x0000000085600000, 0x0000000085700000, 0x0000000085700000|100%| O|  |TAMS 0x0000000085600000| PB 0x0000000085600000| Untracked 
|  87|0x0000000085700000, 0x0000000085800000, 0x0000000085800000|100%| O|  |TAMS 0x0000000085700000| PB 0x0000000085700000| Untracked 
|  88|0x0000000085800000, 0x0000000085900000, 0x0000000085900000|100%| O|  |TAMS 0x0000000085800000| PB 0x0000000085800000| Untracked 
|  89|0x0000000085900000, 0x0000000085a00000, 0x0000000085a00000|100%| O|  |TAMS 0x0000000085900000| PB 0x0000000085900000| Untracked 
|  90|0x0000000085a00000, 0x0000000085b00000, 0x0000000085b00000|100%| O|  |TAMS 0x0000000085a00000| PB 0x0000000085a00000| Untracked 
|  91|0x0000000085b00000, 0x0000000085c00000, 0x0000000085c00000|100%| O|  |TAMS 0x0000000085b00000| PB 0x0000000085b00000| Untracked 
|  92|0x0000000085c00000, 0x0000000085cd4100, 0x0000000085d00000| 82%| O|  |TAMS 0x0000000085c00000| PB 0x0000000085c00000| Untracked 
|  93|0x0000000085d00000, 0x0000000085d00000, 0x0000000085e00000|  0%| F|  |TAMS 0x0000000085d00000| PB 0x0000000085d00000| Untracked 
|  94|0x0000000085e00000, 0x0000000085e00000, 0x0000000085f00000|  0%| F|  |TAMS 0x0000000085e00000| PB 0x0000000085e00000| Untracked 
|  95|0x0000000085f00000, 0x0000000085f00000, 0x0000000086000000|  0%| F|  |TAMS 0x0000000085f00000| PB 0x0000000085f00000| Untracked 
|  96|0x0000000086000000, 0x0000000086000000, 0x0000000086100000|  0%| F|  |TAMS 0x0000000086000000| PB 0x0000000086000000| Untracked 
|  97|0x0000000086100000, 0x0000000086100000, 0x0000000086200000|  0%| F|  |TAMS 0x0000000086100000| PB 0x0000000086100000| Untracked 
|  98|0x0000000086200000, 0x0000000086200000, 0x0000000086300000|  0%| F|  |TAMS 0x0000000086200000| PB 0x0000000086200000| Untracked 
|  99|0x0000000086300000, 0x0000000086300000, 0x0000000086400000|  0%| F|  |TAMS 0x0000000086300000| PB 0x0000000086300000| Untracked 
| 100|0x0000000086400000, 0x0000000086400000, 0x0000000086500000|  0%| F|  |TAMS 0x0000000086400000| PB 0x0000000086400000| Untracked 
| 101|0x0000000086500000, 0x0000000086500000, 0x0000000086600000|  0%| F|  |TAMS 0x0000000086500000| PB 0x0000000086500000| Untracked 
| 102|0x0000000086600000, 0x0000000086600000, 0x0000000086700000|  0%| F|  |TAMS 0x0000000086600000| PB 0x0000000086600000| Untracked 
| 103|0x0000000086700000, 0x0000000086700000, 0x0000000086800000|  0%| F|  |TAMS 0x0000000086700000| PB 0x0000000086700000| Untracked 
| 104|0x0000000086800000, 0x0000000086800000, 0x0000000086900000|  0%| F|  |TAMS 0x0000000086800000| PB 0x0000000086800000| Untracked 
| 105|0x0000000086900000, 0x0000000086900000, 0x0000000086a00000|  0%| F|  |TAMS 0x0000000086900000| PB 0x0000000086900000| Untracked 
| 106|0x0000000086a00000, 0x0000000086a00000, 0x0000000086b00000|  0%| F|  |TAMS 0x0000000086a00000| PB 0x0000000086a00000| Untracked 
| 107|0x0000000086b00000, 0x0000000086b00000, 0x0000000086c00000|  0%| F|  |TAMS 0x0000000086b00000| PB 0x0000000086b00000| Untracked 
| 108|0x0000000086c00000, 0x0000000086c00000, 0x0000000086d00000|  0%| F|  |TAMS 0x0000000086c00000| PB 0x0000000086c00000| Untracked 
| 109|0x0000000086d00000, 0x0000000086d00000, 0x0000000086e00000|  0%| F|  |TAMS 0x0000000086d00000| PB 0x0000000086d00000| Untracked 
| 110|0x0000000086e00000, 0x0000000086e00000, 0x0000000086f00000|  0%| F|  |TAMS 0x0000000086e00000| PB 0x0000000086e00000| Untracked 
| 111|0x0000000086f00000, 0x0000000086f00000, 0x0000000087000000|  0%| F|  |TAMS 0x0000000086f00000| PB 0x0000000086f00000| Untracked 
| 112|0x0000000087000000, 0x00000000870ecb80, 0x0000000087100000| 92%| S|CS|TAMS 0x0000000087000000| PB 0x0000000087000000| Complete 
| 113|0x0000000087100000, 0x0000000087100000, 0x0000000087200000|  0%| F|  |TAMS 0x0000000087100000| PB 0x0000000087100000| Untracked 
| 114|0x0000000087200000, 0x0000000087200000, 0x0000000087300000|  0%| F|  |TAMS 0x0000000087200000| PB 0x0000000087200000| Untracked 
| 115|0x0000000087300000, 0x0000000087300000, 0x0000000087400000|  0%| F|  |TAMS 0x0000000087300000| PB 0x0000000087300000| Untracked 
| 116|0x0000000087400000, 0x0000000087400000, 0x0000000087500000|  0%| F|  |TAMS 0x0000000087400000| PB 0x0000000087400000| Untracked 
| 117|0x0000000087500000, 0x0000000087500000, 0x0000000087600000|  0%| F|  |TAMS 0x0000000087500000| PB 0x0000000087500000| Untracked 
| 118|0x0000000087600000, 0x0000000087700000, 0x0000000087700000|100%| E|  |TAMS 0x0000000087600000| PB 0x0000000087600000| Complete 
| 119|0x0000000087700000, 0x0000000087800000, 0x0000000087800000|100%| E|CS|TAMS 0x0000000087700000| PB 0x0000000087700000| Complete 
| 120|0x0000000087800000, 0x0000000087900000, 0x0000000087900000|100%| E|CS|TAMS 0x0000000087800000| PB 0x0000000087800000| Complete 
| 121|0x0000000087900000, 0x0000000087a00000, 0x0000000087a00000|100%| E|CS|TAMS 0x0000000087900000| PB 0x0000000087900000| Complete 
| 122|0x0000000087a00000, 0x0000000087b00000, 0x0000000087b00000|100%| E|CS|TAMS 0x0000000087a00000| PB 0x0000000087a00000| Complete 
| 123|0x0000000087b00000, 0x0000000087c00000, 0x0000000087c00000|100%| E|CS|TAMS 0x0000000087b00000| PB 0x0000000087b00000| Complete 
| 124|0x0000000087c00000, 0x0000000087d00000, 0x0000000087d00000|100%| E|CS|TAMS 0x0000000087c00000| PB 0x0000000087c00000| Complete 
| 125|0x0000000087d00000, 0x0000000087e00000, 0x0000000087e00000|100%| E|CS|TAMS 0x0000000087d00000| PB 0x0000000087d00000| Complete 
| 126|0x0000000087e00000, 0x0000000087f00000, 0x0000000087f00000|100%| E|CS|TAMS 0x0000000087e00000| PB 0x0000000087e00000| Complete 
| 127|0x0000000087f00000, 0x0000000088000000, 0x0000000088000000|100%| E|CS|TAMS 0x0000000087f00000| PB 0x0000000087f00000| Complete 
| 128|0x0000000088000000, 0x0000000088100000, 0x0000000088100000|100%| E|CS|TAMS 0x0000000088000000| PB 0x0000000088000000| Complete 
| 129|0x0000000088100000, 0x0000000088200000, 0x0000000088200000|100%| E|CS|TAMS 0x0000000088100000| PB 0x0000000088100000| Complete 
| 130|0x0000000088200000, 0x0000000088300000, 0x0000000088300000|100%| E|CS|TAMS 0x0000000088200000| PB 0x0000000088200000| Complete 
| 131|0x0000000088300000, 0x0000000088400000, 0x0000000088400000|100%| E|CS|TAMS 0x0000000088300000| PB 0x0000000088300000| Complete 
| 132|0x0000000088400000, 0x0000000088500000, 0x0000000088500000|100%| E|CS|TAMS 0x0000000088400000| PB 0x0000000088400000| Complete 
| 133|0x0000000088500000, 0x0000000088600000, 0x0000000088600000|100%| E|CS|TAMS 0x0000000088500000| PB 0x0000000088500000| Complete 
| 134|0x0000000088600000, 0x0000000088700000, 0x0000000088700000|100%| E|CS|TAMS 0x0000000088600000| PB 0x0000000088600000| Complete 
| 135|0x0000000088700000, 0x0000000088800000, 0x0000000088800000|100%| E|CS|TAMS 0x0000000088700000| PB 0x0000000088700000| Complete 
| 136|0x0000000088800000, 0x0000000088900000, 0x0000000088900000|100%| E|CS|TAMS 0x0000000088800000| PB 0x0000000088800000| Complete 
| 137|0x0000000088900000, 0x0000000088a00000, 0x0000000088a00000|100%| E|CS|TAMS 0x0000000088900000| PB 0x0000000088900000| Complete 
| 138|0x0000000088a00000, 0x0000000088b00000, 0x0000000088b00000|100%| E|CS|TAMS 0x0000000088a00000| PB 0x0000000088a00000| Complete 
| 139|0x0000000088b00000, 0x0000000088c00000, 0x0000000088c00000|100%| E|CS|TAMS 0x0000000088b00000| PB 0x0000000088b00000| Complete 
| 140|0x0000000088c00000, 0x0000000088d00000, 0x0000000088d00000|100%| E|CS|TAMS 0x0000000088c00000| PB 0x0000000088c00000| Complete 
| 141|0x0000000088d00000, 0x0000000088e00000, 0x0000000088e00000|100%| E|CS|TAMS 0x0000000088d00000| PB 0x0000000088d00000| Complete 
| 142|0x0000000088e00000, 0x0000000088f00000, 0x0000000088f00000|100%| E|CS|TAMS 0x0000000088e00000| PB 0x0000000088e00000| Complete 
| 143|0x0000000088f00000, 0x0000000089000000, 0x0000000089000000|100%| E|CS|TAMS 0x0000000088f00000| PB 0x0000000088f00000| Complete 
| 144|0x0000000089000000, 0x0000000089100000, 0x0000000089100000|100%| E|CS|TAMS 0x0000000089000000| PB 0x0000000089000000| Complete 
| 145|0x0000000089100000, 0x0000000089200000, 0x0000000089200000|100%| E|CS|TAMS 0x0000000089100000| PB 0x0000000089100000| Complete 
| 146|0x0000000089200000, 0x0000000089300000, 0x0000000089300000|100%| E|CS|TAMS 0x0000000089200000| PB 0x0000000089200000| Complete 
| 147|0x0000000089300000, 0x0000000089400000, 0x0000000089400000|100%| E|CS|TAMS 0x0000000089300000| PB 0x0000000089300000| Complete 
| 148|0x0000000089400000, 0x0000000089500000, 0x0000000089500000|100%| E|CS|TAMS 0x0000000089400000| PB 0x0000000089400000| Complete 
| 149|0x0000000089500000, 0x0000000089600000, 0x0000000089600000|100%| E|CS|TAMS 0x0000000089500000| PB 0x0000000089500000| Complete 
| 150|0x0000000089600000, 0x0000000089700000, 0x0000000089700000|100%| E|CS|TAMS 0x0000000089600000| PB 0x0000000089600000| Complete 
| 151|0x0000000089700000, 0x0000000089800000, 0x0000000089800000|100%| E|CS|TAMS 0x0000000089700000| PB 0x0000000089700000| Complete 
| 152|0x0000000089800000, 0x0000000089900000, 0x0000000089900000|100%| E|CS|TAMS 0x0000000089800000| PB 0x0000000089800000| Complete 
| 153|0x0000000089900000, 0x0000000089a00000, 0x0000000089a00000|100%| E|CS|TAMS 0x0000000089900000| PB 0x0000000089900000| Complete 
| 154|0x0000000089a00000, 0x0000000089b00000, 0x0000000089b00000|100%| E|CS|TAMS 0x0000000089a00000| PB 0x0000000089a00000| Complete 
| 155|0x0000000089b00000, 0x0000000089c00000, 0x0000000089c00000|100%| E|CS|TAMS 0x0000000089b00000| PB 0x0000000089b00000| Complete 
| 156|0x0000000089c00000, 0x0000000089d00000, 0x0000000089d00000|100%| E|CS|TAMS 0x0000000089c00000| PB 0x0000000089c00000| Complete 
| 157|0x0000000089d00000, 0x0000000089e00000, 0x0000000089e00000|100%| E|CS|TAMS 0x0000000089d00000| PB 0x0000000089d00000| Complete 
| 158|0x0000000089e00000, 0x0000000089f00000, 0x0000000089f00000|100%| E|CS|TAMS 0x0000000089e00000| PB 0x0000000089e00000| Complete 
|2039|0x00000000ff700000, 0x00000000ff800000, 0x00000000ff800000|100%| O|  |TAMS 0x00000000ff700000| PB 0x00000000ff700000| Untracked 
|2040|0x00000000ff800000, 0x00000000ff900000, 0x00000000ff900000|100%| O|  |TAMS 0x00000000ff800000| PB 0x00000000ff800000| Untracked 
|2041|0x00000000ff900000, 0x00000000ffa00000, 0x00000000ffa00000|100%| O|  |TAMS 0x00000000ff900000| PB 0x00000000ff900000| Untracked 
|2042|0x00000000ffa00000, 0x00000000ffb00000, 0x00000000ffb00000|100%| O|  |TAMS 0x00000000ffa00000| PB 0x00000000ffa00000| Untracked 
|2043|0x00000000ffb00000, 0x00000000ffc00000, 0x00000000ffc00000|100%| O|  |TAMS 0x00000000ffb00000| PB 0x00000000ffb00000| Untracked 
|2044|0x00000000ffc00000, 0x00000000ffd00000, 0x00000000ffd00000|100%| O|  |TAMS 0x00000000ffc00000| PB 0x00000000ffc00000| Untracked 
|2045|0x00000000ffd00000, 0x00000000ffe00000, 0x00000000ffe00000|100%| O|  |TAMS 0x00000000ffd00000| PB 0x00000000ffd00000| Untracked 
|2046|0x00000000ffe00000, 0x00000000fff00000, 0x00000000fff00000|100%| O|  |TAMS 0x00000000ffe00000| PB 0x00000000ffe00000| Untracked 
|2047|0x00000000fff00000, 0x0000000100000000, 0x0000000100000000|100%| E|CS|TAMS 0x00000000fff00000| PB 0x00000000fff00000| Complete 

Card table byte_map: [0x0000015a62bd0000,0x0000015a62fd0000] _byte_map_base: 0x0000015a627d0000

Marking Bits: (CMBitMap*) 0x0000015a503a6800
 Bits: [0x0000015a62fd0000, 0x0000015a64fd0000)

Polling page: 0x0000015a4e6c0000

Metaspace:

Usage:
  Non-class:     54.83 MB used.
      Class:      8.98 MB used.
       Both:     63.81 MB used.

Virtual space:
  Non-class space:       64.00 MB reserved,      55.56 MB ( 87%) committed,  1 nodes.
      Class space:        1.00 GB reserved,       9.69 MB ( <1%) committed,  1 nodes.
             Both:        1.06 GB reserved,      65.25 MB (  6%) committed. 

Chunk freelists:
   Non-Class:  8.08 MB
       Class:  6.14 MB
        Both:  14.22 MB

MaxMetaspaceSize: unlimited
CompressedClassSpaceSize: 1.00 GB
Initial GC threshold: 21.00 MB
Current GC threshold: 106.25 MB
CDS: off
 - commit_granule_bytes: 65536.
 - commit_granule_words: 8192.
 - virtual_space_node_default_size: 8388608.
 - enlarge_chunks_in_place: 1.
 - use_allocation_guard: 0.


Internal statistics:

num_allocs_failed_limit: 6.
num_arena_births: 2772.
num_arena_deaths: 4.
num_vsnodes_births: 2.
num_vsnodes_deaths: 0.
num_space_committed: 1044.
num_space_uncommitted: 0.
num_chunks_returned_to_freelist: 14.
num_chunks_taken_from_freelist: 5370.
num_chunk_merges: 3.
num_chunk_splits: 3448.
num_chunks_enlarged: 2134.
num_inconsistent_stats: 0.

CodeHeap 'non-profiled nmethods': size=120000Kb used=2868Kb max_used=2935Kb free=117131Kb
 bounds [0x0000015a5af70000, 0x0000015a5b270000, 0x0000015a624a0000]
CodeHeap 'profiled nmethods': size=120000Kb used=11764Kb max_used=11764Kb free=108235Kb
 bounds [0x0000015a534a0000, 0x0000015a54020000, 0x0000015a5a9d0000]
CodeHeap 'non-nmethods': size=5760Kb used=2970Kb max_used=3020Kb free=2789Kb
 bounds [0x0000015a5a9d0000, 0x0000015a5acd0000, 0x0000015a5af70000]
CodeCache: size=245760Kb, used=17602Kb, max_used=17719Kb, free=228155Kb
 total_blobs=7088, nmethods=6211, adapters=781, full_count=0
Compilation: enabled, stopped_count=0, restarted_count=0

Compilation events (20 events):
Event: 13.940 Thread 0x0000015a67c0ce80 7248       2       com.google.common.hash.ChecksumHashFunction::newHasher (22 bytes)
Event: 13.940 Thread 0x0000015a67c0ce80 nmethod 7248 0x0000015a53fdd290 code [0x0000015a53fdd480, 0x0000015a53fdd910]
Event: 13.940 Thread 0x0000015a67c0ce80 7249 %     3       org.objectweb.asm.ClassReader::accept @ 1359 (1419 bytes)
Event: 13.948 Thread 0x0000015a67c0ce80 nmethod 7249% 0x0000015a53fddb10 code [0x0000015a53fde700, 0x0000015a53fe5848]
Event: 13.949 Thread 0x0000015a67c0ce80 7251       3       org.apache.commons.compress.archivers.zip.ZipArchiveEntry::getTime (38 bytes)
Event: 13.949 Thread 0x0000015a67c0ce80 nmethod 7251 0x0000015a53fe8f10 code [0x0000015a53fe9100, 0x0000015a53fe9400]
Event: 13.949 Thread 0x0000015a67c0ce80 7252       3       org.apache.commons.compress.archivers.zip.ZipUtil::javaToDosTime (74 bytes)
Event: 13.950 Thread 0x0000015a67c0ce80 nmethod 7252 0x0000015a53fe9510 code [0x0000015a53fe97c0, 0x0000015a53fea300]
Event: 13.954 Thread 0x0000015a67c0ce80 7253       3       org.objectweb.asm.ClassReader::readField (675 bytes)
Event: 13.957 Thread 0x0000015a67c0ce80 nmethod 7253 0x0000015a53fea790 code [0x0000015a53fead00, 0x0000015a53fed048]
Event: 13.972 Thread 0x0000015a67c0ce80 7254       3       org.gradle.internal.classpath.transforms.InstrumentingBackwardsCompatibilityVisitor::visitField (19 bytes)
Event: 13.972 Thread 0x0000015a67c0ce80 nmethod 7254 0x0000015a53fee290 code [0x0000015a53fee440, 0x0000015a53fee5e8]
Event: 13.978 Thread 0x0000015a67c0ce80 7255 %     3       org.objectweb.asm.ClassWriter::toByteArray @ 865 (1535 bytes)
Event: 13.984 Thread 0x0000015a67c0ce80 nmethod 7255% 0x0000015a53fee710 code [0x0000015a53fef060, 0x0000015a53ff2f58]
Event: 13.984 Thread 0x0000015a67c0ce80 7256       3       org.objectweb.asm.MethodVisitor::visitTryCatchBlock (20 bytes)
Event: 13.984 Thread 0x0000015a67c0ce80 nmethod 7256 0x0000015a53ff4f90 code [0x0000015a53ff5140, 0x0000015a53ff5340]
Event: 13.992 Thread 0x0000015a67c0ce80 7257       2       java.util.Formatter$Flags::contains (13 bytes)
Event: 13.992 Thread 0x0000015a67c0ce80 nmethod 7257 0x0000015a53ff5410 code [0x0000015a53ff55a0, 0x0000015a53ff5698]
Event: 13.992 Thread 0x0000015a67c0ce80 7258       2       org.objectweb.asm.ClassVisitor::visitOuterClass (18 bytes)
Event: 13.992 Thread 0x0000015a67c0ce80 nmethod 7258 0x0000015a53ff5710 code [0x0000015a53ff58c0, 0x0000015a53ff5a00]

GC Heap History (20 events):
Event: 10.855 GC heap before
{Heap before GC invocations=17 (full 0):
 garbage-first heap   total 122880K, used 114051K [0x0000000080000000, 0x0000000100000000)
  region size 1024K, 48 young (49152K), 7 survivors (7168K)
 Metaspace       used 55186K, committed 56192K, reserved 1114112K
  class space    used 7561K, committed 8064K, reserved 1048576K
}
Event: 10.863 GC heap after
{Heap after GC invocations=18 (full 0):
 garbage-first heap   total 125952K, used 70826K [0x0000000080000000, 0x0000000100000000)
  region size 1024K, 4 young (4096K), 4 survivors (4096K)
 Metaspace       used 55186K, committed 56192K, reserved 1114112K
  class space    used 7561K, committed 8064K, reserved 1048576K
}
Event: 11.487 GC heap before
{Heap before GC invocations=18 (full 0):
 garbage-first heap   total 125952K, used 113834K [0x0000000080000000, 0x0000000100000000)
  region size 1024K, 46 young (47104K), 4 survivors (4096K)
 Metaspace       used 59362K, committed 60736K, reserved 1114112K
  class space    used 8268K, committed 8896K, reserved 1048576K
}
Event: 11.491 GC heap after
{Heap after GC invocations=19 (full 0):
 garbage-first heap   total 125952K, used 72153K [0x0000000080000000, 0x0000000100000000)
  region size 1024K, 3 young (3072K), 3 survivors (3072K)
 Metaspace       used 59362K, committed 60736K, reserved 1114112K
  class space    used 8268K, committed 8896K, reserved 1048576K
}
Event: 12.053 GC heap before
{Heap before GC invocations=19 (full 0):
 garbage-first heap   total 125952K, used 110041K [0x0000000080000000, 0x0000000100000000)
  region size 1024K, 41 young (41984K), 3 survivors (3072K)
 Metaspace       used 63745K, committed 65216K, reserved 1114112K
  class space    used 9026K, committed 9728K, reserved 1048576K
}
Event: 12.057 GC heap after
{Heap after GC invocations=20 (full 0):
 garbage-first heap   total 125952K, used 74082K [0x0000000080000000, 0x0000000100000000)
  region size 1024K, 4 young (4096K), 4 survivors (4096K)
 Metaspace       used 63745K, committed 65216K, reserved 1114112K
  class space    used 9026K, committed 9728K, reserved 1048576K
}
Event: 12.209 GC heap before
{Heap before GC invocations=21 (full 0):
 garbage-first heap   total 126976K, used 114018K [0x0000000080000000, 0x0000000100000000)
  region size 1024K, 43 young (44032K), 4 survivors (4096K)
 Metaspace       used 63914K, committed 65344K, reserved 1114112K
  class space    used 9058K, committed 9728K, reserved 1048576K
}
Event: 12.213 GC heap after
{Heap after GC invocations=22 (full 0):
 garbage-first heap   total 126976K, used 75581K [0x0000000080000000, 0x0000000100000000)
  region size 1024K, 4 young (4096K), 4 survivors (4096K)
 Metaspace       used 63914K, committed 65344K, reserved 1114112K
  class space    used 9058K, committed 9728K, reserved 1048576K
}
Event: 12.351 GC heap before
{Heap before GC invocations=22 (full 0):
 garbage-first heap   total 126976K, used 114493K [0x0000000080000000, 0x0000000100000000)
  region size 1024K, 42 young (43008K), 4 survivors (4096K)
 Metaspace       used 63914K, committed 65344K, reserved 1114112K
  class space    used 9058K, committed 9728K, reserved 1048576K
}
Event: 12.355 GC heap after
{Heap after GC invocations=23 (full 0):
 garbage-first heap   total 126976K, used 77088K [0x0000000080000000, 0x0000000100000000)
  region size 1024K, 4 young (4096K), 4 survivors (4096K)
 Metaspace       used 63914K, committed 65344K, reserved 1114112K
  class space    used 9058K, committed 9728K, reserved 1048576K
}
Event: 12.487 GC heap before
{Heap before GC invocations=23 (full 0):
 garbage-first heap   total 126976K, used 114976K [0x0000000080000000, 0x0000000100000000)
  region size 1024K, 41 young (41984K), 4 survivors (4096K)
 Metaspace       used 63914K, committed 65344K, reserved 1114112K
  class space    used 9058K, committed 9728K, reserved 1048576K
}
Event: 12.490 GC heap after
{Heap after GC invocations=24 (full 0):
 garbage-first heap   total 126976K, used 79133K [0x0000000080000000, 0x0000000100000000)
  region size 1024K, 4 young (4096K), 4 survivors (4096K)
 Metaspace       used 63914K, committed 65344K, reserved 1114112K
  class space    used 9058K, committed 9728K, reserved 1048576K
}
Event: 12.773 GC heap before
{Heap before GC invocations=25 (full 0):
 garbage-first heap   total 133120K, used 114973K [0x0000000080000000, 0x0000000100000000)
  region size 1024K, 39 young (39936K), 4 survivors (4096K)
 Metaspace       used 63908K, committed 65344K, reserved 1114112K
  class space    used 9055K, committed 9728K, reserved 1048576K
}
Event: 12.780 GC heap after
{Heap after GC invocations=26 (full 0):
 garbage-first heap   total 133120K, used 85462K [0x0000000080000000, 0x0000000100000000)
  region size 1024K, 5 young (5120K), 5 survivors (5120K)
 Metaspace       used 63908K, committed 65344K, reserved 1114112K
  class space    used 9055K, committed 9728K, reserved 1048576K
}
Event: 13.064 GC heap before
{Heap before GC invocations=26 (full 0):
 garbage-first heap   total 133120K, used 119254K [0x0000000080000000, 0x0000000100000000)
  region size 1024K, 39 young (39936K), 5 survivors (5120K)
 Metaspace       used 64170K, committed 65664K, reserved 1114112K
  class space    used 9090K, committed 9792K, reserved 1048576K
}
Event: 13.076 GC heap after
{Heap after GC invocations=27 (full 0):
 garbage-first heap   total 172032K, used 95420K [0x0000000080000000, 0x0000000100000000)
  region size 1024K, 5 young (5120K), 5 survivors (5120K)
 Metaspace       used 64170K, committed 65664K, reserved 1114112K
  class space    used 9090K, committed 9792K, reserved 1048576K
}
Event: 13.483 GC heap before
{Heap before GC invocations=27 (full 0):
 garbage-first heap   total 172032K, used 151740K [0x0000000080000000, 0x0000000100000000)
  region size 1024K, 59 young (60416K), 5 survivors (5120K)
 Metaspace       used 65018K, committed 66496K, reserved 1114112K
  class space    used 9177K, committed 9920K, reserved 1048576K
}
Event: 13.504 GC heap after
{Heap after GC invocations=28 (full 0):
 garbage-first heap   total 172032K, used 103488K [0x0000000080000000, 0x0000000100000000)
  region size 1024K, 8 young (8192K), 8 survivors (8192K)
 Metaspace       used 65018K, committed 66496K, reserved 1114112K
  class space    used 9177K, committed 9920K, reserved 1048576K
}
Event: 13.915 GC heap before
{Heap before GC invocations=28 (full 0):
 garbage-first heap   total 172032K, used 150592K [0x0000000080000000, 0x0000000100000000)
  region size 1024K, 55 young (56320K), 8 survivors (8192K)
 Metaspace       used 65202K, committed 66688K, reserved 1114112K
  class space    used 9177K, committed 9920K, reserved 1048576K
}
Event: 13.932 GC heap after
{Heap after GC invocations=29 (full 0):
 garbage-first heap   total 172032K, used 104195K [0x0000000080000000, 0x0000000100000000)
  region size 1024K, 1 young (1024K), 1 survivors (1024K)
 Metaspace       used 65202K, committed 66688K, reserved 1114112K
  class space    used 9177K, committed 9920K, reserved 1048576K
}

Dll operation events (3 events):
Event: 0.016 Loaded shared library C:\Program Files\Android\Android Studio\jbr\bin\java.dll
Event: 0.023 Loaded shared library C:\Program Files\Android\Android Studio\jbr\bin\zip.dll
Event: 0.803 Loaded shared library C:\Program Files\Android\Android Studio\jbr\bin\verify.dll

Deoptimization events (20 events):
Event: 13.817 Thread 0x0000015a67f7dff0 DEOPT PACKING pc=0x0000015a5af9622c sp=0x00000036255f2e90
Event: 13.817 Thread 0x0000015a67f7dff0 DEOPT UNPACKING pc=0x0000015a5aa27da2 sp=0x00000036255f2dd0 mode 2
Event: 13.864 Thread 0x0000015a67f7dff0 DEOPT PACKING pc=0x0000015a53f193a8 sp=0x00000036255f2fd0
Event: 13.864 Thread 0x0000015a67f7dff0 DEOPT UNPACKING pc=0x0000015a5aa288e2 sp=0x00000036255f24b8 mode 0
Event: 13.869 Thread 0x0000015a67f7dff0 DEOPT PACKING pc=0x0000015a53f193a8 sp=0x00000036255f3560
Event: 13.870 Thread 0x0000015a67f7dff0 DEOPT UNPACKING pc=0x0000015a5aa288e2 sp=0x00000036255f2a48 mode 0
Event: 13.879 Thread 0x0000015a67f7dff0 DEOPT PACKING pc=0x0000015a53f193a8 sp=0x00000036255f2fd0
Event: 13.879 Thread 0x0000015a67f7dff0 DEOPT UNPACKING pc=0x0000015a5aa288e2 sp=0x00000036255f24b8 mode 0
Event: 13.911 Thread 0x0000015a67f7dff0 DEOPT PACKING pc=0x0000015a53f193a8 sp=0x00000036255f2fd0
Event: 13.911 Thread 0x0000015a67f7dff0 DEOPT UNPACKING pc=0x0000015a5aa288e2 sp=0x00000036255f24b8 mode 0
Event: 13.951 Thread 0x0000015a67f7dff0 DEOPT PACKING pc=0x0000015a53f193a8 sp=0x00000036255f2fd0
Event: 13.951 Thread 0x0000015a67f7dff0 DEOPT UNPACKING pc=0x0000015a5aa288e2 sp=0x00000036255f24b8 mode 0
Event: 13.956 Thread 0x0000015a67f7dff0 DEOPT PACKING pc=0x0000015a53f193a8 sp=0x00000036255f2fd0
Event: 13.956 Thread 0x0000015a67f7dff0 DEOPT UNPACKING pc=0x0000015a5aa288e2 sp=0x00000036255f24b8 mode 0
Event: 13.958 Thread 0x0000015a67f7dff0 DEOPT PACKING pc=0x0000015a53f193a8 sp=0x00000036255f2fd0
Event: 13.958 Thread 0x0000015a67f7dff0 DEOPT UNPACKING pc=0x0000015a5aa288e2 sp=0x00000036255f24b8 mode 0
Event: 13.963 Thread 0x0000015a67f7dff0 DEOPT PACKING pc=0x0000015a53f193a8 sp=0x00000036255f2fd0
Event: 13.963 Thread 0x0000015a67f7dff0 DEOPT UNPACKING pc=0x0000015a5aa288e2 sp=0x00000036255f24b8 mode 0
Event: 14.003 Thread 0x0000015a67f7dff0 DEOPT PACKING pc=0x0000015a53f193a8 sp=0x00000036255f2fd0
Event: 14.003 Thread 0x0000015a67f7dff0 DEOPT UNPACKING pc=0x0000015a5aa288e2 sp=0x00000036255f24b8 mode 0

Classes loaded (20 events):
Event: 12.045 Loading class java/util/zip/ZipFile$ZipEntryIterator
Event: 12.045 Loading class java/util/zip/ZipFile$ZipEntryIterator done
Event: 12.049 Loading class java/util/zip/ZipInputStream
Event: 12.050 Loading class java/util/zip/ZipInputStream done
Event: 12.179 Loading class java/util/concurrent/LinkedBlockingDeque$Itr
Event: 12.179 Loading class java/util/concurrent/LinkedBlockingDeque$AbstractItr
Event: 12.179 Loading class java/util/concurrent/LinkedBlockingDeque$AbstractItr done
Event: 12.179 Loading class java/util/concurrent/LinkedBlockingDeque$Itr done
Event: 13.124 Loading class java/nio/charset/UnsupportedCharsetException
Event: 13.124 Loading class java/nio/charset/UnsupportedCharsetException done
Event: 13.127 Loading class java/util/Collections$UnmodifiableSortedMap
Event: 13.127 Loading class java/util/Collections$UnmodifiableSortedMap done
Event: 13.131 Loading class java/util/zip/Deflater
Event: 13.132 Loading class java/util/zip/Deflater done
Event: 13.133 Loading class java/util/zip/Deflater$DeflaterZStreamRef
Event: 13.133 Loading class java/util/zip/Deflater$DeflaterZStreamRef done
Event: 13.178 Loading class java/nio/StringCharBuffer
Event: 13.179 Loading class java/nio/StringCharBuffer done
Event: 13.300 Loading class java/security/Key
Event: 13.300 Loading class java/security/Key done

Classes unloaded (5 events):
Event: 12.093 Thread 0x0000015a67a0e6b0 Unloading class 0x0000000100744000 '_BuildScript_$_run_closure1'
Event: 12.093 Thread 0x0000015a67a0e6b0 Unloading class 0x000000010073c000 '_BuildScript_'
Event: 12.528 Thread 0x0000015a67a0e6b0 Unloading class 0x00000001007d3420 '_BuildScript_$_run_closure1$_closure2'
Event: 12.529 Thread 0x0000015a67a0e6b0 Unloading class 0x00000001007d3000 '_BuildScript_$_run_closure1'
Event: 12.529 Thread 0x0000015a67a0e6b0 Unloading class 0x00000001007d2800 '_BuildScript_'

Classes redefined (0 events):
No events

Internal exceptions (20 events):
Event: 11.664 Thread 0x0000015a67f7dff0 Exception <a 'java/lang/NoSuchMethodError'{0x0000000086d58b10}: 'java.lang.Object java.lang.invoke.Invokers$Holder.linkToTargetMethod(java.lang.Object, java.lang.Object, long, java.lang.Object, java.lang.Object)'> (0x0000000086d58b10) 
thrown [s\src\hotspot\share\interpreter\linkResolver.cpp, line 784]
Event: 11.695 Thread 0x0000015a67f7dff0 Exception <a 'java/lang/NoSuchMethodError'{0x0000000086bbeb70}: 'java.lang.Object java.lang.invoke.DirectMethodHandle$Holder.newInvokeSpecial(java.lang.Object, java.lang.Object, java.lang.Object, java.lang.Object, java.lang.Object, java.lang.Object, java.lang.Object, java.lang.Object, java.lang.Object, java.lang.Object, java.lang.Object, java.lang.Object, java.lang.Object, java.lang.Object, java.lang.Object, java.lang.Object, java.lang.Object, java.lang.Object, java.lang.Object, java.lang.Object, java.lang
Event: 11.727 Thread 0x0000015a67f7dff0 Implicit null exception at 0x0000015a5b079a6f to 0x0000015a5b079b20
Event: 11.742 Thread 0x0000015a67f7dff0 Exception <a 'java/lang/ClassNotFoundException'{0x00000000867d0878}: org/gradle/api/internal/artifacts/dsl/dependencies/DefaultDependencyHandler_DecoratedBeanInfo> (0x00000000867d0878) 
thrown [s\src\hotspot\share\classfile\systemDictionary.cpp, line 312]
Event: 11.743 Thread 0x0000015a67f7dff0 Exception <a 'java/lang/ClassNotFoundException'{0x00000000867e6608}: org/gradle/api/internal/artifacts/dsl/dependencies/DefaultDependencyHandlerBeanInfo> (0x00000000867e6608) 
thrown [s\src\hotspot\share\classfile\systemDictionary.cpp, line 312]
Event: 11.744 Thread 0x0000015a67f7dff0 Exception <a 'java/lang/ClassNotFoundException'{0x00000000867fc358}: org/gradle/api/internal/artifacts/dsl/dependencies/DefaultDependencyHandlerCustomizer> (0x00000000867fc358) 
thrown [s\src\hotspot\share\classfile\systemDictionary.cpp, line 312]
Event: 11.746 Thread 0x0000015a67f7dff0 Exception <a 'java/lang/ClassNotFoundException'{0x00000000866476c8}: org/gradle/api/internal/artifacts/dsl/dependencies/DefaultDependencyHandler_DecoratedCustomizer> (0x00000000866476c8) 
thrown [s\src\hotspot\share\classfile\systemDictionary.cpp, line 312]
Event: 11.749 Thread 0x0000015a67f7dff0 Exception <a 'java/lang/ClassNotFoundException'{0x000000008668ed98}: sync_studio_tooling4_3hlwcw0tyq8p0z9s9yi95z76c$_run_closure1BeanInfo> (0x000000008668ed98) 
thrown [s\src\hotspot\share\classfile\systemDictionary.cpp, line 312]
Event: 11.749 Thread 0x0000015a67f7dff0 Exception <a 'java/lang/ClassNotFoundException'{0x0000000086697000}: sync_studio_tooling4_3hlwcw0tyq8p0z9s9yi95z76c$_run_closure1Customizer> (0x0000000086697000) 
thrown [s\src\hotspot\share\classfile\systemDictionary.cpp, line 312]
Event: 11.774 Thread 0x0000015a67f7dff0 Exception <a 'java/lang/NoSuchMethodError'{0x000000008646f348}: 'java.lang.Object java.lang.invoke.DirectMethodHandle$Holder.newInvokeSpecial(java.lang.Object, int, java.lang.Object)'> (0x000000008646f348) 
thrown [s\src\hotspot\share\interpreter\linkResolver.cpp, line 784]
Event: 11.884 Thread 0x0000015a67f7dff0 Exception <a 'java/lang/NoSuchMethodError'{0x0000000085b9d5a8}: 'java.lang.Object java.lang.invoke.DirectMethodHandle$Holder.invokeSpecial(java.lang.Object, java.lang.Object, long, java.lang.Object, java.lang.Object)'> (0x0000000085b9d5a8) 
thrown [s\src\hotspot\share\interpreter\linkResolver.cpp, line 784]
Event: 11.958 Thread 0x0000015a67f7dff0 Exception <a 'java/lang/NoSuchMethodError'{0x00000000857b3d18}: 'int java.lang.invoke.DirectMethodHandle$Holder.invokeInterface(java.lang.Object, java.lang.Object, java.lang.Object, java.lang.Object, java.lang.Object)'> (0x00000000857b3d18) 
thrown [s\src\hotspot\share\interpreter\linkResolver.cpp, line 784]
Event: 11.985 Thread 0x0000015a67f7dff0 Exception <a 'java/lang/NoSuchMethodError'{0x00000000856e21c8}: 'java.lang.Object java.lang.invoke.DirectMethodHandle$Holder.newInvokeSpecial(java.lang.Object, java.lang.Object, java.lang.Object, java.lang.Object, int, java.lang.Object)'> (0x00000000856e21c8) 
thrown [s\src\hotspot\share\interpreter\linkResolver.cpp, line 784]
Event: 11.986 Thread 0x0000015a67f7dff0 Exception <a 'java/lang/NoSuchMethodError'{0x00000000856eaa78}: 'java.lang.Object java.lang.invoke.Invokers$Holder.linkToTargetMethod(java.lang.Object, java.lang.Object, java.lang.Object, int, java.lang.Object, java.lang.Object)'> (0x00000000856eaa78) 
thrown [s\src\hotspot\share\interpreter\linkResolver.cpp, line 784]
Event: 12.047 Thread 0x0000015a67f7dff0 Implicit null exception at 0x0000015a5b148563 to 0x0000015a5b1490bc
Event: 12.047 Thread 0x0000015a70089a20 Implicit null exception at 0x0000015a5b148563 to 0x0000015a5b1490bc
Event: 12.846 Thread 0x0000015a67f7dff0 Exception <a 'java/lang/NoSuchMethodError'{0x0000000087cea710}: 'java.lang.Object java.lang.invoke.DirectMethodHandle$Holder.invokeSpecialIFC(java.lang.Object, java.lang.Object, java.lang.Object)'> (0x0000000087cea710) 
thrown [s\src\hotspot\share\interpreter\linkResolver.cpp, line 784]
Event: 13.108 Thread 0x0000015a700865a0 Exception <a 'sun/nio/fs/WindowsException'{0x0000000089b349b0}> (0x0000000089b349b0) 
thrown [s\src\hotspot\share\prims\jni.cpp, line 537]
Event: 13.295 Thread 0x0000015a67f7dff0 Exception <a 'sun/nio/fs/WindowsException'{0x000000008836b950}> (0x000000008836b950) 
thrown [s\src\hotspot\share\prims\jni.cpp, line 537]
Event: 13.718 Thread 0x0000015a700865a0 Exception <a 'sun/nio/fs/WindowsException'{0x0000000088ac5280}> (0x0000000088ac5280) 
thrown [s\src\hotspot\share\prims\jni.cpp, line 537]

ZGC Phase Switch (0 events):
No events

VM Operations (20 events):
Event: 12.557 Executing VM operation: G1PauseCleanup
Event: 12.557 Executing VM operation: G1PauseCleanup done
Event: 12.773 Executing VM operation: G1CollectForAllocation (G1 Evacuation Pause)
Event: 12.780 Executing VM operation: G1CollectForAllocation (G1 Evacuation Pause) done
Event: 13.064 Executing VM operation: G1CollectForAllocation (G1 Evacuation Pause)
Event: 13.076 Executing VM operation: G1CollectForAllocation (G1 Evacuation Pause) done
Event: 13.130 Executing VM operation: HandshakeAllThreads (Deoptimize)
Event: 13.130 Executing VM operation: HandshakeAllThreads (Deoptimize) done
Event: 13.153 Executing VM operation: HandshakeAllThreads (Deoptimize)
Event: 13.153 Executing VM operation: HandshakeAllThreads (Deoptimize) done
Event: 13.180 Executing VM operation: HandshakeAllThreads (Deoptimize)
Event: 13.180 Executing VM operation: HandshakeAllThreads (Deoptimize) done
Event: 13.429 Executing VM operation: ICBufferFull
Event: 13.429 Executing VM operation: ICBufferFull done
Event: 13.483 Executing VM operation: G1CollectForAllocation (G1 Evacuation Pause)
Event: 13.504 Executing VM operation: G1CollectForAllocation (G1 Evacuation Pause) done
Event: 13.915 Executing VM operation: G1CollectForAllocation (G1 Evacuation Pause)
Event: 13.932 Executing VM operation: G1CollectForAllocation (G1 Evacuation Pause) done
Event: 14.937 Executing VM operation: Cleanup
Event: 14.937 Executing VM operation: Cleanup done

Memory protections (0 events):
No events

Nmethod flushes (20 events):
Event: 12.534 Thread 0x0000015a67a0e6b0 flushing  nmethod 0x0000015a5381c890
Event: 12.534 Thread 0x0000015a67a0e6b0 flushing  nmethod 0x0000015a538cc610
Event: 12.534 Thread 0x0000015a67a0e6b0 flushing  nmethod 0x0000015a53952410
Event: 12.534 Thread 0x0000015a67a0e6b0 flushing  nmethod 0x0000015a53a4d110
Event: 12.534 Thread 0x0000015a67a0e6b0 flushing  nmethod 0x0000015a53acfd90
Event: 12.534 Thread 0x0000015a67a0e6b0 flushing  nmethod 0x0000015a53ad3490
Event: 12.534 Thread 0x0000015a67a0e6b0 flushing  nmethod 0x0000015a53bb4690
Event: 12.534 Thread 0x0000015a67a0e6b0 flushing  nmethod 0x0000015a53bb4a90
Event: 12.534 Thread 0x0000015a67a0e6b0 flushing  nmethod 0x0000015a53bb4f10
Event: 12.534 Thread 0x0000015a67a0e6b0 flushing  nmethod 0x0000015a53bba810
Event: 12.534 Thread 0x0000015a67a0e6b0 flushing  nmethod 0x0000015a53bf2390
Event: 12.534 Thread 0x0000015a67a0e6b0 flushing  nmethod 0x0000015a53bf2790
Event: 12.534 Thread 0x0000015a67a0e6b0 flushing  nmethod 0x0000015a53c01f90
Event: 12.534 Thread 0x0000015a67a0e6b0 flushing  nmethod 0x0000015a53ceb610
Event: 12.534 Thread 0x0000015a67a0e6b0 flushing  nmethod 0x0000015a53d7c510
Event: 12.534 Thread 0x0000015a67a0e6b0 flushing  nmethod 0x0000015a53d7d310
Event: 12.534 Thread 0x0000015a67a0e6b0 flushing  nmethod 0x0000015a53de0710
Event: 12.534 Thread 0x0000015a67a0e6b0 flushing  nmethod 0x0000015a53de1a90
Event: 12.534 Thread 0x0000015a67a0e6b0 flushing  nmethod 0x0000015a53e25390
Event: 12.534 Thread 0x0000015a67a0e6b0 flushing  nmethod 0x0000015a53e2e310

Events (20 events):
Event: 4.199 Thread 0x0000015a67f7dff0 Thread added: 0x0000015a6e1d8c70
Event: 4.567 Thread 0x0000015a6dde2750 Thread exited: 0x0000015a6dde2750
Event: 6.073 Thread 0x0000015a67f7dff0 Thread added: 0x0000015a6e1dce10
Event: 6.073 Thread 0x0000015a67f7dff0 Thread added: 0x0000015a6e1dc780
Event: 6.073 Thread 0x0000015a67f7dff0 Thread added: 0x0000015a6e1da6b0
Event: 6.073 Thread 0x0000015a67f7dff0 Thread added: 0x0000015a6e1d9990
Event: 6.074 Thread 0x0000015a67f7dff0 Thread added: 0x0000015a6e1de1c0
Event: 6.074 Thread 0x0000015a67f7dff0 Thread added: 0x0000015a6e1de850
Event: 6.074 Thread 0x0000015a67f7dff0 Thread added: 0x0000015a6e1deee0
Event: 6.074 Thread 0x0000015a67f7dff0 Thread added: 0x0000015a6e1dd4a0
Event: 9.066 Thread 0x0000015a67c09cc0 Thread added: 0x0000015a6ef01b80
Event: 9.224 Thread 0x0000015a6ef01b80 Thread exited: 0x0000015a6ef01b80
Event: 10.638 Thread 0x0000015a67f7dff0 Thread added: 0x0000015a6e1df570
Event: 10.667 Thread 0x0000015a67f7dff0 Thread added: 0x0000015a6e1ddb30
Event: 11.340 Thread 0x0000015a67f7dff0 Thread added: 0x0000015a6e1e0290
Event: 11.384 Thread 0x0000015a67f7dff0 Thread added: 0x0000015a70088670
Event: 12.016 Thread 0x0000015a67f7dff0 Thread added: 0x0000015a70089a20
Event: 12.018 Thread 0x0000015a67f7dff0 Thread added: 0x0000015a70087950
Event: 12.847 Thread 0x0000015a67f7dff0 Thread added: 0x0000015a700865a0
Event: 12.848 Thread 0x0000015a67f7dff0 Thread added: 0x0000015a70086c30


Dynamic libraries:
0x00007ff7a7560000 - 0x00007ff7a756a000 	C:\Program Files\Android\Android Studio\jbr\bin\java.exe
0x00007ffbfb9a0000 - 0x00007ffbfbc08000 	C:\WINDOWS\SYSTEM32\ntdll.dll
0x00007ffbfa7d0000 - 0x00007ffbfa899000 	C:\WINDOWS\System32\KERNEL32.DLL
0x00007ffbf86a0000 - 0x00007ffbf8a91000 	C:\WINDOWS\System32\KERNELBASE.dll
0x00007ffbf8280000 - 0x00007ffbf83cb000 	C:\WINDOWS\System32\ucrtbase.dll
0x00007ffbce2d0000 - 0x00007ffbce2eb000 	C:\Program Files\Android\Android Studio\jbr\bin\VCRUNTIME140.dll
0x00007ffbd1f70000 - 0x00007ffbd1f88000 	C:\Program Files\Android\Android Studio\jbr\bin\jli.dll
0x00007ffbfa8a0000 - 0x00007ffbfaa66000 	C:\WINDOWS\System32\USER32.dll
0x00007ffbdf080000 - 0x00007ffbdf313000 	C:\WINDOWS\WinSxS\amd64_microsoft.windows.common-controls_6595b64144ccf1df_6.0.26100.7824_none_3e0870b2e3345462\COMCTL32.dll
0x00007ffbf9310000 - 0x00007ffbf9337000 	C:\WINDOWS\System32\win32u.dll
0x00007ffbfa190000 - 0x00007ffbfa239000 	C:\WINDOWS\System32\msvcrt.dll
0x00007ffbfa7a0000 - 0x00007ffbfa7cb000 	C:\WINDOWS\System32\GDI32.dll
0x00007ffbf9550000 - 0x00007ffbf967b000 	C:\WINDOWS\System32\gdi32full.dll
0x00007ffbf83d0000 - 0x00007ffbf8473000 	C:\WINDOWS\System32\msvcp_win.dll
0x00007ffbfa260000 - 0x00007ffbfa291000 	C:\WINDOWS\System32\IMM32.DLL
0x00007ffbd6f20000 - 0x00007ffbd6f2c000 	C:\Program Files\Android\Android Studio\jbr\bin\vcruntime140_1.dll
0x00007ffb710b0000 - 0x00007ffb7113d000 	C:\Program Files\Android\Android Studio\jbr\bin\msvcp140.dll
0x00007ffab70a0000 - 0x00007ffab7d36000 	C:\Program Files\Android\Android Studio\jbr\bin\server\jvm.dll
0x00007ffbfa0d0000 - 0x00007ffbfa184000 	C:\WINDOWS\System32\ADVAPI32.dll
0x00007ffbfb860000 - 0x00007ffbfb906000 	C:\WINDOWS\System32\sechost.dll
0x00007ffbfb740000 - 0x00007ffbfb858000 	C:\WINDOWS\System32\RPCRT4.dll
0x00007ffbfa2a0000 - 0x00007ffbfa314000 	C:\WINDOWS\System32\WS2_32.dll
0x00007ffbf80e0000 - 0x00007ffbf813e000 	C:\WINDOWS\SYSTEM32\POWRPROF.dll
0x00007ffbf14e0000 - 0x00007ffbf14eb000 	C:\WINDOWS\SYSTEM32\VERSION.dll
0x00007ffbe2970000 - 0x00007ffbe29a5000 	C:\WINDOWS\SYSTEM32\WINMM.dll
0x00007ffbf80c0000 - 0x00007ffbf80d4000 	C:\WINDOWS\SYSTEM32\UMPDC.dll
0x00007ffbf7000000 - 0x00007ffbf701b000 	C:\WINDOWS\SYSTEM32\kernel.appcore.dll
0x00007ffbd31d0000 - 0x00007ffbd31da000 	C:\Program Files\Android\Android Studio\jbr\bin\jimage.dll
0x00007ffbf63e0000 - 0x00007ffbf6622000 	C:\WINDOWS\SYSTEM32\DBGHELP.DLL
0x00007ffbfaf00000 - 0x00007ffbfb286000 	C:\WINDOWS\System32\combase.dll
0x00007ffbfa500000 - 0x00007ffbfa5d7000 	C:\WINDOWS\System32\OLEAUT32.dll
0x00007ffbe19b0000 - 0x00007ffbe19eb000 	C:\WINDOWS\SYSTEM32\dbgcore.DLL
0x00007ffbf85f0000 - 0x00007ffbf8695000 	C:\WINDOWS\System32\bcryptPrimitives.dll
0x00007ffbc65f0000 - 0x00007ffbc65fe000 	C:\Program Files\Android\Android Studio\jbr\bin\instrument.dll
0x00007ffbce200000 - 0x00007ffbce220000 	C:\Program Files\Android\Android Studio\jbr\bin\java.dll
0x00007ffbca3a0000 - 0x00007ffbca3b8000 	C:\Program Files\Android\Android Studio\jbr\bin\zip.dll
0x00007ffbf9840000 - 0x00007ffbf9f92000 	C:\WINDOWS\System32\SHELL32.dll
0x00007ffbf8480000 - 0x00007ffbf85ea000 	C:\WINDOWS\System32\wintypes.dll
0x00007ffbf8aa0000 - 0x00007ffbf9303000 	C:\WINDOWS\System32\windows.storage.dll
0x00007ffbfa6a0000 - 0x00007ffbfa796000 	C:\WINDOWS\System32\SHCORE.dll
0x00007ffbfb690000 - 0x00007ffbfb6f7000 	C:\WINDOWS\System32\shlwapi.dll
0x00007ffbf81a0000 - 0x00007ffbf81c9000 	C:\WINDOWS\SYSTEM32\profapi.dll
0x00007ffbcbe30000 - 0x00007ffbcbe40000 	C:\Program Files\Android\Android Studio\jbr\bin\net.dll
0x00007ffbf2d80000 - 0x00007ffbf2ea7000 	C:\WINDOWS\SYSTEM32\WINHTTP.dll
0x00007ffbf7590000 - 0x00007ffbf75fb000 	C:\WINDOWS\system32\mswsock.dll
0x00007ffbc65b0000 - 0x00007ffbc65c6000 	C:\Program Files\Android\Android Studio\jbr\bin\nio.dll
0x00007ffbc6580000 - 0x00007ffbc6590000 	C:\Program Files\Android\Android Studio\jbr\bin\verify.dll
0x00007ffb9b860000 - 0x00007ffb9b887000 	E:\androidprojet\gradle\wrapper\wrapper\wrapper\wrapper\wrapper\native\1def1411415f61bf3af743bc5b6707747c0891f09f0c88961ee8f79bc544acac\windows-amd64\native-platform.dll
0x00007ffb6b4d0000 - 0x00007ffb6b548000 	E:\androidprojet\gradle\wrapper\wrapper\wrapper\wrapper\wrapper\native\0.2.7\x86_64-windows-gnu\gradle-fileevents.dll
0x00007ffbca560000 - 0x00007ffbca569000 	C:\Program Files\Android\Android Studio\jbr\bin\management.dll
0x00007ffbc65a0000 - 0x00007ffbc65ab000 	C:\Program Files\Android\Android Studio\jbr\bin\management_ext.dll
0x00007ffbfa250000 - 0x00007ffbfa258000 	C:\WINDOWS\System32\PSAPI.DLL
0x00007ffbf6aa0000 - 0x00007ffbf6ad4000 	C:\WINDOWS\SYSTEM32\IPHLPAPI.DLL
0x00007ffbfa240000 - 0x00007ffbfa24a000 	C:\WINDOWS\System32\NSI.dll
0x00007ffbcbb20000 - 0x00007ffbcbb29000 	C:\Program Files\Android\Android Studio\jbr\bin\extnet.dll
0x00007ffbf7860000 - 0x00007ffbf787b000 	C:\WINDOWS\SYSTEM32\CRYPTSP.dll
0x00007ffbf6f60000 - 0x00007ffbf6f99000 	C:\WINDOWS\system32\rsaenh.dll
0x00007ffbf7640000 - 0x00007ffbf766b000 	C:\WINDOWS\SYSTEM32\USERENV.dll
0x00007ffbf8170000 - 0x00007ffbf819a000 	C:\WINDOWS\SYSTEM32\bcrypt.dll
0x00007ffbf7880000 - 0x00007ffbf788c000 	C:\WINDOWS\SYSTEM32\CRYPTBASE.dll
0x00007ffba2ef0000 - 0x00007ffba2ef8000 	C:\WINDOWS\system32\wshunix.dll
0x00007ffbf7140000 - 0x00007ffbf7176000 	C:\WINDOWS\SYSTEM32\ntmarta.dll

JVMTI agents:
E:\androidprojet\gradle\wrapper\wrapper\wrapper\wrapper\wrapper\wrapper\dists\gradle-8.13-bin\5xuhj0ry160q40clulazy9h7d\gradle-8.13\lib\agents\gradle-instrumentation-agent-8.13.jar path:C:\Program Files\Android\Android Studio\jbr\bin\instrument.dll, loaded, initialized, instrumentlib options:none

dbghelp: loaded successfully - version: 4.0.5 - missing functions: none
symbol engine: initialized successfully - sym options: 0x614 - pdb path: .;C:\Program Files\Android\Android Studio\jbr\bin;C:\WINDOWS\SYSTEM32;C:\WINDOWS\WinSxS\amd64_microsoft.windows.common-controls_6595b64144ccf1df_6.0.26100.7824_none_3e0870b2e3345462;C:\Program Files\Android\Android Studio\jbr\bin\server;E:\androidprojet\gradle\wrapper\wrapper\wrapper\wrapper\wrapper\native\1def1411415f61bf3af743bc5b6707747c0891f09f0c88961ee8f79bc544acac\windows-amd64;E:\androidprojet\gradle\wrapper\wrapper\wrapper\wrapper\wrapper\native\0.2.7\x86_64-windows-gnu

VM Arguments:
jvm_args: --add-opens=java.base/java.lang=ALL-UNNAMED --add-opens=java.base/java.lang.invoke=ALL-UNNAMED --add-opens=java.base/java.util=ALL-UNNAMED --add-opens=java.prefs/java.util.prefs=ALL-UNNAMED --add-exports=jdk.compiler/com.sun.tools.javac.api=ALL-UNNAMED --add-exports=jdk.compiler/com.sun.tools.javac.util=ALL-UNNAMED --add-opens=java.base/java.util=ALL-UNNAMED --add-opens=java.prefs/java.util.prefs=ALL-UNNAMED --add-opens=java.base/java.nio.charset=ALL-UNNAMED --add-opens=java.base/java.net=ALL-UNNAMED --add-opens=java.base/java.util.concurrent.atomic=ALL-UNNAMED --add-opens=java.xml/javax.xml.namespace=ALL-UNNAMED -Xmx2048m -Dfile.encoding=UTF-8 -Duser.country=FR -Duser.language=fr -Duser.variant -javaagent:E:\androidprojet\gradle\wrapper\wrapper\wrapper\wrapper\wrapper\wrapper\dists\gradle-8.13-bin\5xuhj0ry160q40clulazy9h7d\gradle-8.13\lib\agents\gradle-instrumentation-agent-8.13.jar 
java_command: org.gradle.launcher.daemon.bootstrap.GradleDaemon 8.13
java_class_path (initial): E:\androidprojet\gradle\wrapper\wrapper\wrapper\wrapper\wrapper\wrapper\dists\gradle-8.13-bin\5xuhj0ry160q40clulazy9h7d\gradle-8.13\lib\gradle-daemon-main-8.13.jar
Launcher Type: SUN_STANDARD

[Global flags]
     intx CICompilerCount                          = 4                                         {product} {ergonomic}
     uint ConcGCThreads                            = 2                                         {product} {ergonomic}
     uint G1ConcRefinementThreads                  = 8                                         {product} {ergonomic}
   size_t G1HeapRegionSize                         = 1048576                                   {product} {ergonomic}
    uintx GCDrainStackTargetSize                   = 64                                        {product} {ergonomic}
   size_t InitialHeapSize                          = 132120576                                 {product} {ergonomic}
   size_t MarkStackSize                            = 4194304                                   {product} {ergonomic}
   size_t MaxHeapSize                              = 2147483648                                {product} {command line}
   size_t MaxNewSize                               = 1287651328                                {product} {ergonomic}
   size_t MinHeapDeltaBytes                        = 1048576                                   {product} {ergonomic}
   size_t MinHeapSize                              = 8388608                                   {product} {ergonomic}
    uintx NonNMethodCodeHeapSize                   = 5839372                                {pd product} {ergonomic}
    uintx NonProfiledCodeHeapSize                  = 122909434                              {pd product} {ergonomic}
    uintx ProfiledCodeHeapSize                     = 122909434                              {pd product} {ergonomic}
    uintx ReservedCodeCacheSize                    = 251658240                              {pd product} {ergonomic}
     bool SegmentedCodeCache                       = true                                      {product} {ergonomic}
   size_t SoftMaxHeapSize                          = 2147483648                             {manageable} {ergonomic}
     bool UseCompressedOops                        = true                           {product lp64_product} {ergonomic}
     bool UseG1GC                                  = true                                      {product} {ergonomic}
     bool UseLargePagesIndividualAllocation        = false                                  {pd product} {ergonomic}

Logging:
Log output configuration:
 #0: stdout all=warning uptime,level,tags foldmultilines=false
 #1: stderr all=off uptime,level,tags foldmultilines=false

Environment Variables:
JAVA_HOME=C:\Program Files\Java\jdk-23\
PATH=C:\Program Files\Eclipse Adoptium\jdk-17.0.17.10-hotspot\bin;C:\Program Files\Microsoft MPI\Bin\;C:\apache-maven-3.9.9\bin;C:\oraclexe\app\oracle\product\11.2.0\server\bin;C:\Program Files\Common Files\Oracle\Java\javapath;C:\Program Files (x86)\Common Files\Oracle\Java\javapath;C:\Windows\System32\HWAudioDriverLibs;C:\Windows\system32;C:\Windows;C:\Windows\System32\Wbem;C:\Windows\System32\WindowsPowerShell\v1.0\;C:\Windows\System32\OpenSSH\;C:\Users\Administrator\AppData\Local\Microsoft\WindowsApps;C:\WINDOWS\system32;C:\WINDOWS;C:\WINDOWS\System32\Wbem;C:\WINDOWS\System32\WindowsPowerShell\v1.0\;C:\WINDOWS\System32\OpenSSH\;C:\Program Files\dotnet\;C:\Program Files (x86)\Microsoft SQL Server\160\Tools\Binn\;C:\Program Files\Microsoft SQL Server\160\Tools\Binn\;C:\Program Files\Microsoft SQL Server\Client SDK\ODBC\170\Tools\Binn\;C:\Program Files\Microsoft SQL Server\160\DTS\Binn\;C:\Program Files\Microsoft SQL Server\150\Tools\Binn\;C:\Program Files\Git\cmd;C:\Program Files (x86)\Microsoft SQL Server\160\DTS\Binn\;C:\Program Files (x86)\Bitvise SSH Client;C:\Program Files\nodejs\;C:\Users\manal\AppData\Local\Programs\Microsoft VS Code\bin;C:\Program Files\Docker\Docker\resources\bin;C:\wamp64\bin\php\php8.2.26\;C:\Users\manal\scoop\shims;C:\Users\manal\AppData\Local\Programs\Python\Python313\Scripts\;C:\Users\manal\AppData\Local\Programs\Python\Python313\;C:\Users\manal\AppData\Local\Programs\Python\Launcher\;C:\Users\manal\AppData\Local\Microsoft\WindowsApps;C:\msys64\ucrt64\bin;C:\Users\manal\AppData\Local\Programs\Microsoft VS Code\bin;C:\Program Files (x86)\GnuWin32\bin;C:\Program Files\Java\jdk-23\\bin;C:\Program Files\JetBrains\IntelliJ IDEA 2024.3.4.1\bin;C:\apache-maven-3.9.9;;C:\Users\manal\.dotnet\tools;C:\Users\manal\AppData\Roaming\npm;C:\Users\manal\AppData\Local\ComposerSetup\bin;C:\Users\manal\AppData\Roaming\Composer\vendor\bin;C:\Users\manal\scoop\apps\symfony-cli\current\bin;
USERNAME=manal
OS=Windows_NT
PROCESSOR_IDENTIFIER=Intel64 Family 6 Model 140 Stepping 2, GenuineIntel
TMP=C:\Users\manal\AppData\Local\Temp
TEMP=C:\Users\manal\AppData\Local\Temp




Periodic native trim disabled

JNI global refs:
JNI global refs: 27, weak refs: 80

JNI global refs memory usage: 835, weak refs: 1465

Process memory usage:
Resident Set Size: 351084K (4% of 8166712K total physical memory with 180132K free physical memory)

OOME stack traces (most recent first):
Classloader memory used:
Loader org.gradle.internal.classloader.VisitableURLClassLoader                         : 33976K
Loader bootstrap                                                                       : 22972K
Loader org.gradle.initialization.MixInLegacyTypesClassLoader                           : 6667K
Loader org.gradle.internal.classloader.VisitableURLClassLoader                         : 738K
Loader jdk.internal.loader.ClassLoaders$PlatformClassLoader                            : 541K
Loader jdk.internal.loader.ClassLoaders$AppClassLoader                                 : 235K
Loader jdk.internal.reflect.DelegatingClassLoader                                      : 166K
Loader org.gradle.groovy.scripts.internal.DefaultScriptCompilationHandler$ScriptClassLoader: 35880B
Loader org.codehaus.groovy.runtime.callsite.CallSiteClassLoader                        : 7232B

Classes loaded by more than one classloader:
Class org.gradle.api.GradleException                                                  : loaded 3 times (x 82B)
Class org.gradle.internal.classloader.FilteringClassLoader                            : loaded 2 times (x 105B)
Class org.gradle.internal.classloader.ClassLoaderHierarchy                            : loaded 2 times (x 70B)
Class org.gradle.api.internal.classpath.ManifestUtil                                  : loaded 2 times (x 71B)
Class org.gradle.internal.operations.MultipleBuildOperationFailures                   : loaded 2 times (x 95B)
Class org.gradle.internal.classloader.DefaultClassLoaderFactory                       : loaded 2 times (x 82B)
Class kotlin.collections.AbstractList$Companion                                       : loaded 2 times (x 71B)
Class org.gradle.internal.classloader.ClassLoaderVisitor                              : loaded 2 times (x 76B)
Class org.gradle.api.internal.classpath.EffectiveClassPath                            : loaded 2 times (x 90B)
Class org.gradle.api.internal.DefaultClassPathProvider                                : loaded 2 times (x 76B)
Class [Lorg.gradle.api.internal.ClassPathProvider;                                    : loaded 2 times (x 69B)
Class org.gradle.api.internal.ClassPathProvider                                       : loaded 2 times (x 70B)
Class org.gradle.internal.service.UnknownServiceException                             : loaded 2 times (x 83B)
Class org.gradle.internal.classpath.TransformedClassPath                              : loaded 2 times (x 96B)
Class org.gradle.internal.classloader.InstrumentingClassLoader                        : loaded 2 times (x 70B)
Class kotlin.enums.EnumEntriesList                                                    : loaded 2 times (x 223B)
Class org.gradle.internal.service.ServiceLocator                                      : loaded 2 times (x 70B)
Class org.gradle.internal.InternalTransformer                                         : loaded 2 times (x 70B)
Class org.gradle.internal.time.DefaultTimer                                           : loaded 2 times (x 80B)
Class org.gradle.internal.classloader.ClasspathUtil$1                                 : loaded 2 times (x 76B)
Class org.gradle.api.internal.classpath.DefaultModuleRegistry$DefaultModule           : loaded 2 times (x 86B)
Class org.gradle.internal.time.DefaultCountdownTimer                                  : loaded 2 times (x 88B)
Class kotlin.Function                                                                 : loaded 2 times (x 70B)
Class org.gradle.api.internal.classpath.Module                                        : loaded 2 times (x 70B)
Class org.gradle.api.internal.classpath.UnknownModuleException                        : loaded 2 times (x 82B)
Class org.gradle.api.internal.DefaultClassPathRegistry                                : loaded 2 times (x 76B)
Class org.gradle.api.internal.ClassPathRegistry                                       : loaded 2 times (x 70B)
Class org.gradle.internal.classpath.DefaultClassPath$ImmutableUniqueList              : loaded 2 times (x 199B)
Class org.gradle.internal.classpath.ClassPath                                         : loaded 2 times (x 70B)
Class org.gradle.api.UncheckedIOException                                             : loaded 2 times (x 82B)
Class kotlin.UninitializedPropertyAccessException                                     : loaded 2 times (x 82B)
Class org.gradle.internal.installation.GradleInstallation$1                           : loaded 2 times (x 75B)
Class org.gradle.api.internal.classpath.ModuleRegistry                                : loaded 2 times (x 70B)
Class org.gradle.api.internal.classpath.DefaultModuleRegistry                         : loaded 2 times (x 86B)
Class org.gradle.internal.time.MonotonicClock                                         : loaded 2 times (x 77B)
Class org.gradle.internal.service.ServiceLookupException                              : loaded 2 times (x 82B)
Class org.gradle.internal.classloader.ClassLoaderFactory                              : loaded 2 times (x 70B)
Class org.gradle.internal.service.CachingServiceLocator                               : loaded 2 times (x 82B)
Class org.gradle.internal.time.TimeSource                                             : loaded 2 times (x 70B)
Class kotlin.enums.EnumEntries                                                        : loaded 2 times (x 70B)
Class org.gradle.internal.exceptions.ResolutionProvider                               : loaded 2 times (x 70B)
Class org.gradle.internal.classloader.ClasspathUtil                                   : loaded 2 times (x 71B)
Class org.gradle.internal.time.TimeSource$1                                           : loaded 2 times (x 77B)
Class org.gradle.api.specs.Spec                                                       : loaded 2 times (x 70B)
Class org.gradle.internal.time.Clock                                                  : loaded 2 times (x 70B)
Class kotlin.collections.AbstractList                                                 : loaded 2 times (x 197B)
Class kotlin.collections.AbstractCollection                                           : loaded 2 times (x 117B)
Class org.gradle.internal.classloader.VisitableURLClassLoader$InstrumentingVisitableURLClassLoader: loaded 2 times (x 123B)
Class org.gradle.internal.classloader.VisitableURLClassLoader$Spec                    : loaded 2 times (x 74B)
Class org.gradle.internal.classpath.DefaultClassPath                                  : loaded 2 times (x 90B)
Class org.gradle.internal.classloader.ClassLoaderSpec                                 : loaded 2 times (x 71B)
Class org.gradle.internal.classloader.VisitableURLClassLoader                         : loaded 2 times (x 117B)
Class org.gradle.internal.Cast                                                        : loaded 2 times (x 71B)
Class org.gradle.api.Action                                                           : loaded 2 times (x 70B)
Class kotlin.jvm.functions.Function1                                                  : loaded 2 times (x 70B)
Class org.gradle.internal.classpath.DefaultClassPath$ImmutableUniqueList$Builder      : loaded 2 times (x 75B)
Class kotlin.NotImplementedError                                                      : loaded 2 times (x 82B)
Class org.gradle.internal.exceptions.NonGradleCauseExceptionsHolder                   : loaded 2 times (x 70B)
Class kotlin.enums.EnumEntriesKt                                                      : loaded 2 times (x 71B)
Class org.gradle.internal.IoActions                                                   : loaded 2 times (x 71B)
Class org.gradle.internal.classloader.SystemClassLoaderSpec                           : loaded 2 times (x 71B)
Class org.gradle.internal.exceptions.MultiCauseException                              : loaded 2 times (x 70B)
Class org.gradle.internal.time.CountdownTimer                                         : loaded 2 times (x 70B)
Class kotlin.jvm.internal.Intrinsics                                                  : loaded 2 times (x 71B)
Class org.gradle.tooling.model.ProjectModel                                           : loaded 2 times (x 70B)
Class kotlin.KotlinNullPointerException                                               : loaded 2 times (x 83B)
Class org.gradle.internal.exceptions.DefaultMultiCauseException                       : loaded 2 times (x 95B)
Class org.gradle.internal.time.Time                                                   : loaded 2 times (x 71B)
Class org.gradle.api.internal.classpath.GlobalCacheRootsProvider                      : loaded 2 times (x 70B)
Class org.gradle.internal.time.Timer                                                  : loaded 2 times (x 70B)
Class kotlin.jvm.internal.markers.KMappedMarker                                       : loaded 2 times (x 70B)
Class org.gradle.internal.installation.CurrentGradleInstallationLocator               : loaded 2 times (x 71B)
Class org.gradle.internal.service.DefaultServiceLocator                               : loaded 2 times (x 83B)
Class org.gradle.util.GradleVersion                                                   : loaded 2 times (x 79B)
Class org.gradle.internal.installation.CurrentGradleInstallation                      : loaded 2 times (x 73B)
Class org.gradle.util.internal.GUtil                                                  : loaded 2 times (x 71B)
Class org.gradle.internal.installation.GradleInstallation                             : loaded 2 times (x 75B)

---------------  S Y S T E M  ---------------

OS:
 Windows 11 , 64 bit Build 26100 (10.0.26100.7705)
OS uptime: 9 days 10:01 hours
Hyper-V role detected

CPU: total 8 (initial active 8) (4 cores per cpu, 2 threads per core) family 6 model 140 stepping 2 microcode 0x16, cx8, cmov, fxsr, ht, mmx, 3dnowpref, sse, sse2, sse3, ssse3, sse4.1, sse4.2, popcnt, lzcnt, tsc, tscinvbit, avx, avx2, aes, erms, clmul, bmi1, bmi2, adx, avx512f, avx512dq, avx512cd, avx512bw, avx512vl, sha, fma, vzeroupper, avx512_vpopcntdq, avx512_vpclmulqdq, avx512_vaes, avx512_vnni, clflush, clflushopt, clwb, avx512_vbmi2, avx512_vbmi, hv, rdtscp, rdpid, fsrm, gfni, avx512_bitalg, f16c, cet_ibt, cet_ss, avx512_ifma
Processor Information for the first 8 processors :
  Max Mhz: 2496, Current Mhz: 2496, Mhz Limit: 2496

Memory: 4k page, system-wide physical 7975M (143M free)
TotalPageFile size 32551M (AvailPageFile size 7M)
current process WorkingSet (physical memory assigned to process): 343M, peak: 354M
current process commit charge ("private bytes"): 398M, peak: 400M

vm_info: OpenJDK 64-Bit Server VM (21.0.8+-14018985-b1038.68) for windows-amd64 JRE (21.0.8+-14018985-b1038.68), built on 2025-08-29T19:56:34Z by "builder" with MS VC++ 16.10 / 16.11 (VS2019)

END.
