#
# There is insufficient memory for the Java Runtime Environment to continue.
# Native memory allocation (malloc) failed to allocate 1767856 bytes. Error detail: Chunk::new
# Possible reasons:
#   The system is out of physical RAM or swap space
#   This process is running with CompressedOops enabled, and the Java Heap may be blocking the growth of the native heap
# Possible solutions:
#   Reduce memory load on the system
#   Increase physical memory or swap space
#   Check if swap backing store is full
#   Decrease Java heap size (-Xmx/-Xms)
#   Decrease number of Java threads
#   Decrease Java thread stack sizes (-Xss)
#   Set larger code cache with -XX:ReservedCodeCacheSize=
#   JVM is running with Unscaled Compressed Oops mode in which the Java heap is
#     placed in the first 4GB address space. The Java Heap base address is the
#     maximum limit for the native heap growth. Please use -XX:HeapBaseMinAddress
#     to set the Java Heap base and to place the Java Heap above 4GB virtual address.
# This output file may be truncated or incomplete.
#
#  Out of Memory Error (arena.cpp:168), pid=22256, tid=5420
#
# JRE version: OpenJDK Runtime Environment (21.0.8) (build 21.0.8+-14018985-b1038.68)
# Java VM: OpenJDK 64-Bit Server VM (21.0.8+-14018985-b1038.68, mixed mode, tiered, compressed oops, compressed class ptrs, g1 gc, windows-amd64)
# No core dump will be written. Minidumps are not enabled by default on client versions of Windows
#

---------------  S U M M A R Y ------------

Command Line: --add-opens=java.base/java.lang=ALL-UNNAMED --add-opens=java.base/java.lang.invoke=ALL-UNNAMED --add-opens=java.base/java.util=ALL-UNNAMED --add-opens=java.prefs/java.util.prefs=ALL-UNNAMED --add-exports=jdk.compiler/com.sun.tools.javac.api=ALL-UNNAMED --add-exports=jdk.compiler/com.sun.tools.javac.util=ALL-UNNAMED --add-opens=java.base/java.util=ALL-UNNAMED --add-opens=java.prefs/java.util.prefs=ALL-UNNAMED --add-opens=java.base/java.nio.charset=ALL-UNNAMED --add-opens=java.base/java.net=ALL-UNNAMED --add-opens=java.base/java.util.concurrent.atomic=ALL-UNNAMED --add-opens=java.xml/javax.xml.namespace=ALL-UNNAMED -Xmx2048m -Dfile.encoding=UTF-8 -Duser.country=FR -Duser.language=fr -Duser.variant -javaagent:E:\androidprojet\gradle\wrapper\wrapper\wrapper\wrapper\dists\gradle-8.13-bin\5xuhj0ry160q40clulazy9h7d\gradle-8.13\lib\agents\gradle-instrumentation-agent-8.13.jar org.gradle.launcher.daemon.bootstrap.GradleDaemon 8.13

Host: 11th Gen Intel(R) Core(TM) i5-1155G7 @ 2.50GHz, 8 cores, 7G,  Windows 11 , 64 bit Build 26100 (10.0.26100.7705)
Time: Sat Feb 28 21:20:50 2026 Maroc elapsed time: 14.833215 seconds (0d 0h 0m 14s)

---------------  T H R E A D  ---------------

Current thread (0x0000019b7f089d80):  JavaThread "C2 CompilerThread0" daemon [_thread_in_native, id=5420, stack(0x000000213cd00000,0x000000213ce00000) (1024K)]


Current CompileTask:
C2:14833 7960       4       java.lang.invoke.InvokerBytecodeGenerator::addMethod (725 bytes)

Stack: [0x000000213cd00000,0x000000213ce00000]
Native frames: (J=compiled Java code, j=interpreted, Vv=VM code, C=native code)
V  [jvm.dll+0x6d68d9]
V  [jvm.dll+0x866693]
V  [jvm.dll+0x868c4e]
V  [jvm.dll+0x869333]
V  [jvm.dll+0x280566]
V  [jvm.dll+0xc07cd]
V  [jvm.dll+0xc0d03]
V  [jvm.dll+0x3b95e1]
V  [jvm.dll+0x385507]
V  [jvm.dll+0x38497a]
V  [jvm.dll+0x249252]
V  [jvm.dll+0x248821]
V  [jvm.dll+0x1c73a4]
V  [jvm.dll+0x257f9e]
V  [jvm.dll+0x2564e6]
V  [jvm.dll+0x3f4696]
V  [jvm.dll+0x80eac8]
V  [jvm.dll+0x6d512d]
C  [ucrtbase.dll+0x37b0]
C  [KERNEL32.DLL+0x2e8d7]
C  [ntdll.dll+0x8c40c]


---------------  P R O C E S S  ---------------

Threads class SMR info:
_java_thread_list=0x0000019b08031ca0, length=59, elements={
0x0000019b653593e0, 0x0000019b7f069f70, 0x0000019b7f079480, 0x0000019b7f06f450,
0x0000019b7f097390, 0x0000019b7f097df0, 0x0000019b7f098850, 0x0000019b7f086040,
0x0000019b7f089d80, 0x0000019b7f08a430, 0x0000019b7f3a5e70, 0x0000019b0511e4b0,
0x0000019b0502f2d0, 0x0000019b0517ed60, 0x0000019b051b8350, 0x0000019b051b89c0,
0x0000019b051ebdf0, 0x0000019b053323a0, 0x0000019b05334b00, 0x0000019b05331d10,
0x0000019b05331680, 0x0000019b05333750, 0x0000019b05332a30, 0x0000019b053330c0,
0x0000019b05334470, 0x0000019b0574caa0, 0x0000019b0574b060, 0x0000019b0574a9d0,
0x0000019b0574d7c0, 0x0000019b0574a340, 0x0000019b0574bd80, 0x0000019b0574d130,
0x0000019b0574de50, 0x0000019b0574b6f0, 0x0000019b0574f890, 0x0000019b0574e4e0,
0x0000019b05751960, 0x0000019b0574eb70, 0x0000019b057505b0, 0x0000019b05750c40,
0x0000019b044133e0, 0x0000019b04415b40, 0x0000019b04414100, 0x0000019b04413a70,
0x0000019b044161d0, 0x0000019b04414790, 0x0000019b04416860, 0x0000019b044154b0,
0x0000019b04414e20, 0x0000019b06a638f0, 0x0000019b06a65330, 0x0000019b06a666e0,
0x0000019b06a659c0, 0x0000019b06a64ca0, 0x0000019b06a66050, 0x0000019b06a63f80,
0x0000019b06a63260, 0x0000019b06a66d70, 0x0000019b7f3d7de0
}

Java Threads: ( => current thread )
  0x0000019b653593e0 JavaThread "main"                              [_thread_blocked, id=3608, stack(0x000000213be00000,0x000000213bf00000) (1024K)]
  0x0000019b7f069f70 JavaThread "Common-Cleaner"             daemon [_thread_blocked, id=13672, stack(0x000000213c600000,0x000000213c700000) (1024K)]
  0x0000019b7f079480 JavaThread "Reference Handler"          daemon [_thread_blocked, id=18796, stack(0x000000213c700000,0x000000213c800000) (1024K)]
  0x0000019b7f06f450 JavaThread "Finalizer"                  daemon [_thread_blocked, id=24240, stack(0x000000213c800000,0x000000213c900000) (1024K)]
  0x0000019b7f097390 JavaThread "Signal Dispatcher"          daemon [_thread_blocked, id=16556, stack(0x000000213c900000,0x000000213ca00000) (1024K)]
  0x0000019b7f097df0 JavaThread "Attach Listener"            daemon [_thread_blocked, id=32488, stack(0x000000213ca00000,0x000000213cb00000) (1024K)]
  0x0000019b7f098850 JavaThread "Service Thread"             daemon [_thread_blocked, id=5908, stack(0x000000213cb00000,0x000000213cc00000) (1024K)]
  0x0000019b7f086040 JavaThread "Monitor Deflation Thread"   daemon [_thread_blocked, id=25480, stack(0x000000213cc00000,0x000000213cd00000) (1024K)]
=>0x0000019b7f089d80 JavaThread "C2 CompilerThread0"         daemon [_thread_in_native, id=5420, stack(0x000000213cd00000,0x000000213ce00000) (1024K)]
  0x0000019b7f08a430 JavaThread "C1 CompilerThread0"         daemon [_thread_blocked, id=42784, stack(0x000000213ce00000,0x000000213cf00000) (1024K)]
  0x0000019b7f3a5e70 JavaThread "Notification Thread"        daemon [_thread_blocked, id=6216, stack(0x000000213cf00000,0x000000213d000000) (1024K)]
  0x0000019b0511e4b0 JavaThread "Daemon health stats"               [_thread_blocked, id=28844, stack(0x000000213d400000,0x000000213d500000) (1024K)]
  0x0000019b0502f2d0 JavaThread "Incoming local TCP Connector on port 1750"        [_thread_in_native, id=37808, stack(0x000000213d500000,0x000000213d600000) (1024K)]
  0x0000019b0517ed60 JavaThread "Daemon periodic checks"            [_thread_blocked, id=20484, stack(0x000000213d600000,0x000000213d700000) (1024K)]
  0x0000019b051b8350 JavaThread "Daemon"                            [_thread_blocked, id=18948, stack(0x000000213d700000,0x000000213d800000) (1024K)]
  0x0000019b051b89c0 JavaThread "Handler for socket connection from /127.0.0.1:1750 to /127.0.0.1:1751"        [_thread_in_native, id=35968, stack(0x000000213d800000,0x000000213d900000) (1024K)]
  0x0000019b051ebdf0 JavaThread "Cancel handler"                    [_thread_blocked, id=17948, stack(0x000000213dc00000,0x000000213dd00000) (1024K)]
  0x0000019b053323a0 JavaThread "Daemon worker"                     [_thread_blocked, id=31104, stack(0x000000213dd00000,0x000000213de00000) (1024K)]
  0x0000019b05334b00 JavaThread "Asynchronous log dispatcher for DefaultDaemonConnection: socket connection from /127.0.0.1:1750 to /127.0.0.1:1751"        [_thread_blocked, id=40372, stack(0x000000213df00000,0x000000213e000000) (1024K)]
  0x0000019b05331d10 JavaThread "Stdin handler"                     [_thread_blocked, id=35624, stack(0x000000213e000000,0x000000213e100000) (1024K)]
  0x0000019b05331680 JavaThread "Daemon client event forwarder"        [_thread_blocked, id=29160, stack(0x000000213e100000,0x000000213e200000) (1024K)]
  0x0000019b05333750 JavaThread "Cache worker for journal cache (E:\androidprojet\gradle\wrapper\wrapper\wrapper\caches\journal-1)"        [_thread_blocked, id=39456, stack(0x000000213e200000,0x000000213e300000) (1024K)]
  0x0000019b05332a30 JavaThread "File lock request listener"        [_thread_in_native, id=13896, stack(0x000000213e300000,0x000000213e400000) (1024K)]
  0x0000019b053330c0 JavaThread "Cache worker for file hash cache (E:\androidprojet\gradle\wrapper\wrapper\wrapper\caches\8.13\fileHashes)"        [_thread_blocked, id=22036, stack(0x000000213e400000,0x000000213e500000) (1024K)]
  0x0000019b05334470 JavaThread "Cache worker for file hash cache (E:\finally10\.gradle\8.13\fileHashes)"        [_thread_blocked, id=328, stack(0x000000213e500000,0x000000213e600000) (1024K)]
  0x0000019b0574caa0 JavaThread "Cache worker for Build Output Cleanup Cache (E:\finally10\.gradle\buildOutputCleanup)"        [_thread_blocked, id=30732, stack(0x000000213e600000,0x000000213e700000) (1024K)]
  0x0000019b0574b060 JavaThread "File watcher server"        daemon [_thread_in_native, id=37200, stack(0x000000213e700000,0x000000213e800000) (1024K)]
  0x0000019b0574a9d0 JavaThread "File watcher consumer"      daemon [_thread_blocked, id=26224, stack(0x000000213e800000,0x000000213e900000) (1024K)]
  0x0000019b0574d7c0 JavaThread "jar transforms"                    [_thread_blocked, id=7848, stack(0x000000213e900000,0x000000213ea00000) (1024K)]
  0x0000019b0574a340 JavaThread "jar transforms Thread 2"           [_thread_blocked, id=16808, stack(0x000000213ea00000,0x000000213eb00000) (1024K)]
  0x0000019b0574bd80 JavaThread "jar transforms Thread 3"           [_thread_blocked, id=2848, stack(0x000000213eb00000,0x000000213ec00000) (1024K)]
  0x0000019b0574d130 JavaThread "jar transforms Thread 4"           [_thread_blocked, id=13872, stack(0x000000213ec00000,0x000000213ed00000) (1024K)]
  0x0000019b0574de50 JavaThread "jar transforms Thread 5"           [_thread_blocked, id=6308, stack(0x000000213ed00000,0x000000213ee00000) (1024K)]
  0x0000019b0574b6f0 JavaThread "jar transforms Thread 6"           [_thread_blocked, id=24796, stack(0x000000213ee00000,0x000000213ef00000) (1024K)]
  0x0000019b0574f890 JavaThread "jar transforms Thread 7"           [_thread_blocked, id=19076, stack(0x000000213ef00000,0x000000213f000000) (1024K)]
  0x0000019b0574e4e0 JavaThread "jar transforms Thread 8"           [_thread_blocked, id=25884, stack(0x000000213f000000,0x000000213f100000) (1024K)]
  0x0000019b05751960 JavaThread "Cache worker for checksums cache (E:\finally10\.gradle\8.13\checksums)"        [_thread_blocked, id=41036, stack(0x000000213f100000,0x000000213f200000) (1024K)]
  0x0000019b0574eb70 JavaThread "Cache worker for file content cache (E:\androidprojet\gradle\wrapper\wrapper\wrapper\caches\8.13\fileContent)"        [_thread_blocked, id=40976, stack(0x000000213f200000,0x000000213f300000) (1024K)]
  0x0000019b057505b0 JavaThread "Cache worker for cache directory md-supplier (E:\androidprojet\gradle\wrapper\wrapper\wrapper\caches\8.13\md-supplier)"        [_thread_blocked, id=20572, stack(0x000000213f300000,0x000000213f400000) (1024K)]
  0x0000019b05750c40 JavaThread "Cache worker for cache directory md-rule (E:\androidprojet\gradle\wrapper\wrapper\wrapper\caches\8.13\md-rule)"        [_thread_blocked, id=40376, stack(0x000000213f400000,0x000000213f500000) (1024K)]
  0x0000019b044133e0 JavaThread "Unconstrained build operations"        [_thread_blocked, id=12632, stack(0x000000213f500000,0x000000213f600000) (1024K)]
  0x0000019b04415b40 JavaThread "Unconstrained build operations Thread 2"        [_thread_blocked, id=36952, stack(0x000000213f600000,0x000000213f700000) (1024K)]
  0x0000019b04414100 JavaThread "Unconstrained build operations Thread 3"        [_thread_blocked, id=33812, stack(0x000000213f700000,0x000000213f800000) (1024K)]
  0x0000019b04413a70 JavaThread "Unconstrained build operations Thread 4"        [_thread_blocked, id=36748, stack(0x000000213f800000,0x000000213f900000) (1024K)]
  0x0000019b044161d0 JavaThread "Unconstrained build operations Thread 5"        [_thread_blocked, id=42820, stack(0x000000213fa00000,0x000000213fb00000) (1024K)]
  0x0000019b04414790 JavaThread "Unconstrained build operations Thread 6"        [_thread_blocked, id=13740, stack(0x000000213fb00000,0x000000213fc00000) (1024K)]
  0x0000019b04416860 JavaThread "Unconstrained build operations Thread 7"        [_thread_blocked, id=26300, stack(0x000000213fc00000,0x000000213fd00000) (1024K)]
  0x0000019b044154b0 JavaThread "Unconstrained build operations Thread 8"        [_thread_blocked, id=25660, stack(0x000000213fd00000,0x000000213fe00000) (1024K)]
  0x0000019b04414e20 JavaThread "Unconstrained build operations Thread 9"        [_thread_blocked, id=16064, stack(0x000000213fe00000,0x000000213ff00000) (1024K)]
  0x0000019b06a638f0 JavaThread "Unconstrained build operations Thread 10"        [_thread_blocked, id=18848, stack(0x000000213ff00000,0x0000002140000000) (1024K)]
  0x0000019b06a65330 JavaThread "Unconstrained build operations Thread 11"        [_thread_blocked, id=43080, stack(0x0000002140000000,0x0000002140100000) (1024K)]
  0x0000019b06a666e0 JavaThread "Unconstrained build operations Thread 12"        [_thread_blocked, id=20296, stack(0x0000002140100000,0x0000002140200000) (1024K)]
  0x0000019b06a659c0 JavaThread "Unconstrained build operations Thread 13"        [_thread_blocked, id=12624, stack(0x0000002140200000,0x0000002140300000) (1024K)]
  0x0000019b06a64ca0 JavaThread "Unconstrained build operations Thread 14"        [_thread_blocked, id=41880, stack(0x0000002140300000,0x0000002140400000) (1024K)]
  0x0000019b06a66050 JavaThread "Unconstrained build operations Thread 15"        [_thread_blocked, id=33152, stack(0x0000002140400000,0x0000002140500000) (1024K)]
  0x0000019b06a63f80 JavaThread "Unconstrained build operations Thread 16"        [_thread_blocked, id=14912, stack(0x0000002140500000,0x0000002140600000) (1024K)]
  0x0000019b06a63260 JavaThread "Unconstrained build operations Thread 17"        [_thread_blocked, id=39480, stack(0x0000002140600000,0x0000002140700000) (1024K)]
  0x0000019b06a66d70 JavaThread "Unconstrained build operations Thread 18"        [_thread_blocked, id=40480, stack(0x0000002140700000,0x0000002140800000) (1024K)]
  0x0000019b7f3d7de0 JavaThread "C2 CompilerThread1"         daemon [_thread_blocked, id=41264, stack(0x000000213f900000,0x000000213fa00000) (1024K)]
Total: 59

Other Threads:
  0x0000019b7f021240 VMThread "VM Thread"                           [id=28908, stack(0x000000213c500000,0x000000213c600000) (1024K)]
  0x0000019b7ee59250 WatcherThread "VM Periodic Task Thread"        [id=12508, stack(0x000000213c400000,0x000000213c500000) (1024K)]
  0x0000019b678074c0 WorkerThread "GC Thread#0"                     [id=19020, stack(0x000000213bf00000,0x000000213c000000) (1024K)]
  0x0000019b7f4f8fc0 WorkerThread "GC Thread#1"                     [id=41520, stack(0x000000213d000000,0x000000213d100000) (1024K)]
  0x0000019b7f4f9360 WorkerThread "GC Thread#2"                     [id=33984, stack(0x000000213d100000,0x000000213d200000) (1024K)]
  0x0000019b0464a320 WorkerThread "GC Thread#3"                     [id=42376, stack(0x000000213d200000,0x000000213d300000) (1024K)]
  0x0000019b0464a6c0 WorkerThread "GC Thread#4"                     [id=25236, stack(0x000000213d300000,0x000000213d400000) (1024K)]
  0x0000019b051e6f40 WorkerThread "GC Thread#5"                     [id=23432, stack(0x000000213d900000,0x000000213da00000) (1024K)]
  0x0000019b051ee230 WorkerThread "GC Thread#6"                     [id=7256, stack(0x000000213da00000,0x000000213db00000) (1024K)]
  0x0000019b051ecc20 WorkerThread "GC Thread#7"                     [id=5500, stack(0x000000213db00000,0x000000213dc00000) (1024K)]
  0x0000019b678183b0 ConcurrentGCThread "G1 Main Marker"            [id=42896, stack(0x000000213c000000,0x000000213c100000) (1024K)]
  0x0000019b67819c00 WorkerThread "G1 Conc#0"                       [id=43680, stack(0x000000213c100000,0x000000213c200000) (1024K)]
  0x0000019b0520f9b0 WorkerThread "G1 Conc#1"                       [id=9584, stack(0x000000213de00000,0x000000213df00000) (1024K)]
  0x0000019b7ed21f20 ConcurrentGCThread "G1 Refine#0"               [id=41804, stack(0x000000213c200000,0x000000213c300000) (1024K)]
  0x0000019b7ed25860 ConcurrentGCThread "G1 Service"                [id=35240, stack(0x000000213c300000,0x000000213c400000) (1024K)]
Total: 15

Threads with active compile tasks:
C2 CompilerThread0  14861 7960       4       java.lang.invoke.InvokerBytecodeGenerator::addMethod (725 bytes)
Total: 1

VM state: at safepoint (normal execution)

VM Mutex/Monitor currently owned by a thread:  ([mutex/lock_event])
[0x00007ffab7c55f38] FreeList_lock - owner thread: 0x0000019b0464a6c0
[0x00007ffab7c585b8] Threads_lock - owner thread: 0x0000019b7f021240
[0x00007ffab7c586b8] Heap_lock - owner thread: 0x0000019b053323a0

Heap address: 0x0000000080000000, size: 2048 MB, Compressed Oops mode: 32-bit

CDS archive(s) not mapped
Compressed class space mapped at: 0x0000000100000000-0x0000000140000000, reserved size: 1073741824
Narrow klass base: 0x0000000000000000, Narrow klass shift: 3, Narrow klass range: 0x140000000

GC Precious Log:
 CardTable entry size: 512
 Card Set container configuration: InlinePtr #cards 5 size 8 Array Of Cards #cards 12 size 40 Howl #buckets 4 coarsen threshold 1843 Howl Bitmap #cards 512 size 80 coarsen threshold 460 Card regions per heap region 1 cards per card region 2048
 CPUs: 8 total, 8 available
 Memory: 7975M
 Large Page Support: Disabled
 NUMA Support: Disabled
 Compressed Oops: Enabled (32-bit)
 Heap Region Size: 1M
 Heap Min Capacity: 8M
 Heap Initial Capacity: 126M
 Heap Max Capacity: 2G
 Pre-touch: Disabled
 Parallel Workers: 8
 Concurrent Workers: 2
 Concurrent Refinement Workers: 8
 Periodic GC: Disabled

Heap:
 garbage-first heap   total 163840K, used 161762K [0x0000000080000000, 0x0000000100000000)
  region size 1024K, 62 young (63488K), 2 survivors (2048K)
 Metaspace       used 71179K, committed 72832K, reserved 1114112K
  class space    used 10017K, committed 10816K, reserved 1048576K

Heap Regions: E=young(eden), S=young(survivor), O=old, HS=humongous(starts), HC=humongous(continues), CS=collection set, F=free, TAMS=top-at-mark-start, PB=parsable bottom
|   0|0x0000000080000000, 0x0000000080100000, 0x0000000080100000|100%|HS|  |TAMS 0x0000000080000000| PB 0x0000000080000000| Complete 
|   1|0x0000000080100000, 0x0000000080200000, 0x0000000080200000|100%|HC|  |TAMS 0x0000000080100000| PB 0x0000000080100000| Complete 
|   2|0x0000000080200000, 0x0000000080300000, 0x0000000080300000|100%|HC|  |TAMS 0x0000000080200000| PB 0x0000000080200000| Complete 
|   3|0x0000000080300000, 0x0000000080400000, 0x0000000080400000|100%| O|  |TAMS 0x0000000080300000| PB 0x0000000080300000| Untracked 
|   4|0x0000000080400000, 0x0000000080500000, 0x0000000080500000|100%| O|  |TAMS 0x0000000080400000| PB 0x0000000080400000| Untracked 
|   5|0x0000000080500000, 0x0000000080600000, 0x0000000080600000|100%| O|  |TAMS 0x0000000080500000| PB 0x0000000080500000| Untracked 
|   6|0x0000000080600000, 0x0000000080700000, 0x0000000080700000|100%|HS|  |TAMS 0x0000000080600000| PB 0x0000000080600000| Complete 
|   7|0x0000000080700000, 0x0000000080800000, 0x0000000080800000|100%| O|  |TAMS 0x0000000080700000| PB 0x0000000080700000| Untracked 
|   8|0x0000000080800000, 0x0000000080900000, 0x0000000080900000|100%| O|  |TAMS 0x0000000080800000| PB 0x0000000080800000| Untracked 
|   9|0x0000000080900000, 0x0000000080a00000, 0x0000000080a00000|100%| O|  |TAMS 0x0000000080900000| PB 0x0000000080900000| Untracked 
|  10|0x0000000080a00000, 0x0000000080b00000, 0x0000000080b00000|100%| O|  |TAMS 0x0000000080a00000| PB 0x0000000080a00000| Untracked 
|  11|0x0000000080b00000, 0x0000000080c00000, 0x0000000080c00000|100%| O|  |TAMS 0x0000000080b00000| PB 0x0000000080b00000| Untracked 
|  12|0x0000000080c00000, 0x0000000080d00000, 0x0000000080d00000|100%| O|  |TAMS 0x0000000080c00000| PB 0x0000000080c00000| Untracked 
|  13|0x0000000080d00000, 0x0000000080e00000, 0x0000000080e00000|100%| O|  |TAMS 0x0000000080d00000| PB 0x0000000080d00000| Untracked 
|  14|0x0000000080e00000, 0x0000000080f00000, 0x0000000080f00000|100%| O|  |TAMS 0x0000000080e00000| PB 0x0000000080e00000| Untracked 
|  15|0x0000000080f00000, 0x0000000081000000, 0x0000000081000000|100%| O|  |TAMS 0x0000000080f00000| PB 0x0000000080f00000| Untracked 
|  16|0x0000000081000000, 0x0000000081100000, 0x0000000081100000|100%| O|  |TAMS 0x0000000081000000| PB 0x0000000081000000| Untracked 
|  17|0x0000000081100000, 0x0000000081200000, 0x0000000081200000|100%| O|  |TAMS 0x0000000081100000| PB 0x0000000081100000| Untracked 
|  18|0x0000000081200000, 0x0000000081300000, 0x0000000081300000|100%| O|  |TAMS 0x0000000081200000| PB 0x0000000081200000| Untracked 
|  19|0x0000000081300000, 0x0000000081400000, 0x0000000081400000|100%| O|  |TAMS 0x0000000081300000| PB 0x0000000081300000| Untracked 
|  20|0x0000000081400000, 0x0000000081500000, 0x0000000081500000|100%| O|  |TAMS 0x0000000081400000| PB 0x0000000081400000| Untracked 
|  21|0x0000000081500000, 0x0000000081600000, 0x0000000081600000|100%| O|  |TAMS 0x0000000081500000| PB 0x0000000081500000| Untracked 
|  22|0x0000000081600000, 0x0000000081700000, 0x0000000081700000|100%|HS|  |TAMS 0x0000000081600000| PB 0x0000000081600000| Complete 
|  23|0x0000000081700000, 0x0000000081800000, 0x0000000081800000|100%|HC|  |TAMS 0x0000000081700000| PB 0x0000000081700000| Complete 
|  24|0x0000000081800000, 0x0000000081900000, 0x0000000081900000|100%|HC|  |TAMS 0x0000000081800000| PB 0x0000000081800000| Complete 
|  25|0x0000000081900000, 0x0000000081a00000, 0x0000000081a00000|100%|HC|  |TAMS 0x0000000081900000| PB 0x0000000081900000| Complete 
|  26|0x0000000081a00000, 0x0000000081b00000, 0x0000000081b00000|100%|HC|  |TAMS 0x0000000081a00000| PB 0x0000000081a00000| Complete 
|  27|0x0000000081b00000, 0x0000000081c00000, 0x0000000081c00000|100%|HC|  |TAMS 0x0000000081b00000| PB 0x0000000081b00000| Complete 
|  28|0x0000000081c00000, 0x0000000081d00000, 0x0000000081d00000|100%|HS|  |TAMS 0x0000000081c00000| PB 0x0000000081c00000| Complete 
|  29|0x0000000081d00000, 0x0000000081e00000, 0x0000000081e00000|100%|HS|  |TAMS 0x0000000081d00000| PB 0x0000000081d00000| Complete 
|  30|0x0000000081e00000, 0x0000000081f00000, 0x0000000081f00000|100%|HC|  |TAMS 0x0000000081e00000| PB 0x0000000081e00000| Complete 
|  31|0x0000000081f00000, 0x0000000082000000, 0x0000000082000000|100%|HC|  |TAMS 0x0000000081f00000| PB 0x0000000081f00000| Complete 
|  32|0x0000000082000000, 0x0000000082100000, 0x0000000082100000|100%|HC|  |TAMS 0x0000000082000000| PB 0x0000000082000000| Complete 
|  33|0x0000000082100000, 0x0000000082200000, 0x0000000082200000|100%|HS|  |TAMS 0x0000000082100000| PB 0x0000000082100000| Complete 
|  34|0x0000000082200000, 0x0000000082300000, 0x0000000082300000|100%|HC|  |TAMS 0x0000000082200000| PB 0x0000000082200000| Complete 
|  35|0x0000000082300000, 0x0000000082400000, 0x0000000082400000|100%|HS|  |TAMS 0x0000000082300000| PB 0x0000000082300000| Complete 
|  36|0x0000000082400000, 0x0000000082500000, 0x0000000082500000|100%|HS|  |TAMS 0x0000000082400000| PB 0x0000000082400000| Complete 
|  37|0x0000000082500000, 0x0000000082600000, 0x0000000082600000|100%|HC|  |TAMS 0x0000000082500000| PB 0x0000000082500000| Complete 
|  38|0x0000000082600000, 0x0000000082700000, 0x0000000082700000|100%|HC|  |TAMS 0x0000000082600000| PB 0x0000000082600000| Complete 
|  39|0x0000000082700000, 0x0000000082800000, 0x0000000082800000|100%|HC|  |TAMS 0x0000000082700000| PB 0x0000000082700000| Complete 
|  40|0x0000000082800000, 0x0000000082900000, 0x0000000082900000|100%|HC|  |TAMS 0x0000000082800000| PB 0x0000000082800000| Complete 
|  41|0x0000000082900000, 0x0000000082a00000, 0x0000000082a00000|100%|HC|  |TAMS 0x0000000082900000| PB 0x0000000082900000| Complete 
|  42|0x0000000082a00000, 0x0000000082b00000, 0x0000000082b00000|100%|HS|  |TAMS 0x0000000082a00000| PB 0x0000000082a00000| Complete 
|  43|0x0000000082b00000, 0x0000000082c00000, 0x0000000082c00000|100%|HS|  |TAMS 0x0000000082b00000| PB 0x0000000082b00000| Complete 
|  44|0x0000000082c00000, 0x0000000082d00000, 0x0000000082d00000|100%| O|  |TAMS 0x0000000082c00000| PB 0x0000000082c00000| Untracked 
|  45|0x0000000082d00000, 0x0000000082e00000, 0x0000000082e00000|100%| O|  |TAMS 0x0000000082d00000| PB 0x0000000082d00000| Untracked 
|  46|0x0000000082e00000, 0x0000000082f00000, 0x0000000082f00000|100%|HS|  |TAMS 0x0000000082e00000| PB 0x0000000082e00000| Complete 
|  47|0x0000000082f00000, 0x0000000083000000, 0x0000000083000000|100%| O|  |TAMS 0x0000000082f00000| PB 0x0000000082f00000| Untracked 
|  48|0x0000000083000000, 0x0000000083100000, 0x0000000083100000|100%|HS|  |TAMS 0x0000000083000000| PB 0x0000000083000000| Complete 
|  49|0x0000000083100000, 0x0000000083200000, 0x0000000083200000|100%|HC|  |TAMS 0x0000000083100000| PB 0x0000000083100000| Complete 
|  50|0x0000000083200000, 0x0000000083300000, 0x0000000083300000|100%|HC|  |TAMS 0x0000000083200000| PB 0x0000000083200000| Complete 
|  51|0x0000000083300000, 0x0000000083400000, 0x0000000083400000|100%|HC|  |TAMS 0x0000000083300000| PB 0x0000000083300000| Complete 
|  52|0x0000000083400000, 0x0000000083500000, 0x0000000083500000|100%|HS|  |TAMS 0x0000000083400000| PB 0x0000000083400000| Complete 
|  53|0x0000000083500000, 0x0000000083600000, 0x0000000083600000|100%|HC|  |TAMS 0x0000000083500000| PB 0x0000000083500000| Complete 
|  54|0x0000000083600000, 0x0000000083700000, 0x0000000083700000|100%| O|  |TAMS 0x0000000083600000| PB 0x0000000083600000| Untracked 
|  55|0x0000000083700000, 0x0000000083800000, 0x0000000083800000|100%| O|Cm|TAMS 0x0000000083700000| PB 0x0000000083700000| Complete 
|  56|0x0000000083800000, 0x0000000083900000, 0x0000000083900000|100%| O|  |TAMS 0x0000000083800000| PB 0x0000000083800000| Untracked 
|  57|0x0000000083900000, 0x0000000083a00000, 0x0000000083a00000|100%| O|  |TAMS 0x0000000083900000| PB 0x0000000083900000| Untracked 
|  58|0x0000000083a00000, 0x0000000083b00000, 0x0000000083b00000|100%| O|  |TAMS 0x0000000083a00000| PB 0x0000000083a00000| Untracked 
|  59|0x0000000083b00000, 0x0000000083c00000, 0x0000000083c00000|100%| O|  |TAMS 0x0000000083b00000| PB 0x0000000083b00000| Untracked 
|  60|0x0000000083c00000, 0x0000000083d00000, 0x0000000083d00000|100%| O|  |TAMS 0x0000000083c00000| PB 0x0000000083c00000| Untracked 
|  61|0x0000000083d00000, 0x0000000083e00000, 0x0000000083e00000|100%|HS|  |TAMS 0x0000000083d00000| PB 0x0000000083d00000| Complete 
|  62|0x0000000083e00000, 0x0000000083f00000, 0x0000000083f00000|100%|HC|  |TAMS 0x0000000083e00000| PB 0x0000000083e00000| Complete 
|  63|0x0000000083f00000, 0x0000000084000000, 0x0000000084000000|100%| O|  |TAMS 0x0000000083f00000| PB 0x0000000083f00000| Untracked 
|  64|0x0000000084000000, 0x0000000084100000, 0x0000000084100000|100%| O|  |TAMS 0x0000000084000000| PB 0x0000000084000000| Untracked 
|  65|0x0000000084100000, 0x0000000084200000, 0x0000000084200000|100%| O|  |TAMS 0x0000000084100000| PB 0x0000000084100000| Untracked 
|  66|0x0000000084200000, 0x0000000084300000, 0x0000000084300000|100%| O|  |TAMS 0x0000000084200000| PB 0x0000000084200000| Untracked 
|  67|0x0000000084300000, 0x0000000084400000, 0x0000000084400000|100%| O|  |TAMS 0x0000000084300000| PB 0x0000000084300000| Untracked 
|  68|0x0000000084400000, 0x0000000084500000, 0x0000000084500000|100%| O|  |TAMS 0x0000000084400000| PB 0x0000000084400000| Untracked 
|  69|0x0000000084500000, 0x0000000084600000, 0x0000000084600000|100%|HS|  |TAMS 0x0000000084500000| PB 0x0000000084500000| Complete 
|  70|0x0000000084600000, 0x0000000084700000, 0x0000000084700000|100%| O|  |TAMS 0x0000000084600000| PB 0x0000000084600000| Untracked 
|  71|0x0000000084700000, 0x0000000084800000, 0x0000000084800000|100%| O|  |TAMS 0x0000000084700000| PB 0x0000000084700000| Untracked 
|  72|0x0000000084800000, 0x0000000084900000, 0x0000000084900000|100%| O|  |TAMS 0x0000000084800000| PB 0x0000000084800000| Untracked 
|  73|0x0000000084900000, 0x0000000084a00000, 0x0000000084a00000|100%| O|  |TAMS 0x0000000084900000| PB 0x0000000084900000| Untracked 
|  74|0x0000000084a00000, 0x0000000084b00000, 0x0000000084b00000|100%| O|  |TAMS 0x0000000084a00000| PB 0x0000000084a00000| Untracked 
|  75|0x0000000084b00000, 0x0000000084c00000, 0x0000000084c00000|100%| O|  |TAMS 0x0000000084b00000| PB 0x0000000084b00000| Untracked 
|  76|0x0000000084c00000, 0x0000000084d00000, 0x0000000084d00000|100%| O|  |TAMS 0x0000000084c00000| PB 0x0000000084c00000| Untracked 
|  77|0x0000000084d00000, 0x0000000084e00000, 0x0000000084e00000|100%| O|  |TAMS 0x0000000084d00000| PB 0x0000000084d00000| Untracked 
|  78|0x0000000084e00000, 0x0000000084f00000, 0x0000000084f00000|100%| O|Cm|TAMS 0x0000000084e00000| PB 0x0000000084e00000| Complete 
|  79|0x0000000084f00000, 0x0000000085000000, 0x0000000085000000|100%|HS|  |TAMS 0x0000000084f00000| PB 0x0000000084f00000| Complete 
|  80|0x0000000085000000, 0x0000000085100000, 0x0000000085100000|100%|HC|  |TAMS 0x0000000085000000| PB 0x0000000085000000| Complete 
|  81|0x0000000085100000, 0x0000000085200000, 0x0000000085200000|100%|HC|  |TAMS 0x0000000085100000| PB 0x0000000085100000| Complete 
|  82|0x0000000085200000, 0x0000000085300000, 0x0000000085300000|100%|HC|  |TAMS 0x0000000085200000| PB 0x0000000085200000| Complete 
|  83|0x0000000085300000, 0x0000000085400000, 0x0000000085400000|100%|HC|  |TAMS 0x0000000085300000| PB 0x0000000085300000| Complete 
|  84|0x0000000085400000, 0x0000000085500000, 0x0000000085500000|100%|HC|  |TAMS 0x0000000085400000| PB 0x0000000085400000| Complete 
|  85|0x0000000085500000, 0x0000000085600000, 0x0000000085600000|100%|HS|  |TAMS 0x0000000085500000| PB 0x0000000085500000| Complete 
|  86|0x0000000085600000, 0x0000000085700000, 0x0000000085700000|100%|HC|  |TAMS 0x0000000085600000| PB 0x0000000085600000| Complete 
|  87|0x0000000085700000, 0x0000000085800000, 0x0000000085800000|100%|HC|  |TAMS 0x0000000085700000| PB 0x0000000085700000| Complete 
|  88|0x0000000085800000, 0x0000000085900000, 0x0000000085900000|100%|HC|  |TAMS 0x0000000085800000| PB 0x0000000085800000| Complete 
|  89|0x0000000085900000, 0x0000000085a00000, 0x0000000085a00000|100%|HC|  |TAMS 0x0000000085900000| PB 0x0000000085900000| Complete 
|  90|0x0000000085a00000, 0x0000000085b00000, 0x0000000085b00000|100%|HC|  |TAMS 0x0000000085a00000| PB 0x0000000085a00000| Complete 
|  91|0x0000000085b00000, 0x0000000085bf8bf8, 0x0000000085c00000| 97%| E|CS|TAMS 0x0000000085b00000| PB 0x0000000085b00000| Complete 
|  92|0x0000000085c00000, 0x0000000085d00000, 0x0000000085d00000|100%| E|CS|TAMS 0x0000000085c00000| PB 0x0000000085c00000| Complete 
|  93|0x0000000085d00000, 0x0000000085e00000, 0x0000000085e00000|100%|HS|  |TAMS 0x0000000085d00000| PB 0x0000000085d00000| Complete 
|  94|0x0000000085e00000, 0x0000000085f00000, 0x0000000085f00000|100%|HS|  |TAMS 0x0000000085e00000| PB 0x0000000085e00000| Complete 
|  95|0x0000000085f00000, 0x0000000086000000, 0x0000000086000000|100%| S|  |TAMS 0x0000000085f00000| PB 0x0000000085f00000| Complete 
|  96|0x0000000086000000, 0x0000000086100000, 0x0000000086100000|100%| S|  |TAMS 0x0000000086000000| PB 0x0000000086000000| Complete 
|  97|0x0000000086100000, 0x0000000086200000, 0x0000000086200000|100%| E|CS|TAMS 0x0000000086100000| PB 0x0000000086100000| Complete 
|  98|0x0000000086200000, 0x0000000086300000, 0x0000000086300000|100%| E|CS|TAMS 0x0000000086200000| PB 0x0000000086200000| Complete 
|  99|0x0000000086300000, 0x0000000086400000, 0x0000000086400000|100%| E|CS|TAMS 0x0000000086300000| PB 0x0000000086300000| Complete 
| 100|0x0000000086400000, 0x0000000086500000, 0x0000000086500000|100%| E|CS|TAMS 0x0000000086400000| PB 0x0000000086400000| Complete 
| 101|0x0000000086500000, 0x0000000086600000, 0x0000000086600000|100%| E|CS|TAMS 0x0000000086500000| PB 0x0000000086500000| Complete 
| 102|0x0000000086600000, 0x0000000086700000, 0x0000000086700000|100%| E|CS|TAMS 0x0000000086600000| PB 0x0000000086600000| Complete 
| 103|0x0000000086700000, 0x0000000086800000, 0x0000000086800000|100%| E|CS|TAMS 0x0000000086700000| PB 0x0000000086700000| Complete 
| 104|0x0000000086800000, 0x0000000086900000, 0x0000000086900000|100%| E|CS|TAMS 0x0000000086800000| PB 0x0000000086800000| Complete 
| 105|0x0000000086900000, 0x0000000086a00000, 0x0000000086a00000|100%| E|CS|TAMS 0x0000000086900000| PB 0x0000000086900000| Complete 
| 106|0x0000000086a00000, 0x0000000086b00000, 0x0000000086b00000|100%| E|CS|TAMS 0x0000000086a00000| PB 0x0000000086a00000| Complete 
| 107|0x0000000086b00000, 0x0000000086c00000, 0x0000000086c00000|100%| E|CS|TAMS 0x0000000086b00000| PB 0x0000000086b00000| Complete 
| 108|0x0000000086c00000, 0x0000000086d00000, 0x0000000086d00000|100%| E|CS|TAMS 0x0000000086c00000| PB 0x0000000086c00000| Complete 
| 109|0x0000000086d00000, 0x0000000086e00000, 0x0000000086e00000|100%| E|CS|TAMS 0x0000000086d00000| PB 0x0000000086d00000| Complete 
| 110|0x0000000086e00000, 0x0000000086f00000, 0x0000000086f00000|100%| E|CS|TAMS 0x0000000086e00000| PB 0x0000000086e00000| Complete 
| 111|0x0000000086f00000, 0x0000000087000000, 0x0000000087000000|100%| E|CS|TAMS 0x0000000086f00000| PB 0x0000000086f00000| Complete 
| 112|0x0000000087000000, 0x0000000087100000, 0x0000000087100000|100%| E|CS|TAMS 0x0000000087000000| PB 0x0000000087000000| Complete 
| 113|0x0000000087100000, 0x0000000087200000, 0x0000000087200000|100%| E|CS|TAMS 0x0000000087100000| PB 0x0000000087100000| Complete 
| 114|0x0000000087200000, 0x0000000087300000, 0x0000000087300000|100%| E|CS|TAMS 0x0000000087200000| PB 0x0000000087200000| Complete 
| 115|0x0000000087300000, 0x0000000087400000, 0x0000000087400000|100%| E|CS|TAMS 0x0000000087300000| PB 0x0000000087300000| Complete 
| 116|0x0000000087400000, 0x0000000087500000, 0x0000000087500000|100%| E|CS|TAMS 0x0000000087400000| PB 0x0000000087400000| Complete 
| 117|0x0000000087500000, 0x0000000087600000, 0x0000000087600000|100%| E|CS|TAMS 0x0000000087500000| PB 0x0000000087500000| Complete 
| 118|0x0000000087600000, 0x0000000087700000, 0x0000000087700000|100%| E|CS|TAMS 0x0000000087600000| PB 0x0000000087600000| Complete 
| 119|0x0000000087700000, 0x0000000087800000, 0x0000000087800000|100%| E|CS|TAMS 0x0000000087700000| PB 0x0000000087700000| Complete 
| 120|0x0000000087800000, 0x0000000087900000, 0x0000000087900000|100%| E|CS|TAMS 0x0000000087800000| PB 0x0000000087800000| Complete 
| 121|0x0000000087900000, 0x0000000087a00000, 0x0000000087a00000|100%| E|CS|TAMS 0x0000000087900000| PB 0x0000000087900000| Complete 
| 122|0x0000000087a00000, 0x0000000087b00000, 0x0000000087b00000|100%| E|CS|TAMS 0x0000000087a00000| PB 0x0000000087a00000| Complete 
| 123|0x0000000087b00000, 0x0000000087c00000, 0x0000000087c00000|100%| E|CS|TAMS 0x0000000087b00000| PB 0x0000000087b00000| Complete 
| 124|0x0000000087c00000, 0x0000000087d00000, 0x0000000087d00000|100%| E|CS|TAMS 0x0000000087c00000| PB 0x0000000087c00000| Complete 
| 125|0x0000000087d00000, 0x0000000087e00000, 0x0000000087e00000|100%| E|CS|TAMS 0x0000000087d00000| PB 0x0000000087d00000| Complete 
| 126|0x0000000087e00000, 0x0000000087f00000, 0x0000000087f00000|100%| E|CS|TAMS 0x0000000087e00000| PB 0x0000000087e00000| Complete 
| 127|0x0000000087f00000, 0x0000000088000000, 0x0000000088000000|100%| E|CS|TAMS 0x0000000087f00000| PB 0x0000000087f00000| Complete 
| 128|0x0000000088000000, 0x0000000088100000, 0x0000000088100000|100%| E|CS|TAMS 0x0000000088000000| PB 0x0000000088000000| Complete 
| 129|0x0000000088100000, 0x0000000088200000, 0x0000000088200000|100%| E|CS|TAMS 0x0000000088100000| PB 0x0000000088100000| Complete 
| 130|0x0000000088200000, 0x0000000088300000, 0x0000000088300000|100%| E|CS|TAMS 0x0000000088200000| PB 0x0000000088200000| Complete 
| 131|0x0000000088300000, 0x0000000088400000, 0x0000000088400000|100%| E|CS|TAMS 0x0000000088300000| PB 0x0000000088300000| Complete 
| 132|0x0000000088400000, 0x0000000088500000, 0x0000000088500000|100%| E|CS|TAMS 0x0000000088400000| PB 0x0000000088400000| Complete 
| 133|0x0000000088500000, 0x0000000088600000, 0x0000000088600000|100%| E|CS|TAMS 0x0000000088500000| PB 0x0000000088500000| Complete 
| 134|0x0000000088600000, 0x0000000088700000, 0x0000000088700000|100%| E|CS|TAMS 0x0000000088600000| PB 0x0000000088600000| Complete 
| 135|0x0000000088700000, 0x0000000088800000, 0x0000000088800000|100%| E|CS|TAMS 0x0000000088700000| PB 0x0000000088700000| Complete 
| 136|0x0000000088800000, 0x0000000088900000, 0x0000000088900000|100%| E|CS|TAMS 0x0000000088800000| PB 0x0000000088800000| Complete 
| 137|0x0000000088900000, 0x0000000088a00000, 0x0000000088a00000|100%| E|CS|TAMS 0x0000000088900000| PB 0x0000000088900000| Complete 
| 138|0x0000000088a00000, 0x0000000088b00000, 0x0000000088b00000|100%| E|CS|TAMS 0x0000000088a00000| PB 0x0000000088a00000| Complete 
| 139|0x0000000088b00000, 0x0000000088c00000, 0x0000000088c00000|100%| E|CS|TAMS 0x0000000088b00000| PB 0x0000000088b00000| Complete 
| 140|0x0000000088c00000, 0x0000000088d00000, 0x0000000088d00000|100%| E|CS|TAMS 0x0000000088c00000| PB 0x0000000088c00000| Complete 
| 141|0x0000000088d00000, 0x0000000088e00000, 0x0000000088e00000|100%| E|CS|TAMS 0x0000000088d00000| PB 0x0000000088d00000| Complete 
| 142|0x0000000088e00000, 0x0000000088f00000, 0x0000000088f00000|100%| E|CS|TAMS 0x0000000088e00000| PB 0x0000000088e00000| Complete 
| 143|0x0000000088f00000, 0x0000000089000000, 0x0000000089000000|100%| E|CS|TAMS 0x0000000088f00000| PB 0x0000000088f00000| Complete 
| 144|0x0000000089000000, 0x0000000089100000, 0x0000000089100000|100%| E|CS|TAMS 0x0000000089000000| PB 0x0000000089000000| Complete 
| 145|0x0000000089100000, 0x0000000089200000, 0x0000000089200000|100%| E|CS|TAMS 0x0000000089100000| PB 0x0000000089100000| Complete 
| 146|0x0000000089200000, 0x0000000089300000, 0x0000000089300000|100%| E|CS|TAMS 0x0000000089200000| PB 0x0000000089200000| Complete 
| 147|0x0000000089300000, 0x0000000089400000, 0x0000000089400000|100%| E|CS|TAMS 0x0000000089300000| PB 0x0000000089300000| Complete 
| 148|0x0000000089400000, 0x0000000089500000, 0x0000000089500000|100%| E|CS|TAMS 0x0000000089400000| PB 0x0000000089400000| Complete 
| 149|0x0000000089500000, 0x0000000089600000, 0x0000000089600000|100%| E|CS|TAMS 0x0000000089500000| PB 0x0000000089500000| Complete 
| 150|0x0000000089600000, 0x0000000089700000, 0x0000000089700000|100%| E|CS|TAMS 0x0000000089600000| PB 0x0000000089600000| Complete 
| 151|0x0000000089700000, 0x0000000089800000, 0x0000000089800000|100%| E|CS|TAMS 0x0000000089700000| PB 0x0000000089700000| Complete 
| 152|0x0000000089800000, 0x0000000089900000, 0x0000000089900000|100%| E|CS|TAMS 0x0000000089800000| PB 0x0000000089800000| Complete 
| 153|0x0000000089900000, 0x0000000089a00000, 0x0000000089a00000|100%| E|CS|TAMS 0x0000000089900000| PB 0x0000000089900000| Complete 
| 154|0x0000000089a00000, 0x0000000089b00000, 0x0000000089b00000|100%| E|CS|TAMS 0x0000000089a00000| PB 0x0000000089a00000| Complete 
| 155|0x0000000089b00000, 0x0000000089c00000, 0x0000000089c00000|100%| E|CS|TAMS 0x0000000089b00000| PB 0x0000000089b00000| Complete 
|2044|0x00000000ffc00000, 0x00000000ffd00000, 0x00000000ffd00000|100%| E|CS|TAMS 0x00000000ffc00000| PB 0x00000000ffc00000| Complete 
|2045|0x00000000ffd00000, 0x00000000ffe00000, 0x00000000ffe00000|100%| O|  |TAMS 0x00000000ffd00000| PB 0x00000000ffd00000| Untracked 
|2046|0x00000000ffe00000, 0x00000000fff00000, 0x00000000fff00000|100%| O|  |TAMS 0x00000000ffe00000| PB 0x00000000ffe00000| Untracked 
|2047|0x00000000fff00000, 0x0000000100000000, 0x0000000100000000|100%| O|  |TAMS 0x00000000fff00000| PB 0x00000000fff00000| Untracked 

Card table byte_map: [0x0000019b7a030000,0x0000019b7a430000] _byte_map_base: 0x0000019b79c30000

Marking Bits: (CMBitMap*) 0x0000019b67807ad0
 Bits: [0x0000019b7a430000, 0x0000019b7c430000)

Polling page: 0x0000019b655e0000

Metaspace:

Usage:
  Non-class:     59.73 MB used.
      Class:      9.78 MB used.
       Both:     69.51 MB used.

Virtual space:
  Non-class space:       64.00 MB reserved,      60.56 MB ( 95%) committed,  1 nodes.
      Class space:        1.00 GB reserved,      10.56 MB (  1%) committed,  1 nodes.
             Both:        1.06 GB reserved,      71.12 MB (  7%) committed. 

Chunk freelists:
   Non-Class:  3.36 MB
       Class:  5.45 MB
        Both:  8.81 MB

MaxMetaspaceSize: unlimited
CompressedClassSpaceSize: 1.00 GB
Initial GC threshold: 21.00 MB
Current GC threshold: 108.38 MB
CDS: off
 - commit_granule_bytes: 65536.
 - commit_granule_words: 8192.
 - virtual_space_node_default_size: 8388608.
 - enlarge_chunks_in_place: 1.
 - use_allocation_guard: 0.


Internal statistics:

num_allocs_failed_limit: 6.
num_arena_births: 3086.
num_arena_deaths: 2.
num_vsnodes_births: 2.
num_vsnodes_deaths: 0.
num_space_committed: 1138.
num_space_uncommitted: 0.
num_chunks_returned_to_freelist: 9.
num_chunks_taken_from_freelist: 5980.
num_chunk_merges: 6.
num_chunk_splits: 3885.
num_chunks_enlarged: 2404.
num_inconsistent_stats: 0.

CodeHeap 'non-profiled nmethods': size=120000Kb used=4036Kb max_used=4036Kb free=115963Kb
 bounds [0x0000019b723d0000, 0x0000019b727d0000, 0x0000019b79900000]
CodeHeap 'profiled nmethods': size=120000Kb used=12759Kb max_used=12759Kb free=107240Kb
 bounds [0x0000019b6a900000, 0x0000019b6b580000, 0x0000019b71e30000]
CodeHeap 'non-nmethods': size=5760Kb used=2975Kb max_used=3012Kb free=2784Kb
 bounds [0x0000019b71e30000, 0x0000019b72130000, 0x0000019b723d0000]
CodeCache: size=245760Kb, used=19770Kb, max_used=19807Kb, free=225987Kb
 total_blobs=7642, nmethods=6759, adapters=787, full_count=0
Compilation: enabled, stopped_count=0, restarted_count=0

Compilation events (20 events):
Event: 13.760 Thread 0x0000019b7f3d7de0 7971       4       org.objectweb.asm.MethodWriter::visitMethodInsn (191 bytes)
Event: 13.760 Thread 0x0000019b7f08a430 7972       3       jdk.internal.org.objectweb.asm.ClassReader::readUTF8 (23 bytes)
Event: 13.761 Thread 0x0000019b7f08a430 nmethod 7972 0x0000019b6b570b90 code [0x0000019b6b570d60, 0x0000019b6b570fa8]
Event: 13.761 Thread 0x0000019b7f08a430 7973       3       jdk.internal.org.objectweb.asm.ClassReader::readUtf (44 bytes)
Event: 13.761 Thread 0x0000019b7f08a430 nmethod 7973 0x0000019b6b571090 code [0x0000019b6b571280, 0x0000019b6b571668]
Event: 13.763 Thread 0x0000019b7f08a430 7974       3       org.apache.commons.io.FilenameUtils::doNormalize (530 bytes)
Event: 13.765 Thread 0x0000019b7f08a430 nmethod 7974 0x0000019b6b571810 code [0x0000019b6b571bc0, 0x0000019b6b573590]
Event: 13.765 Thread 0x0000019b7f08a430 7975       3       java.lang.Class::getSimpleName (36 bytes)
Event: 13.765 Thread 0x0000019b7f08a430 nmethod 7975 0x0000019b6b573d90 code [0x0000019b6b573f60, 0x0000019b6b574218]
Event: 13.765 Thread 0x0000019b7f08a430 7976       3       org.gradle.internal.service.DefaultServiceRegistry$ConstructorService::<init> (15 bytes)
Event: 13.766 Thread 0x0000019b7f08a430 nmethod 7976 0x0000019b6b574310 code [0x0000019b6b5744e0, 0x0000019b6b5748b8]
Event: 13.770 Thread 0x0000019b7f08a430 7978       3       java.lang.PublicMethods$Key::equals (50 bytes)
Event: 13.770 Thread 0x0000019b7f08a430 nmethod 7978 0x0000019b6b574a90 code [0x0000019b6b574c60, 0x0000019b6b575080]
Event: 13.771 Thread 0x0000019b7f08a430 7979       3       kotlin.jvm.internal.Intrinsics::checkNotNullParameter (9 bytes)
Event: 13.771 Thread 0x0000019b7f08a430 nmethod 7979 0x0000019b6b575190 code [0x0000019b6b5753a0, 0x0000019b6b575888]
Event: 13.774 Thread 0x0000019b7f08a430 7980       3       com.google.common.collect.Ordering::natural (4 bytes)
Event: 13.774 Thread 0x0000019b7f08a430 nmethod 7980 0x0000019b6b575a90 code [0x0000019b6b575c20, 0x0000019b6b575d18]
Event: 13.783 Thread 0x0000019b7f3d7de0 nmethod 7971 0x0000019b727bd690 code [0x0000019b727bda00, 0x0000019b727bf640]
Event: 13.784 Thread 0x0000019b7f3d7de0 7977       4       java.lang.ThreadLocal::get (8 bytes)
Event: 13.785 Thread 0x0000019b7f3d7de0 nmethod 7977 0x0000019b727c0b10 code [0x0000019b727c0cc0, 0x0000019b727c0e60]

GC Heap History (20 events):
Event: 5.122 GC heap after
{Heap after GC invocations=16 (full 0):
 garbage-first heap   total 125952K, used 67769K [0x0000000080000000, 0x0000000100000000)
  region size 1024K, 2 young (2048K), 2 survivors (2048K)
 Metaspace       used 47436K, committed 48448K, reserved 1114112K
  class space    used 6554K, committed 7040K, reserved 1048576K
}
Event: 6.920 GC heap before
{Heap before GC invocations=17 (full 0):
 garbage-first heap   total 125952K, used 114873K [0x0000000080000000, 0x0000000100000000)
  region size 1024K, 44 young (45056K), 2 survivors (2048K)
 Metaspace       used 53093K, committed 54400K, reserved 1114112K
  class space    used 7373K, committed 8000K, reserved 1048576K
}
Event: 6.923 GC heap after
{Heap after GC invocations=18 (full 0):
 garbage-first heap   total 125952K, used 69518K [0x0000000080000000, 0x0000000100000000)
  region size 1024K, 3 young (3072K), 3 survivors (3072K)
 Metaspace       used 53093K, committed 54400K, reserved 1114112K
  class space    used 7373K, committed 8000K, reserved 1048576K
}
Event: 8.474 GC heap before
{Heap before GC invocations=18 (full 0):
 garbage-first heap   total 125952K, used 114574K [0x0000000080000000, 0x0000000100000000)
  region size 1024K, 45 young (46080K), 3 survivors (3072K)
 Metaspace       used 57884K, committed 59392K, reserved 1114112K
  class space    used 8214K, committed 8960K, reserved 1048576K
}
Event: 8.479 GC heap after
{Heap after GC invocations=19 (full 0):
 garbage-first heap   total 125952K, used 74041K [0x0000000080000000, 0x0000000100000000)
  region size 1024K, 6 young (6144K), 6 survivors (6144K)
 Metaspace       used 57884K, committed 59392K, reserved 1114112K
  class space    used 8214K, committed 8960K, reserved 1048576K
}
Event: 9.095 GC heap before
{Heap before GC invocations=19 (full 0):
 garbage-first heap   total 125952K, used 110905K [0x0000000080000000, 0x0000000100000000)
  region size 1024K, 43 young (44032K), 6 survivors (6144K)
 Metaspace       used 60959K, committed 62464K, reserved 1114112K
  class space    used 8702K, committed 9408K, reserved 1048576K
}
Event: 9.101 GC heap after
{Heap after GC invocations=20 (full 0):
 garbage-first heap   total 125952K, used 76187K [0x0000000080000000, 0x0000000100000000)
  region size 1024K, 5 young (5120K), 5 survivors (5120K)
 Metaspace       used 60959K, committed 62464K, reserved 1114112K
  class space    used 8702K, committed 9408K, reserved 1048576K
}
Event: 9.386 GC heap before
{Heap before GC invocations=21 (full 0):
 garbage-first heap   total 128000K, used 113051K [0x0000000080000000, 0x0000000100000000)
  region size 1024K, 41 young (41984K), 5 survivors (5120K)
 Metaspace       used 60984K, committed 62464K, reserved 1114112K
  class space    used 8705K, committed 9408K, reserved 1048576K
}
Event: 9.392 GC heap after
{Heap after GC invocations=22 (full 0):
 garbage-first heap   total 128000K, used 78222K [0x0000000080000000, 0x0000000100000000)
  region size 1024K, 4 young (4096K), 4 survivors (4096K)
 Metaspace       used 60984K, committed 62464K, reserved 1114112K
  class space    used 8705K, committed 9408K, reserved 1048576K
}
Event: 9.568 GC heap before
{Heap before GC invocations=22 (full 0):
 garbage-first heap   total 128000K, used 116110K [0x0000000080000000, 0x0000000100000000)
  region size 1024K, 41 young (41984K), 4 survivors (4096K)
 Metaspace       used 60997K, committed 62464K, reserved 1114112K
  class space    used 8705K, committed 9408K, reserved 1048576K
}
Event: 9.572 GC heap after
{Heap after GC invocations=23 (full 0):
 garbage-first heap   total 128000K, used 78530K [0x0000000080000000, 0x0000000100000000)
  region size 1024K, 3 young (3072K), 3 survivors (3072K)
 Metaspace       used 60997K, committed 62464K, reserved 1114112K
  class space    used 8705K, committed 9408K, reserved 1048576K
}
Event: 9.851 GC heap before
{Heap before GC invocations=23 (full 0):
 garbage-first heap   total 128000K, used 116418K [0x0000000080000000, 0x0000000100000000)
  region size 1024K, 40 young (40960K), 3 survivors (3072K)
 Metaspace       used 61491K, committed 62912K, reserved 1114112K
  class space    used 8783K, committed 9472K, reserved 1048576K
}
Event: 9.854 GC heap after
{Heap after GC invocations=24 (full 0):
 garbage-first heap   total 128000K, used 79086K [0x0000000080000000, 0x0000000100000000)
  region size 1024K, 4 young (4096K), 4 survivors (4096K)
 Metaspace       used 61491K, committed 62912K, reserved 1114112K
  class space    used 8783K, committed 9472K, reserved 1048576K
}
Event: 11.936 GC heap before
{Heap before GC invocations=25 (full 0):
 garbage-first heap   total 135168K, used 120046K [0x0000000080000000, 0x0000000100000000)
  region size 1024K, 38 young (38912K), 4 survivors (4096K)
 Metaspace       used 64293K, committed 65792K, reserved 1114112K
  class space    used 9104K, committed 9792K, reserved 1048576K
}
Event: 11.939 GC heap after
{Heap after GC invocations=26 (full 0):
 garbage-first heap   total 135168K, used 89669K [0x0000000080000000, 0x0000000100000000)
  region size 1024K, 5 young (5120K), 5 survivors (5120K)
 Metaspace       used 64293K, committed 65792K, reserved 1114112K
  class space    used 9104K, committed 9792K, reserved 1048576K
}
Event: 12.013 GC heap before
{Heap before GC invocations=26 (full 0):
 garbage-first heap   total 135168K, used 121413K [0x0000000080000000, 0x0000000100000000)
  region size 1024K, 36 young (36864K), 5 survivors (5120K)
 Metaspace       used 64344K, committed 65856K, reserved 1114112K
  class space    used 9104K, committed 9792K, reserved 1048576K
}
Event: 12.016 GC heap after
{Heap after GC invocations=27 (full 0):
 garbage-first heap   total 135168K, used 90011K [0x0000000080000000, 0x0000000100000000)
  region size 1024K, 1 young (1024K), 1 survivors (1024K)
 Metaspace       used 64344K, committed 65856K, reserved 1114112K
  class space    used 9104K, committed 9792K, reserved 1048576K
}
Event: 12.625 GC heap before
{Heap before GC invocations=27 (full 0):
 garbage-first heap   total 135168K, used 125851K [0x0000000080000000, 0x0000000100000000)
  region size 1024K, 36 young (36864K), 1 survivors (1024K)
 Metaspace       used 65017K, committed 66560K, reserved 1114112K
  class space    used 9178K, committed 9920K, reserved 1048576K
}
Event: 12.628 GC heap after
{Heap after GC invocations=28 (full 0):
 garbage-first heap   total 162816K, used 91106K [0x0000000080000000, 0x0000000100000000)
  region size 1024K, 2 young (2048K), 2 survivors (2048K)
 Metaspace       used 65017K, committed 66560K, reserved 1114112K
  class space    used 9178K, committed 9920K, reserved 1048576K
}
Event: 13.809 GC heap before
{Heap before GC invocations=29 (full 0):
 garbage-first heap   total 163840K, used 160738K [0x0000000080000000, 0x0000000100000000)
  region size 1024K, 62 young (63488K), 2 survivors (2048K)
 Metaspace       used 71179K, committed 72832K, reserved 1114112K
  class space    used 10017K, committed 10816K, reserved 1048576K
}

Dll operation events (3 events):
Event: 0.013 Loaded shared library C:\Program Files\Android\Android Studio\jbr\bin\java.dll
Event: 0.019 Loaded shared library C:\Program Files\Android\Android Studio\jbr\bin\zip.dll
Event: 0.493 Loaded shared library C:\Program Files\Android\Android Studio\jbr\bin\verify.dll

Deoptimization events (20 events):
Event: 13.737 Thread 0x0000019b053323a0 Uncommon trap: trap_request=0xffffffc6 fr.pc=0x0000019b726ab150 relative=0x0000000000000630
Event: 13.737 Thread 0x0000019b053323a0 Uncommon trap: reason=bimorphic_or_optimized_type_check action=maybe_recompile pc=0x0000019b726ab150 method=java.util.HashMap$TreeNode.find(ILjava/lang/Object;Ljava/lang/Class;)Ljava/util/HashMap$TreeNode; @ 68 c2
Event: 13.737 Thread 0x0000019b053323a0 DEOPT PACKING pc=0x0000019b726ab150 sp=0x000000213ddf76a0
Event: 13.737 Thread 0x0000019b053323a0 DEOPT UNPACKING pc=0x0000019b71e87da2 sp=0x000000213ddf7630 mode 2
Event: 13.737 Thread 0x0000019b053323a0 Uncommon trap: trap_request=0xffffffc6 fr.pc=0x0000019b726ab150 relative=0x0000000000000630
Event: 13.737 Thread 0x0000019b053323a0 Uncommon trap: reason=bimorphic_or_optimized_type_check action=maybe_recompile pc=0x0000019b726ab150 method=java.util.HashMap$TreeNode.find(ILjava/lang/Object;Ljava/lang/Class;)Ljava/util/HashMap$TreeNode; @ 68 c2
Event: 13.737 Thread 0x0000019b053323a0 DEOPT PACKING pc=0x0000019b726ab150 sp=0x000000213ddf75f0
Event: 13.737 Thread 0x0000019b053323a0 DEOPT UNPACKING pc=0x0000019b71e87da2 sp=0x000000213ddf7580 mode 2
Event: 13.737 Thread 0x0000019b053323a0 Uncommon trap: trap_request=0xffffffc6 fr.pc=0x0000019b726ab150 relative=0x0000000000000630
Event: 13.737 Thread 0x0000019b053323a0 Uncommon trap: reason=bimorphic_or_optimized_type_check action=maybe_recompile pc=0x0000019b726ab150 method=java.util.HashMap$TreeNode.find(ILjava/lang/Object;Ljava/lang/Class;)Ljava/util/HashMap$TreeNode; @ 68 c2
Event: 13.737 Thread 0x0000019b053323a0 DEOPT PACKING pc=0x0000019b726ab150 sp=0x000000213ddf76a0
Event: 13.737 Thread 0x0000019b053323a0 DEOPT UNPACKING pc=0x0000019b71e87da2 sp=0x000000213ddf7630 mode 2
Event: 13.737 Thread 0x0000019b053323a0 Uncommon trap: trap_request=0xffffffc6 fr.pc=0x0000019b72415468 relative=0x00000000000008a8
Event: 13.737 Thread 0x0000019b053323a0 Uncommon trap: reason=bimorphic_or_optimized_type_check action=maybe_recompile pc=0x0000019b72415468 method=java.util.HashMap$TreeNode.find(ILjava/lang/Object;Ljava/lang/Class;)Ljava/util/HashMap$TreeNode; @ 68 c2
Event: 13.737 Thread 0x0000019b053323a0 DEOPT PACKING pc=0x0000019b72415468 sp=0x000000213ddf7880
Event: 13.737 Thread 0x0000019b053323a0 DEOPT UNPACKING pc=0x0000019b71e87da2 sp=0x000000213ddf76e8 mode 2
Event: 13.738 Thread 0x0000019b053323a0 Uncommon trap: trap_request=0xffffff45 fr.pc=0x0000019b72452a48 relative=0x00000000000000a8
Event: 13.738 Thread 0x0000019b053323a0 Uncommon trap: reason=unstable_if action=reinterpret pc=0x0000019b72452a48 method=java.util.HashMap.hash(Ljava/lang/Object;)I @ 1 c2
Event: 13.738 Thread 0x0000019b053323a0 DEOPT PACKING pc=0x0000019b72452a48 sp=0x000000213ddf6fb0
Event: 13.738 Thread 0x0000019b053323a0 DEOPT UNPACKING pc=0x0000019b71e87da2 sp=0x000000213ddf6f48 mode 2

Classes loaded (20 events):
Event: 13.421 Loading class javax/net/ssl/TrustManager
Event: 13.421 Loading class javax/net/ssl/TrustManager done
Event: 13.421 Loading class javax/net/ssl/X509TrustManager
Event: 13.421 Loading class javax/net/ssl/X509TrustManager done
Event: 13.424 Loading class javax/net/ssl/SSLPeerUnverifiedException
Event: 13.424 Loading class javax/net/ssl/SSLException
Event: 13.424 Loading class javax/net/ssl/SSLException done
Event: 13.424 Loading class javax/net/ssl/SSLPeerUnverifiedException done
Event: 13.424 Loading class javax/naming/NamingException
Event: 13.425 Loading class javax/naming/NamingException done
Event: 13.425 Loading class javax/naming/InvalidNameException
Event: 13.429 Loading class javax/naming/InvalidNameException done
Event: 13.429 Loading class java/security/cert/CertificateParsingException
Event: 13.435 Loading class java/security/cert/CertificateException
Event: 13.435 Loading class java/security/cert/CertificateException done
Event: 13.435 Loading class java/security/cert/CertificateParsingException done
Event: 13.503 Loading class java/nio/channels/Channels$ReadableByteChannelImpl
Event: 13.503 Loading class java/nio/channels/Channels$ReadableByteChannelImpl done
Event: 13.703 Loading class java/io/FileWriter
Event: 13.703 Loading class java/io/FileWriter done

Classes unloaded (3 events):
Event: 12.669 Thread 0x0000019b7f021240 Unloading class 0x000000010097c988 '_BuildScript_$_run_closure1$_closure2'
Event: 12.669 Thread 0x0000019b7f021240 Unloading class 0x000000010097c568 '_BuildScript_$_run_closure1'
Event: 12.669 Thread 0x0000019b7f021240 Unloading class 0x000000010097c000 '_BuildScript_'

Classes redefined (0 events):
No events

Internal exceptions (20 events):
Event: 13.221 Thread 0x0000019b053323a0 Exception <a 'java/lang/ClassNotFoundException'{0x0000000087efa100}: org/gradle/api/initialization/resolve/RepositoriesModeCustomizer> (0x0000000087efa100) 
thrown [s\src\hotspot\share\classfile\systemDictionary.cpp, line 312]
Event: 13.226 Thread 0x0000019b053323a0 Exception <a 'java/lang/ClassNotFoundException'{0x0000000087d6f268}: org/gradle/api/internal/provider/DefaultPropertyBeanInfo> (0x0000000087d6f268) 
thrown [s\src\hotspot\share\classfile\systemDictionary.cpp, line 312]
Event: 13.227 Thread 0x0000019b053323a0 Exception <a 'java/lang/ClassNotFoundException'{0x0000000087d82558}: org/gradle/api/internal/provider/AbstractPropertyBeanInfo> (0x0000000087d82558) 
thrown [s\src\hotspot\share\classfile\systemDictionary.cpp, line 312]
Event: 13.228 Thread 0x0000019b053323a0 Exception <a 'java/lang/ClassNotFoundException'{0x0000000087d957d8}: org/gradle/api/internal/provider/AbstractMinimalProviderBeanInfo> (0x0000000087d957d8) 
thrown [s\src\hotspot\share\classfile\systemDictionary.cpp, line 312]
Event: 13.229 Thread 0x0000019b053323a0 Exception <a 'java/lang/ClassNotFoundException'{0x0000000087da8a78}: org/gradle/api/internal/provider/AbstractMinimalProviderCustomizer> (0x0000000087da8a78) 
thrown [s\src\hotspot\share\classfile\systemDictionary.cpp, line 312]
Event: 13.232 Thread 0x0000019b053323a0 Exception <a 'java/lang/ClassNotFoundException'{0x0000000087ddd6d8}: org/gradle/api/internal/provider/AbstractPropertyCustomizer> (0x0000000087ddd6d8) 
thrown [s\src\hotspot\share\classfile\systemDictionary.cpp, line 312]
Event: 13.234 Thread 0x0000019b053323a0 Exception <a 'java/lang/ClassNotFoundException'{0x0000000087c06720}: org/gradle/api/internal/provider/DefaultPropertyCustomizer> (0x0000000087c06720) 
thrown [s\src\hotspot\share\classfile\systemDictionary.cpp, line 312]
Event: 13.248 Thread 0x0000019b053323a0 Exception <a 'java/lang/ClassNotFoundException'{0x0000000087c6c5b8}: org/gradle/initialization/DefaultProjectDescriptorBeanInfo> (0x0000000087c6c5b8) 
thrown [s\src\hotspot\share\classfile\systemDictionary.cpp, line 312]
Event: 13.249 Thread 0x0000019b053323a0 Exception <a 'java/lang/ClassNotFoundException'{0x0000000087c7ce00}: org/gradle/initialization/DefaultProjectDescriptorCustomizer> (0x0000000087c7ce00) 
thrown [s\src\hotspot\share\classfile\systemDictionary.cpp, line 312]
Event: 13.252 Thread 0x0000019b053323a0 Exception <a 'java/lang/IncompatibleClassChangeError'{0x0000000087ca1c38}: Found class java.lang.Object, but interface was expected> (0x0000000087ca1c38) 
thrown [s\src\hotspot\share\interpreter\linkResolver.cpp, line 851]
Event: 13.360 Thread 0x0000019b05331680 Exception <a 'java/lang/NoSuchMethodError'{0x00000000878955c0}: static Lorg/gradle/internal/build/event/types/DefaultOperationStartedProgressEvent;.<clinit>()V> (0x00000000878955c0) 
thrown [s\src\hotspot\share\prims\jni.cpp, line 1144]
Event: 13.360 Thread 0x0000019b05331680 Exception <a 'java/lang/NoSuchMethodError'{0x0000000087896f68}: static Lorg/gradle/internal/build/event/types/AbstractProgressEvent;.<clinit>()V> (0x0000000087896f68) 
thrown [s\src\hotspot\share\prims\jni.cpp, line 1144]
Event: 13.362 Thread 0x0000019b05331680 Exception <a 'java/lang/NoSuchMethodError'{0x00000000878ab620}: static Lorg/gradle/internal/build/event/types/DefaultBuildPhaseDescriptor;.<clinit>()V> (0x00000000878ab620) 
thrown [s\src\hotspot\share\prims\jni.cpp, line 1144]
Event: 13.362 Thread 0x0000019b05331680 Exception <a 'java/lang/NoSuchMethodError'{0x00000000878af070}: static Lorg/gradle/internal/build/event/types/DefaultOperationDescriptor;.<clinit>()V> (0x00000000878af070) 
thrown [s\src\hotspot\share\prims\jni.cpp, line 1144]
Event: 13.363 Thread 0x0000019b05331680 Exception <a 'java/lang/NoSuchMethodError'{0x00000000878c32c0}: static Lorg/gradle/internal/operations/OperationIdentifier;.<clinit>()V> (0x00000000878c32c0) 
thrown [s\src\hotspot\share\prims\jni.cpp, line 1144]
Event: 13.494 Thread 0x0000019b053323a0 Exception <a 'sun/nio/fs/WindowsException'{0x00000000873ade58}> (0x00000000873ade58) 
thrown [s\src\hotspot\share\prims\jni.cpp, line 537]
Event: 13.494 Thread 0x0000019b053323a0 Exception <a 'sun/nio/fs/WindowsException'{0x00000000873af828}> (0x00000000873af828) 
thrown [s\src\hotspot\share\prims\jni.cpp, line 537]
Event: 13.495 Thread 0x0000019b053323a0 Exception <a 'sun/nio/fs/WindowsException'{0x00000000873b8a60}> (0x00000000873b8a60) 
thrown [s\src\hotspot\share\prims\jni.cpp, line 537]
Event: 13.628 Thread 0x0000019b053323a0 Exception <a 'java/lang/NoSuchMethodError'{0x0000000086b52848}: 'void java.lang.invoke.DirectMethodHandle$Holder.invokeStatic(java.lang.Object, java.lang.Object, java.lang.Object, java.lang.Object, java.lang.Object, java.lang.Object, java.lang.Object)'> (0x0000000086b52848) 
thrown [s\src\hotspot\share\interpreter\linkResolver.cpp, line 784]
Event: 13.738 Thread 0x0000019b053323a0 Implicit null exception at 0x0000019b724529bd to 0x0000019b72452a39

ZGC Phase Switch (0 events):
No events

VM Operations (20 events):
Event: 12.016 Executing VM operation: G1CollectForAllocation (G1 Evacuation Pause) done
Event: 12.327 Executing VM operation: HandshakeAllThreads (Deoptimize)
Event: 12.327 Executing VM operation: HandshakeAllThreads (Deoptimize) done
Event: 12.356 Executing VM operation: ICBufferFull
Event: 12.356 Executing VM operation: ICBufferFull done
Event: 12.608 Executing VM operation: HandshakeAllThreads (Deoptimize)
Event: 12.608 Executing VM operation: HandshakeAllThreads (Deoptimize) done
Event: 12.625 Executing VM operation: G1CollectForAllocation (G1 Evacuation Pause)
Event: 12.628 Executing VM operation: G1CollectForAllocation (G1 Evacuation Pause) done
Event: 12.668 Executing VM operation: G1PauseRemark
Event: 12.675 Executing VM operation: G1PauseRemark done
Event: 12.698 Executing VM operation: G1PauseCleanup
Event: 12.698 Executing VM operation: G1PauseCleanup done
Event: 13.602 Executing VM operation: ICBufferFull
Event: 13.602 Executing VM operation: ICBufferFull done
Event: 13.638 Executing VM operation: HandshakeAllThreads (Deoptimize)
Event: 13.639 Executing VM operation: HandshakeAllThreads (Deoptimize) done
Event: 13.703 Executing VM operation: HandshakeAllThreads (Deoptimize)
Event: 13.704 Executing VM operation: HandshakeAllThreads (Deoptimize) done
Event: 13.809 Executing VM operation: G1CollectForAllocation (G1 Evacuation Pause)

Memory protections (0 events):
No events

Nmethod flushes (20 events):
Event: 12.674 Thread 0x0000019b7f021240 flushing  nmethod 0x0000019b6b2a0d90
Event: 12.674 Thread 0x0000019b7f021240 flushing  nmethod 0x0000019b6b2a1110
Event: 12.674 Thread 0x0000019b7f021240 flushing  nmethod 0x0000019b6b2a1a10
Event: 12.674 Thread 0x0000019b7f021240 flushing  nmethod 0x0000019b6b2a2110
Event: 12.674 Thread 0x0000019b7f021240 flushing  nmethod 0x0000019b6b2a2610
Event: 12.674 Thread 0x0000019b7f021240 flushing  nmethod 0x0000019b6b2a2d90
Event: 12.674 Thread 0x0000019b7f021240 flushing  nmethod 0x0000019b6aa84610
Event: 12.674 Thread 0x0000019b7f021240 flushing  nmethod 0x0000019b6b275790
Event: 12.674 Thread 0x0000019b7f021240 flushing  nmethod 0x0000019b6b276090
Event: 12.674 Thread 0x0000019b7f021240 flushing  nmethod 0x0000019b6b276510
Event: 12.674 Thread 0x0000019b7f021240 flushing  nmethod 0x0000019b6b279c10
Event: 12.674 Thread 0x0000019b7f021240 flushing  nmethod 0x0000019b6b27f590
Event: 12.674 Thread 0x0000019b7f021240 flushing  nmethod 0x0000019b6b2b7910
Event: 12.674 Thread 0x0000019b7f021240 flushing  nmethod 0x0000019b6b2b8010
Event: 12.674 Thread 0x0000019b7f021240 flushing  nmethod 0x0000019b6b2b8b10
Event: 12.674 Thread 0x0000019b7f021240 flushing  nmethod 0x0000019b6b2b9210
Event: 12.674 Thread 0x0000019b7f021240 flushing  nmethod 0x0000019b6b2bc390
Event: 12.674 Thread 0x0000019b7f021240 flushing  nmethod 0x0000019b6b2bca10
Event: 12.674 Thread 0x0000019b7f021240 flushing  nmethod 0x0000019b6b2c3390
Event: 12.674 Thread 0x0000019b7f021240 flushing  nmethod 0x0000019b6b2c3810

Events (20 events):
Event: 11.135 Thread 0x0000019b7f8fe840 Thread exited: 0x0000019b7f8fe840
Event: 11.770 Thread 0x0000019b7f08a430 Thread added: 0x0000019b0565a160
Event: 11.822 Thread 0x0000019b053323a0 Thread added: 0x0000019b044161d0
Event: 11.823 Thread 0x0000019b053323a0 Thread added: 0x0000019b04414790
Event: 11.823 Thread 0x0000019b053323a0 Thread added: 0x0000019b04416860
Event: 11.824 Thread 0x0000019b053323a0 Thread added: 0x0000019b044154b0
Event: 11.824 Thread 0x0000019b053323a0 Thread added: 0x0000019b04414e20
Event: 11.825 Thread 0x0000019b053323a0 Thread added: 0x0000019b06a638f0
Event: 11.825 Thread 0x0000019b053323a0 Thread added: 0x0000019b06a65330
Event: 11.834 Thread 0x0000019b053323a0 Thread added: 0x0000019b06a666e0
Event: 11.835 Thread 0x0000019b053323a0 Thread added: 0x0000019b06a659c0
Event: 11.835 Thread 0x0000019b053323a0 Thread added: 0x0000019b06a64ca0
Event: 11.836 Thread 0x0000019b053323a0 Thread added: 0x0000019b06a66050
Event: 11.836 Thread 0x0000019b053323a0 Thread added: 0x0000019b06a63f80
Event: 11.837 Thread 0x0000019b053323a0 Thread added: 0x0000019b06a63260
Event: 11.837 Thread 0x0000019b053323a0 Thread added: 0x0000019b06a66d70
Event: 11.840 Thread 0x0000019b7f08a430 Thread added: 0x0000019b080306f0
Event: 12.759 Thread 0x0000019b080306f0 Thread exited: 0x0000019b080306f0
Event: 12.835 Thread 0x0000019b0565a160 Thread exited: 0x0000019b0565a160
Event: 12.975 Thread 0x0000019b7f08a430 Thread added: 0x0000019b7f3d7de0


Dynamic libraries:
0x00007ff6cd2c0000 - 0x00007ff6cd2ca000 	C:\Program Files\Android\Android Studio\jbr\bin\java.exe
0x00007ffbfb9a0000 - 0x00007ffbfbc08000 	C:\WINDOWS\SYSTEM32\ntdll.dll
0x00007ffbfa7d0000 - 0x00007ffbfa899000 	C:\WINDOWS\System32\KERNEL32.DLL
0x00007ffbf86a0000 - 0x00007ffbf8a91000 	C:\WINDOWS\System32\KERNELBASE.dll
0x00007ffbf8280000 - 0x00007ffbf83cb000 	C:\WINDOWS\System32\ucrtbase.dll
0x00007ffbe7d90000 - 0x00007ffbe7dab000 	C:\Program Files\Android\Android Studio\jbr\bin\VCRUNTIME140.dll
0x00007ffbca3a0000 - 0x00007ffbca3b8000 	C:\Program Files\Android\Android Studio\jbr\bin\jli.dll
0x00007ffbfa8a0000 - 0x00007ffbfaa66000 	C:\WINDOWS\System32\USER32.dll
0x00007ffbf9310000 - 0x00007ffbf9337000 	C:\WINDOWS\System32\win32u.dll
0x00007ffbfa7a0000 - 0x00007ffbfa7cb000 	C:\WINDOWS\System32\GDI32.dll
0x00007ffbf9550000 - 0x00007ffbf967b000 	C:\WINDOWS\System32\gdi32full.dll
0x00007ffbdf080000 - 0x00007ffbdf313000 	C:\WINDOWS\WinSxS\amd64_microsoft.windows.common-controls_6595b64144ccf1df_6.0.26100.7824_none_3e0870b2e3345462\COMCTL32.dll
0x00007ffbf83d0000 - 0x00007ffbf8473000 	C:\WINDOWS\System32\msvcp_win.dll
0x00007ffbfa190000 - 0x00007ffbfa239000 	C:\WINDOWS\System32\msvcrt.dll
0x00007ffbfa260000 - 0x00007ffbfa291000 	C:\WINDOWS\System32\IMM32.DLL
0x00007ffbe7d70000 - 0x00007ffbe7d7c000 	C:\Program Files\Android\Android Studio\jbr\bin\vcruntime140_1.dll
0x00007ffb68750000 - 0x00007ffb687dd000 	C:\Program Files\Android\Android Studio\jbr\bin\msvcp140.dll
0x00007ffab70a0000 - 0x00007ffab7d36000 	C:\Program Files\Android\Android Studio\jbr\bin\server\jvm.dll
0x00007ffbfa0d0000 - 0x00007ffbfa184000 	C:\WINDOWS\System32\ADVAPI32.dll
0x00007ffbfb860000 - 0x00007ffbfb906000 	C:\WINDOWS\System32\sechost.dll
0x00007ffbfb740000 - 0x00007ffbfb858000 	C:\WINDOWS\System32\RPCRT4.dll
0x00007ffbfa2a0000 - 0x00007ffbfa314000 	C:\WINDOWS\System32\WS2_32.dll
0x00007ffbf80e0000 - 0x00007ffbf813e000 	C:\WINDOWS\SYSTEM32\POWRPROF.dll
0x00007ffbe2970000 - 0x00007ffbe29a5000 	C:\WINDOWS\SYSTEM32\WINMM.dll
0x00007ffbf14e0000 - 0x00007ffbf14eb000 	C:\WINDOWS\SYSTEM32\VERSION.dll
0x00007ffbf80c0000 - 0x00007ffbf80d4000 	C:\WINDOWS\SYSTEM32\UMPDC.dll
0x00007ffbf7000000 - 0x00007ffbf701b000 	C:\WINDOWS\SYSTEM32\kernel.appcore.dll
0x00007ffbe7d60000 - 0x00007ffbe7d6a000 	C:\Program Files\Android\Android Studio\jbr\bin\jimage.dll
0x00007ffbf63e0000 - 0x00007ffbf6622000 	C:\WINDOWS\SYSTEM32\DBGHELP.DLL
0x00007ffbfaf00000 - 0x00007ffbfb286000 	C:\WINDOWS\System32\combase.dll
0x00007ffbfa500000 - 0x00007ffbfa5d7000 	C:\WINDOWS\System32\OLEAUT32.dll
0x00007ffbe19b0000 - 0x00007ffbe19eb000 	C:\WINDOWS\SYSTEM32\dbgcore.DLL
0x00007ffbf85f0000 - 0x00007ffbf8695000 	C:\WINDOWS\System32\bcryptPrimitives.dll
0x00007ffbce180000 - 0x00007ffbce18e000 	C:\Program Files\Android\Android Studio\jbr\bin\instrument.dll
0x00007ffbd2fb0000 - 0x00007ffbd2fd0000 	C:\Program Files\Android\Android Studio\jbr\bin\java.dll
0x00007ffbd1f70000 - 0x00007ffbd1f88000 	C:\Program Files\Android\Android Studio\jbr\bin\zip.dll
0x00007ffbf9840000 - 0x00007ffbf9f92000 	C:\WINDOWS\System32\SHELL32.dll
0x00007ffbf8480000 - 0x00007ffbf85ea000 	C:\WINDOWS\System32\wintypes.dll
0x00007ffbf8aa0000 - 0x00007ffbf9303000 	C:\WINDOWS\System32\windows.storage.dll
0x00007ffbfa6a0000 - 0x00007ffbfa796000 	C:\WINDOWS\System32\SHCORE.dll
0x00007ffbfb690000 - 0x00007ffbfb6f7000 	C:\WINDOWS\System32\shlwapi.dll
0x00007ffbf81a0000 - 0x00007ffbf81c9000 	C:\WINDOWS\SYSTEM32\profapi.dll
0x00007ffbd6f20000 - 0x00007ffbd6f30000 	C:\Program Files\Android\Android Studio\jbr\bin\net.dll
0x00007ffbf2d80000 - 0x00007ffbf2ea7000 	C:\WINDOWS\SYSTEM32\WINHTTP.dll
0x00007ffbf7590000 - 0x00007ffbf75fb000 	C:\WINDOWS\system32\mswsock.dll
0x00007ffbce2d0000 - 0x00007ffbce2e6000 	C:\Program Files\Android\Android Studio\jbr\bin\nio.dll
0x00007ffbce200000 - 0x00007ffbce210000 	C:\Program Files\Android\Android Studio\jbr\bin\verify.dll
0x00007ffbc65d0000 - 0x00007ffbc65f7000 	E:\androidprojet\gradle\wrapper\wrapper\wrapper\native\1def1411415f61bf3af743bc5b6707747c0891f09f0c88961ee8f79bc544acac\windows-amd64\native-platform.dll
0x00007ffb6a680000 - 0x00007ffb6a6f8000 	E:\androidprojet\gradle\wrapper\wrapper\wrapper\native\0.2.7\x86_64-windows-gnu\gradle-fileevents.dll
0x00007ffbce250000 - 0x00007ffbce259000 	C:\Program Files\Android\Android Studio\jbr\bin\management.dll
0x00007ffbce240000 - 0x00007ffbce24b000 	C:\Program Files\Android\Android Studio\jbr\bin\management_ext.dll
0x00007ffbfa250000 - 0x00007ffbfa258000 	C:\WINDOWS\System32\PSAPI.DLL
0x00007ffbf6aa0000 - 0x00007ffbf6ad4000 	C:\WINDOWS\SYSTEM32\IPHLPAPI.DLL
0x00007ffbfa240000 - 0x00007ffbfa24a000 	C:\WINDOWS\System32\NSI.dll
0x00007ffbd31d0000 - 0x00007ffbd31d9000 	C:\Program Files\Android\Android Studio\jbr\bin\extnet.dll
0x00007ffbf7860000 - 0x00007ffbf787b000 	C:\WINDOWS\SYSTEM32\CRYPTSP.dll
0x00007ffbf6f60000 - 0x00007ffbf6f99000 	C:\WINDOWS\system32\rsaenh.dll
0x00007ffbf7640000 - 0x00007ffbf766b000 	C:\WINDOWS\SYSTEM32\USERENV.dll
0x00007ffbf8170000 - 0x00007ffbf819a000 	C:\WINDOWS\SYSTEM32\bcrypt.dll
0x00007ffbf7880000 - 0x00007ffbf788c000 	C:\WINDOWS\SYSTEM32\CRYPTBASE.dll
0x00007ffba2ef0000 - 0x00007ffba2ef8000 	C:\WINDOWS\system32\wshunix.dll

JVMTI agents:
E:\androidprojet\gradle\wrapper\wrapper\wrapper\wrapper\dists\gradle-8.13-bin\5xuhj0ry160q40clulazy9h7d\gradle-8.13\lib\agents\gradle-instrumentation-agent-8.13.jar path:C:\Program Files\Android\Android Studio\jbr\bin\instrument.dll, loaded, initialized, instrumentlib options:none

dbghelp: loaded successfully - version: 4.0.5 - missing functions: none
symbol engine: initialized successfully - sym options: 0x614 - pdb path: .;C:\Program Files\Android\Android Studio\jbr\bin;C:\WINDOWS\SYSTEM32;C:\WINDOWS\WinSxS\amd64_microsoft.windows.common-controls_6595b64144ccf1df_6.0.26100.7824_none_3e0870b2e3345462;C:\Program Files\Android\Android Studio\jbr\bin\server;E:\androidprojet\gradle\wrapper\wrapper\wrapper\native\1def1411415f61bf3af743bc5b6707747c0891f09f0c88961ee8f79bc544acac\windows-amd64;E:\androidprojet\gradle\wrapper\wrapper\wrapper\native\0.2.7\x86_64-windows-gnu

VM Arguments:
jvm_args: --add-opens=java.base/java.lang=ALL-UNNAMED --add-opens=java.base/java.lang.invoke=ALL-UNNAMED --add-opens=java.base/java.util=ALL-UNNAMED --add-opens=java.prefs/java.util.prefs=ALL-UNNAMED --add-exports=jdk.compiler/com.sun.tools.javac.api=ALL-UNNAMED --add-exports=jdk.compiler/com.sun.tools.javac.util=ALL-UNNAMED --add-opens=java.base/java.util=ALL-UNNAMED --add-opens=java.prefs/java.util.prefs=ALL-UNNAMED --add-opens=java.base/java.nio.charset=ALL-UNNAMED --add-opens=java.base/java.net=ALL-UNNAMED --add-opens=java.base/java.util.concurrent.atomic=ALL-UNNAMED --add-opens=java.xml/javax.xml.namespace=ALL-UNNAMED -Xmx2048m -Dfile.encoding=UTF-8 -Duser.country=FR -Duser.language=fr -Duser.variant -javaagent:E:\androidprojet\gradle\wrapper\wrapper\wrapper\wrapper\dists\gradle-8.13-bin\5xuhj0ry160q40clulazy9h7d\gradle-8.13\lib\agents\gradle-instrumentation-agent-8.13.jar 
java_command: org.gradle.launcher.daemon.bootstrap.GradleDaemon 8.13
java_class_path (initial): E:\androidprojet\gradle\wrapper\wrapper\wrapper\wrapper\dists\gradle-8.13-bin\5xuhj0ry160q40clulazy9h7d\gradle-8.13\lib\gradle-daemon-main-8.13.jar
Launcher Type: SUN_STANDARD

[Global flags]
     intx CICompilerCount                          = 4                                         {product} {ergonomic}
     uint ConcGCThreads                            = 2                                         {product} {ergonomic}
     uint G1ConcRefinementThreads                  = 8                                         {product} {ergonomic}
   size_t G1HeapRegionSize                         = 1048576                                   {product} {ergonomic}
    uintx GCDrainStackTargetSize                   = 64                                        {product} {ergonomic}
   size_t InitialHeapSize                          = 132120576                                 {product} {ergonomic}
   size_t MarkStackSize                            = 4194304                                   {product} {ergonomic}
   size_t MaxHeapSize                              = 2147483648                                {product} {command line}
   size_t MaxNewSize                               = 1287651328                                {product} {ergonomic}
   size_t MinHeapDeltaBytes                        = 1048576                                   {product} {ergonomic}
   size_t MinHeapSize                              = 8388608                                   {product} {ergonomic}
    uintx NonNMethodCodeHeapSize                   = 5839372                                {pd product} {ergonomic}
    uintx NonProfiledCodeHeapSize                  = 122909434                              {pd product} {ergonomic}
    uintx ProfiledCodeHeapSize                     = 122909434                              {pd product} {ergonomic}
    uintx ReservedCodeCacheSize                    = 251658240                              {pd product} {ergonomic}
     bool SegmentedCodeCache                       = true                                      {product} {ergonomic}
   size_t SoftMaxHeapSize                          = 2147483648                             {manageable} {ergonomic}
     bool UseCompressedOops                        = true                           {product lp64_product} {ergonomic}
     bool UseG1GC                                  = true                                      {product} {ergonomic}
     bool UseLargePagesIndividualAllocation        = false                                  {pd product} {ergonomic}

Logging:
Log output configuration:
 #0: stdout all=warning uptime,level,tags foldmultilines=false
 #1: stderr all=off uptime,level,tags foldmultilines=false

Environment Variables:
JAVA_HOME=C:\Program Files\Java\jdk-23\
PATH=C:\Program Files\Eclipse Adoptium\jdk-17.0.17.10-hotspot\bin;C:\Program Files\Microsoft MPI\Bin\;C:\apache-maven-3.9.9\bin;C:\oraclexe\app\oracle\product\11.2.0\server\bin;C:\Program Files\Common Files\Oracle\Java\javapath;C:\Program Files (x86)\Common Files\Oracle\Java\javapath;C:\Windows\System32\HWAudioDriverLibs;C:\Windows\system32;C:\Windows;C:\Windows\System32\Wbem;C:\Windows\System32\WindowsPowerShell\v1.0\;C:\Windows\System32\OpenSSH\;C:\Users\Administrator\AppData\Local\Microsoft\WindowsApps;C:\WINDOWS\system32;C:\WINDOWS;C:\WINDOWS\System32\Wbem;C:\WINDOWS\System32\WindowsPowerShell\v1.0\;C:\WINDOWS\System32\OpenSSH\;C:\Program Files\dotnet\;C:\Program Files (x86)\Microsoft SQL Server\160\Tools\Binn\;C:\Program Files\Microsoft SQL Server\160\Tools\Binn\;C:\Program Files\Microsoft SQL Server\Client SDK\ODBC\170\Tools\Binn\;C:\Program Files\Microsoft SQL Server\160\DTS\Binn\;C:\Program Files\Microsoft SQL Server\150\Tools\Binn\;C:\Program Files\Git\cmd;C:\Program Files (x86)\Microsoft SQL Server\160\DTS\Binn\;C:\Program Files (x86)\Bitvise SSH Client;C:\Program Files\nodejs\;C:\Users\manal\AppData\Local\Programs\Microsoft VS Code\bin;C:\Program Files\Docker\Docker\resources\bin;C:\wamp64\bin\php\php8.2.26\;C:\Users\manal\scoop\shims;C:\Users\manal\AppData\Local\Programs\Python\Python313\Scripts\;C:\Users\manal\AppData\Local\Programs\Python\Python313\;C:\Users\manal\AppData\Local\Programs\Python\Launcher\;C:\Users\manal\AppData\Local\Microsoft\WindowsApps;C:\msys64\ucrt64\bin;C:\Users\manal\AppData\Local\Programs\Microsoft VS Code\bin;C:\Program Files (x86)\GnuWin32\bin;C:\Program Files\Java\jdk-23\\bin;C:\Program Files\JetBrains\IntelliJ IDEA 2024.3.4.1\bin;C:\apache-maven-3.9.9;;C:\Users\manal\.dotnet\tools;C:\Users\manal\AppData\Roaming\npm;C:\Users\manal\AppData\Local\ComposerSetup\bin;C:\Users\manal\AppData\Roaming\Composer\vendor\bin;C:\Users\manal\scoop\apps\symfony-cli\current\bin;
USERNAME=manal
OS=Windows_NT
PROCESSOR_IDENTIFIER=Intel64 Family 6 Model 140 Stepping 2, GenuineIntel
TMP=C:\Users\manal\AppData\Local\Temp
TEMP=C:\Users\manal\AppData\Local\Temp




Periodic native trim disabled

JNI global refs:
JNI global refs: 27, weak refs: 0

JNI global refs memory usage: 835, weak refs: 833

Process memory usage:
Resident Set Size: 359188K (4% of 8166712K total physical memory with 516548K free physical memory)

OOME stack traces (most recent first):
Classloader memory used:
Loader org.gradle.internal.classloader.VisitableURLClassLoader                         : 37364K
Loader bootstrap                                                                       : 23311K
Loader org.gradle.initialization.MixInLegacyTypesClassLoader                           : 7811K
Loader org.gradle.internal.classloader.VisitableURLClassLoader                         : 835K
Loader org.gradle.internal.classloader.VisitableURLClassLoader$InstrumentingVisitableURLClassLoader: 640K
Loader jdk.internal.loader.ClassLoaders$PlatformClassLoader                            : 547K
Loader jdk.internal.loader.ClassLoaders$AppClassLoader                                 : 235K
Loader jdk.internal.reflect.DelegatingClassLoader                                      : 185K
Loader org.gradle.groovy.scripts.internal.DefaultScriptCompilationHandler$ScriptClassLoader: 149K
Loader org.codehaus.groovy.runtime.callsite.CallSiteClassLoader                        : 52816B
Loader groovy.lang.GroovyClassLoader$InnerLoader                                       : 48120B

Classes loaded by more than one classloader:
Class org.gradle.api.GradleException                                                  : loaded 3 times (x 82B)
Class org.gradle.internal.classloader.FilteringClassLoader                            : loaded 2 times (x 105B)
Class org.gradle.internal.classloader.ClassLoaderHierarchy                            : loaded 2 times (x 70B)
Class org.gradle.api.internal.classpath.ManifestUtil                                  : loaded 2 times (x 71B)
Class org.jetbrains.plugins.gradle.model.GradleExtensions                             : loaded 2 times (x 70B)
Class org.jetbrains.plugins.gradle.model.AnnotationProcessingModel                    : loaded 2 times (x 70B)
Class org.gradle.internal.operations.MultipleBuildOperationFailures                   : loaded 2 times (x 95B)
Class org.gradle.internal.classloader.DefaultClassLoaderFactory                       : loaded 2 times (x 82B)
Class settings_c1r10t5wnb36il1u9716uq8t3$_run_closure1$_closure2                      : loaded 2 times (x 139B)
Class kotlin.collections.AbstractList$Companion                                       : loaded 2 times (x 71B)
Class org.gradle.internal.classloader.ClassLoaderVisitor                              : loaded 2 times (x 76B)
Class org.gradle.api.internal.classpath.EffectiveClassPath                            : loaded 2 times (x 90B)
Class org.gradle.tooling.internal.gradle.DefaultProjectIdentifier                     : loaded 2 times (x 86B)
Class org.gradle.api.internal.DefaultClassPathProvider                                : loaded 2 times (x 76B)
Class [Lorg.gradle.api.internal.ClassPathProvider;                                    : loaded 2 times (x 69B)
Class org.gradle.api.internal.ClassPathProvider                                       : loaded 2 times (x 70B)
Class org.gradle.internal.service.UnknownServiceException                             : loaded 2 times (x 83B)
Class org.jetbrains.kotlin.idea.gradleTooling.KotlinDslScriptAdditionalTask           : loaded 2 times (x 70B)
Class org.gradle.internal.classpath.TransformedClassPath                              : loaded 2 times (x 96B)
Class org.gradle.internal.classloader.InstrumentingClassLoader                        : loaded 2 times (x 70B)
Class kotlin.enums.EnumEntriesList                                                    : loaded 2 times (x 223B)
Class org.jetbrains.kotlin.idea.gradleTooling.KotlinSourceSetContainer                : loaded 2 times (x 70B)
Class org.jetbrains.plugins.gradle.model.IntelliJSettings                             : loaded 2 times (x 70B)
Class org.gradle.internal.service.ServiceLocator                                      : loaded 2 times (x 70B)
Class org.gradle.tooling.model.UnsupportedMethodException                             : loaded 2 times (x 82B)
Class com.intellij.compose.ide.plugin.gradleTooling.rt.ComposeResourcesModel          : loaded 2 times (x 70B)
Class org.gradle.internal.InternalTransformer                                         : loaded 2 times (x 70B)
Class org.gradle.internal.time.DefaultTimer                                           : loaded 2 times (x 80B)
Class org.gradle.internal.classloader.ClasspathUtil$1                                 : loaded 2 times (x 76B)
Class org.gradle.api.internal.classpath.DefaultModuleRegistry$DefaultModule           : loaded 2 times (x 86B)
Class sync_studio_tooling20381_cz87pg575h95d4yl0hawo1ey                               : loaded 2 times (x 179B)
Class org.gradle.internal.time.DefaultCountdownTimer                                  : loaded 2 times (x 88B)
Class org.gradle.tooling.internal.gradle.DefaultBuildIdentifier                       : loaded 2 times (x 79B)
Class kotlin.Function                                                                 : loaded 2 times (x 70B)
Class org.gradle.api.internal.classpath.Module                                        : loaded 2 times (x 70B)
Class org.gradle.api.internal.classpath.UnknownModuleException                        : loaded 2 times (x 82B)
Class com.intellij.openapi.externalSystem.model.project.dependencies.ProjectDependencies: loaded 2 times (x 70B)
Class org.gradle.tooling.internal.gradle.GradleProjectIdentity                        : loaded 2 times (x 70B)
Class org.gradle.api.internal.DefaultClassPathRegistry                                : loaded 2 times (x 76B)
Class org.gradle.api.internal.ClassPathRegistry                                       : loaded 2 times (x 70B)
Class org.gradle.internal.classpath.DefaultClassPath$ImmutableUniqueList              : loaded 2 times (x 199B)
Class org.gradle.internal.classpath.ClassPath                                         : loaded 2 times (x 70B)
Class org.gradle.api.UncheckedIOException                                             : loaded 2 times (x 82B)
Class org.jetbrains.kotlin.idea.gradleTooling.KotlinGradleModel                       : loaded 2 times (x 70B)
Class org.gradle.tooling.model.Model                                                  : loaded 2 times (x 70B)
Class kotlin.UninitializedPropertyAccessException                                     : loaded 2 times (x 82B)
Class org.jetbrains.plugins.gradle.model.IntelliJProjectSettings                      : loaded 2 times (x 70B)
Class org.gradle.internal.installation.GradleInstallation$1                           : loaded 2 times (x 75B)
Class org.gradle.api.internal.classpath.ModuleRegistry                                : loaded 2 times (x 70B)
Class org.jetbrains.plugins.gradle.model.VersionCatalogsModel                         : loaded 2 times (x 70B)
Class org.gradle.api.internal.classpath.DefaultModuleRegistry                         : loaded 2 times (x 86B)
Class org.gradle.internal.time.MonotonicClock                                         : loaded 2 times (x 77B)
Class org.gradle.internal.service.ServiceLookupException                              : loaded 2 times (x 82B)
Class org.gradle.internal.classloader.ClassLoaderFactory                              : loaded 2 times (x 70B)
Class org.gradle.internal.service.CachingServiceLocator                               : loaded 2 times (x 82B)
Class org.jetbrains.plugins.gradle.model.RepositoryModels                             : loaded 2 times (x 70B)
Class org.gradle.internal.time.TimeSource                                             : loaded 2 times (x 70B)
Class org.gradle.tooling.internal.gradle.GradleBuildIdentity                          : loaded 2 times (x 70B)
Class kotlin.enums.EnumEntries                                                        : loaded 2 times (x 70B)
Class org.gradle.internal.exceptions.ResolutionProvider                               : loaded 2 times (x 70B)
Class org.gradle.tooling.model.ProjectIdentifier                                      : loaded 2 times (x 70B)
Class org.gradle.internal.classloader.ClasspathUtil                                   : loaded 2 times (x 71B)
Class org.gradle.internal.time.TimeSource$1                                           : loaded 2 times (x 77B)
Class org.gradle.api.specs.Spec                                                       : loaded 2 times (x 70B)
Class org.gradle.internal.time.Clock                                                  : loaded 2 times (x 70B)
Class kotlin.collections.AbstractList                                                 : loaded 2 times (x 197B)
Class kotlin.collections.AbstractCollection                                           : loaded 2 times (x 117B)
Class org.gradle.internal.classloader.VisitableURLClassLoader$InstrumentingVisitableURLClassLoader: loaded 2 times (x 123B)
Class org.gradle.internal.classloader.VisitableURLClassLoader$Spec                    : loaded 2 times (x 74B)
Class org.gradle.internal.classpath.DefaultClassPath                                  : loaded 2 times (x 90B)
Class org.gradle.internal.classloader.ClassLoaderSpec                                 : loaded 2 times (x 71B)
Class org.gradle.internal.classloader.VisitableURLClassLoader                         : loaded 2 times (x 117B)
Class org.gradle.internal.Cast                                                        : loaded 2 times (x 71B)
Class org.gradle.api.Action                                                           : loaded 2 times (x 70B)
Class kotlin.jvm.functions.Function1                                                  : loaded 2 times (x 70B)
Class org.gradle.internal.classpath.DefaultClassPath$ImmutableUniqueList$Builder      : loaded 2 times (x 75B)
Class kotlin.NotImplementedError                                                      : loaded 2 times (x 82B)
Class org.gradle.internal.exceptions.NonGradleCauseExceptionsHolder                   : loaded 2 times (x 70B)
Class org.jetbrains.plugins.gradle.tooling.ModelBuilderService$Parameter              : loaded 2 times (x 70B)
Class settings_c1r10t5wnb36il1u9716uq8t3                                              : loaded 2 times (x 179B)
Class kotlin.enums.EnumEntriesKt                                                      : loaded 2 times (x 71B)
Class org.gradle.internal.IoActions                                                   : loaded 2 times (x 71B)
Class org.gradle.internal.classloader.SystemClassLoaderSpec                           : loaded 2 times (x 71B)
Class org.gradle.internal.exceptions.MultiCauseException                              : loaded 2 times (x 70B)
Class org.gradle.internal.time.CountdownTimer                                         : loaded 2 times (x 70B)
Class kotlin.jvm.internal.Intrinsics                                                  : loaded 2 times (x 71B)
Class org.gradle.tooling.model.ProjectModel                                           : loaded 2 times (x 70B)
Class kotlin.KotlinNullPointerException                                               : loaded 2 times (x 83B)
Class org.jetbrains.plugins.gradle.model.tests.ExternalTestsModel                     : loaded 2 times (x 70B)
Class org.gradle.internal.exceptions.DefaultMultiCauseException                       : loaded 2 times (x 95B)
Class org.gradle.internal.time.Time                                                   : loaded 2 times (x 71B)
Class JetGradlePlugin                                                                 : loaded 2 times (x 96B)
Class org.jetbrains.plugins.gradle.model.DependencyAccessorsModel                     : loaded 2 times (x 70B)
Class org.gradle.api.internal.classpath.GlobalCacheRootsProvider                      : loaded 2 times (x 70B)
Class org.jetbrains.kotlin.idea.gradleTooling.KotlinMPPGradleModel                    : loaded 2 times (x 70B)
Class ijInit7_9c5e0zzgwnmiqoqydp40mw413                                               : loaded 2 times (x 179B)
Class org.gradle.tooling.model.BuildIdentifier                                        : loaded 2 times (x 70B)
Class org.jetbrains.kotlin.idea.gradleTooling.PrepareKotlinIdeImportTaskModel         : loaded 2 times (x 70B)
Class settings_c1r10t5wnb36il1u9716uq8t3$_run_closure1                                : loaded 2 times (x 139B)
Class org.gradle.internal.time.Timer                                                  : loaded 2 times (x 70B)
Class kotlin.jvm.internal.markers.KMappedMarker                                       : loaded 2 times (x 70B)
Class org.gradle.internal.installation.CurrentGradleInstallationLocator               : loaded 2 times (x 71B)
Class org.gradle.internal.service.DefaultServiceLocator                               : loaded 2 times (x 83B)
Class org.gradle.util.GradleVersion                                                   : loaded 2 times (x 79B)
Class org.gradle.internal.installation.CurrentGradleInstallation                      : loaded 2 times (x 73B)
Class org.jetbrains.plugins.gradle.javaModel.JavaGradleManifestModel                  : loaded 2 times (x 70B)
Class org.gradle.util.internal.GUtil                                                  : loaded 2 times (x 71B)
Class org.gradle.internal.installation.GradleInstallation                             : loaded 2 times (x 75B)

---------------  S Y S T E M  ---------------

OS:
 Windows 11 , 64 bit Build 26100 (10.0.26100.7705)
OS uptime: 9 days 10:46 hours
Hyper-V role detected

CPU: total 8 (initial active 8) (4 cores per cpu, 2 threads per core) family 6 model 140 stepping 2 microcode 0x16, cx8, cmov, fxsr, ht, mmx, 3dnowpref, sse, sse2, sse3, ssse3, sse4.1, sse4.2, popcnt, lzcnt, tsc, tscinvbit, avx, avx2, aes, erms, clmul, bmi1, bmi2, adx, avx512f, avx512dq, avx512cd, avx512bw, avx512vl, sha, fma, vzeroupper, avx512_vpopcntdq, avx512_vpclmulqdq, avx512_vaes, avx512_vnni, clflush, clflushopt, clwb, avx512_vbmi2, avx512_vbmi, hv, rdtscp, rdpid, fsrm, gfni, avx512_bitalg, f16c, cet_ibt, cet_ss, avx512_ifma
Processor Information for the first 8 processors :
  Max Mhz: 2496, Current Mhz: 2496, Mhz Limit: 2496

Memory: 4k page, system-wide physical 7975M (502M free)
TotalPageFile size 32551M (AvailPageFile size 0M)
current process WorkingSet (physical memory assigned to process): 351M, peak: 365M
current process commit charge ("private bytes"): 406M, peak: 409M

vm_info: OpenJDK 64-Bit Server VM (21.0.8+-14018985-b1038.68) for windows-amd64 JRE (21.0.8+-14018985-b1038.68), built on 2025-08-29T19:56:34Z by "builder" with MS VC++ 16.10 / 16.11 (VS2019)

END.
