#
# There is insufficient memory for the Java Runtime Environment to continue.
# Native memory allocation (malloc) failed to allocate 1568656 bytes. Error detail: Chunk::new
# Possible reasons:
#   The system is out of physical RAM or swap space
#   This process is running with CompressedOops enabled, and the Java Heap may be blocking the growth of the native heap
# Possible solutions:
#   Reduce memory load on the system
#   Increase physical memory or swap space
#   Check if swap backing store is full
#   Decrease Java heap size (-Xmx/-Xms)
#   Decrease number of Java threads
#   Decrease Java thread stack sizes (-Xss)
#   Set larger code cache with -XX:ReservedCodeCacheSize=
#   JVM is running with Unscaled Compressed Oops mode in which the Java heap is
#     placed in the first 4GB address space. The Java Heap base address is the
#     maximum limit for the native heap growth. Please use -XX:HeapBaseMinAddress
#     to set the Java Heap base and to place the Java Heap above 4GB virtual address.
# This output file may be truncated or incomplete.
#
#  Out of Memory Error (arena.cpp:168), pid=15876, tid=42660
#
# JRE version: OpenJDK Runtime Environment (21.0.8) (build 21.0.8+-14018985-b1038.68)
# Java VM: OpenJDK 64-Bit Server VM (21.0.8+-14018985-b1038.68, mixed mode, tiered, compressed oops, compressed class ptrs, g1 gc, windows-amd64)
# No core dump will be written. Minidumps are not enabled by default on client versions of Windows
#

---------------  S U M M A R Y ------------

Command Line: --add-opens=java.base/java.lang=ALL-UNNAMED --add-opens=java.base/java.lang.invoke=ALL-UNNAMED --add-opens=java.base/java.util=ALL-UNNAMED --add-opens=java.prefs/java.util.prefs=ALL-UNNAMED --add-exports=jdk.compiler/com.sun.tools.javac.api=ALL-UNNAMED --add-exports=jdk.compiler/com.sun.tools.javac.util=ALL-UNNAMED --add-opens=java.base/java.util=ALL-UNNAMED --add-opens=java.prefs/java.util.prefs=ALL-UNNAMED --add-opens=java.base/java.nio.charset=ALL-UNNAMED --add-opens=java.base/java.net=ALL-UNNAMED --add-opens=java.base/java.util.concurrent.atomic=ALL-UNNAMED --add-opens=java.xml/javax.xml.namespace=ALL-UNNAMED -Xmx2048m -Dfile.encoding=UTF-8 -Duser.country=FR -Duser.language=fr -Duser.variant -javaagent:E:\androidprojet\gradle\wrapper\wrapper\wrapper\wrapper\wrapper\dists\gradle-8.13-bin\5xuhj0ry160q40clulazy9h7d\gradle-8.13\lib\agents\gradle-instrumentation-agent-8.13.jar org.gradle.launcher.daemon.bootstrap.GradleDaemon 8.13

Host: 11th Gen Intel(R) Core(TM) i5-1155G7 @ 2.50GHz, 8 cores, 7G,  Windows 11 , 64 bit Build 26100 (10.0.26100.7705)
Time: Sat Feb 28 20:30:12 2026 Maroc elapsed time: 31.929717 seconds (0d 0h 0m 31s)

---------------  T H R E A D  ---------------

Current thread (0x000001b1b5990860):  JavaThread "C2 CompilerThread0" daemon [_thread_in_native, id=42660, stack(0x0000006e63800000,0x0000006e63900000) (1024K)]


Current CompileTask:
C2:31930 3009   !   4       java.lang.ClassLoader::loadClass (121 bytes)

Stack: [0x0000006e63800000,0x0000006e63900000]
Native frames: (J=compiled Java code, j=interpreted, Vv=VM code, C=native code)
V  [jvm.dll+0x6d68d9]
V  [jvm.dll+0x866693]
V  [jvm.dll+0x868c4e]
V  [jvm.dll+0x869333]
V  [jvm.dll+0x280566]
V  [jvm.dll+0xc07cd]
V  [jvm.dll+0xc0d03]
V  [jvm.dll+0x3b95e1]
V  [jvm.dll+0x385507]
V  [jvm.dll+0x38497a]
V  [jvm.dll+0x249252]
V  [jvm.dll+0x248821]
V  [jvm.dll+0x1c73a4]
V  [jvm.dll+0x257f9e]
V  [jvm.dll+0x2564e6]
V  [jvm.dll+0x3f4696]
V  [jvm.dll+0x80eac8]
V  [jvm.dll+0x6d512d]
C  [ucrtbase.dll+0x37b0]
C  [KERNEL32.DLL+0x2e8d7]
C  [ntdll.dll+0x8c40c]


---------------  P R O C E S S  ---------------

Threads class SMR info:
_java_thread_list=0x000001b1bb9e1730, length=24, elements={
0x000001b19bfcfcc0, 0x000001b1b5950500, 0x000001b1b59600a0, 0x000001b1b5953710,
0x000001b1b5974f10, 0x000001b1b5975580, 0x000001b1b597f060, 0x000001b1b597fac0,
0x000001b1b5990860, 0x000001b1b5997180, 0x000001b1b5c6e6c0, 0x000001b1bb95b560,
0x000001b1baced820, 0x000001b1bb8733a0, 0x000001b1babab830, 0x000001b1ba30e970,
0x000001b1bae84730, 0x000001b1ba169500, 0x000001b1ba013210, 0x000001b1ba0138a0,
0x000001b1ba0124f0, 0x000001b1ba012b80, 0x000001b1bafff430, 0x000001b1bb001500
}

Java Threads: ( => current thread )
  0x000001b19bfcfcc0 JavaThread "main"                              [_thread_blocked, id=38164, stack(0x0000006e62900000,0x0000006e62a00000) (1024K)]
  0x000001b1b5950500 JavaThread "Common-Cleaner"             daemon [_thread_blocked, id=25660, stack(0x0000006e63100000,0x0000006e63200000) (1024K)]
  0x000001b1b59600a0 JavaThread "Reference Handler"          daemon [_thread_blocked, id=42288, stack(0x0000006e63200000,0x0000006e63300000) (1024K)]
  0x000001b1b5953710 JavaThread "Finalizer"                  daemon [_thread_blocked, id=38504, stack(0x0000006e63300000,0x0000006e63400000) (1024K)]
  0x000001b1b5974f10 JavaThread "Signal Dispatcher"          daemon [_thread_blocked, id=34556, stack(0x0000006e63400000,0x0000006e63500000) (1024K)]
  0x000001b1b5975580 JavaThread "Attach Listener"            daemon [_thread_blocked, id=27376, stack(0x0000006e63500000,0x0000006e63600000) (1024K)]
  0x000001b1b597f060 JavaThread "Service Thread"             daemon [_thread_blocked, id=24368, stack(0x0000006e63600000,0x0000006e63700000) (1024K)]
  0x000001b1b597fac0 JavaThread "Monitor Deflation Thread"   daemon [_thread_blocked, id=9800, stack(0x0000006e63700000,0x0000006e63800000) (1024K)]
=>0x000001b1b5990860 JavaThread "C2 CompilerThread0"         daemon [_thread_in_native, id=42660, stack(0x0000006e63800000,0x0000006e63900000) (1024K)]
  0x000001b1b5997180 JavaThread "C1 CompilerThread0"         daemon [_thread_blocked, id=6952, stack(0x0000006e63900000,0x0000006e63a00000) (1024K)]
  0x000001b1b5c6e6c0 JavaThread "Notification Thread"        daemon [_thread_blocked, id=43172, stack(0x0000006e63a00000,0x0000006e63b00000) (1024K)]
  0x000001b1bb95b560 JavaThread "Daemon health stats"               [_thread_blocked, id=32300, stack(0x0000006e63f00000,0x0000006e64000000) (1024K)]
  0x000001b1baced820 JavaThread "Incoming local TCP Connector on port 44558"        [_thread_in_native, id=44016, stack(0x0000006e64000000,0x0000006e64100000) (1024K)]
  0x000001b1bb8733a0 JavaThread "Daemon periodic checks"            [_thread_blocked, id=34976, stack(0x0000006e64100000,0x0000006e64200000) (1024K)]
  0x000001b1babab830 JavaThread "Daemon"                            [_thread_blocked, id=30080, stack(0x0000006e64500000,0x0000006e64600000) (1024K)]
  0x000001b1ba30e970 JavaThread "Handler for socket connection from /127.0.0.1:44558 to /127.0.0.1:44559"        [_thread_in_native, id=42960, stack(0x0000006e64600000,0x0000006e64700000) (1024K)]
  0x000001b1bae84730 JavaThread "Cancel handler"                    [_thread_blocked, id=11712, stack(0x0000006e64700000,0x0000006e64800000) (1024K)]
  0x000001b1ba169500 JavaThread "Daemon worker"                     [_thread_in_native, id=12460, stack(0x0000006e64900000,0x0000006e64a00000) (1024K)]
  0x000001b1ba013210 JavaThread "Asynchronous log dispatcher for DefaultDaemonConnection: socket connection from /127.0.0.1:44558 to /127.0.0.1:44559"        [_thread_blocked, id=37816, stack(0x0000006e64a00000,0x0000006e64b00000) (1024K)]
  0x000001b1ba0138a0 JavaThread "Stdin handler"                     [_thread_blocked, id=26024, stack(0x0000006e64b00000,0x0000006e64c00000) (1024K)]
  0x000001b1ba0124f0 JavaThread "Daemon client event forwarder"        [_thread_blocked, id=3748, stack(0x0000006e64c00000,0x0000006e64d00000) (1024K)]
  0x000001b1ba012b80 JavaThread "Cache worker for journal cache (E:\androidprojet\gradle\wrapper\wrapper\wrapper\wrapper\caches\journal-1)"        [_thread_blocked, id=18304, stack(0x0000006e64d00000,0x0000006e64e00000) (1024K)]
  0x000001b1bafff430 JavaThread "File lock request listener"        [_thread_in_native, id=31720, stack(0x0000006e64e00000,0x0000006e64f00000) (1024K)]
  0x000001b1bb001500 JavaThread "Cache worker for file hash cache (E:\androidprojet\gradle\wrapper\wrapper\wrapper\wrapper\caches\8.13\fileHashes)"        [_thread_blocked, id=19732, stack(0x0000006e64f00000,0x0000006e65000000) (1024K)]
Total: 24

Other Threads:
  0x000001b1b57ae1b0 VMThread "VM Thread"                           [id=36268, stack(0x0000006e63000000,0x0000006e63100000) (1024K)]
  0x000001b1b574a6b0 WatcherThread "VM Periodic Task Thread"        [id=3304, stack(0x0000006e62f00000,0x0000006e63000000) (1024K)]
  0x000001b19c027b10 WorkerThread "GC Thread#0"                     [id=37308, stack(0x0000006e62a00000,0x0000006e62b00000) (1024K)]
  0x000001b1ba08a290 WorkerThread "GC Thread#1"                     [id=42520, stack(0x0000006e63b00000,0x0000006e63c00000) (1024K)]
  0x000001b1ba16ea70 WorkerThread "GC Thread#2"                     [id=27856, stack(0x0000006e63c00000,0x0000006e63d00000) (1024K)]
  0x000001b1bac69880 WorkerThread "GC Thread#3"                     [id=21164, stack(0x0000006e63d00000,0x0000006e63e00000) (1024K)]
  0x000001b1baca5520 WorkerThread "GC Thread#4"                     [id=34448, stack(0x0000006e63e00000,0x0000006e63f00000) (1024K)]
  0x000001b1bae9c680 WorkerThread "GC Thread#5"                     [id=41580, stack(0x0000006e64200000,0x0000006e64300000) (1024K)]
  0x000001b1bad3cf90 WorkerThread "GC Thread#6"                     [id=30336, stack(0x0000006e64300000,0x0000006e64400000) (1024K)]
  0x000001b1bb895560 WorkerThread "GC Thread#7"                     [id=39272, stack(0x0000006e64400000,0x0000006e64500000) (1024K)]
  0x000001b19c038cd0 ConcurrentGCThread "G1 Main Marker"            [id=39232, stack(0x0000006e62b00000,0x0000006e62c00000) (1024K)]
  0x000001b19c03b100 WorkerThread "G1 Conc#0"                       [id=39516, stack(0x0000006e62c00000,0x0000006e62d00000) (1024K)]
  0x000001b1bb895900 WorkerThread "G1 Conc#1"                       [id=26192, stack(0x0000006e64800000,0x0000006e64900000) (1024K)]
  0x000001b1b56212f0 ConcurrentGCThread "G1 Refine#0"               [id=2788, stack(0x0000006e62d00000,0x0000006e62e00000) (1024K)]
  0x000001b1b5623b20 ConcurrentGCThread "G1 Service"                [id=31596, stack(0x0000006e62e00000,0x0000006e62f00000) (1024K)]
Total: 15

Threads with active compile tasks:
C2 CompilerThread0  31998 3009   !   4       java.lang.ClassLoader::loadClass (121 bytes)
Total: 1

VM state: not at safepoint (normal execution)

VM Mutex/Monitor currently owned by a thread: None

Heap address: 0x0000000080000000, size: 2048 MB, Compressed Oops mode: 32-bit

CDS archive(s) not mapped
Compressed class space mapped at: 0x0000000100000000-0x0000000140000000, reserved size: 1073741824
Narrow klass base: 0x0000000000000000, Narrow klass shift: 3, Narrow klass range: 0x140000000

GC Precious Log:
 CardTable entry size: 512
 Card Set container configuration: InlinePtr #cards 5 size 8 Array Of Cards #cards 12 size 40 Howl #buckets 4 coarsen threshold 1843 Howl Bitmap #cards 512 size 80 coarsen threshold 460 Card regions per heap region 1 cards per card region 2048
 CPUs: 8 total, 8 available
 Memory: 7975M
 Large Page Support: Disabled
 NUMA Support: Disabled
 Compressed Oops: Enabled (32-bit)
 Heap Region Size: 1M
 Heap Min Capacity: 8M
 Heap Initial Capacity: 126M
 Heap Max Capacity: 2G
 Pre-touch: Disabled
 Parallel Workers: 8
 Concurrent Workers: 2
 Concurrent Refinement Workers: 8
 Periodic GC: Disabled

Heap:
 garbage-first heap   total 68608K, used 24991K [0x0000000080000000, 0x0000000100000000)
  region size 1024K, 7 young (7168K), 3 survivors (3072K)
 Metaspace       used 28604K, committed 29120K, reserved 1114112K
  class space    used 3688K, committed 3904K, reserved 1048576K

Heap Regions: E=young(eden), S=young(survivor), O=old, HS=humongous(starts), HC=humongous(continues), CS=collection set, F=free, TAMS=top-at-mark-start, PB=parsable bottom
|   0|0x0000000080000000, 0x0000000080100000, 0x0000000080100000|100%|HS|  |TAMS 0x0000000080000000| PB 0x0000000080000000| Complete 
|   1|0x0000000080100000, 0x0000000080200000, 0x0000000080200000|100%|HC|  |TAMS 0x0000000080100000| PB 0x0000000080100000| Complete 
|   2|0x0000000080200000, 0x0000000080300000, 0x0000000080300000|100%|HC|  |TAMS 0x0000000080200000| PB 0x0000000080200000| Complete 
|   3|0x0000000080300000, 0x0000000080400000, 0x0000000080400000|100%| O|  |TAMS 0x0000000080300000| PB 0x0000000080300000| Untracked 
|   4|0x0000000080400000, 0x0000000080500000, 0x0000000080500000|100%| O|  |TAMS 0x0000000080400000| PB 0x0000000080400000| Untracked 
|   5|0x0000000080500000, 0x0000000080600000, 0x0000000080600000|100%| O|  |TAMS 0x0000000080500000| PB 0x0000000080500000| Untracked 
|   6|0x0000000080600000, 0x0000000080700000, 0x0000000080700000|100%|HS|  |TAMS 0x0000000080600000| PB 0x0000000080600000| Complete 
|   7|0x0000000080700000, 0x0000000080800000, 0x0000000080800000|100%| O|  |TAMS 0x0000000080700000| PB 0x0000000080700000| Untracked 
|   8|0x0000000080800000, 0x0000000080900000, 0x0000000080900000|100%| O|  |TAMS 0x0000000080800000| PB 0x0000000080800000| Untracked 
|   9|0x0000000080900000, 0x0000000080a00000, 0x0000000080a00000|100%| O|  |TAMS 0x0000000080900000| PB 0x0000000080900000| Untracked 
|  10|0x0000000080a00000, 0x0000000080b00000, 0x0000000080b00000|100%| O|  |TAMS 0x0000000080a00000| PB 0x0000000080a00000| Untracked 
|  11|0x0000000080b00000, 0x0000000080c00000, 0x0000000080c00000|100%| O|  |TAMS 0x0000000080b00000| PB 0x0000000080b00000| Untracked 
|  12|0x0000000080c00000, 0x0000000080d00000, 0x0000000080d00000|100%| O|  |TAMS 0x0000000080c00000| PB 0x0000000080c00000| Untracked 
|  13|0x0000000080d00000, 0x0000000080e00000, 0x0000000080e00000|100%| O|  |TAMS 0x0000000080d00000| PB 0x0000000080d00000| Untracked 
|  14|0x0000000080e00000, 0x0000000080f00000, 0x0000000080f00000|100%| O|  |TAMS 0x0000000080e00000| PB 0x0000000080e00000| Untracked 
|  15|0x0000000080f00000, 0x0000000081000000, 0x0000000081000000|100%| O|  |TAMS 0x0000000080f00000| PB 0x0000000080f00000| Untracked 
|  16|0x0000000081000000, 0x0000000081100000, 0x0000000081100000|100%| O|  |TAMS 0x0000000081000000| PB 0x0000000081000000| Untracked 
|  17|0x0000000081100000, 0x0000000081200000, 0x0000000081200000|100%| O|  |TAMS 0x0000000081100000| PB 0x0000000081100000| Untracked 
|  18|0x0000000081200000, 0x00000000812edc60, 0x0000000081300000| 92%| O|  |TAMS 0x0000000081200000| PB 0x0000000081200000| Untracked 
|  19|0x0000000081300000, 0x0000000081300000, 0x0000000081400000|  0%| F|  |TAMS 0x0000000081300000| PB 0x0000000081300000| Untracked 
|  20|0x0000000081400000, 0x0000000081400000, 0x0000000081500000|  0%| F|  |TAMS 0x0000000081400000| PB 0x0000000081400000| Untracked 
|  21|0x0000000081500000, 0x0000000081500000, 0x0000000081600000|  0%| F|  |TAMS 0x0000000081500000| PB 0x0000000081500000| Untracked 
|  22|0x0000000081600000, 0x0000000081600000, 0x0000000081700000|  0%| F|  |TAMS 0x0000000081600000| PB 0x0000000081600000| Untracked 
|  23|0x0000000081700000, 0x0000000081700000, 0x0000000081800000|  0%| F|  |TAMS 0x0000000081700000| PB 0x0000000081700000| Untracked 
|  24|0x0000000081800000, 0x000000008187a008, 0x0000000081900000| 47%| S|CS|TAMS 0x0000000081800000| PB 0x0000000081800000| Complete 
|  25|0x0000000081900000, 0x0000000081a00000, 0x0000000081a00000|100%| S|CS|TAMS 0x0000000081900000| PB 0x0000000081900000| Complete 
|  26|0x0000000081a00000, 0x0000000081b00000, 0x0000000081b00000|100%| S|CS|TAMS 0x0000000081a00000| PB 0x0000000081a00000| Complete 
|  27|0x0000000081b00000, 0x0000000081b00000, 0x0000000081c00000|  0%| F|  |TAMS 0x0000000081b00000| PB 0x0000000081b00000| Untracked 
|  28|0x0000000081c00000, 0x0000000081c00000, 0x0000000081d00000|  0%| F|  |TAMS 0x0000000081c00000| PB 0x0000000081c00000| Untracked 
|  29|0x0000000081d00000, 0x0000000081d00000, 0x0000000081e00000|  0%| F|  |TAMS 0x0000000081d00000| PB 0x0000000081d00000| Untracked 
|  30|0x0000000081e00000, 0x0000000081e00000, 0x0000000081f00000|  0%| F|  |TAMS 0x0000000081e00000| PB 0x0000000081e00000| Untracked 
|  31|0x0000000081f00000, 0x0000000081f00000, 0x0000000082000000|  0%| F|  |TAMS 0x0000000081f00000| PB 0x0000000081f00000| Untracked 
|  32|0x0000000082000000, 0x0000000082000000, 0x0000000082100000|  0%| F|  |TAMS 0x0000000082000000| PB 0x0000000082000000| Untracked 
|  33|0x0000000082100000, 0x0000000082100000, 0x0000000082200000|  0%| F|  |TAMS 0x0000000082100000| PB 0x0000000082100000| Untracked 
|  34|0x0000000082200000, 0x0000000082200000, 0x0000000082300000|  0%| F|  |TAMS 0x0000000082200000| PB 0x0000000082200000| Untracked 
|  35|0x0000000082300000, 0x0000000082300000, 0x0000000082400000|  0%| F|  |TAMS 0x0000000082300000| PB 0x0000000082300000| Untracked 
|  36|0x0000000082400000, 0x0000000082400000, 0x0000000082500000|  0%| F|  |TAMS 0x0000000082400000| PB 0x0000000082400000| Untracked 
|  37|0x0000000082500000, 0x0000000082500000, 0x0000000082600000|  0%| F|  |TAMS 0x0000000082500000| PB 0x0000000082500000| Untracked 
|  38|0x0000000082600000, 0x0000000082600000, 0x0000000082700000|  0%| F|  |TAMS 0x0000000082600000| PB 0x0000000082600000| Untracked 
|  39|0x0000000082700000, 0x0000000082700000, 0x0000000082800000|  0%| F|  |TAMS 0x0000000082700000| PB 0x0000000082700000| Untracked 
|  40|0x0000000082800000, 0x0000000082800000, 0x0000000082900000|  0%| F|  |TAMS 0x0000000082800000| PB 0x0000000082800000| Untracked 
|  41|0x0000000082900000, 0x0000000082900000, 0x0000000082a00000|  0%| F|  |TAMS 0x0000000082900000| PB 0x0000000082900000| Untracked 
|  42|0x0000000082a00000, 0x0000000082a00000, 0x0000000082b00000|  0%| F|  |TAMS 0x0000000082a00000| PB 0x0000000082a00000| Untracked 
|  43|0x0000000082b00000, 0x0000000082b00000, 0x0000000082c00000|  0%| F|  |TAMS 0x0000000082b00000| PB 0x0000000082b00000| Untracked 
|  44|0x0000000082c00000, 0x0000000082c00000, 0x0000000082d00000|  0%| F|  |TAMS 0x0000000082c00000| PB 0x0000000082c00000| Untracked 
|  45|0x0000000082d00000, 0x0000000082d00000, 0x0000000082e00000|  0%| F|  |TAMS 0x0000000082d00000| PB 0x0000000082d00000| Untracked 
|  46|0x0000000082e00000, 0x0000000082e00000, 0x0000000082f00000|  0%| F|  |TAMS 0x0000000082e00000| PB 0x0000000082e00000| Untracked 
|  47|0x0000000082f00000, 0x0000000082f00000, 0x0000000083000000|  0%| F|  |TAMS 0x0000000082f00000| PB 0x0000000082f00000| Untracked 
|  48|0x0000000083000000, 0x0000000083000000, 0x0000000083100000|  0%| F|  |TAMS 0x0000000083000000| PB 0x0000000083000000| Untracked 
|  49|0x0000000083100000, 0x0000000083100000, 0x0000000083200000|  0%| F|  |TAMS 0x0000000083100000| PB 0x0000000083100000| Untracked 
|  50|0x0000000083200000, 0x0000000083200000, 0x0000000083300000|  0%| F|  |TAMS 0x0000000083200000| PB 0x0000000083200000| Untracked 
|  51|0x0000000083300000, 0x0000000083300000, 0x0000000083400000|  0%| F|  |TAMS 0x0000000083300000| PB 0x0000000083300000| Untracked 
|  52|0x0000000083400000, 0x0000000083400000, 0x0000000083500000|  0%| F|  |TAMS 0x0000000083400000| PB 0x0000000083400000| Untracked 
|  53|0x0000000083500000, 0x0000000083500000, 0x0000000083600000|  0%| F|  |TAMS 0x0000000083500000| PB 0x0000000083500000| Untracked 
|  54|0x0000000083600000, 0x0000000083600000, 0x0000000083700000|  0%| F|  |TAMS 0x0000000083600000| PB 0x0000000083600000| Untracked 
|  55|0x0000000083700000, 0x0000000083700000, 0x0000000083800000|  0%| F|  |TAMS 0x0000000083700000| PB 0x0000000083700000| Untracked 
|  56|0x0000000083800000, 0x0000000083800000, 0x0000000083900000|  0%| F|  |TAMS 0x0000000083800000| PB 0x0000000083800000| Untracked 
|  57|0x0000000083900000, 0x0000000083900000, 0x0000000083a00000|  0%| F|  |TAMS 0x0000000083900000| PB 0x0000000083900000| Untracked 
|  58|0x0000000083a00000, 0x0000000083a00000, 0x0000000083b00000|  0%| F|  |TAMS 0x0000000083a00000| PB 0x0000000083a00000| Untracked 
|  59|0x0000000083b00000, 0x0000000083b00000, 0x0000000083c00000|  0%| F|  |TAMS 0x0000000083b00000| PB 0x0000000083b00000| Untracked 
|  60|0x0000000083c00000, 0x0000000083c00000, 0x0000000083d00000|  0%| F|  |TAMS 0x0000000083c00000| PB 0x0000000083c00000| Untracked 
|  61|0x0000000083d00000, 0x0000000083d00000, 0x0000000083e00000|  0%| F|  |TAMS 0x0000000083d00000| PB 0x0000000083d00000| Untracked 
|  62|0x0000000083e00000, 0x0000000083e00000, 0x0000000083f00000|  0%| F|  |TAMS 0x0000000083e00000| PB 0x0000000083e00000| Untracked 
|  63|0x0000000083f00000, 0x0000000083fd4c48, 0x0000000084000000| 83%| E|  |TAMS 0x0000000083f00000| PB 0x0000000083f00000| Complete 
| 120|0x0000000087800000, 0x0000000087900000, 0x0000000087900000|100%| E|CS|TAMS 0x0000000087800000| PB 0x0000000087800000| Complete 
| 124|0x0000000087c00000, 0x0000000087d00000, 0x0000000087d00000|100%| E|CS|TAMS 0x0000000087c00000| PB 0x0000000087c00000| Complete 
| 125|0x0000000087d00000, 0x0000000087e00000, 0x0000000087e00000|100%| E|CS|TAMS 0x0000000087d00000| PB 0x0000000087d00000| Complete 

Card table byte_map: [0x000001b1b0890000,0x000001b1b0c90000] _byte_map_base: 0x000001b1b0490000

Marking Bits: (CMBitMap*) 0x000001b19c028120
 Bits: [0x000001b1b0c90000, 0x000001b1b2c90000)

Polling page: 0x000001b19bf40000

Metaspace:

Usage:
  Non-class:     24.34 MB used.
      Class:      3.60 MB used.
       Both:     27.94 MB used.

Virtual space:
  Non-class space:       64.00 MB reserved,      24.62 MB ( 38%) committed,  1 nodes.
      Class space:        1.00 GB reserved,       3.81 MB ( <1%) committed,  1 nodes.
             Both:        1.06 GB reserved,      28.44 MB (  3%) committed. 

Chunk freelists:
   Non-Class:  7.41 MB
       Class:  12.14 MB
        Both:  19.55 MB

MaxMetaspaceSize: unlimited
CompressedClassSpaceSize: 1.00 GB
Initial GC threshold: 21.00 MB
Current GC threshold: 35.12 MB
CDS: off
 - commit_granule_bytes: 65536.
 - commit_granule_words: 8192.
 - virtual_space_node_default_size: 8388608.
 - enlarge_chunks_in_place: 1.
 - use_allocation_guard: 0.


Internal statistics:

num_allocs_failed_limit: 3.
num_arena_births: 672.
num_arena_deaths: 0.
num_vsnodes_births: 2.
num_vsnodes_deaths: 0.
num_space_committed: 455.
num_space_uncommitted: 0.
num_chunks_returned_to_freelist: 3.
num_chunks_taken_from_freelist: 1378.
num_chunk_merges: 0.
num_chunk_splits: 880.
num_chunks_enlarged: 587.
num_inconsistent_stats: 0.

CodeHeap 'non-profiled nmethods': size=120000Kb used=1567Kb max_used=1567Kb free=118432Kb
 bounds [0x000001b1a8500000, 0x000001b1a8770000, 0x000001b1afa30000]
CodeHeap 'profiled nmethods': size=120000Kb used=5873Kb max_used=5873Kb free=114127Kb
 bounds [0x000001b1a0a30000, 0x000001b1a0ff0000, 0x000001b1a7f60000]
CodeHeap 'non-nmethods': size=5760Kb used=1639Kb max_used=1667Kb free=4120Kb
 bounds [0x000001b1a7f60000, 0x000001b1a81d0000, 0x000001b1a8500000]
CodeCache: size=245760Kb, used=9079Kb, max_used=9107Kb, free=236679Kb
 total_blobs=3597, nmethods=3020, adapters=481, full_count=0
Compilation: enabled, stopped_count=0, restarted_count=0

Compilation events (20 events):
Event: 30.795 Thread 0x000001b1b5997180 3010       3       java.util.ImmutableCollections$Set12::<init> (53 bytes)
Event: 30.796 Thread 0x000001b1b5997180 nmethod 3010 0x000001b1a0fe4990 code [0x000001b1a0fe4c40, 0x000001b1a0fe5868]
Event: 30.889 Thread 0x000001b1b5997180 3012       3       jdk.internal.org.objectweb.asm.ClassWriter::visitEnd (1 bytes)
Event: 30.889 Thread 0x000001b1b5997180 nmethod 3012 0x000001b1a0fe5d10 code [0x000001b1a0fe5ea0, 0x000001b1a0fe5fa8]
Event: 30.891 Thread 0x000001b1b5997180 3013       3       jdk.internal.org.objectweb.asm.Frame::addInitializedType (77 bytes)
Event: 30.891 Thread 0x000001b1b5997180 nmethod 3013 0x000001b1a0fe6010 code [0x000001b1a0fe61e0, 0x000001b1a0fe66d0]
Event: 30.898 Thread 0x000001b1b5997180 3014       3       java.lang.invoke.MethodHandles$Lookup::getDirectMethodNoSecurityManager (18 bytes)
Event: 30.898 Thread 0x000001b1b5997180 nmethod 3014 0x000001b1a0fe6890 code [0x000001b1a0fe6a40, 0x000001b1a0fe6b90]
Event: 31.547 Thread 0x000001b1b5997180 3015       3       java.util.stream.ReferencePipeline$Head::forEach (26 bytes)
Event: 31.548 Thread 0x000001b1b5997180 nmethod 3015 0x000001b1a0fe6c90 code [0x000001b1a0fe6ec0, 0x000001b1a0fe75d0]
Event: 31.548 Thread 0x000001b1b5997180 3017       3       java.util.stream.AbstractPipeline::close (48 bytes)
Event: 31.548 Thread 0x000001b1b5997180 nmethod 3017 0x000001b1a0fe7890 code [0x000001b1a0fe7a40, 0x000001b1a0fe7cd8]
Event: 31.548 Thread 0x000001b1b5997180 3016       3       java.util.stream.AbstractPipeline::sourceStageSpliterator (112 bytes)
Event: 31.548 Thread 0x000001b1b5997180 nmethod 3016 0x000001b1a0fe7d90 code [0x000001b1a0fe7fc0, 0x000001b1a0fe8680]
Event: 31.548 Thread 0x000001b1b5997180 3018       3       java.lang.management.ManagementFactory$$Lambda/0x0000000100179e40::apply (12 bytes)
Event: 31.548 Thread 0x000001b1b5997180 nmethod 3018 0x000001b1a0fe8910 code [0x000001b1a0fe8ae0, 0x000001b1a0fe8ed0]
Event: 31.548 Thread 0x000001b1b5997180 3019       3       java.lang.management.ManagementFactory::lambda$getPlatformMXBeans$3 (13 bytes)
Event: 31.549 Thread 0x000001b1b5997180 nmethod 3019 0x000001b1a0fe9010 code [0x000001b1a0fe91e0, 0x000001b1a0fe9450]
Event: 31.549 Thread 0x000001b1b5997180 3020       3       sun.management.spi.PlatformMBeanProvider$PlatformComponent::getMBeans (87 bytes)
Event: 31.926 Thread 0x000001b1b5997180 nmethod 3020 0x000001b1a0fe9590 code [0x000001b1a0fe9920, 0x000001b1a0feaf10]

GC Heap History (10 events):
Event: 0.796 GC heap before
{Heap before GC invocations=0 (full 0):
 garbage-first heap   total 129024K, used 23552K [0x0000000080000000, 0x0000000100000000)
  region size 1024K, 23 young (23552K), 0 survivors (0K)
 Metaspace       used 7566K, committed 7744K, reserved 1114112K
  class space    used 701K, committed 768K, reserved 1048576K
}
Event: 0.799 GC heap after
{Heap after GC invocations=1 (full 0):
 garbage-first heap   total 129024K, used 1535K [0x0000000080000000, 0x0000000100000000)
  region size 1024K, 2 young (2048K), 2 survivors (2048K)
 Metaspace       used 7566K, committed 7744K, reserved 1114112K
  class space    used 701K, committed 768K, reserved 1048576K
}
Event: 1.673 GC heap before
{Heap before GC invocations=1 (full 0):
 garbage-first heap   total 129024K, used 40447K [0x0000000080000000, 0x0000000100000000)
  region size 1024K, 38 young (38912K), 2 survivors (2048K)
 Metaspace       used 12307K, committed 12480K, reserved 1114112K
  class space    used 1348K, committed 1472K, reserved 1048576K
}
Event: 1.685 GC heap after
{Heap after GC invocations=2 (full 0):
 garbage-first heap   total 129024K, used 10743K [0x0000000080000000, 0x0000000100000000)
  region size 1024K, 5 young (5120K), 5 survivors (5120K)
 Metaspace       used 12307K, committed 12480K, reserved 1114112K
  class space    used 1348K, committed 1472K, reserved 1048576K
}
Event: 14.727 GC heap before
{Heap before GC invocations=2 (full 0):
 garbage-first heap   total 129024K, used 83447K [0x0000000080000000, 0x0000000100000000)
  region size 1024K, 75 young (76800K), 5 survivors (5120K)
 Metaspace       used 20126K, committed 20416K, reserved 1114112K
  class space    used 2367K, committed 2496K, reserved 1048576K
}
Event: 15.422 GC heap after
{Heap after GC invocations=3 (full 0):
 garbage-first heap   total 129024K, used 19305K [0x0000000080000000, 0x0000000100000000)
  region size 1024K, 10 young (10240K), 10 survivors (10240K)
 Metaspace       used 20126K, committed 20416K, reserved 1114112K
  class space    used 2367K, committed 2496K, reserved 1048576K
}
Event: 16.468 GC heap before
{Heap before GC invocations=3 (full 0):
 garbage-first heap   total 129024K, used 23401K [0x0000000080000000, 0x0000000100000000)
  region size 1024K, 15 young (15360K), 10 survivors (10240K)
 Metaspace       used 21185K, committed 21504K, reserved 1114112K
  class space    used 2520K, committed 2688K, reserved 1048576K
}
Event: 16.481 GC heap after
{Heap after GC invocations=4 (full 0):
 garbage-first heap   total 129024K, used 19892K [0x0000000080000000, 0x0000000100000000)
  region size 1024K, 1 young (1024K), 1 survivors (1024K)
 Metaspace       used 21185K, committed 21504K, reserved 1114112K
  class space    used 2520K, committed 2688K, reserved 1048576K
}
Event: 30.271 GC heap before
{Heap before GC invocations=5 (full 0):
 garbage-first heap   total 68608K, used 58804K [0x0000000080000000, 0x0000000100000000)
  region size 1024K, 40 young (40960K), 1 survivors (1024K)
 Metaspace       used 28078K, committed 28544K, reserved 1114112K
  class space    used 3588K, committed 3840K, reserved 1048576K
}
Event: 30.277 GC heap after
{Heap after GC invocations=6 (full 0):
 garbage-first heap   total 68608K, used 21919K [0x0000000080000000, 0x0000000100000000)
  region size 1024K, 3 young (3072K), 3 survivors (3072K)
 Metaspace       used 28078K, committed 28544K, reserved 1114112K
  class space    used 3588K, committed 3840K, reserved 1048576K
}

Dll operation events (3 events):
Event: 0.048 Loaded shared library C:\Program Files\Android\Android Studio\jbr\bin\java.dll
Event: 0.077 Loaded shared library C:\Program Files\Android\Android Studio\jbr\bin\zip.dll
Event: 1.004 Loaded shared library C:\Program Files\Android\Android Studio\jbr\bin\verify.dll

Deoptimization events (20 events):
Event: 21.031 Thread 0x000001b1ba169500 Uncommon trap: trap_request=0xffffff45 fr.pc=0x000001b1a862eabc relative=0x0000000000000e7c
Event: 21.031 Thread 0x000001b1ba169500 Uncommon trap: reason=unstable_if action=reinterpret pc=0x000001b1a862eabc method=java.lang.invoke.LambdaForm$Name.replaceNames([Ljava/lang/invoke/LambdaForm$Name;[Ljava/lang/invoke/LambdaForm$Name;II)Ljava/lang/invoke/LambdaForm$Name; @ 3 c2
Event: 21.031 Thread 0x000001b1ba169500 DEOPT PACKING pc=0x000001b1a862eabc sp=0x0000006e649fd670
Event: 21.031 Thread 0x000001b1ba169500 DEOPT UNPACKING pc=0x000001b1a7fb7da2 sp=0x0000006e649fd638 mode 2
Event: 26.718 Thread 0x000001b1ba169500 Uncommon trap: trap_request=0xffffff45 fr.pc=0x000001b1a8528db4 relative=0x0000000000000e34
Event: 26.718 Thread 0x000001b1ba169500 Uncommon trap: reason=unstable_if action=reinterpret pc=0x000001b1a8528db4 method=java.io.WinNTFileSystem.resolve(Ljava/lang/String;Ljava/lang/String;)Ljava/lang/String; @ 19 c2
Event: 26.718 Thread 0x000001b1ba169500 DEOPT PACKING pc=0x000001b1a8528db4 sp=0x0000006e649fb690
Event: 26.718 Thread 0x000001b1ba169500 DEOPT UNPACKING pc=0x000001b1a7fb7da2 sp=0x0000006e649fb628 mode 2
Event: 26.724 Thread 0x000001b1ba169500 Uncommon trap: trap_request=0xffffff45 fr.pc=0x000001b1a8598c60 relative=0x0000000000000680
Event: 26.724 Thread 0x000001b1ba169500 Uncommon trap: reason=unstable_if action=reinterpret pc=0x000001b1a8598c60 method=java.io.File.getName()Ljava/lang/String; @ 16 c2
Event: 26.724 Thread 0x000001b1ba169500 DEOPT PACKING pc=0x000001b1a8598c60 sp=0x0000006e649fb650
Event: 26.724 Thread 0x000001b1ba169500 DEOPT UNPACKING pc=0x000001b1a7fb7da2 sp=0x0000006e649fb620 mode 2
Event: 29.044 Thread 0x000001b1ba169500 Uncommon trap: trap_request=0xffffff45 fr.pc=0x000001b1a8531210 relative=0x00000000000000f0
Event: 29.044 Thread 0x000001b1ba169500 Uncommon trap: reason=unstable_if action=reinterpret pc=0x000001b1a8531210 method=java.util.HashMap.hash(Ljava/lang/Object;)I @ 1 c2
Event: 29.044 Thread 0x000001b1ba169500 DEOPT PACKING pc=0x000001b1a8531210 sp=0x0000006e649fc750
Event: 29.044 Thread 0x000001b1ba169500 DEOPT UNPACKING pc=0x000001b1a7fb7da2 sp=0x0000006e649fc690 mode 2
Event: 29.432 Thread 0x000001b1ba169500 Uncommon trap: trap_request=0xffffff45 fr.pc=0x000001b1a85c2658 relative=0x00000000000007f8
Event: 29.432 Thread 0x000001b1ba169500 Uncommon trap: reason=unstable_if action=reinterpret pc=0x000001b1a85c2658 method=java.util.ArrayList.grow(I)[Ljava/lang/Object; @ 17 c2
Event: 29.432 Thread 0x000001b1ba169500 DEOPT PACKING pc=0x000001b1a85c2658 sp=0x0000006e649fd710
Event: 29.432 Thread 0x000001b1ba169500 DEOPT UNPACKING pc=0x000001b1a7fb7da2 sp=0x0000006e649fd5a8 mode 2

Classes loaded (20 events):
Event: 29.909 Loading class java/lang/invoke/BoundMethodHandle$Species_LLLLLLLLLLLLLLLL
Event: 29.916 Loading class java/lang/invoke/BoundMethodHandle$Species_LLLLLLLLLLLLLLLL done
Event: 29.922 Loading class java/lang/invoke/BoundMethodHandle$Species_LLLLLLLLLLLLLLLLL
Event: 29.925 Loading class java/lang/invoke/BoundMethodHandle$Species_LLLLLLLLLLLLLLLLL done
Event: 29.929 Loading class java/lang/invoke/BoundMethodHandle$Species_LLLLLLLLLLLLLLLLLL
Event: 29.932 Loading class java/lang/invoke/BoundMethodHandle$Species_LLLLLLLLLLLLLLLLLL done
Event: 29.939 Loading class java/lang/invoke/BoundMethodHandle$Species_LLLLLLLLLLLLLLLLLLL
Event: 29.939 Loading class java/lang/invoke/BoundMethodHandle$Species_LLLLLLLLLLLLLLLLLLL done
Event: 29.949 Loading class java/lang/invoke/BoundMethodHandle$Species_LLLLLLLLLLLLLLLLLLLL
Event: 29.952 Loading class java/lang/invoke/BoundMethodHandle$Species_LLLLLLLLLLLLLLLLLLLL done
Event: 29.958 Loading class java/lang/invoke/BoundMethodHandle$Species_LLLLLLLLLLLLLLLLLLLLL
Event: 29.959 Loading class java/lang/invoke/BoundMethodHandle$Species_LLLLLLLLLLLLLLLLLLLLL done
Event: 29.962 Loading class java/lang/invoke/BoundMethodHandle$Species_LLLLLLLLLLLLLLLLLLLLLL
Event: 29.964 Loading class java/lang/invoke/BoundMethodHandle$Species_LLLLLLLLLLLLLLLLLLLLLL done
Event: 30.089 Loading class java/lang/invoke/BoundMethodHandle$Species_LLLLLLLLLLLLLLLLLLLLLLL
Event: 30.089 Loading class java/lang/invoke/BoundMethodHandle$Species_LLLLLLLLLLLLLLLLLLLLLLL done
Event: 30.092 Loading class java/lang/invoke/BoundMethodHandle$Species_LLLLLLLLLLLLLLLLLLLLLLLL
Event: 30.092 Loading class java/lang/invoke/BoundMethodHandle$Species_LLLLLLLLLLLLLLLLLLLLLLLL done
Event: 30.637 Loading class java/util/Collections$2
Event: 30.638 Loading class java/util/Collections$2 done

Classes unloaded (0 events):
No events

Classes redefined (0 events):
No events

Internal exceptions (20 events):
Event: 24.773 Thread 0x000001b1ba169500 Exception <a 'java/lang/IncompatibleClassChangeError'{0x0000000082a4bc50}: Found class java.lang.Object, but interface was expected> (0x0000000082a4bc50) 
thrown [s\src\hotspot\share\interpreter\linkResolver.cpp, line 851]
Event: 25.280 Thread 0x000001b1ba169500 Exception <a 'java/lang/NoSuchMethodError'{0x0000000082971760}: 'java.lang.Object java.lang.invoke.DirectMethodHandle$Holder.newInvokeSpecial(java.lang.Object, java.lang.Object, int)'> (0x0000000082971760) 
thrown [s\src\hotspot\share\interpreter\linkResolver.cpp, line 784]
Event: 25.766 Thread 0x000001b1ba169500 Exception <a 'java/lang/NoSuchMethodError'{0x00000000826d6348}: 'java.lang.Object java.lang.invoke.DirectMethodHandle$Holder.invokeVirtual(java.lang.Object, java.lang.Object, java.lang.Object, java.lang.Object, java.lang.Object, java.lang.Object, java.lang.Object, java.lang.Object)'> (0x00000000826d6348) 
thrown [s\src\hotspot\share\interpreter\linkResolver.cpp, line 784]
Event: 26.714 Thread 0x000001b1ba169500 Exception <a 'java/lang/NoSuchMethodError'{0x000000008257acd0}: 'java.lang.Object java.lang.invoke.DirectMethodHandle$Holder.invokeVirtual(java.lang.Object, java.lang.Object, java.lang.Object, java.lang.Object, java.lang.Object, java.lang.Object, java.lang.Object, java.lang.Object, java.lang.Object, java.lang.Object)'> (0x000000008257acd0) 
thrown [s\src\hotspot\share\interpreter\linkResolver.cpp, line 784]
Event: 28.713 Thread 0x000001b1ba169500 Exception <a 'java/lang/NoSuchMethodError'{0x00000000823666d8}: 'int java.lang.invoke.DirectMethodHandle$Holder.invokeSpecialIFC(java.lang.Object, java.lang.Object, java.lang.Object, java.lang.Object)'> (0x00000000823666d8) 
thrown [s\src\hotspot\share\interpreter\linkResolver.cpp, line 784]
Event: 28.715 Thread 0x000001b1ba169500 Exception <a 'java/lang/IncompatibleClassChangeError'{0x0000000082373a80}: Found class java.lang.Object, but interface was expected> (0x0000000082373a80) 
thrown [s\src\hotspot\share\interpreter\linkResolver.cpp, line 851]
Event: 29.044 Thread 0x000001b1ba169500 Implicit null exception at 0x000001b1a8531166 to 0x000001b1a8531206
Event: 29.643 Thread 0x000001b1ba169500 Exception <a 'java/lang/NoSuchMethodError'{0x0000000081ff13d8}: 'java.lang.Object java.lang.invoke.DelegatingMethodHandle$Holder.reinvoke_L(java.lang.Object, java.lang.Object, java.lang.Object, java.lang.Object, java.lang.Object, java.lang.Object, java.lang.Object, java.lang.Object, java.lang.Object, java.lang.Object, java.lang.Object, java.lang.Object, java.lang.Object, java.lang.Object, java.lang.Object, java.lang.Object, java.lang.Object, java.lang.Object, java.lang.Object, java.lang.Object, java.lang.O
Event: 29.890 Thread 0x000001b1ba169500 Exception <a 'java/lang/NoSuchMethodError'{0x0000000081e5fa88}: 'java.lang.Object java.lang.invoke.DirectMethodHandle$Holder.invokeStatic(java.lang.Object, java.lang.Object, java.lang.Object, java.lang.Object, java.lang.Object, java.lang.Object, java.lang.Object, java.lang.Object, java.lang.Object, java.lang.Object, java.lang.Object, java.lang.Object, java.lang.Object, java.lang.Object, java.lang.Object, java.lang.Object, java.lang.Object)'> (0x0000000081e5fa88) 
thrown [s\src\hotspot\share\interpreter\lin
Event: 29.908 Thread 0x000001b1ba169500 Exception <a 'java/lang/NoSuchMethodError'{0x0000000081e883e8}: 'java.lang.Object java.lang.invoke.DirectMethodHandle$Holder.invokeStatic(java.lang.Object, java.lang.Object, java.lang.Object, java.lang.Object, java.lang.Object, java.lang.Object, java.lang.Object, java.lang.Object, java.lang.Object, java.lang.Object, java.lang.Object, java.lang.Object, java.lang.Object, java.lang.Object, java.lang.Object, java.lang.Object, java.lang.Object, java.lang.Object)'> (0x0000000081e883e8) 
thrown [s\src\hotspot\sha
Event: 29.920 Thread 0x000001b1ba169500 Exception <a 'java/lang/NoSuchMethodError'{0x0000000081eb2408}: 'java.lang.Object java.lang.invoke.DirectMethodHandle$Holder.invokeStatic(java.lang.Object, java.lang.Object, java.lang.Object, java.lang.Object, java.lang.Object, java.lang.Object, java.lang.Object, java.lang.Object, java.lang.Object, java.lang.Object, java.lang.Object, java.lang.Object, java.lang.Object, java.lang.Object, java.lang.Object, java.lang.Object, java.lang.Object, java.lang.Object, java.lang.Object)'> (0x0000000081eb2408) 
thrown 
Event: 29.928 Thread 0x000001b1ba169500 Exception <a 'java/lang/NoSuchMethodError'{0x0000000081edd600}: 'java.lang.Object java.lang.invoke.DirectMethodHandle$Holder.invokeStatic(java.lang.Object, java.lang.Object, java.lang.Object, java.lang.Object, java.lang.Object, java.lang.Object, java.lang.Object, java.lang.Object, java.lang.Object, java.lang.Object, java.lang.Object, java.lang.Object, java.lang.Object, java.lang.Object, java.lang.Object, java.lang.Object, java.lang.Object, java.lang.Object, java.lang.Object, java.lang.Object)'> (0x00000000
Event: 29.937 Thread 0x000001b1ba169500 Exception <a 'java/lang/NoSuchMethodError'{0x0000000081d09e80}: 'java.lang.Object java.lang.invoke.DirectMethodHandle$Holder.invokeStatic(java.lang.Object, java.lang.Object, java.lang.Object, java.lang.Object, java.lang.Object, java.lang.Object, java.lang.Object, java.lang.Object, java.lang.Object, java.lang.Object, java.lang.Object, java.lang.Object, java.lang.Object, java.lang.Object, java.lang.Object, java.lang.Object, java.lang.Object, java.lang.Object, java.lang.Object, java.lang.Object, java.lang.Obj
Event: 29.943 Thread 0x000001b1ba169500 Exception <a 'java/lang/NoSuchMethodError'{0x0000000081d37470}: 'java.lang.Object java.lang.invoke.DirectMethodHandle$Holder.invokeStatic(java.lang.Object, java.lang.Object, java.lang.Object, java.lang.Object, java.lang.Object, java.lang.Object, java.lang.Object, java.lang.Object, java.lang.Object, java.lang.Object, java.lang.Object, java.lang.Object, java.lang.Object, java.lang.Object, java.lang.Object, java.lang.Object, java.lang.Object, java.lang.Object, java.lang.Object, java.lang.Object, java.lang.Obj
Event: 29.956 Thread 0x000001b1ba169500 Exception <a 'java/lang/NoSuchMethodError'{0x0000000081d65cd0}: 'java.lang.Object java.lang.invoke.DirectMethodHandle$Holder.invokeStatic(java.lang.Object, java.lang.Object, java.lang.Object, java.lang.Object, java.lang.Object, java.lang.Object, java.lang.Object, java.lang.Object, java.lang.Object, java.lang.Object, java.lang.Object, java.lang.Object, java.lang.Object, java.lang.Object, java.lang.Object, java.lang.Object, java.lang.Object, java.lang.Object, java.lang.Object, java.lang.Object, java.lang.Obj
Event: 29.961 Thread 0x000001b1ba169500 Exception <a 'java/lang/NoSuchMethodError'{0x0000000081d9be70}: 'java.lang.Object java.lang.invoke.DirectMethodHandle$Holder.invokeStatic(java.lang.Object, java.lang.Object, java.lang.Object, java.lang.Object, java.lang.Object, java.lang.Object, java.lang.Object, java.lang.Object, java.lang.Object, java.lang.Object, java.lang.Object, java.lang.Object, java.lang.Object, java.lang.Object, java.lang.Object, java.lang.Object, java.lang.Object, java.lang.Object, java.lang.Object, java.lang.Object, java.lang.Obj
Event: 30.086 Thread 0x000001b1ba169500 Exception <a 'java/lang/NoSuchMethodError'{0x0000000081dcc058}: 'java.lang.Object java.lang.invoke.DirectMethodHandle$Holder.invokeStatic(java.lang.Object, java.lang.Object, java.lang.Object, java.lang.Object, java.lang.Object, java.lang.Object, java.lang.Object, java.lang.Object, java.lang.Object, java.lang.Object, java.lang.Object, java.lang.Object, java.lang.Object, java.lang.Object, java.lang.Object, java.lang.Object, java.lang.Object, java.lang.Object, java.lang.Object, java.lang.Object, java.lang.Obj
Event: 30.090 Thread 0x000001b1ba169500 Exception <a 'java/lang/NoSuchMethodError'{0x0000000081dfcbf0}: 'java.lang.Object java.lang.invoke.DirectMethodHandle$Holder.invokeStatic(java.lang.Object, java.lang.Object, java.lang.Object, java.lang.Object, java.lang.Object, java.lang.Object, java.lang.Object, java.lang.Object, java.lang.Object, java.lang.Object, java.lang.Object, java.lang.Object, java.lang.Object, java.lang.Object, java.lang.Object, java.lang.Object, java.lang.Object, java.lang.Object, java.lang.Object, java.lang.Object, java.lang.Obj
Event: 30.094 Thread 0x000001b1ba169500 Exception <a 'java/lang/NoSuchMethodError'{0x0000000081c2f300}: 'java.lang.Object java.lang.invoke.DirectMethodHandle$Holder.invokeStatic(java.lang.Object, java.lang.Object, java.lang.Object, java.lang.Object, java.lang.Object, java.lang.Object, java.lang.Object, java.lang.Object, java.lang.Object, java.lang.Object, java.lang.Object, java.lang.Object, java.lang.Object, java.lang.Object, java.lang.Object, java.lang.Object, java.lang.Object, java.lang.Object, java.lang.Object, java.lang.Object, java.lang.Obj
Event: 30.252 Thread 0x000001b1ba169500 Exception <a 'java/lang/IncompatibleClassChangeError'{0x0000000081b6b518}: Found class java.lang.Object, but interface was expected> (0x0000000081b6b518) 
thrown [s\src\hotspot\share\interpreter\linkResolver.cpp, line 851]

ZGC Phase Switch (0 events):
No events

VM Operations (20 events):
Event: 25.144 Executing VM operation: Cleanup
Event: 25.269 Executing VM operation: Cleanup done
Event: 25.276 Executing VM operation: HandshakeAllThreads (Deoptimize)
Event: 25.277 Executing VM operation: HandshakeAllThreads (Deoptimize) done
Event: 26.283 Executing VM operation: Cleanup
Event: 26.612 Executing VM operation: Cleanup done
Event: 27.626 Executing VM operation: Cleanup
Event: 28.022 Executing VM operation: Cleanup done
Event: 29.037 Executing VM operation: Cleanup
Event: 29.037 Executing VM operation: Cleanup done
Event: 30.038 Executing VM operation: Cleanup
Event: 30.086 Executing VM operation: Cleanup done
Event: 30.127 Executing VM operation: HandshakeAllThreads (Deoptimize)
Event: 30.127 Executing VM operation: HandshakeAllThreads (Deoptimize) done
Event: 30.129 Executing VM operation: HandshakeAllThreads (Deoptimize)
Event: 30.129 Executing VM operation: HandshakeAllThreads (Deoptimize) done
Event: 30.270 Executing VM operation: G1CollectForAllocation (G1 Evacuation Pause)
Event: 30.277 Executing VM operation: G1CollectForAllocation (G1 Evacuation Pause) done
Event: 31.281 Executing VM operation: Cleanup
Event: 31.281 Executing VM operation: Cleanup done

Memory protections (0 events):
No events

Nmethod flushes (0 events):
No events

Events (20 events):
Event: 0.550 Thread 0x000001b19bfcfcc0 Thread added: 0x000001b1b5c6e6c0
Event: 0.805 Loaded shared library C:\Program Files\Android\Android Studio\jbr\bin\jimage.dll
Event: 1.130 Loaded shared library E:\androidprojet\gradle\wrapper\wrapper\wrapper\wrapper\native\1def1411415f61bf3af743bc5b6707747c0891f09f0c88961ee8f79bc544acac\windows-amd64\native-platform.dll
Event: 1.154 Loaded shared library E:\androidprojet\gradle\wrapper\wrapper\wrapper\wrapper\native\0.2.7\x86_64-windows-gnu\gradle-fileevents.dll
Event: 5.834 Loaded shared library C:\Program Files\Android\Android Studio\jbr\bin\management.dll
Event: 6.050 Loaded shared library C:\Program Files\Android\Android Studio\jbr\bin\management_ext.dll
Event: 6.526 Thread 0x000001b19bfcfcc0 Thread added: 0x000001b1bb95b560
Event: 9.491 Loaded shared library C:\Program Files\Android\Android Studio\jbr\bin\extnet.dll
Event: 13.749 Thread 0x000001b19bfcfcc0 Thread added: 0x000001b1baced820
Event: 14.432 Thread 0x000001b19bfcfcc0 Thread added: 0x000001b1bb8733a0
Event: 15.433 Thread 0x000001b1baced820 Thread added: 0x000001b1babab830
Event: 15.654 Thread 0x000001b1babab830 Thread added: 0x000001b1ba30e970
Event: 16.408 Thread 0x000001b1babab830 Thread added: 0x000001b1bae84730
Event: 16.584 Thread 0x000001b1babab830 Thread added: 0x000001b1ba169500
Event: 17.310 Thread 0x000001b1ba169500 Thread added: 0x000001b1ba013210
Event: 17.320 Thread 0x000001b1ba169500 Thread added: 0x000001b1ba0138a0
Event: 17.324 Thread 0x000001b1ba169500 Thread added: 0x000001b1ba0124f0
Event: 25.277 Thread 0x000001b1ba169500 Thread added: 0x000001b1ba012b80
Event: 25.291 Thread 0x000001b1ba169500 Thread added: 0x000001b1bafff430
Event: 25.400 Thread 0x000001b1ba169500 Thread added: 0x000001b1bb001500


Dynamic libraries:
0x00007ff692470000 - 0x00007ff69247a000 	C:\Program Files\Android\Android Studio\jbr\bin\java.exe
0x00007ffbfb9a0000 - 0x00007ffbfbc08000 	C:\WINDOWS\SYSTEM32\ntdll.dll
0x00007ffbfa7d0000 - 0x00007ffbfa899000 	C:\WINDOWS\System32\KERNEL32.DLL
0x00007ffbf86a0000 - 0x00007ffbf8a91000 	C:\WINDOWS\System32\KERNELBASE.dll
0x00007ffbf8280000 - 0x00007ffbf83cb000 	C:\WINDOWS\System32\ucrtbase.dll
0x00007ffbce2d0000 - 0x00007ffbce2eb000 	C:\Program Files\Android\Android Studio\jbr\bin\VCRUNTIME140.dll
0x00007ffbb1fa0000 - 0x00007ffbb1fb8000 	C:\Program Files\Android\Android Studio\jbr\bin\jli.dll
0x00007ffbfa8a0000 - 0x00007ffbfaa66000 	C:\WINDOWS\System32\USER32.dll
0x00007ffbdf080000 - 0x00007ffbdf313000 	C:\WINDOWS\WinSxS\amd64_microsoft.windows.common-controls_6595b64144ccf1df_6.0.26100.7824_none_3e0870b2e3345462\COMCTL32.dll
0x00007ffbfa190000 - 0x00007ffbfa239000 	C:\WINDOWS\System32\msvcrt.dll
0x00007ffbf9310000 - 0x00007ffbf9337000 	C:\WINDOWS\System32\win32u.dll
0x00007ffbfa7a0000 - 0x00007ffbfa7cb000 	C:\WINDOWS\System32\GDI32.dll
0x00007ffbf9550000 - 0x00007ffbf967b000 	C:\WINDOWS\System32\gdi32full.dll
0x00007ffbf83d0000 - 0x00007ffbf8473000 	C:\WINDOWS\System32\msvcp_win.dll
0x00007ffbfa260000 - 0x00007ffbfa291000 	C:\WINDOWS\System32\IMM32.DLL
0x00007ffbd6f20000 - 0x00007ffbd6f2c000 	C:\Program Files\Android\Android Studio\jbr\bin\vcruntime140_1.dll
0x00007ffb6b2c0000 - 0x00007ffb6b34d000 	C:\Program Files\Android\Android Studio\jbr\bin\msvcp140.dll
0x00007ffab70a0000 - 0x00007ffab7d36000 	C:\Program Files\Android\Android Studio\jbr\bin\server\jvm.dll
0x00007ffbfa0d0000 - 0x00007ffbfa184000 	C:\WINDOWS\System32\ADVAPI32.dll
0x00007ffbfb860000 - 0x00007ffbfb906000 	C:\WINDOWS\System32\sechost.dll
0x00007ffbfb740000 - 0x00007ffbfb858000 	C:\WINDOWS\System32\RPCRT4.dll
0x00007ffbfa2a0000 - 0x00007ffbfa314000 	C:\WINDOWS\System32\WS2_32.dll
0x00007ffbf80e0000 - 0x00007ffbf813e000 	C:\WINDOWS\SYSTEM32\POWRPROF.dll
0x00007ffbe2970000 - 0x00007ffbe29a5000 	C:\WINDOWS\SYSTEM32\WINMM.dll
0x00007ffbf14e0000 - 0x00007ffbf14eb000 	C:\WINDOWS\SYSTEM32\VERSION.dll
0x00007ffbf80c0000 - 0x00007ffbf80d4000 	C:\WINDOWS\SYSTEM32\UMPDC.dll
0x00007ffbf7000000 - 0x00007ffbf701b000 	C:\WINDOWS\SYSTEM32\kernel.appcore.dll
0x00007ffbd31d0000 - 0x00007ffbd31da000 	C:\Program Files\Android\Android Studio\jbr\bin\jimage.dll
0x00007ffbf63e0000 - 0x00007ffbf6622000 	C:\WINDOWS\SYSTEM32\DBGHELP.DLL
0x00007ffbfaf00000 - 0x00007ffbfb286000 	C:\WINDOWS\System32\combase.dll
0x00007ffbfa500000 - 0x00007ffbfa5d7000 	C:\WINDOWS\System32\OLEAUT32.dll
0x00007ffbe19b0000 - 0x00007ffbe19eb000 	C:\WINDOWS\SYSTEM32\dbgcore.DLL
0x00007ffbf85f0000 - 0x00007ffbf8695000 	C:\WINDOWS\System32\bcryptPrimitives.dll
0x00007ffbc6180000 - 0x00007ffbc618e000 	C:\Program Files\Android\Android Studio\jbr\bin\instrument.dll
0x00007ffbce200000 - 0x00007ffbce220000 	C:\Program Files\Android\Android Studio\jbr\bin\java.dll
0x00007ffbca3a0000 - 0x00007ffbca3b8000 	C:\Program Files\Android\Android Studio\jbr\bin\zip.dll
0x00007ffbf9840000 - 0x00007ffbf9f92000 	C:\WINDOWS\System32\SHELL32.dll
0x00007ffbf8480000 - 0x00007ffbf85ea000 	C:\WINDOWS\System32\wintypes.dll
0x00007ffbf8aa0000 - 0x00007ffbf9303000 	C:\WINDOWS\System32\windows.storage.dll
0x00007ffbfa6a0000 - 0x00007ffbfa796000 	C:\WINDOWS\System32\SHCORE.dll
0x00007ffbfb690000 - 0x00007ffbfb6f7000 	C:\WINDOWS\System32\shlwapi.dll
0x00007ffbf81a0000 - 0x00007ffbf81c9000 	C:\WINDOWS\SYSTEM32\profapi.dll
0x00007ffbcbe30000 - 0x00007ffbcbe40000 	C:\Program Files\Android\Android Studio\jbr\bin\net.dll
0x00007ffbf2d80000 - 0x00007ffbf2ea7000 	C:\WINDOWS\SYSTEM32\WINHTTP.dll
0x00007ffbf7590000 - 0x00007ffbf75fb000 	C:\WINDOWS\system32\mswsock.dll
0x00007ffbc65b0000 - 0x00007ffbc65c6000 	C:\Program Files\Android\Android Studio\jbr\bin\nio.dll
0x00007ffbc6580000 - 0x00007ffbc6590000 	C:\Program Files\Android\Android Studio\jbr\bin\verify.dll
0x00007ffba1080000 - 0x00007ffba10a7000 	E:\androidprojet\gradle\wrapper\wrapper\wrapper\wrapper\native\1def1411415f61bf3af743bc5b6707747c0891f09f0c88961ee8f79bc544acac\windows-amd64\native-platform.dll
0x00007ffb6a680000 - 0x00007ffb6a6f8000 	E:\androidprojet\gradle\wrapper\wrapper\wrapper\wrapper\native\0.2.7\x86_64-windows-gnu\gradle-fileevents.dll
0x00007ffbca560000 - 0x00007ffbca569000 	C:\Program Files\Android\Android Studio\jbr\bin\management.dll
0x00007ffbc65a0000 - 0x00007ffbc65ab000 	C:\Program Files\Android\Android Studio\jbr\bin\management_ext.dll
0x00007ffbfa250000 - 0x00007ffbfa258000 	C:\WINDOWS\System32\PSAPI.DLL
0x00007ffbf6aa0000 - 0x00007ffbf6ad4000 	C:\WINDOWS\SYSTEM32\IPHLPAPI.DLL
0x00007ffbfa240000 - 0x00007ffbfa24a000 	C:\WINDOWS\System32\NSI.dll
0x00007ffbcbb20000 - 0x00007ffbcbb29000 	C:\Program Files\Android\Android Studio\jbr\bin\extnet.dll
0x00007ffbf7860000 - 0x00007ffbf787b000 	C:\WINDOWS\SYSTEM32\CRYPTSP.dll
0x00007ffbf6f60000 - 0x00007ffbf6f99000 	C:\WINDOWS\system32\rsaenh.dll
0x00007ffbf7640000 - 0x00007ffbf766b000 	C:\WINDOWS\SYSTEM32\USERENV.dll
0x00007ffbf8170000 - 0x00007ffbf819a000 	C:\WINDOWS\SYSTEM32\bcrypt.dll
0x00007ffbf7880000 - 0x00007ffbf788c000 	C:\WINDOWS\SYSTEM32\CRYPTBASE.dll
0x00007ffba2ef0000 - 0x00007ffba2ef8000 	C:\WINDOWS\system32\wshunix.dll

JVMTI agents:
E:\androidprojet\gradle\wrapper\wrapper\wrapper\wrapper\wrapper\dists\gradle-8.13-bin\5xuhj0ry160q40clulazy9h7d\gradle-8.13\lib\agents\gradle-instrumentation-agent-8.13.jar path:C:\Program Files\Android\Android Studio\jbr\bin\instrument.dll, loaded, initialized, instrumentlib options:none

dbghelp: loaded successfully - version: 4.0.5 - missing functions: none
symbol engine: initialized successfully - sym options: 0x614 - pdb path: .;C:\Program Files\Android\Android Studio\jbr\bin;C:\WINDOWS\SYSTEM32;C:\WINDOWS\WinSxS\amd64_microsoft.windows.common-controls_6595b64144ccf1df_6.0.26100.7824_none_3e0870b2e3345462;C:\Program Files\Android\Android Studio\jbr\bin\server;E:\androidprojet\gradle\wrapper\wrapper\wrapper\wrapper\native\1def1411415f61bf3af743bc5b6707747c0891f09f0c88961ee8f79bc544acac\windows-amd64;E:\androidprojet\gradle\wrapper\wrapper\wrapper\wrapper\native\0.2.7\x86_64-windows-gnu

VM Arguments:
jvm_args: --add-opens=java.base/java.lang=ALL-UNNAMED --add-opens=java.base/java.lang.invoke=ALL-UNNAMED --add-opens=java.base/java.util=ALL-UNNAMED --add-opens=java.prefs/java.util.prefs=ALL-UNNAMED --add-exports=jdk.compiler/com.sun.tools.javac.api=ALL-UNNAMED --add-exports=jdk.compiler/com.sun.tools.javac.util=ALL-UNNAMED --add-opens=java.base/java.util=ALL-UNNAMED --add-opens=java.prefs/java.util.prefs=ALL-UNNAMED --add-opens=java.base/java.nio.charset=ALL-UNNAMED --add-opens=java.base/java.net=ALL-UNNAMED --add-opens=java.base/java.util.concurrent.atomic=ALL-UNNAMED --add-opens=java.xml/javax.xml.namespace=ALL-UNNAMED -Xmx2048m -Dfile.encoding=UTF-8 -Duser.country=FR -Duser.language=fr -Duser.variant -javaagent:E:\androidprojet\gradle\wrapper\wrapper\wrapper\wrapper\wrapper\dists\gradle-8.13-bin\5xuhj0ry160q40clulazy9h7d\gradle-8.13\lib\agents\gradle-instrumentation-agent-8.13.jar 
java_command: org.gradle.launcher.daemon.bootstrap.GradleDaemon 8.13
java_class_path (initial): E:\androidprojet\gradle\wrapper\wrapper\wrapper\wrapper\wrapper\dists\gradle-8.13-bin\5xuhj0ry160q40clulazy9h7d\gradle-8.13\lib\gradle-daemon-main-8.13.jar
Launcher Type: SUN_STANDARD

[Global flags]
     intx CICompilerCount                          = 4                                         {product} {ergonomic}
     uint ConcGCThreads                            = 2                                         {product} {ergonomic}
     uint G1ConcRefinementThreads                  = 8                                         {product} {ergonomic}
   size_t G1HeapRegionSize                         = 1048576                                   {product} {ergonomic}
    uintx GCDrainStackTargetSize                   = 64                                        {product} {ergonomic}
   size_t InitialHeapSize                          = 132120576                                 {product} {ergonomic}
   size_t MarkStackSize                            = 4194304                                   {product} {ergonomic}
   size_t MaxHeapSize                              = 2147483648                                {product} {command line}
   size_t MaxNewSize                               = 1287651328                                {product} {ergonomic}
   size_t MinHeapDeltaBytes                        = 1048576                                   {product} {ergonomic}
   size_t MinHeapSize                              = 8388608                                   {product} {ergonomic}
    uintx NonNMethodCodeHeapSize                   = 5839372                                {pd product} {ergonomic}
    uintx NonProfiledCodeHeapSize                  = 122909434                              {pd product} {ergonomic}
    uintx ProfiledCodeHeapSize                     = 122909434                              {pd product} {ergonomic}
    uintx ReservedCodeCacheSize                    = 251658240                              {pd product} {ergonomic}
     bool SegmentedCodeCache                       = true                                      {product} {ergonomic}
   size_t SoftMaxHeapSize                          = 2147483648                             {manageable} {ergonomic}
     bool UseCompressedOops                        = true                           {product lp64_product} {ergonomic}
     bool UseG1GC                                  = true                                      {product} {ergonomic}
     bool UseLargePagesIndividualAllocation        = false                                  {pd product} {ergonomic}

Logging:
Log output configuration:
 #0: stdout all=warning uptime,level,tags foldmultilines=false
 #1: stderr all=off uptime,level,tags foldmultilines=false

Environment Variables:
JAVA_HOME=C:\Program Files\Java\jdk-23\
PATH=C:\Program Files\Eclipse Adoptium\jdk-17.0.17.10-hotspot\bin;C:\Program Files\Microsoft MPI\Bin\;C:\apache-maven-3.9.9\bin;C:\oraclexe\app\oracle\product\11.2.0\server\bin;C:\Program Files\Common Files\Oracle\Java\javapath;C:\Program Files (x86)\Common Files\Oracle\Java\javapath;C:\Windows\System32\HWAudioDriverLibs;C:\Windows\system32;C:\Windows;C:\Windows\System32\Wbem;C:\Windows\System32\WindowsPowerShell\v1.0\;C:\Windows\System32\OpenSSH\;C:\Users\Administrator\AppData\Local\Microsoft\WindowsApps;C:\WINDOWS\system32;C:\WINDOWS;C:\WINDOWS\System32\Wbem;C:\WINDOWS\System32\WindowsPowerShell\v1.0\;C:\WINDOWS\System32\OpenSSH\;C:\Program Files\dotnet\;C:\Program Files (x86)\Microsoft SQL Server\160\Tools\Binn\;C:\Program Files\Microsoft SQL Server\160\Tools\Binn\;C:\Program Files\Microsoft SQL Server\Client SDK\ODBC\170\Tools\Binn\;C:\Program Files\Microsoft SQL Server\160\DTS\Binn\;C:\Program Files\Microsoft SQL Server\150\Tools\Binn\;C:\Program Files\Git\cmd;C:\Program Files (x86)\Microsoft SQL Server\160\DTS\Binn\;C:\Program Files (x86)\Bitvise SSH Client;C:\Program Files\nodejs\;C:\Users\manal\AppData\Local\Programs\Microsoft VS Code\bin;C:\Program Files\Docker\Docker\resources\bin;C:\wamp64\bin\php\php8.2.26\;C:\Users\manal\scoop\shims;C:\Users\manal\AppData\Local\Programs\Python\Python313\Scripts\;C:\Users\manal\AppData\Local\Programs\Python\Python313\;C:\Users\manal\AppData\Local\Programs\Python\Launcher\;C:\Users\manal\AppData\Local\Microsoft\WindowsApps;C:\msys64\ucrt64\bin;C:\Users\manal\AppData\Local\Programs\Microsoft VS Code\bin;C:\Program Files (x86)\GnuWin32\bin;C:\Program Files\Java\jdk-23\\bin;C:\Program Files\JetBrains\IntelliJ IDEA 2024.3.4.1\bin;C:\apache-maven-3.9.9;;C:\Users\manal\.dotnet\tools;C:\Users\manal\AppData\Roaming\npm;C:\Users\manal\AppData\Local\ComposerSetup\bin;C:\Users\manal\AppData\Roaming\Composer\vendor\bin;C:\Users\manal\scoop\apps\symfony-cli\current\bin;
USERNAME=manal
OS=Windows_NT
PROCESSOR_IDENTIFIER=Intel64 Family 6 Model 140 Stepping 2, GenuineIntel
TMP=C:\Users\manal\AppData\Local\Temp
TEMP=C:\Users\manal\AppData\Local\Temp




Periodic native trim disabled

JNI global refs:
JNI global refs: 24, weak refs: 0

JNI global refs memory usage: 835, weak refs: 833

Process memory usage:
Resident Set Size: 96216K (1% of 8166712K total physical memory with 3748K free physical memory)

OOME stack traces (most recent first):
Classloader memory used:
Loader bootstrap                                                                       : 16807K
Loader org.gradle.internal.classloader.VisitableURLClassLoader                         : 10521K
Loader org.gradle.initialization.MixInLegacyTypesClassLoader                           : 883K
Loader jdk.internal.loader.ClassLoaders$AppClassLoader                                 : 235K
Loader jdk.internal.loader.ClassLoaders$PlatformClassLoader                            : 155K
Loader jdk.internal.reflect.DelegatingClassLoader                                      : 38008B

Classes loaded by more than one classloader:
Class org.gradle.internal.classloader.FilteringClassLoader                            : loaded 2 times (x 105B)
Class org.gradle.internal.classloader.ClassLoaderHierarchy                            : loaded 2 times (x 70B)
Class org.gradle.api.internal.classpath.ManifestUtil                                  : loaded 2 times (x 71B)
Class org.gradle.internal.classloader.DefaultClassLoaderFactory                       : loaded 2 times (x 82B)
Class org.gradle.internal.classloader.ClassLoaderVisitor                              : loaded 2 times (x 76B)
Class org.gradle.api.internal.classpath.EffectiveClassPath                            : loaded 2 times (x 90B)
Class org.gradle.api.internal.DefaultClassPathProvider                                : loaded 2 times (x 76B)
Class [Lorg.gradle.api.internal.ClassPathProvider;                                    : loaded 2 times (x 69B)
Class org.gradle.api.internal.ClassPathProvider                                       : loaded 2 times (x 70B)
Class org.gradle.internal.service.UnknownServiceException                             : loaded 2 times (x 83B)
Class org.gradle.internal.classpath.TransformedClassPath                              : loaded 2 times (x 96B)
Class org.gradle.internal.classloader.InstrumentingClassLoader                        : loaded 2 times (x 70B)
Class org.gradle.internal.service.ServiceLocator                                      : loaded 2 times (x 70B)
Class org.gradle.internal.InternalTransformer                                         : loaded 2 times (x 70B)
Class org.gradle.internal.classloader.ClasspathUtil$1                                 : loaded 2 times (x 76B)
Class org.gradle.api.internal.classpath.DefaultModuleRegistry$DefaultModule           : loaded 2 times (x 86B)
Class org.gradle.api.internal.classpath.Module                                        : loaded 2 times (x 70B)
Class org.gradle.api.internal.classpath.UnknownModuleException                        : loaded 2 times (x 82B)
Class org.gradle.api.internal.DefaultClassPathRegistry                                : loaded 2 times (x 76B)
Class org.gradle.api.internal.ClassPathRegistry                                       : loaded 2 times (x 70B)
Class org.gradle.internal.classpath.DefaultClassPath$ImmutableUniqueList              : loaded 2 times (x 199B)
Class org.gradle.internal.classpath.ClassPath                                         : loaded 2 times (x 70B)
Class org.gradle.api.UncheckedIOException                                             : loaded 2 times (x 82B)
Class org.gradle.internal.installation.GradleInstallation$1                           : loaded 2 times (x 75B)
Class org.gradle.api.internal.classpath.ModuleRegistry                                : loaded 2 times (x 70B)
Class org.gradle.api.internal.classpath.DefaultModuleRegistry                         : loaded 2 times (x 86B)
Class org.gradle.internal.service.ServiceLookupException                              : loaded 2 times (x 82B)
Class org.gradle.internal.classloader.ClassLoaderFactory                              : loaded 2 times (x 70B)
Class org.gradle.internal.service.CachingServiceLocator                               : loaded 2 times (x 82B)
Class org.gradle.internal.classloader.ClasspathUtil                                   : loaded 2 times (x 71B)
Class org.gradle.api.specs.Spec                                                       : loaded 2 times (x 70B)
Class org.gradle.internal.classloader.VisitableURLClassLoader$InstrumentingVisitableURLClassLoader: loaded 2 times (x 123B)
Class org.gradle.internal.classloader.VisitableURLClassLoader$Spec                    : loaded 2 times (x 74B)
Class org.gradle.internal.classpath.DefaultClassPath                                  : loaded 2 times (x 90B)
Class org.gradle.internal.classloader.ClassLoaderSpec                                 : loaded 2 times (x 71B)
Class org.gradle.internal.classloader.VisitableURLClassLoader                         : loaded 2 times (x 117B)
Class org.gradle.internal.Cast                                                        : loaded 2 times (x 71B)
Class org.gradle.api.Action                                                           : loaded 2 times (x 70B)
Class org.gradle.internal.classpath.DefaultClassPath$ImmutableUniqueList$Builder      : loaded 2 times (x 75B)
Class org.gradle.api.GradleException                                                  : loaded 2 times (x 82B)
Class org.gradle.internal.IoActions                                                   : loaded 2 times (x 71B)
Class org.gradle.internal.classloader.SystemClassLoaderSpec                           : loaded 2 times (x 71B)
Class org.gradle.api.internal.classpath.GlobalCacheRootsProvider                      : loaded 2 times (x 70B)
Class org.gradle.internal.installation.CurrentGradleInstallationLocator               : loaded 2 times (x 71B)
Class org.gradle.internal.service.DefaultServiceLocator                               : loaded 2 times (x 83B)
Class org.gradle.internal.installation.CurrentGradleInstallation                      : loaded 2 times (x 73B)
Class org.gradle.util.internal.GUtil                                                  : loaded 2 times (x 71B)
Class org.gradle.internal.installation.GradleInstallation                             : loaded 2 times (x 75B)

---------------  S Y S T E M  ---------------

OS:
 Windows 11 , 64 bit Build 26100 (10.0.26100.7705)
OS uptime: 9 days 9:55 hours
Hyper-V role detected

CPU: total 8 (initial active 8) (4 cores per cpu, 2 threads per core) family 6 model 140 stepping 2 microcode 0x16, cx8, cmov, fxsr, ht, mmx, 3dnowpref, sse, sse2, sse3, ssse3, sse4.1, sse4.2, popcnt, lzcnt, tsc, tscinvbit, avx, avx2, aes, erms, clmul, bmi1, bmi2, adx, avx512f, avx512dq, avx512cd, avx512bw, avx512vl, sha, fma, vzeroupper, avx512_vpopcntdq, avx512_vpclmulqdq, avx512_vaes, avx512_vnni, clflush, clflushopt, clwb, avx512_vbmi2, avx512_vbmi, hv, rdtscp, rdpid, fsrm, gfni, avx512_bitalg, f16c, cet_ibt, cet_ss, avx512_ifma
Processor Information for the first 8 processors :
  Max Mhz: 2496, Current Mhz: 2496, Mhz Limit: 2496

Memory: 4k page, system-wide physical 7975M (2M free)
TotalPageFile size 32551M (AvailPageFile size 6M)
current process WorkingSet (physical memory assigned to process): 94M, peak: 165M
current process commit charge ("private bytes"): 210M, peak: 247M

vm_info: OpenJDK 64-Bit Server VM (21.0.8+-14018985-b1038.68) for windows-amd64 JRE (21.0.8+-14018985-b1038.68), built on 2025-08-29T19:56:34Z by "builder" with MS VC++ 16.10 / 16.11 (VS2019)

END.
