#
# There is insufficient memory for the Java Runtime Environment to continue.
# Native memory allocation (malloc) failed to allocate 1746896 bytes. Error detail: Chunk::new
# Possible reasons:
#   The system is out of physical RAM or swap space
#   This process is running with CompressedOops enabled, and the Java Heap may be blocking the growth of the native heap
# Possible solutions:
#   Reduce memory load on the system
#   Increase physical memory or swap space
#   Check if swap backing store is full
#   Decrease Java heap size (-Xmx/-Xms)
#   Decrease number of Java threads
#   Decrease Java thread stack sizes (-Xss)
#   Set larger code cache with -XX:ReservedCodeCacheSize=
#   JVM is running with Unscaled Compressed Oops mode in which the Java heap is
#     placed in the first 4GB address space. The Java Heap base address is the
#     maximum limit for the native heap growth. Please use -XX:HeapBaseMinAddress
#     to set the Java Heap base and to place the Java Heap above 4GB virtual address.
# This output file may be truncated or incomplete.
#
#  Out of Memory Error (arena.cpp:168), pid=35608, tid=32788
#
# JRE version: OpenJDK Runtime Environment (21.0.8) (build 21.0.8+-14018985-b1038.68)
# Java VM: OpenJDK 64-Bit Server VM (21.0.8+-14018985-b1038.68, mixed mode, tiered, compressed oops, compressed class ptrs, g1 gc, windows-amd64)
# No core dump will be written. Minidumps are not enabled by default on client versions of Windows
#

---------------  S U M M A R Y ------------

Command Line: --add-opens=java.base/java.lang=ALL-UNNAMED --add-opens=java.base/java.lang.invoke=ALL-UNNAMED --add-opens=java.base/java.util=ALL-UNNAMED --add-opens=java.prefs/java.util.prefs=ALL-UNNAMED --add-exports=jdk.compiler/com.sun.tools.javac.api=ALL-UNNAMED --add-exports=jdk.compiler/com.sun.tools.javac.util=ALL-UNNAMED --add-opens=java.base/java.util=ALL-UNNAMED --add-opens=java.prefs/java.util.prefs=ALL-UNNAMED --add-opens=java.base/java.nio.charset=ALL-UNNAMED --add-opens=java.base/java.net=ALL-UNNAMED --add-opens=java.base/java.util.concurrent.atomic=ALL-UNNAMED --add-opens=java.xml/javax.xml.namespace=ALL-UNNAMED -Xmx2048m -Dfile.encoding=UTF-8 -Duser.country=FR -Duser.language=fr -Duser.variant -javaagent:E:\androidprojet\gradle\wrapper\wrapper\wrapper\wrapper\dists\gradle-8.13-bin\5xuhj0ry160q40clulazy9h7d\gradle-8.13\lib\agents\gradle-instrumentation-agent-8.13.jar org.gradle.launcher.daemon.bootstrap.GradleDaemon 8.13

Host: 11th Gen Intel(R) Core(TM) i5-1155G7 @ 2.50GHz, 8 cores, 7G,  Windows 11 , 64 bit Build 26100 (10.0.26100.7705)
Time: Sat Feb 28 21:19:43 2026 Maroc elapsed time: 9.462120 seconds (0d 0h 0m 9s)

---------------  T H R E A D  ---------------

Current thread (0x0000017e39575b90):  JavaThread "C2 CompilerThread1" daemon [_thread_in_native, id=32788, stack(0x000000700c700000,0x000000700c800000) (1024K)]


Current CompileTask:
C2:9462 6298   !   4       java.net.URLClassLoader::findClass (47 bytes)

Stack: [0x000000700c700000,0x000000700c800000]
Native frames: (J=compiled Java code, j=interpreted, Vv=VM code, C=native code)
V  [jvm.dll+0x6d68d9]
V  [jvm.dll+0x866693]
V  [jvm.dll+0x868c4e]
V  [jvm.dll+0x869333]
V  [jvm.dll+0x280566]
V  [jvm.dll+0xc07cd]
V  [jvm.dll+0xc0d03]
V  [jvm.dll+0x3b95e1]
V  [jvm.dll+0x385507]
V  [jvm.dll+0x38497a]
V  [jvm.dll+0x249252]
V  [jvm.dll+0x248821]
V  [jvm.dll+0x1c73a4]
V  [jvm.dll+0x257f9e]
V  [jvm.dll+0x2564e6]
V  [jvm.dll+0x3f4696]
V  [jvm.dll+0x80eac8]
V  [jvm.dll+0x6d512d]
C  [ucrtbase.dll+0x37b0]
C  [KERNEL32.DLL+0x2e8d7]
C  [ntdll.dll+0x8c40c]


---------------  P R O C E S S  ---------------

Threads class SMR info:
_java_thread_list=0x0000017e3fddb9d0, length=60, elements={
0x0000017e1f339340, 0x0000017e3911c0c0, 0x0000017e3912aad0, 0x0000017e3912c0a0,
0x0000017e3914c7f0, 0x0000017e3914d250, 0x0000017e3913b720, 0x0000017e3913ccf0,
0x0000017e3913e8d0, 0x0000017e39140380, 0x0000017e39459d00, 0x0000017e39575b90,
0x0000017e3f19eb40, 0x0000017e3f31c8d0, 0x0000017e3f16c400, 0x0000017e3f3dcfc0,
0x0000017e3f2e02c0, 0x0000017e3f393a30, 0x0000017e3f3c8a80, 0x0000017e3f23de20,
0x0000017e3f23d790, 0x0000017e3f23f860, 0x0000017e3f23e4b0, 0x0000017e3f23ca70,
0x0000017e3f23c3e0, 0x0000017e3f23eb40, 0x0000017e3f23f1d0, 0x0000017e40c9c590,
0x0000017e40c9ab50, 0x0000017e40c9b1e0, 0x0000017e40c9cc20, 0x0000017e40c9bf00,
0x0000017e40c9b870, 0x0000017e40c9d2b0, 0x0000017e40c9d940, 0x0000017e40c9a4c0,
0x0000017e40c9dfd0, 0x0000017e40ca0dc0, 0x0000017e40c9fa10, 0x0000017e40ca1ae0,
0x0000017e40c9e660, 0x0000017e41fd2940, 0x0000017e41fd6450, 0x0000017e41fd4a10,
0x0000017e41fd50a0, 0x0000017e41fd2fd0, 0x0000017e41fd5730, 0x0000017e41fd3660,
0x0000017e41fd7170, 0x0000017e41fd6ae0, 0x0000017e41fd3cf0, 0x0000017e41fd4380,
0x0000017e41fd7e90, 0x0000017e41fd98d0, 0x0000017e41fd9f60, 0x0000017e41fd7800,
0x0000017e41fd8520, 0x0000017e41fd9240, 0x0000017e41fd8bb0, 0x0000017e420ace40
}

Java Threads: ( => current thread )
  0x0000017e1f339340 JavaThread "main"                              [_thread_blocked, id=3824, stack(0x000000700b500000,0x000000700b600000) (1024K)]
  0x0000017e3911c0c0 JavaThread "Common-Cleaner"             daemon [_thread_blocked, id=20756, stack(0x000000700bd00000,0x000000700be00000) (1024K)]
  0x0000017e3912aad0 JavaThread "Reference Handler"          daemon [_thread_blocked, id=6796, stack(0x000000700be00000,0x000000700bf00000) (1024K)]
  0x0000017e3912c0a0 JavaThread "Finalizer"                  daemon [_thread_blocked, id=2748, stack(0x000000700bf00000,0x000000700c000000) (1024K)]
  0x0000017e3914c7f0 JavaThread "Signal Dispatcher"          daemon [_thread_blocked, id=27264, stack(0x000000700c000000,0x000000700c100000) (1024K)]
  0x0000017e3914d250 JavaThread "Attach Listener"            daemon [_thread_blocked, id=38024, stack(0x000000700c100000,0x000000700c200000) (1024K)]
  0x0000017e3913b720 JavaThread "Service Thread"             daemon [_thread_blocked, id=29812, stack(0x000000700c200000,0x000000700c300000) (1024K)]
  0x0000017e3913ccf0 JavaThread "Monitor Deflation Thread"   daemon [_thread_blocked, id=39292, stack(0x000000700c300000,0x000000700c400000) (1024K)]
  0x0000017e3913e8d0 JavaThread "C2 CompilerThread0"         daemon [_thread_in_native, id=18664, stack(0x000000700c400000,0x000000700c500000) (1024K)]
  0x0000017e39140380 JavaThread "C1 CompilerThread0"         daemon [_thread_blocked, id=22300, stack(0x000000700c500000,0x000000700c600000) (1024K)]
  0x0000017e39459d00 JavaThread "Notification Thread"        daemon [_thread_blocked, id=39576, stack(0x000000700c600000,0x000000700c700000) (1024K)]
=>0x0000017e39575b90 JavaThread "C2 CompilerThread1"         daemon [_thread_in_native, id=32788, stack(0x000000700c700000,0x000000700c800000) (1024K)]
  0x0000017e3f19eb40 JavaThread "Daemon health stats"               [_thread_blocked, id=24924, stack(0x000000700cc00000,0x000000700cd00000) (1024K)]
  0x0000017e3f31c8d0 JavaThread "Incoming local TCP Connector on port 55126"        [_thread_in_native, id=40412, stack(0x000000700cd00000,0x000000700ce00000) (1024K)]
  0x0000017e3f16c400 JavaThread "Daemon periodic checks"            [_thread_blocked, id=33192, stack(0x000000700ce00000,0x000000700cf00000) (1024K)]
  0x0000017e3f3dcfc0 JavaThread "Daemon"                            [_thread_blocked, id=38860, stack(0x000000700cf00000,0x000000700d000000) (1024K)]
  0x0000017e3f2e02c0 JavaThread "Handler for socket connection from /127.0.0.1:55126 to /127.0.0.1:55127"        [_thread_in_native, id=35756, stack(0x000000700d000000,0x000000700d100000) (1024K)]
  0x0000017e3f393a30 JavaThread "Cancel handler"                    [_thread_blocked, id=31948, stack(0x000000700d400000,0x000000700d500000) (1024K)]
  0x0000017e3f3c8a80 JavaThread "Daemon worker"                     [_thread_in_vm, id=33772, stack(0x000000700d500000,0x000000700d600000) (1024K)]
  0x0000017e3f23de20 JavaThread "Asynchronous log dispatcher for DefaultDaemonConnection: socket connection from /127.0.0.1:55126 to /127.0.0.1:55127"        [_thread_blocked, id=42848, stack(0x000000700d700000,0x000000700d800000) (1024K)]
  0x0000017e3f23d790 JavaThread "Stdin handler"                     [_thread_blocked, id=41400, stack(0x000000700d800000,0x000000700d900000) (1024K)]
  0x0000017e3f23f860 JavaThread "Daemon client event forwarder"        [_thread_blocked, id=24312, stack(0x000000700d900000,0x000000700da00000) (1024K)]
  0x0000017e3f23e4b0 JavaThread "Cache worker for journal cache (E:\androidprojet\gradle\wrapper\wrapper\wrapper\caches\journal-1)"        [_thread_blocked, id=43864, stack(0x000000700da00000,0x000000700db00000) (1024K)]
  0x0000017e3f23ca70 JavaThread "File lock request listener"        [_thread_in_native, id=15688, stack(0x000000700db00000,0x000000700dc00000) (1024K)]
  0x0000017e3f23c3e0 JavaThread "Cache worker for file hash cache (E:\androidprojet\gradle\wrapper\wrapper\wrapper\caches\8.13\fileHashes)"        [_thread_blocked, id=21492, stack(0x000000700dc00000,0x000000700dd00000) (1024K)]
  0x0000017e3f23eb40 JavaThread "Cache worker for file hash cache (E:\finally10\.gradle\8.13\fileHashes)"        [_thread_blocked, id=37608, stack(0x000000700dd00000,0x000000700de00000) (1024K)]
  0x0000017e3f23f1d0 JavaThread "Cache worker for Build Output Cleanup Cache (E:\finally10\.gradle\buildOutputCleanup)"        [_thread_blocked, id=32160, stack(0x000000700de00000,0x000000700df00000) (1024K)]
  0x0000017e40c9c590 JavaThread "File watcher server"        daemon [_thread_in_native, id=25336, stack(0x000000700df00000,0x000000700e000000) (1024K)]
  0x0000017e40c9ab50 JavaThread "File watcher consumer"      daemon [_thread_blocked, id=33556, stack(0x000000700e000000,0x000000700e100000) (1024K)]
  0x0000017e40c9b1e0 JavaThread "jar transforms"                    [_thread_blocked, id=41516, stack(0x000000700e100000,0x000000700e200000) (1024K)]
  0x0000017e40c9cc20 JavaThread "jar transforms Thread 2"           [_thread_blocked, id=30692, stack(0x000000700e200000,0x000000700e300000) (1024K)]
  0x0000017e40c9bf00 JavaThread "jar transforms Thread 3"           [_thread_blocked, id=17264, stack(0x000000700e300000,0x000000700e400000) (1024K)]
  0x0000017e40c9b870 JavaThread "jar transforms Thread 4"           [_thread_blocked, id=11304, stack(0x000000700e400000,0x000000700e500000) (1024K)]
  0x0000017e40c9d2b0 JavaThread "jar transforms Thread 5"           [_thread_blocked, id=19232, stack(0x000000700e500000,0x000000700e600000) (1024K)]
  0x0000017e40c9d940 JavaThread "jar transforms Thread 6"           [_thread_blocked, id=18252, stack(0x000000700e600000,0x000000700e700000) (1024K)]
  0x0000017e40c9a4c0 JavaThread "jar transforms Thread 7"           [_thread_blocked, id=28124, stack(0x000000700e700000,0x000000700e800000) (1024K)]
  0x0000017e40c9dfd0 JavaThread "jar transforms Thread 8"           [_thread_blocked, id=16640, stack(0x000000700e800000,0x000000700e900000) (1024K)]
  0x0000017e40ca0dc0 JavaThread "Cache worker for checksums cache (E:\finally10\.gradle\8.13\checksums)"        [_thread_blocked, id=39696, stack(0x000000700e900000,0x000000700ea00000) (1024K)]
  0x0000017e40c9fa10 JavaThread "Cache worker for file content cache (E:\androidprojet\gradle\wrapper\wrapper\wrapper\caches\8.13\fileContent)"        [_thread_blocked, id=2648, stack(0x000000700ea00000,0x000000700eb00000) (1024K)]
  0x0000017e40ca1ae0 JavaThread "Cache worker for cache directory md-supplier (E:\androidprojet\gradle\wrapper\wrapper\wrapper\caches\8.13\md-supplier)"        [_thread_blocked, id=42024, stack(0x000000700eb00000,0x000000700ec00000) (1024K)]
  0x0000017e40c9e660 JavaThread "Cache worker for cache directory md-rule (E:\androidprojet\gradle\wrapper\wrapper\wrapper\caches\8.13\md-rule)"        [_thread_blocked, id=11860, stack(0x000000700ec00000,0x000000700ed00000) (1024K)]
  0x0000017e41fd2940 JavaThread "Unconstrained build operations"        [_thread_blocked, id=15096, stack(0x000000700ed00000,0x000000700ee00000) (1024K)]
  0x0000017e41fd6450 JavaThread "Unconstrained build operations Thread 2"        [_thread_blocked, id=22220, stack(0x000000700ee00000,0x000000700ef00000) (1024K)]
  0x0000017e41fd4a10 JavaThread "Unconstrained build operations Thread 3"        [_thread_blocked, id=32868, stack(0x000000700ef00000,0x000000700f000000) (1024K)]
  0x0000017e41fd50a0 JavaThread "Unconstrained build operations Thread 4"        [_thread_blocked, id=23428, stack(0x000000700f000000,0x000000700f100000) (1024K)]
  0x0000017e41fd2fd0 JavaThread "Unconstrained build operations Thread 5"        [_thread_blocked, id=14060, stack(0x000000700f100000,0x000000700f200000) (1024K)]
  0x0000017e41fd5730 JavaThread "Unconstrained build operations Thread 6"        [_thread_blocked, id=43752, stack(0x000000700f200000,0x000000700f300000) (1024K)]
  0x0000017e41fd3660 JavaThread "Unconstrained build operations Thread 7"        [_thread_blocked, id=17236, stack(0x000000700f300000,0x000000700f400000) (1024K)]
  0x0000017e41fd7170 JavaThread "Unconstrained build operations Thread 8"        [_thread_blocked, id=37020, stack(0x000000700f400000,0x000000700f500000) (1024K)]
  0x0000017e41fd6ae0 JavaThread "Unconstrained build operations Thread 9"        [_thread_blocked, id=16964, stack(0x000000700f500000,0x000000700f600000) (1024K)]
  0x0000017e41fd3cf0 JavaThread "Unconstrained build operations Thread 10"        [_thread_blocked, id=3588, stack(0x000000700f600000,0x000000700f700000) (1024K)]
  0x0000017e41fd4380 JavaThread "Unconstrained build operations Thread 11"        [_thread_blocked, id=43188, stack(0x000000700f700000,0x000000700f800000) (1024K)]
  0x0000017e41fd7e90 JavaThread "Unconstrained build operations Thread 12"        [_thread_blocked, id=43736, stack(0x000000700f800000,0x000000700f900000) (1024K)]
  0x0000017e41fd98d0 JavaThread "Unconstrained build operations Thread 13"        [_thread_blocked, id=43848, stack(0x000000700f900000,0x000000700fa00000) (1024K)]
  0x0000017e41fd9f60 JavaThread "Unconstrained build operations Thread 14"        [_thread_blocked, id=30944, stack(0x000000700fa00000,0x000000700fb00000) (1024K)]
  0x0000017e41fd7800 JavaThread "Unconstrained build operations Thread 15"        [_thread_blocked, id=10220, stack(0x000000700fb00000,0x000000700fc00000) (1024K)]
  0x0000017e41fd8520 JavaThread "Unconstrained build operations Thread 16"        [_thread_blocked, id=20456, stack(0x000000700fc00000,0x000000700fd00000) (1024K)]
  0x0000017e41fd9240 JavaThread "Unconstrained build operations Thread 17"        [_thread_blocked, id=34536, stack(0x000000700fd00000,0x000000700fe00000) (1024K)]
  0x0000017e41fd8bb0 JavaThread "Unconstrained build operations Thread 18"        [_thread_blocked, id=34292, stack(0x000000700fe00000,0x000000700ff00000) (1024K)]
  0x0000017e420ace40 JavaThread "C2 CompilerThread2"         daemon [_thread_in_native, id=33492, stack(0x000000700ff00000,0x0000007010000000) (1024K)]
Total: 60

Other Threads:
  0x0000017e390cc5d0 VMThread "VM Thread"                           [id=43760, stack(0x000000700bc00000,0x000000700bd00000) (1024K)]
  0x0000017e38ad8e80 WatcherThread "VM Periodic Task Thread"        [id=36724, stack(0x000000700bb00000,0x000000700bc00000) (1024K)]
  0x0000017e218c7f40 WorkerThread "GC Thread#0"                     [id=36260, stack(0x000000700b600000,0x000000700b700000) (1024K)]
  0x0000017e395d8a40 WorkerThread "GC Thread#1"                     [id=18264, stack(0x000000700c800000,0x000000700c900000) (1024K)]
  0x0000017e395d8de0 WorkerThread "GC Thread#2"                     [id=38220, stack(0x000000700c900000,0x000000700ca00000) (1024K)]
  0x0000017e3e973230 WorkerThread "GC Thread#3"                     [id=33140, stack(0x000000700ca00000,0x000000700cb00000) (1024K)]
  0x0000017e3e86ab70 WorkerThread "GC Thread#4"                     [id=12044, stack(0x000000700cb00000,0x000000700cc00000) (1024K)]
  0x0000017e3f2ec2f0 WorkerThread "GC Thread#5"                     [id=18468, stack(0x000000700d100000,0x000000700d200000) (1024K)]
  0x0000017e3f2ec690 WorkerThread "GC Thread#6"                     [id=19164, stack(0x000000700d200000,0x000000700d300000) (1024K)]
  0x0000017e3f0b5940 WorkerThread "GC Thread#7"                     [id=25392, stack(0x000000700d300000,0x000000700d400000) (1024K)]
  0x0000017e218d8e30 ConcurrentGCThread "G1 Main Marker"            [id=19824, stack(0x000000700b700000,0x000000700b800000) (1024K)]
  0x0000017e218da680 WorkerThread "G1 Conc#0"                       [id=3480, stack(0x000000700b800000,0x000000700b900000) (1024K)]
  0x0000017e3f0b4ac0 WorkerThread "G1 Conc#1"                       [id=35404, stack(0x000000700d600000,0x000000700d700000) (1024K)]
  0x0000017e2192e190 ConcurrentGCThread "G1 Refine#0"               [id=25544, stack(0x000000700b900000,0x000000700ba00000) (1024K)]
  0x0000017e2192eab0 ConcurrentGCThread "G1 Service"                [id=28872, stack(0x000000700ba00000,0x000000700bb00000) (1024K)]
Total: 15

Threads with active compile tasks:
C2 CompilerThread0  9472 6338       4       java.lang.System$2::join (11 bytes)
C2 CompilerThread1  9472 6298   !   4       java.net.URLClassLoader::findClass (47 bytes)
C2 CompilerThread2  9472 6319   !   4       java.net.URLClassLoader$1::run (81 bytes)
Total: 3

VM state: not at safepoint (normal execution)

VM Mutex/Monitor currently owned by a thread: None

Heap address: 0x0000000080000000, size: 2048 MB, Compressed Oops mode: 32-bit

CDS archive(s) not mapped
Compressed class space mapped at: 0x0000000100000000-0x0000000140000000, reserved size: 1073741824
Narrow klass base: 0x0000000000000000, Narrow klass shift: 3, Narrow klass range: 0x140000000

GC Precious Log:
 CardTable entry size: 512
 Card Set container configuration: InlinePtr #cards 5 size 8 Array Of Cards #cards 12 size 40 Howl #buckets 4 coarsen threshold 1843 Howl Bitmap #cards 512 size 80 coarsen threshold 460 Card regions per heap region 1 cards per card region 2048
 CPUs: 8 total, 8 available
 Memory: 7975M
 Large Page Support: Disabled
 NUMA Support: Disabled
 Compressed Oops: Enabled (32-bit)
 Heap Region Size: 1M
 Heap Min Capacity: 8M
 Heap Initial Capacity: 126M
 Heap Max Capacity: 2G
 Pre-touch: Disabled
 Parallel Workers: 8
 Concurrent Workers: 2
 Concurrent Refinement Workers: 8
 Periodic GC: Disabled

Heap:
 garbage-first heap   total 157696K, used 133091K [0x0000000080000000, 0x0000000100000000)
  region size 1024K, 42 young (43008K), 3 survivors (3072K)
 Metaspace       used 66591K, committed 68288K, reserved 1114112K
  class space    used 9427K, committed 10240K, reserved 1048576K

Heap Regions: E=young(eden), S=young(survivor), O=old, HS=humongous(starts), HC=humongous(continues), CS=collection set, F=free, TAMS=top-at-mark-start, PB=parsable bottom
|   0|0x0000000080000000, 0x0000000080100000, 0x0000000080100000|100%|HS|  |TAMS 0x0000000080000000| PB 0x0000000080000000| Complete 
|   1|0x0000000080100000, 0x0000000080200000, 0x0000000080200000|100%|HC|  |TAMS 0x0000000080100000| PB 0x0000000080100000| Complete 
|   2|0x0000000080200000, 0x0000000080300000, 0x0000000080300000|100%|HC|  |TAMS 0x0000000080200000| PB 0x0000000080200000| Complete 
|   3|0x0000000080300000, 0x0000000080400000, 0x0000000080400000|100%| O|  |TAMS 0x0000000080300000| PB 0x0000000080300000| Untracked 
|   4|0x0000000080400000, 0x0000000080500000, 0x0000000080500000|100%| O|  |TAMS 0x0000000080400000| PB 0x0000000080400000| Untracked 
|   5|0x0000000080500000, 0x0000000080600000, 0x0000000080600000|100%| O|  |TAMS 0x0000000080500000| PB 0x0000000080500000| Untracked 
|   6|0x0000000080600000, 0x0000000080700000, 0x0000000080700000|100%|HS|  |TAMS 0x0000000080600000| PB 0x0000000080600000| Complete 
|   7|0x0000000080700000, 0x0000000080800000, 0x0000000080800000|100%| O|  |TAMS 0x0000000080700000| PB 0x0000000080700000| Untracked 
|   8|0x0000000080800000, 0x0000000080900000, 0x0000000080900000|100%| O|  |TAMS 0x0000000080800000| PB 0x0000000080800000| Untracked 
|   9|0x0000000080900000, 0x0000000080a00000, 0x0000000080a00000|100%| O|  |TAMS 0x0000000080900000| PB 0x0000000080900000| Untracked 
|  10|0x0000000080a00000, 0x0000000080b00000, 0x0000000080b00000|100%| O|  |TAMS 0x0000000080a00000| PB 0x0000000080a00000| Untracked 
|  11|0x0000000080b00000, 0x0000000080c00000, 0x0000000080c00000|100%| O|  |TAMS 0x0000000080b00000| PB 0x0000000080b00000| Untracked 
|  12|0x0000000080c00000, 0x0000000080d00000, 0x0000000080d00000|100%| O|  |TAMS 0x0000000080c00000| PB 0x0000000080c00000| Untracked 
|  13|0x0000000080d00000, 0x0000000080e00000, 0x0000000080e00000|100%| O|  |TAMS 0x0000000080d00000| PB 0x0000000080d00000| Untracked 
|  14|0x0000000080e00000, 0x0000000080f00000, 0x0000000080f00000|100%| O|  |TAMS 0x0000000080e00000| PB 0x0000000080e00000| Untracked 
|  15|0x0000000080f00000, 0x0000000081000000, 0x0000000081000000|100%| O|  |TAMS 0x0000000080f00000| PB 0x0000000080f00000| Untracked 
|  16|0x0000000081000000, 0x0000000081100000, 0x0000000081100000|100%| O|  |TAMS 0x0000000081000000| PB 0x0000000081000000| Untracked 
|  17|0x0000000081100000, 0x0000000081200000, 0x0000000081200000|100%| O|  |TAMS 0x0000000081100000| PB 0x0000000081100000| Untracked 
|  18|0x0000000081200000, 0x0000000081300000, 0x0000000081300000|100%| O|  |TAMS 0x0000000081200000| PB 0x0000000081200000| Untracked 
|  19|0x0000000081300000, 0x0000000081400000, 0x0000000081400000|100%| O|  |TAMS 0x0000000081300000| PB 0x0000000081300000| Untracked 
|  20|0x0000000081400000, 0x0000000081500000, 0x0000000081500000|100%| O|  |TAMS 0x0000000081400000| PB 0x0000000081400000| Untracked 
|  21|0x0000000081500000, 0x0000000081600000, 0x0000000081600000|100%| O|  |TAMS 0x0000000081500000| PB 0x0000000081500000| Untracked 
|  22|0x0000000081600000, 0x0000000081700000, 0x0000000081700000|100%| O|  |TAMS 0x0000000081600000| PB 0x0000000081600000| Untracked 
|  23|0x0000000081700000, 0x0000000081800000, 0x0000000081800000|100%| O|  |TAMS 0x0000000081700000| PB 0x0000000081700000| Untracked 
|  24|0x0000000081800000, 0x0000000081900000, 0x0000000081900000|100%| O|  |TAMS 0x0000000081800000| PB 0x0000000081800000| Untracked 
|  25|0x0000000081900000, 0x0000000081a00000, 0x0000000081a00000|100%|HS|  |TAMS 0x0000000081900000| PB 0x0000000081900000| Complete 
|  26|0x0000000081a00000, 0x0000000081b00000, 0x0000000081b00000|100%|HC|  |TAMS 0x0000000081a00000| PB 0x0000000081a00000| Complete 
|  27|0x0000000081b00000, 0x0000000081c00000, 0x0000000081c00000|100%|HC|  |TAMS 0x0000000081b00000| PB 0x0000000081b00000| Complete 
|  28|0x0000000081c00000, 0x0000000081d00000, 0x0000000081d00000|100%|HC|  |TAMS 0x0000000081c00000| PB 0x0000000081c00000| Complete 
|  29|0x0000000081d00000, 0x0000000081e00000, 0x0000000081e00000|100%|HC|  |TAMS 0x0000000081d00000| PB 0x0000000081d00000| Complete 
|  30|0x0000000081e00000, 0x0000000081f00000, 0x0000000081f00000|100%|HC|  |TAMS 0x0000000081e00000| PB 0x0000000081e00000| Complete 
|  31|0x0000000081f00000, 0x0000000082000000, 0x0000000082000000|100%|HS|  |TAMS 0x0000000081f00000| PB 0x0000000081f00000| Complete 
|  32|0x0000000082000000, 0x0000000082100000, 0x0000000082100000|100%|HS|  |TAMS 0x0000000082000000| PB 0x0000000082000000| Complete 
|  33|0x0000000082100000, 0x0000000082200000, 0x0000000082200000|100%|HC|  |TAMS 0x0000000082100000| PB 0x0000000082100000| Complete 
|  34|0x0000000082200000, 0x0000000082300000, 0x0000000082300000|100%|HC|  |TAMS 0x0000000082200000| PB 0x0000000082200000| Complete 
|  35|0x0000000082300000, 0x0000000082400000, 0x0000000082400000|100%|HC|  |TAMS 0x0000000082300000| PB 0x0000000082300000| Complete 
|  36|0x0000000082400000, 0x0000000082500000, 0x0000000082500000|100%|HS|  |TAMS 0x0000000082400000| PB 0x0000000082400000| Complete 
|  37|0x0000000082500000, 0x0000000082600000, 0x0000000082600000|100%|HC|  |TAMS 0x0000000082500000| PB 0x0000000082500000| Complete 
|  38|0x0000000082600000, 0x0000000082700000, 0x0000000082700000|100%|HS|  |TAMS 0x0000000082600000| PB 0x0000000082600000| Complete 
|  39|0x0000000082700000, 0x0000000082800000, 0x0000000082800000|100%|HS|  |TAMS 0x0000000082700000| PB 0x0000000082700000| Complete 
|  40|0x0000000082800000, 0x0000000082900000, 0x0000000082900000|100%|HC|  |TAMS 0x0000000082800000| PB 0x0000000082800000| Complete 
|  41|0x0000000082900000, 0x0000000082a00000, 0x0000000082a00000|100%|HC|  |TAMS 0x0000000082900000| PB 0x0000000082900000| Complete 
|  42|0x0000000082a00000, 0x0000000082b00000, 0x0000000082b00000|100%|HC|  |TAMS 0x0000000082a00000| PB 0x0000000082a00000| Complete 
|  43|0x0000000082b00000, 0x0000000082c00000, 0x0000000082c00000|100%|HC|  |TAMS 0x0000000082b00000| PB 0x0000000082b00000| Complete 
|  44|0x0000000082c00000, 0x0000000082d00000, 0x0000000082d00000|100%|HC|  |TAMS 0x0000000082c00000| PB 0x0000000082c00000| Complete 
|  45|0x0000000082d00000, 0x0000000082e00000, 0x0000000082e00000|100%|HS|  |TAMS 0x0000000082d00000| PB 0x0000000082d00000| Complete 
|  46|0x0000000082e00000, 0x0000000082f00000, 0x0000000082f00000|100%|HS|  |TAMS 0x0000000082e00000| PB 0x0000000082e00000| Complete 
|  47|0x0000000082f00000, 0x0000000083000000, 0x0000000083000000|100%|HC|  |TAMS 0x0000000082f00000| PB 0x0000000082f00000| Complete 
|  48|0x0000000083000000, 0x0000000083100000, 0x0000000083100000|100%|HC|  |TAMS 0x0000000083000000| PB 0x0000000083000000| Complete 
|  49|0x0000000083100000, 0x0000000083200000, 0x0000000083200000|100%|HC|  |TAMS 0x0000000083100000| PB 0x0000000083100000| Complete 
|  50|0x0000000083200000, 0x0000000083300000, 0x0000000083300000|100%| O|  |TAMS 0x0000000083200000| PB 0x0000000083200000| Untracked 
|  51|0x0000000083300000, 0x0000000083400000, 0x0000000083400000|100%| O|  |TAMS 0x0000000083300000| PB 0x0000000083300000| Untracked 
|  52|0x0000000083400000, 0x0000000083500000, 0x0000000083500000|100%| O|  |TAMS 0x0000000083400000| PB 0x0000000083400000| Untracked 
|  53|0x0000000083500000, 0x0000000083600000, 0x0000000083600000|100%|HS|  |TAMS 0x0000000083500000| PB 0x0000000083500000| Complete 
|  54|0x0000000083600000, 0x0000000083700000, 0x0000000083700000|100%|HC|  |TAMS 0x0000000083600000| PB 0x0000000083600000| Complete 
|  55|0x0000000083700000, 0x0000000083800000, 0x0000000083800000|100%| O|  |TAMS 0x0000000083700000| PB 0x0000000083700000| Untracked 
|  56|0x0000000083800000, 0x0000000083900000, 0x0000000083900000|100%| O|  |TAMS 0x0000000083800000| PB 0x0000000083800000| Untracked 
|  57|0x0000000083900000, 0x0000000083a00000, 0x0000000083a00000|100%| O|  |TAMS 0x0000000083900000| PB 0x0000000083900000| Untracked 
|  58|0x0000000083a00000, 0x0000000083b00000, 0x0000000083b00000|100%| O|  |TAMS 0x0000000083a00000| PB 0x0000000083a00000| Untracked 
|  59|0x0000000083b00000, 0x0000000083c00000, 0x0000000083c00000|100%| O|  |TAMS 0x0000000083b00000| PB 0x0000000083b00000| Untracked 
|  60|0x0000000083c00000, 0x0000000083d00000, 0x0000000083d00000|100%| O|  |TAMS 0x0000000083c00000| PB 0x0000000083c00000| Untracked 
|  61|0x0000000083d00000, 0x0000000083e00000, 0x0000000083e00000|100%| O|  |TAMS 0x0000000083d00000| PB 0x0000000083d00000| Untracked 
|  62|0x0000000083e00000, 0x0000000083f00000, 0x0000000083f00000|100%| O|  |TAMS 0x0000000083e00000| PB 0x0000000083e00000| Untracked 
|  63|0x0000000083f00000, 0x0000000084000000, 0x0000000084000000|100%| O|  |TAMS 0x0000000083f00000| PB 0x0000000083f00000| Untracked 
|  64|0x0000000084000000, 0x0000000084100000, 0x0000000084100000|100%|HS|  |TAMS 0x0000000084000000| PB 0x0000000084000000| Complete 
|  65|0x0000000084100000, 0x0000000084200000, 0x0000000084200000|100%|HC|  |TAMS 0x0000000084100000| PB 0x0000000084100000| Complete 
|  66|0x0000000084200000, 0x0000000084300000, 0x0000000084300000|100%|HS|  |TAMS 0x0000000084200000| PB 0x0000000084200000| Complete 
|  67|0x0000000084300000, 0x0000000084400000, 0x0000000084400000|100%|HS|  |TAMS 0x0000000084300000| PB 0x0000000084300000| Complete 
|  68|0x0000000084400000, 0x0000000084500000, 0x0000000084500000|100%|HS|  |TAMS 0x0000000084400000| PB 0x0000000084400000| Complete 
|  69|0x0000000084500000, 0x0000000084600000, 0x0000000084600000|100%| O|  |TAMS 0x0000000084500000| PB 0x0000000084500000| Untracked 
|  70|0x0000000084600000, 0x0000000084600000, 0x0000000084700000|  0%| F|  |TAMS 0x0000000084600000| PB 0x0000000084600000| Untracked 
|  71|0x0000000084700000, 0x0000000084800000, 0x0000000084800000|100%|HS|  |TAMS 0x0000000084700000| PB 0x0000000084700000| Complete 
|  72|0x0000000084800000, 0x0000000084900000, 0x0000000084900000|100%|HC|  |TAMS 0x0000000084800000| PB 0x0000000084800000| Complete 
|  73|0x0000000084900000, 0x0000000084a00000, 0x0000000084a00000|100%|HC|  |TAMS 0x0000000084900000| PB 0x0000000084900000| Complete 
|  74|0x0000000084a00000, 0x0000000084b00000, 0x0000000084b00000|100%|HC|  |TAMS 0x0000000084a00000| PB 0x0000000084a00000| Complete 
|  75|0x0000000084b00000, 0x0000000084c00000, 0x0000000084c00000|100%|HC|  |TAMS 0x0000000084b00000| PB 0x0000000084b00000| Complete 
|  76|0x0000000084c00000, 0x0000000084d00000, 0x0000000084d00000|100%|HC|  |TAMS 0x0000000084c00000| PB 0x0000000084c00000| Complete 
|  77|0x0000000084d00000, 0x0000000084e00000, 0x0000000084e00000|100%|HS|  |TAMS 0x0000000084d00000| PB 0x0000000084d00000| Complete 
|  78|0x0000000084e00000, 0x0000000084f00000, 0x0000000084f00000|100%|HC|  |TAMS 0x0000000084e00000| PB 0x0000000084e00000| Complete 
|  79|0x0000000084f00000, 0x0000000085000000, 0x0000000085000000|100%|HC|  |TAMS 0x0000000084f00000| PB 0x0000000084f00000| Complete 
|  80|0x0000000085000000, 0x0000000085100000, 0x0000000085100000|100%|HC|  |TAMS 0x0000000085000000| PB 0x0000000085000000| Complete 
|  81|0x0000000085100000, 0x0000000085200000, 0x0000000085200000|100%|HC|  |TAMS 0x0000000085100000| PB 0x0000000085100000| Complete 
|  82|0x0000000085200000, 0x0000000085300000, 0x0000000085300000|100%|HC|  |TAMS 0x0000000085200000| PB 0x0000000085200000| Complete 
|  83|0x0000000085300000, 0x0000000085400000, 0x0000000085400000|100%| O|  |TAMS 0x0000000085300000| PB 0x0000000085300000| Untracked 
|  84|0x0000000085400000, 0x0000000085500000, 0x0000000085500000|100%| O|  |TAMS 0x0000000085400000| PB 0x0000000085400000| Untracked 
|  85|0x0000000085500000, 0x0000000085600000, 0x0000000085600000|100%| O|  |TAMS 0x0000000085500000| PB 0x0000000085500000| Untracked 
|  86|0x0000000085600000, 0x0000000085700000, 0x0000000085700000|100%| O|  |TAMS 0x0000000085600000| PB 0x0000000085600000| Untracked 
|  87|0x0000000085700000, 0x0000000085800000, 0x0000000085800000|100%| O|  |TAMS 0x0000000085700000| PB 0x0000000085700000| Untracked 
|  88|0x0000000085800000, 0x000000008589c040, 0x0000000085900000| 60%| O|  |TAMS 0x0000000085800000| PB 0x0000000085800000| Untracked 
|  89|0x0000000085900000, 0x0000000085900000, 0x0000000085a00000|  0%| F|  |TAMS 0x0000000085900000| PB 0x0000000085900000| Untracked 
|  90|0x0000000085a00000, 0x0000000085a00000, 0x0000000085b00000|  0%| F|  |TAMS 0x0000000085a00000| PB 0x0000000085a00000| Untracked 
|  91|0x0000000085b00000, 0x0000000085b00000, 0x0000000085c00000|  0%| F|  |TAMS 0x0000000085b00000| PB 0x0000000085b00000| Untracked 
|  92|0x0000000085c00000, 0x0000000085c5cc20, 0x0000000085d00000| 36%| S|CS|TAMS 0x0000000085c00000| PB 0x0000000085c00000| Complete 
|  93|0x0000000085d00000, 0x0000000085e00000, 0x0000000085e00000|100%| S|CS|TAMS 0x0000000085d00000| PB 0x0000000085d00000| Complete 
|  94|0x0000000085e00000, 0x0000000085f00000, 0x0000000085f00000|100%| S|CS|TAMS 0x0000000085e00000| PB 0x0000000085e00000| Complete 
|  95|0x0000000085f00000, 0x0000000085f00000, 0x0000000086000000|  0%| F|  |TAMS 0x0000000085f00000| PB 0x0000000085f00000| Untracked 
|  96|0x0000000086000000, 0x0000000086000000, 0x0000000086100000|  0%| F|  |TAMS 0x0000000086000000| PB 0x0000000086000000| Untracked 
|  97|0x0000000086100000, 0x0000000086100000, 0x0000000086200000|  0%| F|  |TAMS 0x0000000086100000| PB 0x0000000086100000| Untracked 
|  98|0x0000000086200000, 0x0000000086200000, 0x0000000086300000|  0%| F|  |TAMS 0x0000000086200000| PB 0x0000000086200000| Untracked 
|  99|0x0000000086300000, 0x0000000086300000, 0x0000000086400000|  0%| F|  |TAMS 0x0000000086300000| PB 0x0000000086300000| Untracked 
| 100|0x0000000086400000, 0x0000000086400000, 0x0000000086500000|  0%| F|  |TAMS 0x0000000086400000| PB 0x0000000086400000| Untracked 
| 101|0x0000000086500000, 0x0000000086500000, 0x0000000086600000|  0%| F|  |TAMS 0x0000000086500000| PB 0x0000000086500000| Untracked 
| 102|0x0000000086600000, 0x0000000086600000, 0x0000000086700000|  0%| F|  |TAMS 0x0000000086600000| PB 0x0000000086600000| Untracked 
| 103|0x0000000086700000, 0x0000000086700000, 0x0000000086800000|  0%| F|  |TAMS 0x0000000086700000| PB 0x0000000086700000| Untracked 
| 104|0x0000000086800000, 0x0000000086800000, 0x0000000086900000|  0%| F|  |TAMS 0x0000000086800000| PB 0x0000000086800000| Untracked 
| 105|0x0000000086900000, 0x0000000086900000, 0x0000000086a00000|  0%| F|  |TAMS 0x0000000086900000| PB 0x0000000086900000| Untracked 
| 106|0x0000000086a00000, 0x0000000086a00000, 0x0000000086b00000|  0%| F|  |TAMS 0x0000000086a00000| PB 0x0000000086a00000| Untracked 
| 107|0x0000000086b00000, 0x0000000086b00000, 0x0000000086c00000|  0%| F|  |TAMS 0x0000000086b00000| PB 0x0000000086b00000| Untracked 
| 108|0x0000000086c00000, 0x0000000086c00000, 0x0000000086d00000|  0%| F|  |TAMS 0x0000000086c00000| PB 0x0000000086c00000| Untracked 
| 109|0x0000000086d00000, 0x0000000086d00000, 0x0000000086e00000|  0%| F|  |TAMS 0x0000000086d00000| PB 0x0000000086d00000| Untracked 
| 110|0x0000000086e00000, 0x0000000086e00000, 0x0000000086f00000|  0%| F|  |TAMS 0x0000000086e00000| PB 0x0000000086e00000| Untracked 
| 111|0x0000000086f00000, 0x0000000086f00000, 0x0000000087000000|  0%| F|  |TAMS 0x0000000086f00000| PB 0x0000000086f00000| Untracked 
| 112|0x0000000087000000, 0x0000000087000000, 0x0000000087100000|  0%| F|  |TAMS 0x0000000087000000| PB 0x0000000087000000| Untracked 
| 113|0x0000000087100000, 0x0000000087180000, 0x0000000087200000| 50%| E|  |TAMS 0x0000000087100000| PB 0x0000000087100000| Complete 
| 114|0x0000000087200000, 0x0000000087300000, 0x0000000087300000|100%| E|CS|TAMS 0x0000000087200000| PB 0x0000000087200000| Complete 
| 115|0x0000000087300000, 0x0000000087400000, 0x0000000087400000|100%| E|CS|TAMS 0x0000000087300000| PB 0x0000000087300000| Complete 
| 116|0x0000000087400000, 0x0000000087500000, 0x0000000087500000|100%| E|CS|TAMS 0x0000000087400000| PB 0x0000000087400000| Complete 
| 117|0x0000000087500000, 0x0000000087600000, 0x0000000087600000|100%| E|CS|TAMS 0x0000000087500000| PB 0x0000000087500000| Complete 
| 118|0x0000000087600000, 0x0000000087700000, 0x0000000087700000|100%| E|CS|TAMS 0x0000000087600000| PB 0x0000000087600000| Complete 
| 119|0x0000000087700000, 0x0000000087800000, 0x0000000087800000|100%| E|CS|TAMS 0x0000000087700000| PB 0x0000000087700000| Complete 
| 120|0x0000000087800000, 0x0000000087900000, 0x0000000087900000|100%| E|CS|TAMS 0x0000000087800000| PB 0x0000000087800000| Complete 
| 121|0x0000000087900000, 0x0000000087a00000, 0x0000000087a00000|100%| E|CS|TAMS 0x0000000087900000| PB 0x0000000087900000| Complete 
| 122|0x0000000087a00000, 0x0000000087b00000, 0x0000000087b00000|100%| E|CS|TAMS 0x0000000087a00000| PB 0x0000000087a00000| Complete 
| 123|0x0000000087b00000, 0x0000000087c00000, 0x0000000087c00000|100%| E|CS|TAMS 0x0000000087b00000| PB 0x0000000087b00000| Complete 
| 124|0x0000000087c00000, 0x0000000087d00000, 0x0000000087d00000|100%| E|CS|TAMS 0x0000000087c00000| PB 0x0000000087c00000| Complete 
| 125|0x0000000087d00000, 0x0000000087e00000, 0x0000000087e00000|100%| E|CS|TAMS 0x0000000087d00000| PB 0x0000000087d00000| Complete 
| 126|0x0000000087e00000, 0x0000000087f00000, 0x0000000087f00000|100%| E|CS|TAMS 0x0000000087e00000| PB 0x0000000087e00000| Complete 
| 127|0x0000000087f00000, 0x0000000088000000, 0x0000000088000000|100%| E|CS|TAMS 0x0000000087f00000| PB 0x0000000087f00000| Complete 
| 128|0x0000000088000000, 0x0000000088100000, 0x0000000088100000|100%| E|CS|TAMS 0x0000000088000000| PB 0x0000000088000000| Complete 
| 129|0x0000000088100000, 0x0000000088200000, 0x0000000088200000|100%| E|CS|TAMS 0x0000000088100000| PB 0x0000000088100000| Complete 
| 130|0x0000000088200000, 0x0000000088300000, 0x0000000088300000|100%| E|CS|TAMS 0x0000000088200000| PB 0x0000000088200000| Complete 
| 131|0x0000000088300000, 0x0000000088400000, 0x0000000088400000|100%| E|CS|TAMS 0x0000000088300000| PB 0x0000000088300000| Complete 
| 132|0x0000000088400000, 0x0000000088500000, 0x0000000088500000|100%| E|CS|TAMS 0x0000000088400000| PB 0x0000000088400000| Complete 
| 133|0x0000000088500000, 0x0000000088600000, 0x0000000088600000|100%| E|CS|TAMS 0x0000000088500000| PB 0x0000000088500000| Complete 
| 134|0x0000000088600000, 0x0000000088700000, 0x0000000088700000|100%| E|CS|TAMS 0x0000000088600000| PB 0x0000000088600000| Complete 
| 135|0x0000000088700000, 0x0000000088800000, 0x0000000088800000|100%| E|CS|TAMS 0x0000000088700000| PB 0x0000000088700000| Complete 
| 136|0x0000000088800000, 0x0000000088900000, 0x0000000088900000|100%| E|CS|TAMS 0x0000000088800000| PB 0x0000000088800000| Complete 
| 137|0x0000000088900000, 0x0000000088a00000, 0x0000000088a00000|100%| E|CS|TAMS 0x0000000088900000| PB 0x0000000088900000| Complete 
| 138|0x0000000088a00000, 0x0000000088b00000, 0x0000000088b00000|100%| E|CS|TAMS 0x0000000088a00000| PB 0x0000000088a00000| Complete 
| 139|0x0000000088b00000, 0x0000000088c00000, 0x0000000088c00000|100%| E|CS|TAMS 0x0000000088b00000| PB 0x0000000088b00000| Complete 
| 140|0x0000000088c00000, 0x0000000088d00000, 0x0000000088d00000|100%| E|CS|TAMS 0x0000000088c00000| PB 0x0000000088c00000| Complete 
| 141|0x0000000088d00000, 0x0000000088e00000, 0x0000000088e00000|100%| E|CS|TAMS 0x0000000088d00000| PB 0x0000000088d00000| Complete 
| 142|0x0000000088e00000, 0x0000000088f00000, 0x0000000088f00000|100%| E|CS|TAMS 0x0000000088e00000| PB 0x0000000088e00000| Complete 
| 143|0x0000000088f00000, 0x0000000089000000, 0x0000000089000000|100%| E|CS|TAMS 0x0000000088f00000| PB 0x0000000088f00000| Complete 
| 144|0x0000000089000000, 0x0000000089100000, 0x0000000089100000|100%| E|CS|TAMS 0x0000000089000000| PB 0x0000000089000000| Complete 
| 145|0x0000000089100000, 0x0000000089200000, 0x0000000089200000|100%| E|CS|TAMS 0x0000000089100000| PB 0x0000000089100000| Complete 
| 146|0x0000000089200000, 0x0000000089300000, 0x0000000089300000|100%| E|CS|TAMS 0x0000000089200000| PB 0x0000000089200000| Complete 
| 147|0x0000000089300000, 0x0000000089400000, 0x0000000089400000|100%| E|CS|TAMS 0x0000000089300000| PB 0x0000000089300000| Complete 
| 148|0x0000000089400000, 0x0000000089500000, 0x0000000089500000|100%| E|CS|TAMS 0x0000000089400000| PB 0x0000000089400000| Complete 
| 149|0x0000000089500000, 0x0000000089600000, 0x0000000089600000|100%| E|CS|TAMS 0x0000000089500000| PB 0x0000000089500000| Complete 
| 150|0x0000000089600000, 0x0000000089700000, 0x0000000089700000|100%| E|CS|TAMS 0x0000000089600000| PB 0x0000000089600000| Complete 
|2045|0x00000000ffd00000, 0x00000000ffe00000, 0x00000000ffe00000|100%| O|  |TAMS 0x00000000ffd00000| PB 0x00000000ffd00000| Untracked 
|2046|0x00000000ffe00000, 0x00000000fff00000, 0x00000000fff00000|100%| O|  |TAMS 0x00000000ffe00000| PB 0x00000000ffe00000| Untracked 
|2047|0x00000000fff00000, 0x0000000100000000, 0x0000000100000000|100%| E|CS|TAMS 0x00000000fff00000| PB 0x00000000fff00000| Complete 

Card table byte_map: [0x0000017e340f0000,0x0000017e344f0000] _byte_map_base: 0x0000017e33cf0000

Marking Bits: (CMBitMap*) 0x0000017e218c8550
 Bits: [0x0000017e344f0000, 0x0000017e364f0000)

Polling page: 0x0000017e1f600000

Metaspace:

Usage:
  Non-class:     55.86 MB used.
      Class:      9.21 MB used.
       Both:     65.07 MB used.

Virtual space:
  Non-class space:       64.00 MB reserved,      56.75 MB ( 89%) committed,  1 nodes.
      Class space:        1.00 GB reserved,      10.00 MB ( <1%) committed,  1 nodes.
             Both:        1.06 GB reserved,      66.75 MB (  6%) committed. 

Chunk freelists:
   Non-Class:  6.98 MB
       Class:  5.83 MB
        Both:  12.81 MB

MaxMetaspaceSize: unlimited
CompressedClassSpaceSize: 1.00 GB
Initial GC threshold: 21.00 MB
Current GC threshold: 96.19 MB
CDS: off
 - commit_granule_bytes: 65536.
 - commit_granule_words: 8192.
 - virtual_space_node_default_size: 8388608.
 - enlarge_chunks_in_place: 1.
 - use_allocation_guard: 0.


Internal statistics:

num_allocs_failed_limit: 6.
num_arena_births: 3126.
num_arena_deaths: 0.
num_vsnodes_births: 2.
num_vsnodes_deaths: 0.
num_space_committed: 1068.
num_space_uncommitted: 0.
num_chunks_returned_to_freelist: 6.
num_chunks_taken_from_freelist: 5885.
num_chunk_merges: 6.
num_chunk_splits: 3777.
num_chunks_enlarged: 2271.
num_inconsistent_stats: 0.

CodeHeap 'non-profiled nmethods': size=120000Kb used=3251Kb max_used=3251Kb free=116749Kb
 bounds [0x0000017e2c490000, 0x0000017e2c7c0000, 0x0000017e339c0000]
CodeHeap 'profiled nmethods': size=120000Kb used=10569Kb max_used=10569Kb free=109430Kb
 bounds [0x0000017e249c0000, 0x0000017e25420000, 0x0000017e2bef0000]
CodeHeap 'non-nmethods': size=5760Kb used=2956Kb max_used=3006Kb free=2803Kb
 bounds [0x0000017e2bef0000, 0x0000017e2c1f0000, 0x0000017e2c490000]
CodeCache: size=245760Kb, used=16776Kb, max_used=16826Kb, free=228982Kb
 total_blobs=6423, nmethods=5555, adapters=772, full_count=0
Compilation: enabled, stopped_count=0, restarted_count=0

Compilation events (20 events):
Event: 6.403 Thread 0x0000017e39140380 6343       3       groovy.lang.MetaClassImpl::lambda$getPropName$5 (27 bytes)
Event: 6.403 Thread 0x0000017e39140380 nmethod 6343 0x0000017e2540e590 code [0x0000017e2540e7c0, 0x0000017e2540ed18]
Event: 6.403 Thread 0x0000017e39140380 6344       3       org.apache.groovy.util.BeanUtils::decapitalize (68 bytes)
Event: 6.404 Thread 0x0000017e39140380 nmethod 6344 0x0000017e2540ef90 code [0x0000017e2540f300, 0x0000017e25410788]
Event: 6.852 Thread 0x0000017e39140380 6345       3       java.util.concurrent.locks.AbstractQueuedSynchronizer$ConditionObject::unlinkCancelledWaiters (91 bytes)
Event: 7.444 Thread 0x0000017e39140380 nmethod 6345 0x0000017e25410f90 code [0x0000017e25411160, 0x0000017e254115c0]
Event: 8.218 Thread 0x0000017e39140380 6346       1       javax.management.ObjectName$Property::setKeyIndex (6 bytes)
Event: 8.428 Thread 0x0000017e39140380 nmethod 6346 0x0000017e2c7aa010 code [0x0000017e2c7aa1a0, 0x0000017e2c7aa268]
Event: 8.428 Thread 0x0000017e39140380 6348   !   3       java.lang.Thread::beforeSleep (33 bytes)
Event: 8.429 Thread 0x0000017e39140380 nmethod 6348 0x0000017e25411710 code [0x0000017e254118c0, 0x0000017e25411a88]
Event: 8.429 Thread 0x0000017e39140380 6349       3       jdk.internal.event.ThreadSleepEvent::isTurnedOn (7 bytes)
Event: 8.429 Thread 0x0000017e39140380 nmethod 6349 0x0000017e25411b90 code [0x0000017e25411d40, 0x0000017e25411e90]
Event: 8.437 Thread 0x0000017e3913e8d0 nmethod 6288 0x0000017e2c7aa310 code [0x0000017e2c7aac80, 0x0000017e2c7b3c78]
Event: 8.437 Thread 0x0000017e3913e8d0 6336       4       groovy.lang.MetaMethod::isPrivate (15 bytes)
Event: 8.437 Thread 0x0000017e3913e8d0 nmethod 6336 0x0000017e2c7b9390 code [0x0000017e2c7b9520, 0x0000017e2c7b95d8]
Event: 8.437 Thread 0x0000017e3913e8d0 6334       4       java.util.LinkedList$ListItr::hasNext (20 bytes)
Event: 8.438 Thread 0x0000017e3913e8d0 nmethod 6334 0x0000017e2c7b9690 code [0x0000017e2c7b9820, 0x0000017e2c7b98d8]
Event: 8.438 Thread 0x0000017e3913e8d0 6337       4       java.util.StringJoiner::toString (53 bytes)
Event: 8.447 Thread 0x0000017e3913e8d0 nmethod 6337 0x0000017e2c7b9990 code [0x0000017e2c7b9bc0, 0x0000017e2c7ba8d0]
Event: 8.447 Thread 0x0000017e3913e8d0 6338       4       java.lang.System$2::join (11 bytes)

GC Heap History (20 events):
Event: 3.007 GC heap before
{Heap before GC invocations=10 (full 0):
 garbage-first heap   total 79872K, used 67676K [0x0000000080000000, 0x0000000100000000)
  region size 1024K, 13 young (13312K), 5 survivors (5120K)
 Metaspace       used 37779K, committed 38720K, reserved 1114112K
  class space    used 5335K, committed 5824K, reserved 1048576K
}
Event: 3.009 GC heap after
{Heap after GC invocations=11 (full 0):
 garbage-first heap   total 79872K, used 60865K [0x0000000080000000, 0x0000000100000000)
  region size 1024K, 1 young (1024K), 1 survivors (1024K)
 Metaspace       used 37779K, committed 38720K, reserved 1114112K
  class space    used 5335K, committed 5824K, reserved 1048576K
}
Event: 3.144 GC heap before
{Heap before GC invocations=11 (full 0):
 garbage-first heap   total 79872K, used 73153K [0x0000000080000000, 0x0000000100000000)
  region size 1024K, 13 young (13312K), 1 survivors (1024K)
 Metaspace       used 39440K, committed 40384K, reserved 1114112K
  class space    used 5581K, committed 6080K, reserved 1048576K
}
Event: 3.145 GC heap after
{Heap after GC invocations=12 (full 0):
 garbage-first heap   total 79872K, used 61160K [0x0000000080000000, 0x0000000100000000)
  region size 1024K, 1 young (1024K), 1 survivors (1024K)
 Metaspace       used 39440K, committed 40384K, reserved 1114112K
  class space    used 5581K, committed 6080K, reserved 1048576K
}
Event: 3.298 GC heap before
{Heap before GC invocations=13 (full 0):
 garbage-first heap   total 102400K, used 72424K [0x0000000080000000, 0x0000000100000000)
  region size 1024K, 13 young (13312K), 1 survivors (1024K)
 Metaspace       used 41260K, committed 42176K, reserved 1114112K
  class space    used 5893K, committed 6336K, reserved 1048576K
}
Event: 3.300 GC heap after
{Heap after GC invocations=14 (full 0):
 garbage-first heap   total 122880K, used 62103K [0x0000000080000000, 0x0000000100000000)
  region size 1024K, 2 young (2048K), 2 survivors (2048K)
 Metaspace       used 41260K, committed 42176K, reserved 1114112K
  class space    used 5893K, committed 6336K, reserved 1048576K
}
Event: 3.795 GC heap before
{Heap before GC invocations=14 (full 0):
 garbage-first heap   total 122880K, used 109207K [0x0000000080000000, 0x0000000100000000)
  region size 1024K, 49 young (50176K), 2 survivors (2048K)
 Metaspace       used 47181K, committed 48256K, reserved 1114112K
  class space    used 6536K, committed 7040K, reserved 1048576K
}
Event: 3.800 GC heap after
{Heap after GC invocations=15 (full 0):
 garbage-first heap   total 122880K, used 66760K [0x0000000080000000, 0x0000000100000000)
  region size 1024K, 7 young (7168K), 7 survivors (7168K)
 Metaspace       used 47181K, committed 48256K, reserved 1114112K
  class space    used 6536K, committed 7040K, reserved 1048576K
}
Event: 3.871 GC heap before
{Heap before GC invocations=15 (full 0):
 garbage-first heap   total 122880K, used 69832K [0x0000000080000000, 0x0000000100000000)
  region size 1024K, 12 young (12288K), 7 survivors (7168K)
 Metaspace       used 47419K, committed 48448K, reserved 1114112K
  class space    used 6553K, committed 7040K, reserved 1048576K
}
Event: 3.875 GC heap after
{Heap after GC invocations=16 (full 0):
 garbage-first heap   total 122880K, used 67419K [0x0000000080000000, 0x0000000100000000)
  region size 1024K, 2 young (2048K), 2 survivors (2048K)
 Metaspace       used 47419K, committed 48448K, reserved 1114112K
  class space    used 6553K, committed 7040K, reserved 1048576K
}
Event: 4.379 GC heap before
{Heap before GC invocations=17 (full 0):
 garbage-first heap   total 122880K, used 113499K [0x0000000080000000, 0x0000000100000000)
  region size 1024K, 42 young (43008K), 2 survivors (2048K)
 Metaspace       used 52861K, committed 54336K, reserved 1114112K
  class space    used 7330K, committed 8064K, reserved 1048576K
}
Event: 4.382 GC heap after
{Heap after GC invocations=18 (full 0):
 garbage-first heap   total 122880K, used 69106K [0x0000000080000000, 0x0000000100000000)
  region size 1024K, 4 young (4096K), 4 survivors (4096K)
 Metaspace       used 52861K, committed 54336K, reserved 1114112K
  class space    used 7330K, committed 8064K, reserved 1048576K
}
Event: 4.858 GC heap before
{Heap before GC invocations=18 (full 0):
 garbage-first heap   total 122880K, used 109042K [0x0000000080000000, 0x0000000100000000)
  region size 1024K, 44 young (45056K), 4 survivors (4096K)
 Metaspace       used 57536K, committed 59008K, reserved 1114112K
  class space    used 8151K, committed 8896K, reserved 1048576K
}
Event: 4.863 GC heap after
{Heap after GC invocations=19 (full 0):
 garbage-first heap   total 122880K, used 71217K [0x0000000080000000, 0x0000000100000000)
  region size 1024K, 6 young (6144K), 6 survivors (6144K)
 Metaspace       used 57536K, committed 59008K, reserved 1114112K
  class space    used 8151K, committed 8896K, reserved 1048576K
}
Event: 4.882 GC heap before
{Heap before GC invocations=19 (full 0):
 garbage-first heap   total 122880K, used 71217K [0x0000000080000000, 0x0000000100000000)
  region size 1024K, 7 young (7168K), 6 survivors (6144K)
 Metaspace       used 57549K, committed 59072K, reserved 1114112K
  class space    used 8153K, committed 8896K, reserved 1048576K
}
Event: 4.886 GC heap after
{Heap after GC invocations=20 (full 0):
 garbage-first heap   total 122880K, used 71309K [0x0000000080000000, 0x0000000100000000)
  region size 1024K, 3 young (3072K), 3 survivors (3072K)
 Metaspace       used 57549K, committed 59072K, reserved 1114112K
  class space    used 8153K, committed 8896K, reserved 1048576K
}
Event: 5.311 GC heap before
{Heap before GC invocations=21 (full 0):
 garbage-first heap   total 124928K, used 122509K [0x0000000080000000, 0x0000000100000000)
  region size 1024K, 36 young (36864K), 3 survivors (3072K)
 Metaspace       used 59966K, committed 61568K, reserved 1114112K
  class space    used 8348K, committed 9152K, reserved 1048576K
}
Event: 5.315 GC heap after
{Heap after GC invocations=22 (full 0):
 garbage-first heap   total 131072K, used 91503K [0x0000000080000000, 0x0000000100000000)
  region size 1024K, 5 young (5120K), 5 survivors (5120K)
 Metaspace       used 59966K, committed 61568K, reserved 1114112K
  class space    used 8348K, committed 9152K, reserved 1048576K
}
Event: 5.633 GC heap before
{Heap before GC invocations=22 (full 0):
 garbage-first heap   total 131072K, used 118127K [0x0000000080000000, 0x0000000100000000)
  region size 1024K, 31 young (31744K), 5 survivors (5120K)
 Metaspace       used 61889K, committed 63552K, reserved 1114112K
  class space    used 8684K, committed 9472K, reserved 1048576K
}
Event: 5.639 GC heap after
{Heap after GC invocations=23 (full 0):
 garbage-first heap   total 157696K, used 94179K [0x0000000080000000, 0x0000000100000000)
  region size 1024K, 3 young (3072K), 3 survivors (3072K)
 Metaspace       used 61889K, committed 63552K, reserved 1114112K
  class space    used 8684K, committed 9472K, reserved 1048576K
}

Dll operation events (3 events):
Event: 0.024 Loaded shared library C:\Program Files\Android\Android Studio\jbr\bin\java.dll
Event: 0.031 Loaded shared library C:\Program Files\Android\Android Studio\jbr\bin\zip.dll
Event: 0.475 Loaded shared library C:\Program Files\Android\Android Studio\jbr\bin\verify.dll

Deoptimization events (20 events):
Event: 5.860 Thread 0x0000017e3f3c8a80 Uncommon trap: trap_request=0xffffff45 fr.pc=0x0000017e2c6cbe08 relative=0x00000000000006e8
Event: 5.860 Thread 0x0000017e3f3c8a80 Uncommon trap: reason=unstable_if action=reinterpret pc=0x0000017e2c6cbe08 method=java.util.HashMap.putVal(ILjava/lang/Object;Ljava/lang/Object;ZZ)Ljava/lang/Object; @ 109 c2
Event: 5.860 Thread 0x0000017e3f3c8a80 DEOPT PACKING pc=0x0000017e2c6cbe08 sp=0x000000700d5f79b0
Event: 5.860 Thread 0x0000017e3f3c8a80 DEOPT UNPACKING pc=0x0000017e2bf47da2 sp=0x000000700d5f7968 mode 2
Event: 6.021 Thread 0x0000017e3f3c8a80 Uncommon trap: trap_request=0xffffff45 fr.pc=0x0000017e2c7a5830 relative=0x0000000000000090
Event: 6.021 Thread 0x0000017e3f3c8a80 Uncommon trap: reason=unstable_if action=reinterpret pc=0x0000017e2c7a5830 method=org.gradle.internal.serialize.graph.codecs.BindingsBuilder$producerForSubtypesOf$1.encodingForType(Ljava/lang/Class;)Lorg/gradle/internal/serialize/graph/Codec; @ 27 c2
Event: 6.021 Thread 0x0000017e3f3c8a80 DEOPT PACKING pc=0x0000017e2c7a5830 sp=0x000000700d5f87f0
Event: 6.021 Thread 0x0000017e3f3c8a80 DEOPT UNPACKING pc=0x0000017e2bf47da2 sp=0x000000700d5f86f8 mode 2
Event: 6.088 Thread 0x0000017e3f3c8a80 Uncommon trap: trap_request=0xffffff45 fr.pc=0x0000017e2c6f6c70 relative=0x0000000000000670
Event: 6.088 Thread 0x0000017e3f3c8a80 Uncommon trap: reason=unstable_if action=reinterpret pc=0x0000017e2c6f6c70 method=java.lang.invoke.LambdaForm$BasicType.basicType(C)Ljava/lang/invoke/LambdaForm$BasicType; @ 1 c2
Event: 6.088 Thread 0x0000017e3f3c8a80 DEOPT PACKING pc=0x0000017e2c6f6c70 sp=0x000000700d5f68b0
Event: 6.088 Thread 0x0000017e3f3c8a80 DEOPT UNPACKING pc=0x0000017e2bf47da2 sp=0x000000700d5f6760 mode 2
Event: 6.100 Thread 0x0000017e3f3c8a80 Uncommon trap: trap_request=0xffffffde fr.pc=0x0000017e2c6d4238 relative=0x0000000000002718
Event: 6.100 Thread 0x0000017e3f3c8a80 Uncommon trap: reason=class_check action=maybe_recompile pc=0x0000017e2c6d4238 method=java.util.regex.Pattern$CharProperty.study(Ljava/util/regex/Pattern$TreeInfo;)Z @ 25 c2
Event: 6.100 Thread 0x0000017e3f3c8a80 DEOPT PACKING pc=0x0000017e2c6d4238 sp=0x000000700d5f8b00
Event: 6.100 Thread 0x0000017e3f3c8a80 DEOPT UNPACKING pc=0x0000017e2bf47da2 sp=0x000000700d5f89f8 mode 2
Event: 6.390 Thread 0x0000017e3f3c8a80 Uncommon trap: trap_request=0xffffff45 fr.pc=0x0000017e2c55e090 relative=0x0000000000000070
Event: 6.390 Thread 0x0000017e3f3c8a80 Uncommon trap: reason=unstable_if action=reinterpret pc=0x0000017e2c55e090 method=java.lang.ref.ReferenceQueue.poll()Ljava/lang/ref/Reference; @ 4 c2
Event: 6.390 Thread 0x0000017e3f3c8a80 DEOPT PACKING pc=0x0000017e2c55e090 sp=0x000000700d5f5a70
Event: 6.390 Thread 0x0000017e3f3c8a80 DEOPT UNPACKING pc=0x0000017e2bf47da2 sp=0x000000700d5f59f8 mode 2

Classes loaded (20 events):
Event: 6.041 Loading class java/util/concurrent/atomic/AtomicReferenceFieldUpdater$AtomicReferenceFieldUpdaterImpl$1
Event: 6.041 Loading class java/util/concurrent/atomic/AtomicReferenceFieldUpdater$AtomicReferenceFieldUpdaterImpl$1 done
Event: 6.088 Loading class jdk/internal/reflect/MethodHandleBooleanFieldAccessorImpl
Event: 6.089 Loading class jdk/internal/reflect/MethodHandleBooleanFieldAccessorImpl done
Event: 6.096 Loading class java/util/IdentityHashMap$EntrySet
Event: 6.097 Loading class java/util/IdentityHashMap$EntrySet done
Event: 6.097 Loading class java/util/IdentityHashMap$EntryIterator
Event: 6.097 Loading class java/util/IdentityHashMap$IdentityHashMapIterator
Event: 6.097 Loading class java/util/IdentityHashMap$IdentityHashMapIterator done
Event: 6.097 Loading class java/util/IdentityHashMap$EntryIterator done
Event: 6.097 Loading class java/util/IdentityHashMap$EntryIterator$Entry
Event: 6.097 Loading class java/util/IdentityHashMap$EntryIterator$Entry done
Event: 6.371 Loading class java/lang/invoke/SerializedLambda$1
Event: 6.371 Loading class java/lang/invoke/SerializedLambda$1 done
Event: 6.397 Loading class org/xml/sax/Locator
Event: 6.397 Loading class org/xml/sax/Locator done
Event: 6.398 Loading class org/xml/sax/SAXParseException
Event: 6.399 Loading class org/xml/sax/SAXParseException done
Event: 6.400 Loading class org/xml/sax/Attributes
Event: 6.400 Loading class org/xml/sax/Attributes done

Classes unloaded (0 events):
No events

Classes redefined (0 events):
No events

Internal exceptions (20 events):
Event: 5.601 Thread 0x0000017e3f3c8a80 Exception <a 'sun/nio/fs/WindowsException'{0x00000000860a26c0}> (0x00000000860a26c0) 
thrown [s\src\hotspot\share\prims\jni.cpp, line 537]
Event: 5.601 Thread 0x0000017e3f3c8a80 Exception <a 'sun/nio/fs/WindowsException'{0x00000000860a4090}> (0x00000000860a4090) 
thrown [s\src\hotspot\share\prims\jni.cpp, line 537]
Event: 5.602 Thread 0x0000017e3f3c8a80 Exception <a 'sun/nio/fs/WindowsException'{0x00000000860ad878}> (0x00000000860ad878) 
thrown [s\src\hotspot\share\prims\jni.cpp, line 537]
Event: 5.639 Thread 0x0000017e3911c0c0 Implicit null exception at 0x0000017e2c769b2f to 0x0000017e2c769f14
Event: 5.756 Thread 0x0000017e3f3c8a80 Exception <a 'java/lang/NoSuchMethodError'{0x0000000089167680}: 'void java.lang.invoke.DirectMethodHandle$Holder.invokeStatic(java.lang.Object, java.lang.Object, java.lang.Object, java.lang.Object, java.lang.Object, java.lang.Object, java.lang.Object)'> (0x0000000089167680) 
thrown [s\src\hotspot\share\interpreter\linkResolver.cpp, line 784]
Event: 6.089 Thread 0x0000017e3f3c8a80 Exception <a 'java/lang/NoSuchMethodError'{0x0000000087a44ab0}: 'void java.lang.invoke.DelegatingMethodHandle$Holder.reinvoke_L(java.lang.Object, java.lang.Object, int)'> (0x0000000087a44ab0) 
thrown [s\src\hotspot\share\interpreter\linkResolver.cpp, line 784]
Event: 6.090 Thread 0x0000017e3f3c8a80 Exception <a 'java/lang/NoSuchMethodError'{0x0000000087a4c0b8}: 'int java.lang.invoke.Invokers$Holder.invokeExact_MT(java.lang.Object, java.lang.Object, java.lang.Object)'> (0x0000000087a4c0b8) 
thrown [s\src\hotspot\share\interpreter\linkResolver.cpp, line 784]
Event: 6.091 Thread 0x0000017e3f3c8a80 Exception <a 'java/lang/NoSuchMethodError'{0x0000000087a62ad8}: 'void java.lang.invoke.DelegatingMethodHandle$Holder.reinvoke_L(java.lang.Object, java.lang.Object, long)'> (0x0000000087a62ad8) 
thrown [s\src\hotspot\share\interpreter\linkResolver.cpp, line 784]
Event: 6.092 Thread 0x0000017e3f3c8a80 Exception <a 'java/lang/NoSuchMethodError'{0x0000000087a6a2f8}: 'long java.lang.invoke.Invokers$Holder.invokeExact_MT(java.lang.Object, java.lang.Object, java.lang.Object)'> (0x0000000087a6a2f8) 
thrown [s\src\hotspot\share\interpreter\linkResolver.cpp, line 784]
Event: 6.150 Thread 0x0000017e3f3c8a80 Exception <a 'java/lang/NoSuchMethodError'{0x0000000087733700}: 'void java.lang.invoke.Invokers$Holder.invokeExact_MT(java.lang.Object, java.lang.Object, java.lang.Object, java.lang.Object)'> (0x0000000087733700) 
thrown [s\src\hotspot\share\interpreter\linkResolver.cpp, line 784]
Event: 6.160 Thread 0x0000017e3f3c8a80 Exception <a 'java/lang/ClassNotFoundException'{0x00000000877a5950}: org/gradle/internal/serialize/codecs/core/ClosureCodec$BrokenScriptBeanInfo> (0x00000000877a5950) 
thrown [s\src\hotspot\share\classfile\systemDictionary.cpp, line 312]
Event: 6.161 Thread 0x0000017e3f3c8a80 Exception <a 'java/lang/ClassNotFoundException'{0x00000000877b5a70}: org/gradle/internal/serialize/codecs/core/ClosureCodec$BrokenScriptCustomizer> (0x00000000877b5a70) 
thrown [s\src\hotspot\share\classfile\systemDictionary.cpp, line 312]
Event: 6.163 Thread 0x0000017e3f3c8a80 Exception <a 'java/lang/ClassNotFoundException'{0x00000000877d1658}: org/gradle/api/invocation/GradleBeanInfo> (0x00000000877d1658) 
thrown [s\src\hotspot\share\classfile\systemDictionary.cpp, line 312]
Event: 6.164 Thread 0x0000017e3f3c8a80 Exception <a 'java/lang/ClassNotFoundException'{0x00000000877de998}: org/gradle/api/invocation/GradleCustomizer> (0x00000000877de998) 
thrown [s\src\hotspot\share\classfile\systemDictionary.cpp, line 312]
Event: 6.368 Thread 0x0000017e3f3c8a80 Exception <a 'java/lang/NoSuchMethodError'{0x00000000876055e8}: 'void java.lang.invoke.Invokers$Holder.invokeExact_MT(java.lang.Object, java.lang.Object, int, java.lang.Object)'> (0x00000000876055e8) 
thrown [s\src\hotspot\share\interpreter\linkResolver.cpp, line 784]
Event: 6.375 Thread 0x0000017e3f3c8a80 Exception <a 'java/lang/NoSuchMethodError'{0x00000000876280f8}: 'void java.lang.invoke.Invokers$Holder.invokeExact_MT(java.lang.Object, java.lang.Object, long, java.lang.Object)'> (0x00000000876280f8) 
thrown [s\src\hotspot\share\interpreter\linkResolver.cpp, line 784]
Event: 6.390 Thread 0x0000017e3f3c8a80 Exception <a 'java/lang/ClassNotFoundException'{0x000000008754ffb0}: org/gradle/api/internal/project/DefaultProject_DecoratedBeanInfo> (0x000000008754ffb0) 
thrown [s\src\hotspot\share\classfile\systemDictionary.cpp, line 312]
Event: 6.390 Thread 0x0000017e3f3c8a80 Exception <a 'java/lang/ClassNotFoundException'{0x000000008755c230}: org/gradle/api/internal/project/DefaultProjectBeanInfo> (0x000000008755c230) 
thrown [s\src\hotspot\share\classfile\systemDictionary.cpp, line 312]
Event: 6.390 Thread 0x0000017e3f3c8a80 Exception <a 'java/lang/ClassNotFoundException'{0x0000000087568568}: org/gradle/api/internal/project/DefaultProjectCustomizer> (0x0000000087568568) 
thrown [s\src\hotspot\share\classfile\systemDictionary.cpp, line 312]
Event: 6.393 Thread 0x0000017e3f3c8a80 Exception <a 'java/lang/ClassNotFoundException'{0x0000000087426ab8}: org/gradle/api/internal/project/DefaultProject_DecoratedCustomizer> (0x0000000087426ab8) 
thrown [s\src\hotspot\share\classfile\systemDictionary.cpp, line 312]

ZGC Phase Switch (0 events):
No events

VM Operations (20 events):
Event: 5.265 Executing VM operation: ICBufferFull
Event: 5.265 Executing VM operation: ICBufferFull done
Event: 5.311 Executing VM operation: G1CollectForAllocation (G1 Evacuation Pause)
Event: 5.315 Executing VM operation: G1CollectForAllocation (G1 Evacuation Pause) done
Event: 5.633 Executing VM operation: G1CollectForAllocation (G1 Evacuation Pause)
Event: 5.639 Executing VM operation: G1CollectForAllocation (G1 Evacuation Pause) done
Event: 5.766 Executing VM operation: HandshakeAllThreads (Deoptimize)
Event: 5.766 Executing VM operation: HandshakeAllThreads (Deoptimize) done
Event: 5.847 Executing VM operation: HandshakeAllThreads (Deoptimize)
Event: 5.847 Executing VM operation: HandshakeAllThreads (Deoptimize) done
Event: 5.892 Executing VM operation: ICBufferFull
Event: 5.892 Executing VM operation: ICBufferFull done
Event: 5.979 Executing VM operation: HandshakeAllThreads (Deoptimize)
Event: 5.979 Executing VM operation: HandshakeAllThreads (Deoptimize) done
Event: 6.115 Executing VM operation: HandshakeAllThreads (Deoptimize)
Event: 6.115 Executing VM operation: HandshakeAllThreads (Deoptimize) done
Event: 7.116 Executing VM operation: Cleanup
Event: 7.444 Executing VM operation: Cleanup done
Event: 8.444 Executing VM operation: Cleanup
Event: 8.444 Executing VM operation: Cleanup done

Memory protections (0 events):
No events

Nmethod flushes (20 events):
Event: 4.909 Thread 0x0000017e390cc5d0 flushing  nmethod 0x0000017e24c19010
Event: 4.909 Thread 0x0000017e390cc5d0 flushing  nmethod 0x0000017e24c1e110
Event: 4.909 Thread 0x0000017e390cc5d0 flushing  nmethod 0x0000017e24ca6310
Event: 4.909 Thread 0x0000017e390cc5d0 flushing  nmethod 0x0000017e24e13690
Event: 4.909 Thread 0x0000017e390cc5d0 flushing  nmethod 0x0000017e24fc2f10
Event: 4.909 Thread 0x0000017e390cc5d0 flushing  nmethod 0x0000017e25013f90
Event: 4.909 Thread 0x0000017e390cc5d0 flushing  nmethod 0x0000017e2c5b6090
Event: 4.909 Thread 0x0000017e390cc5d0 flushing  nmethod 0x0000017e2c5b8c90
Event: 4.909 Thread 0x0000017e390cc5d0 flushing  nmethod 0x0000017e249fcc10
Event: 4.909 Thread 0x0000017e390cc5d0 flushing  nmethod 0x0000017e24aa3990
Event: 4.909 Thread 0x0000017e390cc5d0 flushing  nmethod 0x0000017e24bb1a10
Event: 4.909 Thread 0x0000017e390cc5d0 flushing  nmethod 0x0000017e24be6410
Event: 4.909 Thread 0x0000017e390cc5d0 flushing  nmethod 0x0000017e24c31810
Event: 4.909 Thread 0x0000017e390cc5d0 flushing  nmethod 0x0000017e24d19990
Event: 4.909 Thread 0x0000017e390cc5d0 flushing  nmethod 0x0000017e24d1ac10
Event: 4.909 Thread 0x0000017e390cc5d0 flushing  nmethod 0x0000017e24d4c010
Event: 4.909 Thread 0x0000017e390cc5d0 flushing  nmethod 0x0000017e24d4c810
Event: 4.909 Thread 0x0000017e390cc5d0 flushing  nmethod 0x0000017e24dcea10
Event: 4.909 Thread 0x0000017e390cc5d0 flushing  nmethod 0x0000017e24e1d290
Event: 4.909 Thread 0x0000017e390cc5d0 flushing  nmethod 0x0000017e24f97690

Events (20 events):
Event: 4.288 Thread 0x0000017e3f3c8a80 Thread added: 0x0000017e40c9e660
Event: 4.779 Thread 0x0000017e3f3c8a80 Thread added: 0x0000017e41fd2940
Event: 4.780 Thread 0x0000017e3f3c8a80 Thread added: 0x0000017e41fd6450
Event: 4.809 Thread 0x0000017e3f3c8a80 Thread added: 0x0000017e41fd4a10
Event: 4.810 Thread 0x0000017e3f3c8a80 Thread added: 0x0000017e41fd50a0
Event: 4.955 Thread 0x0000017e3f3c8a80 Thread added: 0x0000017e41fd2fd0
Event: 4.955 Thread 0x0000017e3f3c8a80 Thread added: 0x0000017e41fd5730
Event: 4.956 Thread 0x0000017e3f3c8a80 Thread added: 0x0000017e41fd3660
Event: 4.956 Thread 0x0000017e3f3c8a80 Thread added: 0x0000017e41fd7170
Event: 4.957 Thread 0x0000017e3f3c8a80 Thread added: 0x0000017e41fd6ae0
Event: 4.957 Thread 0x0000017e3f3c8a80 Thread added: 0x0000017e41fd3cf0
Event: 4.958 Thread 0x0000017e3f3c8a80 Thread added: 0x0000017e41fd4380
Event: 4.966 Thread 0x0000017e3f3c8a80 Thread added: 0x0000017e41fd7e90
Event: 4.967 Thread 0x0000017e3f3c8a80 Thread added: 0x0000017e41fd98d0
Event: 4.967 Thread 0x0000017e3f3c8a80 Thread added: 0x0000017e41fd9f60
Event: 4.968 Thread 0x0000017e3f3c8a80 Thread added: 0x0000017e41fd7800
Event: 4.968 Thread 0x0000017e3f3c8a80 Thread added: 0x0000017e41fd8520
Event: 4.969 Thread 0x0000017e3f3c8a80 Thread added: 0x0000017e41fd9240
Event: 4.969 Thread 0x0000017e3f3c8a80 Thread added: 0x0000017e41fd8bb0
Event: 6.117 Thread 0x0000017e39140380 Thread added: 0x0000017e420ace40


Dynamic libraries:
0x00007ff65d5a0000 - 0x00007ff65d5aa000 	C:\Program Files\Android\Android Studio\jbr\bin\java.exe
0x00007ffbfb9a0000 - 0x00007ffbfbc08000 	C:\WINDOWS\SYSTEM32\ntdll.dll
0x00007ffbfa7d0000 - 0x00007ffbfa899000 	C:\WINDOWS\System32\KERNEL32.DLL
0x00007ffbf86a0000 - 0x00007ffbf8a91000 	C:\WINDOWS\System32\KERNELBASE.dll
0x00007ffbf8280000 - 0x00007ffbf83cb000 	C:\WINDOWS\System32\ucrtbase.dll
0x00007ffbe7d60000 - 0x00007ffbe7d7b000 	C:\Program Files\Android\Android Studio\jbr\bin\VCRUNTIME140.dll
0x00007ffbce200000 - 0x00007ffbce218000 	C:\Program Files\Android\Android Studio\jbr\bin\jli.dll
0x00007ffbfa8a0000 - 0x00007ffbfaa66000 	C:\WINDOWS\System32\USER32.dll
0x00007ffbdf080000 - 0x00007ffbdf313000 	C:\WINDOWS\WinSxS\amd64_microsoft.windows.common-controls_6595b64144ccf1df_6.0.26100.7824_none_3e0870b2e3345462\COMCTL32.dll
0x00007ffbf9310000 - 0x00007ffbf9337000 	C:\WINDOWS\System32\win32u.dll
0x00007ffbfa190000 - 0x00007ffbfa239000 	C:\WINDOWS\System32\msvcrt.dll
0x00007ffbfa7a0000 - 0x00007ffbfa7cb000 	C:\WINDOWS\System32\GDI32.dll
0x00007ffbf9550000 - 0x00007ffbf967b000 	C:\WINDOWS\System32\gdi32full.dll
0x00007ffbf83d0000 - 0x00007ffbf8473000 	C:\WINDOWS\System32\msvcp_win.dll
0x00007ffbfa260000 - 0x00007ffbfa291000 	C:\WINDOWS\System32\IMM32.DLL
0x00007ffbd6f20000 - 0x00007ffbd6f2c000 	C:\Program Files\Android\Android Studio\jbr\bin\vcruntime140_1.dll
0x00007ffb69740000 - 0x00007ffb697cd000 	C:\Program Files\Android\Android Studio\jbr\bin\msvcp140.dll
0x00007ffab70a0000 - 0x00007ffab7d36000 	C:\Program Files\Android\Android Studio\jbr\bin\server\jvm.dll
0x00007ffbfa0d0000 - 0x00007ffbfa184000 	C:\WINDOWS\System32\ADVAPI32.dll
0x00007ffbfb860000 - 0x00007ffbfb906000 	C:\WINDOWS\System32\sechost.dll
0x00007ffbfb740000 - 0x00007ffbfb858000 	C:\WINDOWS\System32\RPCRT4.dll
0x00007ffbfa2a0000 - 0x00007ffbfa314000 	C:\WINDOWS\System32\WS2_32.dll
0x00007ffbf14e0000 - 0x00007ffbf14eb000 	C:\WINDOWS\SYSTEM32\VERSION.dll
0x00007ffbf80e0000 - 0x00007ffbf813e000 	C:\WINDOWS\SYSTEM32\POWRPROF.dll
0x00007ffbe2970000 - 0x00007ffbe29a5000 	C:\WINDOWS\SYSTEM32\WINMM.dll
0x00007ffbf80c0000 - 0x00007ffbf80d4000 	C:\WINDOWS\SYSTEM32\UMPDC.dll
0x00007ffbf7000000 - 0x00007ffbf701b000 	C:\WINDOWS\SYSTEM32\kernel.appcore.dll
0x00007ffbd31d0000 - 0x00007ffbd31da000 	C:\Program Files\Android\Android Studio\jbr\bin\jimage.dll
0x00007ffbf63e0000 - 0x00007ffbf6622000 	C:\WINDOWS\SYSTEM32\DBGHELP.DLL
0x00007ffbfaf00000 - 0x00007ffbfb286000 	C:\WINDOWS\System32\combase.dll
0x00007ffbfa500000 - 0x00007ffbfa5d7000 	C:\WINDOWS\System32\OLEAUT32.dll
0x00007ffbe19b0000 - 0x00007ffbe19eb000 	C:\WINDOWS\SYSTEM32\dbgcore.DLL
0x00007ffbf85f0000 - 0x00007ffbf8695000 	C:\WINDOWS\System32\bcryptPrimitives.dll
0x00007ffbcbe30000 - 0x00007ffbcbe3e000 	C:\Program Files\Android\Android Studio\jbr\bin\instrument.dll
0x00007ffbd2fb0000 - 0x00007ffbd2fd0000 	C:\Program Files\Android\Android Studio\jbr\bin\java.dll
0x00007ffbd1f70000 - 0x00007ffbd1f88000 	C:\Program Files\Android\Android Studio\jbr\bin\zip.dll
0x00007ffbf9840000 - 0x00007ffbf9f92000 	C:\WINDOWS\System32\SHELL32.dll
0x00007ffbf8480000 - 0x00007ffbf85ea000 	C:\WINDOWS\System32\wintypes.dll
0x00007ffbf8aa0000 - 0x00007ffbf9303000 	C:\WINDOWS\System32\windows.storage.dll
0x00007ffbfa6a0000 - 0x00007ffbfa796000 	C:\WINDOWS\System32\SHCORE.dll
0x00007ffbfb690000 - 0x00007ffbfb6f7000 	C:\WINDOWS\System32\shlwapi.dll
0x00007ffbf81a0000 - 0x00007ffbf81c9000 	C:\WINDOWS\SYSTEM32\profapi.dll
0x00007ffbce2e0000 - 0x00007ffbce2f0000 	C:\Program Files\Android\Android Studio\jbr\bin\net.dll
0x00007ffbf2d80000 - 0x00007ffbf2ea7000 	C:\WINDOWS\SYSTEM32\WINHTTP.dll
0x00007ffbf7590000 - 0x00007ffbf75fb000 	C:\WINDOWS\system32\mswsock.dll
0x00007ffbce240000 - 0x00007ffbce256000 	C:\Program Files\Android\Android Studio\jbr\bin\nio.dll
0x00007ffbc4ec0000 - 0x00007ffbc4ed0000 	C:\Program Files\Android\Android Studio\jbr\bin\verify.dll
0x00007ffba1080000 - 0x00007ffba10a7000 	E:\androidprojet\gradle\wrapper\wrapper\wrapper\native\1def1411415f61bf3af743bc5b6707747c0891f09f0c88961ee8f79bc544acac\windows-amd64\native-platform.dll
0x00007ffb6a680000 - 0x00007ffb6a6f8000 	E:\androidprojet\gradle\wrapper\wrapper\wrapper\native\0.2.7\x86_64-windows-gnu\gradle-fileevents.dll
0x00007ffbca3b0000 - 0x00007ffbca3b9000 	C:\Program Files\Android\Android Studio\jbr\bin\management.dll
0x00007ffbca3a0000 - 0x00007ffbca3ab000 	C:\Program Files\Android\Android Studio\jbr\bin\management_ext.dll
0x00007ffbfa250000 - 0x00007ffbfa258000 	C:\WINDOWS\System32\PSAPI.DLL
0x00007ffbf6aa0000 - 0x00007ffbf6ad4000 	C:\WINDOWS\SYSTEM32\IPHLPAPI.DLL
0x00007ffbfa240000 - 0x00007ffbfa24a000 	C:\WINDOWS\System32\NSI.dll
0x00007ffbce2d0000 - 0x00007ffbce2d9000 	C:\Program Files\Android\Android Studio\jbr\bin\extnet.dll
0x00007ffbf7860000 - 0x00007ffbf787b000 	C:\WINDOWS\SYSTEM32\CRYPTSP.dll
0x00007ffbf6f60000 - 0x00007ffbf6f99000 	C:\WINDOWS\system32\rsaenh.dll
0x00007ffbf7640000 - 0x00007ffbf766b000 	C:\WINDOWS\SYSTEM32\USERENV.dll
0x00007ffbf8170000 - 0x00007ffbf819a000 	C:\WINDOWS\SYSTEM32\bcrypt.dll
0x00007ffbf7880000 - 0x00007ffbf788c000 	C:\WINDOWS\SYSTEM32\CRYPTBASE.dll
0x00007ffba2ef0000 - 0x00007ffba2ef8000 	C:\WINDOWS\system32\wshunix.dll

JVMTI agents:
E:\androidprojet\gradle\wrapper\wrapper\wrapper\wrapper\dists\gradle-8.13-bin\5xuhj0ry160q40clulazy9h7d\gradle-8.13\lib\agents\gradle-instrumentation-agent-8.13.jar path:C:\Program Files\Android\Android Studio\jbr\bin\instrument.dll, loaded, initialized, instrumentlib options:none

dbghelp: loaded successfully - version: 4.0.5 - missing functions: none
symbol engine: initialized successfully - sym options: 0x614 - pdb path: .;C:\Program Files\Android\Android Studio\jbr\bin;C:\WINDOWS\SYSTEM32;C:\WINDOWS\WinSxS\amd64_microsoft.windows.common-controls_6595b64144ccf1df_6.0.26100.7824_none_3e0870b2e3345462;C:\Program Files\Android\Android Studio\jbr\bin\server;E:\androidprojet\gradle\wrapper\wrapper\wrapper\native\1def1411415f61bf3af743bc5b6707747c0891f09f0c88961ee8f79bc544acac\windows-amd64;E:\androidprojet\gradle\wrapper\wrapper\wrapper\native\0.2.7\x86_64-windows-gnu

VM Arguments:
jvm_args: --add-opens=java.base/java.lang=ALL-UNNAMED --add-opens=java.base/java.lang.invoke=ALL-UNNAMED --add-opens=java.base/java.util=ALL-UNNAMED --add-opens=java.prefs/java.util.prefs=ALL-UNNAMED --add-exports=jdk.compiler/com.sun.tools.javac.api=ALL-UNNAMED --add-exports=jdk.compiler/com.sun.tools.javac.util=ALL-UNNAMED --add-opens=java.base/java.util=ALL-UNNAMED --add-opens=java.prefs/java.util.prefs=ALL-UNNAMED --add-opens=java.base/java.nio.charset=ALL-UNNAMED --add-opens=java.base/java.net=ALL-UNNAMED --add-opens=java.base/java.util.concurrent.atomic=ALL-UNNAMED --add-opens=java.xml/javax.xml.namespace=ALL-UNNAMED -Xmx2048m -Dfile.encoding=UTF-8 -Duser.country=FR -Duser.language=fr -Duser.variant -javaagent:E:\androidprojet\gradle\wrapper\wrapper\wrapper\wrapper\dists\gradle-8.13-bin\5xuhj0ry160q40clulazy9h7d\gradle-8.13\lib\agents\gradle-instrumentation-agent-8.13.jar 
java_command: org.gradle.launcher.daemon.bootstrap.GradleDaemon 8.13
java_class_path (initial): E:\androidprojet\gradle\wrapper\wrapper\wrapper\wrapper\dists\gradle-8.13-bin\5xuhj0ry160q40clulazy9h7d\gradle-8.13\lib\gradle-daemon-main-8.13.jar
Launcher Type: SUN_STANDARD

[Global flags]
     intx CICompilerCount                          = 4                                         {product} {ergonomic}
     uint ConcGCThreads                            = 2                                         {product} {ergonomic}
     uint G1ConcRefinementThreads                  = 8                                         {product} {ergonomic}
   size_t G1HeapRegionSize                         = 1048576                                   {product} {ergonomic}
    uintx GCDrainStackTargetSize                   = 64                                        {product} {ergonomic}
   size_t InitialHeapSize                          = 132120576                                 {product} {ergonomic}
   size_t MarkStackSize                            = 4194304                                   {product} {ergonomic}
   size_t MaxHeapSize                              = 2147483648                                {product} {command line}
   size_t MaxNewSize                               = 1287651328                                {product} {ergonomic}
   size_t MinHeapDeltaBytes                        = 1048576                                   {product} {ergonomic}
   size_t MinHeapSize                              = 8388608                                   {product} {ergonomic}
    uintx NonNMethodCodeHeapSize                   = 5839372                                {pd product} {ergonomic}
    uintx NonProfiledCodeHeapSize                  = 122909434                              {pd product} {ergonomic}
    uintx ProfiledCodeHeapSize                     = 122909434                              {pd product} {ergonomic}
    uintx ReservedCodeCacheSize                    = 251658240                              {pd product} {ergonomic}
     bool SegmentedCodeCache                       = true                                      {product} {ergonomic}
   size_t SoftMaxHeapSize                          = 2147483648                             {manageable} {ergonomic}
     bool UseCompressedOops                        = true                           {product lp64_product} {ergonomic}
     bool UseG1GC                                  = true                                      {product} {ergonomic}
     bool UseLargePagesIndividualAllocation        = false                                  {pd product} {ergonomic}

Logging:
Log output configuration:
 #0: stdout all=warning uptime,level,tags foldmultilines=false
 #1: stderr all=off uptime,level,tags foldmultilines=false

Environment Variables:
JAVA_HOME=C:\Program Files\Java\jdk-23\
PATH=C:\Program Files\Eclipse Adoptium\jdk-17.0.17.10-hotspot\bin;C:\Program Files\Microsoft MPI\Bin\;C:\apache-maven-3.9.9\bin;C:\oraclexe\app\oracle\product\11.2.0\server\bin;C:\Program Files\Common Files\Oracle\Java\javapath;C:\Program Files (x86)\Common Files\Oracle\Java\javapath;C:\Windows\System32\HWAudioDriverLibs;C:\Windows\system32;C:\Windows;C:\Windows\System32\Wbem;C:\Windows\System32\WindowsPowerShell\v1.0\;C:\Windows\System32\OpenSSH\;C:\Users\Administrator\AppData\Local\Microsoft\WindowsApps;C:\WINDOWS\system32;C:\WINDOWS;C:\WINDOWS\System32\Wbem;C:\WINDOWS\System32\WindowsPowerShell\v1.0\;C:\WINDOWS\System32\OpenSSH\;C:\Program Files\dotnet\;C:\Program Files (x86)\Microsoft SQL Server\160\Tools\Binn\;C:\Program Files\Microsoft SQL Server\160\Tools\Binn\;C:\Program Files\Microsoft SQL Server\Client SDK\ODBC\170\Tools\Binn\;C:\Program Files\Microsoft SQL Server\160\DTS\Binn\;C:\Program Files\Microsoft SQL Server\150\Tools\Binn\;C:\Program Files\Git\cmd;C:\Program Files (x86)\Microsoft SQL Server\160\DTS\Binn\;C:\Program Files (x86)\Bitvise SSH Client;C:\Program Files\nodejs\;C:\Users\manal\AppData\Local\Programs\Microsoft VS Code\bin;C:\Program Files\Docker\Docker\resources\bin;C:\wamp64\bin\php\php8.2.26\;C:\Users\manal\scoop\shims;C:\Users\manal\AppData\Local\Programs\Python\Python313\Scripts\;C:\Users\manal\AppData\Local\Programs\Python\Python313\;C:\Users\manal\AppData\Local\Programs\Python\Launcher\;C:\Users\manal\AppData\Local\Microsoft\WindowsApps;C:\msys64\ucrt64\bin;C:\Users\manal\AppData\Local\Programs\Microsoft VS Code\bin;C:\Program Files (x86)\GnuWin32\bin;C:\Program Files\Java\jdk-23\\bin;C:\Program Files\JetBrains\IntelliJ IDEA 2024.3.4.1\bin;C:\apache-maven-3.9.9;;C:\Users\manal\.dotnet\tools;C:\Users\manal\AppData\Roaming\npm;C:\Users\manal\AppData\Local\ComposerSetup\bin;C:\Users\manal\AppData\Roaming\Composer\vendor\bin;C:\Users\manal\scoop\apps\symfony-cli\current\bin;
USERNAME=manal
OS=Windows_NT
PROCESSOR_IDENTIFIER=Intel64 Family 6 Model 140 Stepping 2, GenuineIntel
TMP=C:\Users\manal\AppData\Local\Temp
TEMP=C:\Users\manal\AppData\Local\Temp




Periodic native trim disabled

JNI global refs:
JNI global refs: 27, weak refs: 0

JNI global refs memory usage: 835, weak refs: 833

Process memory usage:
Resident Set Size: 379528K (4% of 8166712K total physical memory with 656116K free physical memory)

OOME stack traces (most recent first):
Classloader memory used:
Loader org.gradle.internal.classloader.VisitableURLClassLoader                         : 32018K
Loader bootstrap                                                                       : 23058K
Loader org.gradle.initialization.MixInLegacyTypesClassLoader                           : 8920K
Loader org.gradle.internal.classloader.VisitableURLClassLoader                         : 835K
Loader org.gradle.internal.classloader.VisitableURLClassLoader$InstrumentingVisitableURLClassLoader: 643K
Loader jdk.internal.loader.ClassLoaders$PlatformClassLoader                            : 538K
Loader jdk.internal.loader.ClassLoaders$AppClassLoader                                 : 235K
Loader jdk.internal.reflect.DelegatingClassLoader                                      : 216K
Loader org.gradle.groovy.scripts.internal.DefaultScriptCompilationHandler$ScriptClassLoader: 152K
Loader org.codehaus.groovy.runtime.callsite.CallSiteClassLoader                        : 52816B

Classes loaded by more than one classloader:
Class org.gradle.api.GradleException                                                  : loaded 3 times (x 82B)
Class org.gradle.internal.classloader.FilteringClassLoader                            : loaded 2 times (x 105B)
Class org.gradle.internal.classloader.ClassLoaderHierarchy                            : loaded 2 times (x 70B)
Class org.gradle.api.internal.classpath.ManifestUtil                                  : loaded 2 times (x 71B)
Class org.jetbrains.plugins.gradle.model.GradleExtensions                             : loaded 2 times (x 70B)
Class org.jetbrains.plugins.gradle.model.AnnotationProcessingModel                    : loaded 2 times (x 70B)
Class org.gradle.internal.operations.MultipleBuildOperationFailures                   : loaded 2 times (x 95B)
Class org.gradle.internal.classloader.DefaultClassLoaderFactory                       : loaded 2 times (x 82B)
Class settings_c1r10t5wnb36il1u9716uq8t3$_run_closure1$_closure2                      : loaded 2 times (x 139B)
Class kotlin.collections.AbstractList$Companion                                       : loaded 2 times (x 71B)
Class org.gradle.internal.classloader.ClassLoaderVisitor                              : loaded 2 times (x 76B)
Class org.gradle.api.internal.classpath.EffectiveClassPath                            : loaded 2 times (x 90B)
Class org.gradle.tooling.internal.gradle.DefaultProjectIdentifier                     : loaded 2 times (x 86B)
Class org.gradle.api.internal.DefaultClassPathProvider                                : loaded 2 times (x 76B)
Class [Lorg.gradle.api.internal.ClassPathProvider;                                    : loaded 2 times (x 69B)
Class org.gradle.api.internal.ClassPathProvider                                       : loaded 2 times (x 70B)
Class org.gradle.internal.service.UnknownServiceException                             : loaded 2 times (x 83B)
Class org.jetbrains.kotlin.idea.gradleTooling.KotlinDslScriptAdditionalTask           : loaded 2 times (x 70B)
Class org.gradle.internal.classpath.TransformedClassPath                              : loaded 2 times (x 96B)
Class org.gradle.internal.classloader.InstrumentingClassLoader                        : loaded 2 times (x 70B)
Class kotlin.enums.EnumEntriesList                                                    : loaded 2 times (x 223B)
Class org.jetbrains.kotlin.idea.gradleTooling.KotlinSourceSetContainer                : loaded 2 times (x 70B)
Class org.jetbrains.plugins.gradle.model.IntelliJSettings                             : loaded 2 times (x 70B)
Class org.gradle.internal.service.ServiceLocator                                      : loaded 2 times (x 70B)
Class org.gradle.tooling.model.UnsupportedMethodException                             : loaded 2 times (x 82B)
Class com.intellij.compose.ide.plugin.gradleTooling.rt.ComposeResourcesModel          : loaded 2 times (x 70B)
Class org.gradle.internal.InternalTransformer                                         : loaded 2 times (x 70B)
Class org.gradle.internal.time.DefaultTimer                                           : loaded 2 times (x 80B)
Class org.gradle.internal.classloader.ClasspathUtil$1                                 : loaded 2 times (x 76B)
Class org.gradle.api.internal.classpath.DefaultModuleRegistry$DefaultModule           : loaded 2 times (x 86B)
Class org.gradle.internal.time.DefaultCountdownTimer                                  : loaded 2 times (x 88B)
Class org.gradle.tooling.internal.gradle.DefaultBuildIdentifier                       : loaded 2 times (x 79B)
Class kotlin.Function                                                                 : loaded 2 times (x 70B)
Class org.gradle.api.internal.classpath.Module                                        : loaded 2 times (x 70B)
Class org.gradle.api.internal.classpath.UnknownModuleException                        : loaded 2 times (x 82B)
Class com.intellij.openapi.externalSystem.model.project.dependencies.ProjectDependencies: loaded 2 times (x 70B)
Class org.gradle.tooling.internal.gradle.GradleProjectIdentity                        : loaded 2 times (x 70B)
Class org.gradle.api.internal.DefaultClassPathRegistry                                : loaded 2 times (x 76B)
Class org.gradle.api.internal.ClassPathRegistry                                       : loaded 2 times (x 70B)
Class org.gradle.internal.classpath.DefaultClassPath$ImmutableUniqueList              : loaded 2 times (x 199B)
Class org.gradle.internal.classpath.ClassPath                                         : loaded 2 times (x 70B)
Class org.gradle.api.UncheckedIOException                                             : loaded 2 times (x 82B)
Class org.jetbrains.kotlin.idea.gradleTooling.KotlinGradleModel                       : loaded 2 times (x 70B)
Class org.gradle.tooling.model.Model                                                  : loaded 2 times (x 70B)
Class kotlin.UninitializedPropertyAccessException                                     : loaded 2 times (x 82B)
Class org.jetbrains.plugins.gradle.model.IntelliJProjectSettings                      : loaded 2 times (x 70B)
Class org.gradle.internal.installation.GradleInstallation$1                           : loaded 2 times (x 75B)
Class org.gradle.api.internal.classpath.ModuleRegistry                                : loaded 2 times (x 70B)
Class org.jetbrains.plugins.gradle.model.VersionCatalogsModel                         : loaded 2 times (x 70B)
Class org.gradle.api.internal.classpath.DefaultModuleRegistry                         : loaded 2 times (x 86B)
Class org.gradle.internal.time.MonotonicClock                                         : loaded 2 times (x 77B)
Class org.gradle.internal.service.ServiceLookupException                              : loaded 2 times (x 82B)
Class sync_studio_tooling23291_8vq0bux62pznuew2cxf09vvdv                              : loaded 2 times (x 179B)
Class org.gradle.internal.classloader.ClassLoaderFactory                              : loaded 2 times (x 70B)
Class org.gradle.internal.service.CachingServiceLocator                               : loaded 2 times (x 82B)
Class org.jetbrains.plugins.gradle.model.RepositoryModels                             : loaded 2 times (x 70B)
Class org.gradle.internal.time.TimeSource                                             : loaded 2 times (x 70B)
Class org.gradle.tooling.internal.gradle.GradleBuildIdentity                          : loaded 2 times (x 70B)
Class kotlin.enums.EnumEntries                                                        : loaded 2 times (x 70B)
Class org.gradle.internal.exceptions.ResolutionProvider                               : loaded 2 times (x 70B)
Class org.gradle.tooling.model.ProjectIdentifier                                      : loaded 2 times (x 70B)
Class org.gradle.internal.classloader.ClasspathUtil                                   : loaded 2 times (x 71B)
Class org.gradle.internal.time.TimeSource$1                                           : loaded 2 times (x 77B)
Class kotlin.jvm.internal.DefaultConstructorMarker                                    : loaded 2 times (x 71B)
Class org.gradle.api.specs.Spec                                                       : loaded 2 times (x 70B)
Class org.gradle.internal.time.Clock                                                  : loaded 2 times (x 70B)
Class kotlin.collections.AbstractList                                                 : loaded 2 times (x 197B)
Class kotlin.collections.AbstractCollection                                           : loaded 2 times (x 117B)
Class org.gradle.internal.classloader.VisitableURLClassLoader$InstrumentingVisitableURLClassLoader: loaded 2 times (x 123B)
Class org.gradle.internal.classloader.VisitableURLClassLoader$Spec                    : loaded 2 times (x 74B)
Class org.gradle.internal.classpath.DefaultClassPath                                  : loaded 2 times (x 90B)
Class org.gradle.internal.classloader.ClassLoaderSpec                                 : loaded 2 times (x 71B)
Class kotlin.Unit                                                                     : loaded 2 times (x 71B)
Class org.gradle.internal.classloader.VisitableURLClassLoader                         : loaded 2 times (x 117B)
Class org.gradle.internal.Cast                                                        : loaded 2 times (x 71B)
Class org.gradle.api.Action                                                           : loaded 2 times (x 70B)
Class kotlin.jvm.functions.Function1                                                  : loaded 2 times (x 70B)
Class org.gradle.internal.classpath.DefaultClassPath$ImmutableUniqueList$Builder      : loaded 2 times (x 75B)
Class kotlin.NotImplementedError                                                      : loaded 2 times (x 82B)
Class org.gradle.internal.exceptions.NonGradleCauseExceptionsHolder                   : loaded 2 times (x 70B)
Class org.jetbrains.plugins.gradle.tooling.ModelBuilderService$Parameter              : loaded 2 times (x 70B)
Class settings_c1r10t5wnb36il1u9716uq8t3                                              : loaded 2 times (x 179B)
Class kotlin.enums.EnumEntriesKt                                                      : loaded 2 times (x 71B)
Class org.gradle.internal.IoActions                                                   : loaded 2 times (x 71B)
Class org.gradle.internal.classloader.SystemClassLoaderSpec                           : loaded 2 times (x 71B)
Class org.gradle.internal.exceptions.MultiCauseException                              : loaded 2 times (x 70B)
Class org.gradle.internal.time.CountdownTimer                                         : loaded 2 times (x 70B)
Class kotlin.jvm.internal.Intrinsics                                                  : loaded 2 times (x 71B)
Class org.gradle.tooling.model.ProjectModel                                           : loaded 2 times (x 70B)
Class kotlin.KotlinNullPointerException                                               : loaded 2 times (x 83B)
Class org.jetbrains.plugins.gradle.model.tests.ExternalTestsModel                     : loaded 2 times (x 70B)
Class ijInit6_8jn4ky7af49pik2p72tqs34bq                                               : loaded 2 times (x 179B)
Class org.gradle.internal.exceptions.DefaultMultiCauseException                       : loaded 2 times (x 95B)
Class org.gradle.internal.time.Time                                                   : loaded 2 times (x 71B)
Class org.jetbrains.plugins.gradle.model.DependencyAccessorsModel                     : loaded 2 times (x 70B)
Class org.gradle.api.internal.classpath.GlobalCacheRootsProvider                      : loaded 2 times (x 70B)
Class org.jetbrains.kotlin.idea.gradleTooling.KotlinMPPGradleModel                    : loaded 2 times (x 70B)
Class org.gradle.tooling.model.BuildIdentifier                                        : loaded 2 times (x 70B)
Class org.jetbrains.kotlin.idea.gradleTooling.PrepareKotlinIdeImportTaskModel         : loaded 2 times (x 70B)
Class settings_c1r10t5wnb36il1u9716uq8t3$_run_closure1                                : loaded 2 times (x 139B)
Class org.gradle.internal.time.Timer                                                  : loaded 2 times (x 70B)
Class kotlin.jvm.internal.markers.KMappedMarker                                       : loaded 2 times (x 70B)
Class org.gradle.internal.installation.CurrentGradleInstallationLocator               : loaded 2 times (x 71B)
Class org.gradle.internal.service.DefaultServiceLocator                               : loaded 2 times (x 83B)
Class org.gradle.util.GradleVersion                                                   : loaded 2 times (x 79B)
Class org.gradle.internal.installation.CurrentGradleInstallation                      : loaded 2 times (x 73B)
Class org.jetbrains.plugins.gradle.javaModel.JavaGradleManifestModel                  : loaded 2 times (x 70B)
Class org.gradle.util.internal.GUtil                                                  : loaded 2 times (x 71B)
Class org.gradle.internal.installation.GradleInstallation                             : loaded 2 times (x 75B)

---------------  S Y S T E M  ---------------

OS:
 Windows 11 , 64 bit Build 26100 (10.0.26100.7705)
OS uptime: 9 days 10:45 hours
Hyper-V role detected

CPU: total 8 (initial active 8) (4 cores per cpu, 2 threads per core) family 6 model 140 stepping 2 microcode 0x16, cx8, cmov, fxsr, ht, mmx, 3dnowpref, sse, sse2, sse3, ssse3, sse4.1, sse4.2, popcnt, lzcnt, tsc, tscinvbit, avx, avx2, aes, erms, clmul, bmi1, bmi2, adx, avx512f, avx512dq, avx512cd, avx512bw, avx512vl, sha, fma, vzeroupper, avx512_vpopcntdq, avx512_vpclmulqdq, avx512_vaes, avx512_vnni, clflush, clflushopt, clwb, avx512_vbmi2, avx512_vbmi, hv, rdtscp, rdpid, fsrm, gfni, avx512_bitalg, f16c, cet_ibt, cet_ss, avx512_ifma
Processor Information for the first 8 processors :
  Max Mhz: 2496, Current Mhz: 2496, Mhz Limit: 2496

Memory: 4k page, system-wide physical 7975M (641M free)
TotalPageFile size 32551M (AvailPageFile size 5M)
current process WorkingSet (physical memory assigned to process): 374M, peak: 374M
current process commit charge ("private bytes"): 411M, peak: 411M

vm_info: OpenJDK 64-Bit Server VM (21.0.8+-14018985-b1038.68) for windows-amd64 JRE (21.0.8+-14018985-b1038.68), built on 2025-08-29T19:56:34Z by "builder" with MS VC++ 16.10 / 16.11 (VS2019)

END.
