#
# There is insufficient memory for the Java Runtime Environment to continue.
# Native memory allocation (malloc) failed to allocate 1739072 bytes. Error detail: Chunk::new
# Possible reasons:
#   The system is out of physical RAM or swap space
#   This process is running with CompressedOops enabled, and the Java Heap may be blocking the growth of the native heap
# Possible solutions:
#   Reduce memory load on the system
#   Increase physical memory or swap space
#   Check if swap backing store is full
#   Decrease Java heap size (-Xmx/-Xms)
#   Decrease number of Java threads
#   Decrease Java thread stack sizes (-Xss)
#   Set larger code cache with -XX:ReservedCodeCacheSize=
#   JVM is running with Unscaled Compressed Oops mode in which the Java heap is
#     placed in the first 4GB address space. The Java Heap base address is the
#     maximum limit for the native heap growth. Please use -XX:HeapBaseMinAddress
#     to set the Java Heap base and to place the Java Heap above 4GB virtual address.
# This output file may be truncated or incomplete.
#
#  Out of Memory Error (arena.cpp:168), pid=12976, tid=35756
#
# JRE version: OpenJDK Runtime Environment (21.0.8) (build 21.0.8+-14018985-b1038.68)
# Java VM: OpenJDK 64-Bit Server VM (21.0.8+-14018985-b1038.68, mixed mode, tiered, compressed oops, compressed class ptrs, g1 gc, windows-amd64)
# No core dump will be written. Minidumps are not enabled by default on client versions of Windows
#

---------------  S U M M A R Y ------------

Command Line: --add-opens=java.base/java.lang=ALL-UNNAMED --add-opens=java.base/java.lang.invoke=ALL-UNNAMED --add-opens=java.base/java.util=ALL-UNNAMED --add-opens=java.prefs/java.util.prefs=ALL-UNNAMED --add-exports=jdk.compiler/com.sun.tools.javac.api=ALL-UNNAMED --add-exports=jdk.compiler/com.sun.tools.javac.util=ALL-UNNAMED --add-opens=java.base/java.util=ALL-UNNAMED --add-opens=java.prefs/java.util.prefs=ALL-UNNAMED --add-opens=java.base/java.nio.charset=ALL-UNNAMED --add-opens=java.base/java.net=ALL-UNNAMED --add-opens=java.base/java.util.concurrent.atomic=ALL-UNNAMED --add-opens=java.xml/javax.xml.namespace=ALL-UNNAMED -Xmx2048m -Dfile.encoding=UTF-8 -Duser.country=FR -Duser.language=fr -Duser.variant -javaagent:E:\androidprojet\gradle\wrapper\wrapper\wrapper\wrapper\wrapper\dists\gradle-8.13-bin\5xuhj0ry160q40clulazy9h7d\gradle-8.13\lib\agents\gradle-instrumentation-agent-8.13.jar org.gradle.launcher.daemon.bootstrap.GradleDaemon 8.13

Host: 11th Gen Intel(R) Core(TM) i5-1155G7 @ 2.50GHz, 8 cores, 7G,  Windows 11 , 64 bit Build 26100 (10.0.26100.7705)
Time: Sat Feb 28 20:31:17 2026 Maroc elapsed time: 11.657271 seconds (0d 0h 0m 11s)

---------------  T H R E A D  ---------------

Current thread (0x0000015fe6875390):  JavaThread "C2 CompilerThread1" daemon [_thread_in_native, id=35756, stack(0x0000005369f00000,0x000000536a000000) (1024K)]


Current CompileTask:
C2:11657 6281       4       org.gradle.internal.serialize.AbstractCollectionSerializer::write (52 bytes)

Stack: [0x0000005369f00000,0x000000536a000000]
Native frames: (J=compiled Java code, j=interpreted, Vv=VM code, C=native code)
V  [jvm.dll+0x6d68d9]
V  [jvm.dll+0x866693]
V  [jvm.dll+0x868c4e]
V  [jvm.dll+0x869333]
V  [jvm.dll+0x280566]
V  [jvm.dll+0xc07cd]
V  [jvm.dll+0xc0d03]
V  [jvm.dll+0x3b961b]
V  [jvm.dll+0x385507]
V  [jvm.dll+0x38497a]
V  [jvm.dll+0x249252]
V  [jvm.dll+0x248821]
V  [jvm.dll+0x1c73a4]
V  [jvm.dll+0x257f9e]
V  [jvm.dll+0x2564e6]
V  [jvm.dll+0x3f4696]
V  [jvm.dll+0x80eac8]
V  [jvm.dll+0x6d512d]
C  [ucrtbase.dll+0x37b0]
C  [KERNEL32.DLL+0x2e8d7]
C  [ntdll.dll+0x8c40c]


---------------  P R O C E S S  ---------------

Threads class SMR info:
_java_thread_list=0x0000015fe79c2830, length=45, elements={
0x0000015fc9cdc950, 0x0000015fe1565250, 0x0000015fe1574c40, 0x0000015fe1567df0,
0x0000015fe15879d0, 0x0000015fe159a730, 0x0000015fe15a31a0, 0x0000015fe15a63b0,
0x0000015fe15aa340, 0x0000015fe15b02f0, 0x0000015fe15a42e0, 0x0000015fe15a3c50,
0x0000015fe15a6a40, 0x0000015fe15a70d0, 0x0000015fe15a5690, 0x0000015fe15a4970,
0x0000015fe15a5d20, 0x0000015fe7b63a80, 0x0000015fe7b633f0, 0x0000015fe7b62040,
0x0000015fe7b65b50, 0x0000015fe7b62d60, 0x0000015fe7b64110, 0x0000015fe7b647a0,
0x0000015fe7b654c0, 0x0000015fe7b626d0, 0x0000015fe7b682b0, 0x0000015fe7b66870,
0x0000015fe7b66f00, 0x0000015fe7b69660, 0x0000015fe7b661e0, 0x0000015fe7b68940,
0x0000015fe7b67590, 0x0000015fe7b67c20, 0x0000015fe7b68fd0, 0x0000015fe81478a0,
0x0000015fe6875390, 0x0000015fe8147f30, 0x0000015fe81457d0, 0x0000015fe8145140,
0x0000015fe8148c50, 0x0000015fe8145e60, 0x0000015fe8147210, 0x0000015fe81492e0,
0x0000015fe8149970
}

Java Threads: ( => current thread )
  0x0000015fc9cdc950 JavaThread "main"                              [_thread_blocked, id=12296, stack(0x0000005366c00000,0x0000005366d00000) (1024K)]
  0x0000015fe1565250 JavaThread "Common-Cleaner"             daemon [_thread_blocked, id=1516, stack(0x0000005367400000,0x0000005367500000) (1024K)]
  0x0000015fe1574c40 JavaThread "Reference Handler"          daemon [_thread_blocked, id=7612, stack(0x0000005367500000,0x0000005367600000) (1024K)]
  0x0000015fe1567df0 JavaThread "Finalizer"                  daemon [_thread_blocked, id=28484, stack(0x0000005367600000,0x0000005367700000) (1024K)]
  0x0000015fe15879d0 JavaThread "Signal Dispatcher"          daemon [_thread_blocked, id=21808, stack(0x0000005367700000,0x0000005367800000) (1024K)]
  0x0000015fe159a730 JavaThread "Attach Listener"            daemon [_thread_blocked, id=18268, stack(0x0000005367800000,0x0000005367900000) (1024K)]
  0x0000015fe15a31a0 JavaThread "Service Thread"             daemon [_thread_blocked, id=37532, stack(0x0000005367900000,0x0000005367a00000) (1024K)]
  0x0000015fe15a63b0 JavaThread "Monitor Deflation Thread"   daemon [_thread_blocked, id=592, stack(0x0000005367a00000,0x0000005367b00000) (1024K)]
  0x0000015fe15aa340 JavaThread "C2 CompilerThread0"         daemon [_thread_in_native, id=20496, stack(0x0000005367b00000,0x0000005367c00000) (1024K)]
  0x0000015fe15b02f0 JavaThread "C1 CompilerThread0"         daemon [_thread_blocked, id=34852, stack(0x0000005367c00000,0x0000005367d00000) (1024K)]
  0x0000015fe15a42e0 JavaThread "Notification Thread"        daemon [_thread_blocked, id=42172, stack(0x0000005367d00000,0x0000005367e00000) (1024K)]
  0x0000015fe15a3c50 JavaThread "Daemon health stats"               [_thread_blocked, id=12232, stack(0x0000005368200000,0x0000005368300000) (1024K)]
  0x0000015fe15a6a40 JavaThread "Incoming local TCP Connector on port 13068"        [_thread_in_native, id=20604, stack(0x0000005368300000,0x0000005368400000) (1024K)]
  0x0000015fe15a70d0 JavaThread "Daemon periodic checks"            [_thread_blocked, id=22652, stack(0x0000005368400000,0x0000005368500000) (1024K)]
  0x0000015fe15a5690 JavaThread "Daemon"                            [_thread_blocked, id=36112, stack(0x0000005368800000,0x0000005368900000) (1024K)]
  0x0000015fe15a4970 JavaThread "Handler for socket connection from /127.0.0.1:13068 to /127.0.0.1:13069"        [_thread_in_native, id=20768, stack(0x0000005368900000,0x0000005368a00000) (1024K)]
  0x0000015fe15a5d20 JavaThread "Cancel handler"                    [_thread_blocked, id=28776, stack(0x0000005368a00000,0x0000005368b00000) (1024K)]
  0x0000015fe7b63a80 JavaThread "Daemon worker"                     [_thread_in_Java, id=844, stack(0x0000005368b00000,0x0000005368c00000) (1024K)]
  0x0000015fe7b633f0 JavaThread "Asynchronous log dispatcher for DefaultDaemonConnection: socket connection from /127.0.0.1:13068 to /127.0.0.1:13069"        [_thread_blocked, id=23548, stack(0x0000005368d00000,0x0000005368e00000) (1024K)]
  0x0000015fe7b62040 JavaThread "Stdin handler"                     [_thread_blocked, id=41448, stack(0x0000005368e00000,0x0000005368f00000) (1024K)]
  0x0000015fe7b65b50 JavaThread "Daemon client event forwarder"        [_thread_blocked, id=10648, stack(0x0000005368f00000,0x0000005369000000) (1024K)]
  0x0000015fe7b62d60 JavaThread "Cache worker for journal cache (E:\androidprojet\gradle\wrapper\wrapper\wrapper\wrapper\caches\journal-1)"        [_thread_blocked, id=25316, stack(0x0000005369000000,0x0000005369100000) (1024K)]
  0x0000015fe7b64110 JavaThread "File lock request listener"        [_thread_in_native, id=1112, stack(0x0000005369100000,0x0000005369200000) (1024K)]
  0x0000015fe7b647a0 JavaThread "Cache worker for file hash cache (E:\androidprojet\gradle\wrapper\wrapper\wrapper\wrapper\caches\8.13\fileHashes)"        [_thread_blocked, id=16072, stack(0x0000005369200000,0x0000005369300000) (1024K)]
  0x0000015fe7b654c0 JavaThread "Cache worker for file hash cache (E:\finally10\.gradle\8.13\fileHashes)"        [_thread_blocked, id=38452, stack(0x0000005369300000,0x0000005369400000) (1024K)]
  0x0000015fe7b626d0 JavaThread "Cache worker for Build Output Cleanup Cache (E:\finally10\.gradle\buildOutputCleanup)"        [_thread_blocked, id=27568, stack(0x0000005369400000,0x0000005369500000) (1024K)]
  0x0000015fe7b682b0 JavaThread "File watcher server"        daemon [_thread_in_native, id=3568, stack(0x0000005369500000,0x0000005369600000) (1024K)]
  0x0000015fe7b66870 JavaThread "File watcher consumer"      daemon [_thread_blocked, id=17728, stack(0x0000005369600000,0x0000005369700000) (1024K)]
  0x0000015fe7b66f00 JavaThread "jar transforms"                    [_thread_blocked, id=22704, stack(0x0000005369700000,0x0000005369800000) (1024K)]
  0x0000015fe7b69660 JavaThread "jar transforms Thread 2"           [_thread_blocked, id=6892, stack(0x0000005369800000,0x0000005369900000) (1024K)]
  0x0000015fe7b661e0 JavaThread "jar transforms Thread 3"           [_thread_blocked, id=40700, stack(0x0000005369900000,0x0000005369a00000) (1024K)]
  0x0000015fe7b68940 JavaThread "jar transforms Thread 4"           [_thread_blocked, id=42796, stack(0x0000005369a00000,0x0000005369b00000) (1024K)]
  0x0000015fe7b67590 JavaThread "jar transforms Thread 5"           [_thread_blocked, id=39304, stack(0x0000005369b00000,0x0000005369c00000) (1024K)]
  0x0000015fe7b67c20 JavaThread "jar transforms Thread 6"           [_thread_blocked, id=24176, stack(0x0000005369c00000,0x0000005369d00000) (1024K)]
  0x0000015fe7b68fd0 JavaThread "jar transforms Thread 7"           [_thread_blocked, id=9240, stack(0x0000005369d00000,0x0000005369e00000) (1024K)]
  0x0000015fe81478a0 JavaThread "jar transforms Thread 8"           [_thread_blocked, id=42948, stack(0x0000005369e00000,0x0000005369f00000) (1024K)]
=>0x0000015fe6875390 JavaThread "C2 CompilerThread1"         daemon [_thread_in_native, id=35756, stack(0x0000005369f00000,0x000000536a000000) (1024K)]
  0x0000015fe8147f30 JavaThread "Cache worker for checksums cache (E:\finally10\.gradle\8.13\checksums)"        [_thread_blocked, id=24808, stack(0x000000536a000000,0x000000536a100000) (1024K)]
  0x0000015fe81457d0 JavaThread "Cache worker for file content cache (E:\androidprojet\gradle\wrapper\wrapper\wrapper\wrapper\caches\8.13\fileContent)"        [_thread_blocked, id=39376, stack(0x000000536a100000,0x000000536a200000) (1024K)]
  0x0000015fe8145140 JavaThread "Cache worker for cache directory md-supplier (E:\androidprojet\gradle\wrapper\wrapper\wrapper\wrapper\caches\8.13\md-supplier)"        [_thread_blocked, id=42164, stack(0x000000536a200000,0x000000536a300000) (1024K)]
  0x0000015fe8148c50 JavaThread "Cache worker for cache directory md-rule (E:\androidprojet\gradle\wrapper\wrapper\wrapper\wrapper\caches\8.13\md-rule)"        [_thread_blocked, id=24904, stack(0x000000536a300000,0x000000536a400000) (1024K)]
  0x0000015fe8145e60 JavaThread "Unconstrained build operations"        [_thread_blocked, id=37140, stack(0x000000536a400000,0x000000536a500000) (1024K)]
  0x0000015fe8147210 JavaThread "Unconstrained build operations Thread 2"        [_thread_blocked, id=31156, stack(0x000000536a500000,0x000000536a600000) (1024K)]
  0x0000015fe81492e0 JavaThread "Unconstrained build operations Thread 3"        [_thread_blocked, id=7056, stack(0x000000536a600000,0x000000536a700000) (1024K)]
  0x0000015fe8149970 JavaThread "Unconstrained build operations Thread 4"        [_thread_blocked, id=19744, stack(0x000000536a700000,0x000000536a800000) (1024K)]
Total: 45

Other Threads:
  0x0000015fe150ed70 VMThread "VM Thread"                           [id=42208, stack(0x0000005367300000,0x0000005367400000) (1024K)]
  0x0000015fe1359a70 WatcherThread "VM Periodic Task Thread"        [id=12508, stack(0x0000005367200000,0x0000005367300000) (1024K)]
  0x0000015fc9d36fd0 WorkerThread "GC Thread#0"                     [id=39680, stack(0x0000005366d00000,0x0000005366e00000) (1024K)]
  0x0000015fe60e2120 WorkerThread "GC Thread#1"                     [id=28900, stack(0x0000005367e00000,0x0000005367f00000) (1024K)]
  0x0000015fe60e24c0 WorkerThread "GC Thread#2"                     [id=17568, stack(0x0000005367f00000,0x0000005368000000) (1024K)]
  0x0000015fe6a312b0 WorkerThread "GC Thread#3"                     [id=35776, stack(0x0000005368000000,0x0000005368100000) (1024K)]
  0x0000015fe6ad5760 WorkerThread "GC Thread#4"                     [id=11796, stack(0x0000005368100000,0x0000005368200000) (1024K)]
  0x0000015fe6b57750 WorkerThread "GC Thread#5"                     [id=15644, stack(0x0000005368500000,0x0000005368600000) (1024K)]
  0x0000015fe630bab0 WorkerThread "GC Thread#6"                     [id=38416, stack(0x0000005368600000,0x0000005368700000) (1024K)]
  0x0000015fe630be50 WorkerThread "GC Thread#7"                     [id=39528, stack(0x0000005368700000,0x0000005368800000) (1024K)]
  0x0000015fc9d47ec0 ConcurrentGCThread "G1 Main Marker"            [id=4628, stack(0x0000005366e00000,0x0000005366f00000) (1024K)]
  0x0000015fc9d49710 WorkerThread "G1 Conc#0"                       [id=13316, stack(0x0000005366f00000,0x0000005367000000) (1024K)]
  0x0000015fe7aed0d0 WorkerThread "G1 Conc#1"                       [id=34884, stack(0x0000005368c00000,0x0000005368d00000) (1024K)]
  0x0000015fe122d550 ConcurrentGCThread "G1 Refine#0"               [id=5604, stack(0x0000005367000000,0x0000005367100000) (1024K)]
  0x0000015fe1230d90 ConcurrentGCThread "G1 Service"                [id=36924, stack(0x0000005367100000,0x0000005367200000) (1024K)]
Total: 15

Threads with active compile tasks:
C2 CompilerThread0  12687 6246       4       org.gradle.internal.serialize.HierarchicalNameSerializer::writeName (88 bytes)
C2 CompilerThread1  12688 6281       4       org.gradle.internal.serialize.AbstractCollectionSerializer::write (52 bytes)
Total: 2

VM state: not at safepoint (normal execution)

VM Mutex/Monitor currently owned by a thread: None

Heap address: 0x0000000080000000, size: 2048 MB, Compressed Oops mode: 32-bit

CDS archive(s) not mapped
Compressed class space mapped at: 0x0000000100000000-0x0000000140000000, reserved size: 1073741824
Narrow klass base: 0x0000000000000000, Narrow klass shift: 3, Narrow klass range: 0x140000000

GC Precious Log:
 CardTable entry size: 512
 Card Set container configuration: InlinePtr #cards 5 size 8 Array Of Cards #cards 12 size 40 Howl #buckets 4 coarsen threshold 1843 Howl Bitmap #cards 512 size 80 coarsen threshold 460 Card regions per heap region 1 cards per card region 2048
 CPUs: 8 total, 8 available
 Memory: 7975M
 Large Page Support: Disabled
 NUMA Support: Disabled
 Compressed Oops: Enabled (32-bit)
 Heap Region Size: 1M
 Heap Min Capacity: 8M
 Heap Initial Capacity: 126M
 Heap Max Capacity: 2G
 Pre-touch: Disabled
 Parallel Workers: 8
 Concurrent Workers: 2
 Concurrent Refinement Workers: 8
 Periodic GC: Disabled

Heap:
 garbage-first heap   total 150528K, used 98931K [0x0000000080000000, 0x0000000100000000)
  region size 1024K, 21 young (21504K), 8 survivors (8192K)
 Metaspace       used 63891K, committed 65280K, reserved 1114112K
  class space    used 9066K, committed 9728K, reserved 1048576K

Heap Regions: E=young(eden), S=young(survivor), O=old, HS=humongous(starts), HC=humongous(continues), CS=collection set, F=free, TAMS=top-at-mark-start, PB=parsable bottom
|   0|0x0000000080000000, 0x0000000080100000, 0x0000000080100000|100%|HS|  |TAMS 0x0000000080000000| PB 0x0000000080000000| Complete 
|   1|0x0000000080100000, 0x0000000080200000, 0x0000000080200000|100%|HC|  |TAMS 0x0000000080100000| PB 0x0000000080100000| Complete 
|   2|0x0000000080200000, 0x0000000080300000, 0x0000000080300000|100%|HC|  |TAMS 0x0000000080200000| PB 0x0000000080200000| Complete 
|   3|0x0000000080300000, 0x0000000080400000, 0x0000000080400000|100%| O|  |TAMS 0x0000000080300000| PB 0x0000000080300000| Untracked 
|   4|0x0000000080400000, 0x0000000080500000, 0x0000000080500000|100%| O|  |TAMS 0x0000000080400000| PB 0x0000000080400000| Untracked 
|   5|0x0000000080500000, 0x0000000080600000, 0x0000000080600000|100%| O|  |TAMS 0x0000000080500000| PB 0x0000000080500000| Untracked 
|   6|0x0000000080600000, 0x0000000080700000, 0x0000000080700000|100%|HS|  |TAMS 0x0000000080600000| PB 0x0000000080600000| Complete 
|   7|0x0000000080700000, 0x0000000080800000, 0x0000000080800000|100%| O|  |TAMS 0x0000000080700000| PB 0x0000000080700000| Untracked 
|   8|0x0000000080800000, 0x0000000080900000, 0x0000000080900000|100%| O|  |TAMS 0x0000000080800000| PB 0x0000000080800000| Untracked 
|   9|0x0000000080900000, 0x0000000080a00000, 0x0000000080a00000|100%| O|  |TAMS 0x0000000080900000| PB 0x0000000080900000| Untracked 
|  10|0x0000000080a00000, 0x0000000080b00000, 0x0000000080b00000|100%| O|  |TAMS 0x0000000080a00000| PB 0x0000000080a00000| Untracked 
|  11|0x0000000080b00000, 0x0000000080c00000, 0x0000000080c00000|100%| O|  |TAMS 0x0000000080b00000| PB 0x0000000080b00000| Untracked 
|  12|0x0000000080c00000, 0x0000000080d00000, 0x0000000080d00000|100%| O|  |TAMS 0x0000000080c00000| PB 0x0000000080c00000| Untracked 
|  13|0x0000000080d00000, 0x0000000080e00000, 0x0000000080e00000|100%| O|  |TAMS 0x0000000080d00000| PB 0x0000000080d00000| Untracked 
|  14|0x0000000080e00000, 0x0000000080f00000, 0x0000000080f00000|100%| O|  |TAMS 0x0000000080e00000| PB 0x0000000080e00000| Untracked 
|  15|0x0000000080f00000, 0x0000000081000000, 0x0000000081000000|100%| O|  |TAMS 0x0000000080f00000| PB 0x0000000080f00000| Untracked 
|  16|0x0000000081000000, 0x0000000081100000, 0x0000000081100000|100%| O|  |TAMS 0x0000000081000000| PB 0x0000000081000000| Untracked 
|  17|0x0000000081100000, 0x0000000081200000, 0x0000000081200000|100%| O|  |TAMS 0x0000000081100000| PB 0x0000000081100000| Untracked 
|  18|0x0000000081200000, 0x0000000081300000, 0x0000000081300000|100%| O|  |TAMS 0x0000000081200000| PB 0x0000000081200000| Untracked 
|  19|0x0000000081300000, 0x0000000081400000, 0x0000000081400000|100%| O|  |TAMS 0x0000000081300000| PB 0x0000000081300000| Untracked 
|  20|0x0000000081400000, 0x0000000081500000, 0x0000000081500000|100%| O|  |TAMS 0x0000000081400000| PB 0x0000000081400000| Untracked 
|  21|0x0000000081500000, 0x0000000081600000, 0x0000000081600000|100%| O|  |TAMS 0x0000000081500000| PB 0x0000000081500000| Untracked 
|  22|0x0000000081600000, 0x0000000081700000, 0x0000000081700000|100%| O|  |TAMS 0x0000000081600000| PB 0x0000000081600000| Untracked 
|  23|0x0000000081700000, 0x0000000081800000, 0x0000000081800000|100%| O|  |TAMS 0x0000000081700000| PB 0x0000000081700000| Untracked 
|  24|0x0000000081800000, 0x0000000081900000, 0x0000000081900000|100%| O|Cm|TAMS 0x0000000081800000| PB 0x0000000081800000| Complete 
|  25|0x0000000081900000, 0x0000000081a00000, 0x0000000081a00000|100%|HS|  |TAMS 0x0000000081900000| PB 0x0000000081900000| Complete 
|  26|0x0000000081a00000, 0x0000000081b00000, 0x0000000081b00000|100%|HC|  |TAMS 0x0000000081a00000| PB 0x0000000081a00000| Complete 
|  27|0x0000000081b00000, 0x0000000081c00000, 0x0000000081c00000|100%|HC|  |TAMS 0x0000000081b00000| PB 0x0000000081b00000| Complete 
|  28|0x0000000081c00000, 0x0000000081d00000, 0x0000000081d00000|100%|HC|  |TAMS 0x0000000081c00000| PB 0x0000000081c00000| Complete 
|  29|0x0000000081d00000, 0x0000000081e00000, 0x0000000081e00000|100%|HC|  |TAMS 0x0000000081d00000| PB 0x0000000081d00000| Complete 
|  30|0x0000000081e00000, 0x0000000081f00000, 0x0000000081f00000|100%|HC|  |TAMS 0x0000000081e00000| PB 0x0000000081e00000| Complete 
|  31|0x0000000081f00000, 0x0000000082000000, 0x0000000082000000|100%|HS|  |TAMS 0x0000000081f00000| PB 0x0000000081f00000| Complete 
|  32|0x0000000082000000, 0x0000000082100000, 0x0000000082100000|100%|HS|  |TAMS 0x0000000082000000| PB 0x0000000082000000| Complete 
|  33|0x0000000082100000, 0x0000000082200000, 0x0000000082200000|100%|HC|  |TAMS 0x0000000082100000| PB 0x0000000082100000| Complete 
|  34|0x0000000082200000, 0x0000000082300000, 0x0000000082300000|100%|HC|  |TAMS 0x0000000082200000| PB 0x0000000082200000| Complete 
|  35|0x0000000082300000, 0x0000000082400000, 0x0000000082400000|100%|HC|  |TAMS 0x0000000082300000| PB 0x0000000082300000| Complete 
|  36|0x0000000082400000, 0x0000000082500000, 0x0000000082500000|100%|HS|  |TAMS 0x0000000082400000| PB 0x0000000082400000| Complete 
|  37|0x0000000082500000, 0x0000000082600000, 0x0000000082600000|100%|HC|  |TAMS 0x0000000082500000| PB 0x0000000082500000| Complete 
|  38|0x0000000082600000, 0x0000000082700000, 0x0000000082700000|100%|HS|  |TAMS 0x0000000082600000| PB 0x0000000082600000| Complete 
|  39|0x0000000082700000, 0x0000000082800000, 0x0000000082800000|100%|HS|  |TAMS 0x0000000082700000| PB 0x0000000082700000| Complete 
|  40|0x0000000082800000, 0x0000000082900000, 0x0000000082900000|100%|HC|  |TAMS 0x0000000082800000| PB 0x0000000082800000| Complete 
|  41|0x0000000082900000, 0x0000000082a00000, 0x0000000082a00000|100%|HC|  |TAMS 0x0000000082900000| PB 0x0000000082900000| Complete 
|  42|0x0000000082a00000, 0x0000000082b00000, 0x0000000082b00000|100%|HC|  |TAMS 0x0000000082a00000| PB 0x0000000082a00000| Complete 
|  43|0x0000000082b00000, 0x0000000082c00000, 0x0000000082c00000|100%|HC|  |TAMS 0x0000000082b00000| PB 0x0000000082b00000| Complete 
|  44|0x0000000082c00000, 0x0000000082d00000, 0x0000000082d00000|100%|HC|  |TAMS 0x0000000082c00000| PB 0x0000000082c00000| Complete 
|  45|0x0000000082d00000, 0x0000000082e00000, 0x0000000082e00000|100%|HS|  |TAMS 0x0000000082d00000| PB 0x0000000082d00000| Complete 
|  46|0x0000000082e00000, 0x0000000082f00000, 0x0000000082f00000|100%|HS|  |TAMS 0x0000000082e00000| PB 0x0000000082e00000| Complete 
|  47|0x0000000082f00000, 0x0000000083000000, 0x0000000083000000|100%|HC|  |TAMS 0x0000000082f00000| PB 0x0000000082f00000| Complete 
|  48|0x0000000083000000, 0x0000000083100000, 0x0000000083100000|100%|HC|  |TAMS 0x0000000083000000| PB 0x0000000083000000| Complete 
|  49|0x0000000083100000, 0x0000000083200000, 0x0000000083200000|100%|HC|  |TAMS 0x0000000083100000| PB 0x0000000083100000| Complete 
|  50|0x0000000083200000, 0x0000000083300000, 0x0000000083300000|100%|HS|  |TAMS 0x0000000083200000| PB 0x0000000083200000| Complete 
|  51|0x0000000083300000, 0x0000000083400000, 0x0000000083400000|100%| O|  |TAMS 0x0000000083300000| PB 0x0000000083300000| Untracked 
|  52|0x0000000083400000, 0x0000000083500000, 0x0000000083500000|100%|HS|  |TAMS 0x0000000083400000| PB 0x0000000083400000| Complete 
|  53|0x0000000083500000, 0x0000000083600000, 0x0000000083600000|100%|HC|  |TAMS 0x0000000083500000| PB 0x0000000083500000| Complete 
|  54|0x0000000083600000, 0x0000000083700000, 0x0000000083700000|100%| O|  |TAMS 0x0000000083600000| PB 0x0000000083600000| Untracked 
|  55|0x0000000083700000, 0x0000000083800000, 0x0000000083800000|100%| O|  |TAMS 0x0000000083700000| PB 0x0000000083700000| Untracked 
|  56|0x0000000083800000, 0x0000000083900000, 0x0000000083900000|100%| O|  |TAMS 0x0000000083800000| PB 0x0000000083800000| Untracked 
|  57|0x0000000083900000, 0x0000000083a00000, 0x0000000083a00000|100%| O|  |TAMS 0x0000000083900000| PB 0x0000000083900000| Untracked 
|  58|0x0000000083a00000, 0x0000000083b00000, 0x0000000083b00000|100%| O|  |TAMS 0x0000000083a00000| PB 0x0000000083a00000| Untracked 
|  59|0x0000000083b00000, 0x0000000083c00000, 0x0000000083c00000|100%| O|  |TAMS 0x0000000083b00000| PB 0x0000000083b00000| Untracked 
|  60|0x0000000083c00000, 0x0000000083d00000, 0x0000000083d00000|100%| O|  |TAMS 0x0000000083c00000| PB 0x0000000083c00000| Untracked 
|  61|0x0000000083d00000, 0x0000000083e00000, 0x0000000083e00000|100%| O|  |TAMS 0x0000000083d00000| PB 0x0000000083d00000| Untracked 
|  62|0x0000000083e00000, 0x0000000083f00000, 0x0000000083f00000|100%| O|  |TAMS 0x0000000083e00000| PB 0x0000000083e00000| Untracked 
|  63|0x0000000083f00000, 0x0000000084000000, 0x0000000084000000|100%| O|  |TAMS 0x0000000083f00000| PB 0x0000000083f00000| Untracked 
|  64|0x0000000084000000, 0x0000000084100000, 0x0000000084100000|100%| O|  |TAMS 0x0000000084000000| PB 0x0000000084000000| Untracked 
|  65|0x0000000084100000, 0x0000000084200000, 0x0000000084200000|100%| O|  |TAMS 0x0000000084100000| PB 0x0000000084100000| Untracked 
|  66|0x0000000084200000, 0x0000000084300000, 0x0000000084300000|100%| O|  |TAMS 0x0000000084200000| PB 0x0000000084200000| Untracked 
|  67|0x0000000084300000, 0x0000000084400000, 0x0000000084400000|100%| O|  |TAMS 0x0000000084300000| PB 0x0000000084300000| Untracked 
|  68|0x0000000084400000, 0x0000000084500000, 0x0000000084500000|100%| O|  |TAMS 0x0000000084400000| PB 0x0000000084400000| Untracked 
|  69|0x0000000084500000, 0x0000000084600000, 0x0000000084600000|100%| O|  |TAMS 0x0000000084500000| PB 0x0000000084500000| Untracked 
|  70|0x0000000084600000, 0x0000000084700000, 0x0000000084700000|100%| O|  |TAMS 0x0000000084600000| PB 0x0000000084600000| Untracked 
|  71|0x0000000084700000, 0x0000000084800000, 0x0000000084800000|100%| O|  |TAMS 0x0000000084700000| PB 0x0000000084700000| Untracked 
|  72|0x0000000084800000, 0x0000000084900000, 0x0000000084900000|100%| O|  |TAMS 0x0000000084800000| PB 0x0000000084800000| Untracked 
|  73|0x0000000084900000, 0x0000000084a00000, 0x0000000084a00000|100%| O|  |TAMS 0x0000000084900000| PB 0x0000000084900000| Untracked 
|  74|0x0000000084a00000, 0x0000000084b00000, 0x0000000084b00000|100%| O|  |TAMS 0x0000000084a00000| PB 0x0000000084a00000| Untracked 
|  75|0x0000000084b00000, 0x0000000084c00000, 0x0000000084c00000|100%| O|  |TAMS 0x0000000084b00000| PB 0x0000000084b00000| Untracked 
|  76|0x0000000084c00000, 0x0000000084c9ce40, 0x0000000084d00000| 61%| O|  |TAMS 0x0000000084c00000| PB 0x0000000084c00000| Untracked 
|  77|0x0000000084d00000, 0x0000000084d00000, 0x0000000084e00000|  0%| F|  |TAMS 0x0000000084d00000| PB 0x0000000084d00000| Untracked 
|  78|0x0000000084e00000, 0x0000000084f00000, 0x0000000084f00000|100%| S|CS|TAMS 0x0000000084e00000| PB 0x0000000084e00000| Complete 
|  79|0x0000000084f00000, 0x0000000085000000, 0x0000000085000000|100%| S|CS|TAMS 0x0000000084f00000| PB 0x0000000084f00000| Complete 
|  80|0x0000000085000000, 0x0000000085100000, 0x0000000085100000|100%| S|CS|TAMS 0x0000000085000000| PB 0x0000000085000000| Complete 
|  81|0x0000000085100000, 0x0000000085200000, 0x0000000085200000|100%| S|CS|TAMS 0x0000000085100000| PB 0x0000000085100000| Complete 
|  82|0x0000000085200000, 0x0000000085300000, 0x0000000085300000|100%| S|CS|TAMS 0x0000000085200000| PB 0x0000000085200000| Complete 
|  83|0x0000000085300000, 0x0000000085400000, 0x0000000085400000|100%| S|CS|TAMS 0x0000000085300000| PB 0x0000000085300000| Complete 
|  84|0x0000000085400000, 0x0000000085400000, 0x0000000085500000|  0%| F|  |TAMS 0x0000000085400000| PB 0x0000000085400000| Untracked 
|  85|0x0000000085500000, 0x0000000085500000, 0x0000000085600000|  0%| F|  |TAMS 0x0000000085500000| PB 0x0000000085500000| Untracked 
|  86|0x0000000085600000, 0x0000000085600000, 0x0000000085700000|  0%| F|  |TAMS 0x0000000085600000| PB 0x0000000085600000| Untracked 
|  87|0x0000000085700000, 0x0000000085700000, 0x0000000085800000|  0%| F|  |TAMS 0x0000000085700000| PB 0x0000000085700000| Untracked 
|  88|0x0000000085800000, 0x0000000085900000, 0x0000000085900000|100%| S|CS|TAMS 0x0000000085800000| PB 0x0000000085800000| Complete 
|  89|0x0000000085900000, 0x0000000085a00000, 0x0000000085a00000|100%| S|CS|TAMS 0x0000000085900000| PB 0x0000000085900000| Complete 
|  90|0x0000000085a00000, 0x0000000085a00000, 0x0000000085b00000|  0%| F|  |TAMS 0x0000000085a00000| PB 0x0000000085a00000| Untracked 
|  91|0x0000000085b00000, 0x0000000085b00000, 0x0000000085c00000|  0%| F|  |TAMS 0x0000000085b00000| PB 0x0000000085b00000| Untracked 
|  92|0x0000000085c00000, 0x0000000085c00000, 0x0000000085d00000|  0%| F|  |TAMS 0x0000000085c00000| PB 0x0000000085c00000| Untracked 
|  93|0x0000000085d00000, 0x0000000085d00000, 0x0000000085e00000|  0%| F|  |TAMS 0x0000000085d00000| PB 0x0000000085d00000| Untracked 
|  94|0x0000000085e00000, 0x0000000085e00000, 0x0000000085f00000|  0%| F|  |TAMS 0x0000000085e00000| PB 0x0000000085e00000| Untracked 
|  95|0x0000000085f00000, 0x0000000085f00000, 0x0000000086000000|  0%| F|  |TAMS 0x0000000085f00000| PB 0x0000000085f00000| Untracked 
|  96|0x0000000086000000, 0x0000000086000000, 0x0000000086100000|  0%| F|  |TAMS 0x0000000086000000| PB 0x0000000086000000| Untracked 
|  97|0x0000000086100000, 0x0000000086100000, 0x0000000086200000|  0%| F|  |TAMS 0x0000000086100000| PB 0x0000000086100000| Untracked 
|  98|0x0000000086200000, 0x0000000086200000, 0x0000000086300000|  0%| F|  |TAMS 0x0000000086200000| PB 0x0000000086200000| Untracked 
|  99|0x0000000086300000, 0x0000000086300000, 0x0000000086400000|  0%| F|  |TAMS 0x0000000086300000| PB 0x0000000086300000| Untracked 
| 100|0x0000000086400000, 0x0000000086400000, 0x0000000086500000|  0%| F|  |TAMS 0x0000000086400000| PB 0x0000000086400000| Untracked 
| 101|0x0000000086500000, 0x0000000086500000, 0x0000000086600000|  0%| F|  |TAMS 0x0000000086500000| PB 0x0000000086500000| Untracked 
| 102|0x0000000086600000, 0x0000000086600000, 0x0000000086700000|  0%| F|  |TAMS 0x0000000086600000| PB 0x0000000086600000| Untracked 
| 103|0x0000000086700000, 0x0000000086700000, 0x0000000086800000|  0%| F|  |TAMS 0x0000000086700000| PB 0x0000000086700000| Untracked 
| 104|0x0000000086800000, 0x0000000086800000, 0x0000000086900000|  0%| F|  |TAMS 0x0000000086800000| PB 0x0000000086800000| Untracked 
| 105|0x0000000086900000, 0x0000000086900000, 0x0000000086a00000|  0%| F|  |TAMS 0x0000000086900000| PB 0x0000000086900000| Untracked 
| 106|0x0000000086a00000, 0x0000000086a00000, 0x0000000086b00000|  0%| F|  |TAMS 0x0000000086a00000| PB 0x0000000086a00000| Untracked 
| 107|0x0000000086b00000, 0x0000000086b00000, 0x0000000086c00000|  0%| F|  |TAMS 0x0000000086b00000| PB 0x0000000086b00000| Untracked 
| 108|0x0000000086c00000, 0x0000000086c00000, 0x0000000086d00000|  0%| F|  |TAMS 0x0000000086c00000| PB 0x0000000086c00000| Untracked 
| 109|0x0000000086d00000, 0x0000000086d00000, 0x0000000086e00000|  0%| F|  |TAMS 0x0000000086d00000| PB 0x0000000086d00000| Untracked 
| 110|0x0000000086e00000, 0x0000000086e00000, 0x0000000086f00000|  0%| F|  |TAMS 0x0000000086e00000| PB 0x0000000086e00000| Untracked 
| 111|0x0000000086f00000, 0x0000000086f00000, 0x0000000087000000|  0%| F|  |TAMS 0x0000000086f00000| PB 0x0000000086f00000| Untracked 
| 112|0x0000000087000000, 0x0000000087000000, 0x0000000087100000|  0%| F|  |TAMS 0x0000000087000000| PB 0x0000000087000000| Untracked 
| 113|0x0000000087100000, 0x0000000087100000, 0x0000000087200000|  0%| F|  |TAMS 0x0000000087100000| PB 0x0000000087100000| Untracked 
| 114|0x0000000087200000, 0x0000000087200000, 0x0000000087300000|  0%| F|  |TAMS 0x0000000087200000| PB 0x0000000087200000| Untracked 
| 115|0x0000000087300000, 0x0000000087300000, 0x0000000087400000|  0%| F|  |TAMS 0x0000000087300000| PB 0x0000000087300000| Untracked 
| 116|0x0000000087400000, 0x0000000087400000, 0x0000000087500000|  0%| F|  |TAMS 0x0000000087400000| PB 0x0000000087400000| Untracked 
| 117|0x0000000087500000, 0x0000000087500000, 0x0000000087600000|  0%| F|  |TAMS 0x0000000087500000| PB 0x0000000087500000| Untracked 
| 118|0x0000000087600000, 0x0000000087600000, 0x0000000087700000|  0%| F|  |TAMS 0x0000000087600000| PB 0x0000000087600000| Untracked 
| 119|0x0000000087700000, 0x0000000087700000, 0x0000000087800000|  0%| F|  |TAMS 0x0000000087700000| PB 0x0000000087700000| Untracked 
| 120|0x0000000087800000, 0x0000000087800000, 0x0000000087900000|  0%| F|  |TAMS 0x0000000087800000| PB 0x0000000087800000| Untracked 
| 121|0x0000000087900000, 0x0000000087900000, 0x0000000087a00000|  0%| F|  |TAMS 0x0000000087900000| PB 0x0000000087900000| Untracked 
| 122|0x0000000087a00000, 0x0000000087a00000, 0x0000000087b00000|  0%| F|  |TAMS 0x0000000087a00000| PB 0x0000000087a00000| Untracked 
| 123|0x0000000087b00000, 0x0000000087b00000, 0x0000000087c00000|  0%| F|  |TAMS 0x0000000087b00000| PB 0x0000000087b00000| Untracked 
| 124|0x0000000087c00000, 0x0000000087c00000, 0x0000000087d00000|  0%| F|  |TAMS 0x0000000087c00000| PB 0x0000000087c00000| Untracked 
| 125|0x0000000087d00000, 0x0000000087d00000, 0x0000000087e00000|  0%| F|  |TAMS 0x0000000087d00000| PB 0x0000000087d00000| Untracked 
| 126|0x0000000087e00000, 0x0000000087e00000, 0x0000000087f00000|  0%| F|  |TAMS 0x0000000087e00000| PB 0x0000000087e00000| Untracked 
| 127|0x0000000087f00000, 0x0000000087f00000, 0x0000000088000000|  0%| F|  |TAMS 0x0000000087f00000| PB 0x0000000087f00000| Untracked 
| 128|0x0000000088000000, 0x0000000088000000, 0x0000000088100000|  0%| F|  |TAMS 0x0000000088000000| PB 0x0000000088000000| Untracked 
| 129|0x0000000088100000, 0x0000000088100000, 0x0000000088200000|  0%| F|  |TAMS 0x0000000088100000| PB 0x0000000088100000| Untracked 
| 130|0x0000000088200000, 0x0000000088200000, 0x0000000088300000|  0%| F|  |TAMS 0x0000000088200000| PB 0x0000000088200000| Untracked 
| 131|0x0000000088300000, 0x0000000088300000, 0x0000000088400000|  0%| F|  |TAMS 0x0000000088300000| PB 0x0000000088300000| Untracked 
| 132|0x0000000088400000, 0x0000000088400000, 0x0000000088500000|  0%| F|  |TAMS 0x0000000088400000| PB 0x0000000088400000| Untracked 
| 133|0x0000000088500000, 0x0000000088500000, 0x0000000088600000|  0%| F|  |TAMS 0x0000000088500000| PB 0x0000000088500000| Untracked 
| 134|0x0000000088600000, 0x0000000088700000, 0x0000000088700000|100%| E|  |TAMS 0x0000000088600000| PB 0x0000000088600000| Complete 
| 135|0x0000000088700000, 0x0000000088800000, 0x0000000088800000|100%| E|CS|TAMS 0x0000000088700000| PB 0x0000000088700000| Complete 
| 136|0x0000000088800000, 0x0000000088900000, 0x0000000088900000|100%| E|CS|TAMS 0x0000000088800000| PB 0x0000000088800000| Complete 
| 137|0x0000000088900000, 0x0000000088a00000, 0x0000000088a00000|100%| E|CS|TAMS 0x0000000088900000| PB 0x0000000088900000| Complete 
| 138|0x0000000088a00000, 0x0000000088b00000, 0x0000000088b00000|100%| E|CS|TAMS 0x0000000088a00000| PB 0x0000000088a00000| Complete 
| 139|0x0000000088b00000, 0x0000000088c00000, 0x0000000088c00000|100%| E|CS|TAMS 0x0000000088b00000| PB 0x0000000088b00000| Complete 
| 140|0x0000000088c00000, 0x0000000088d00000, 0x0000000088d00000|100%| E|CS|TAMS 0x0000000088c00000| PB 0x0000000088c00000| Complete 
| 141|0x0000000088d00000, 0x0000000088e00000, 0x0000000088e00000|100%| E|CS|TAMS 0x0000000088d00000| PB 0x0000000088d00000| Complete 
| 142|0x0000000088e00000, 0x0000000088f00000, 0x0000000088f00000|100%| E|CS|TAMS 0x0000000088e00000| PB 0x0000000088e00000| Complete 
| 143|0x0000000088f00000, 0x0000000089000000, 0x0000000089000000|100%| E|CS|TAMS 0x0000000088f00000| PB 0x0000000088f00000| Complete 
| 144|0x0000000089000000, 0x0000000089100000, 0x0000000089100000|100%| E|CS|TAMS 0x0000000089000000| PB 0x0000000089000000| Complete 
| 145|0x0000000089100000, 0x0000000089200000, 0x0000000089200000|100%| E|CS|TAMS 0x0000000089100000| PB 0x0000000089100000| Complete 
|2047|0x00000000fff00000, 0x0000000100000000, 0x0000000100000000|100%| E|CS|TAMS 0x00000000fff00000| PB 0x00000000fff00000| Complete 

Card table byte_map: [0x0000015fdc560000,0x0000015fdc960000] _byte_map_base: 0x0000015fdc160000

Marking Bits: (CMBitMap*) 0x0000015fc9d375e0
 Bits: [0x0000015fdc960000, 0x0000015fde960000)

Polling page: 0x0000015fc7b30000

Metaspace:

Usage:
  Non-class:     53.54 MB used.
      Class:      8.85 MB used.
       Both:     62.39 MB used.

Virtual space:
  Non-class space:       64.00 MB reserved,      54.25 MB ( 85%) committed,  1 nodes.
      Class space:        1.00 GB reserved,       9.50 MB ( <1%) committed,  1 nodes.
             Both:        1.06 GB reserved,      63.75 MB (  6%) committed. 

Chunk freelists:
   Non-Class:  8.89 MB
       Class:  6.51 MB
        Both:  15.41 MB

MaxMetaspaceSize: unlimited
CompressedClassSpaceSize: 1.00 GB
Initial GC threshold: 21.00 MB
Current GC threshold: 105.88 MB
CDS: off
 - commit_granule_bytes: 65536.
 - commit_granule_words: 8192.
 - virtual_space_node_default_size: 8388608.
 - enlarge_chunks_in_place: 1.
 - use_allocation_guard: 0.


Internal statistics:

num_allocs_failed_limit: 6.
num_arena_births: 2744.
num_arena_deaths: 2.
num_vsnodes_births: 2.
num_vsnodes_deaths: 0.
num_space_committed: 1020.
num_space_uncommitted: 0.
num_chunks_returned_to_freelist: 9.
num_chunks_taken_from_freelist: 5288.
num_chunk_merges: 6.
num_chunk_splits: 3409.
num_chunks_enlarged: 2072.
num_inconsistent_stats: 0.

CodeHeap 'non-profiled nmethods': size=120000Kb used=3321Kb max_used=3321Kb free=116678Kb
 bounds [0x0000015fd4900000, 0x0000015fd4c40000, 0x0000015fdbe30000]
CodeHeap 'profiled nmethods': size=120000Kb used=9722Kb max_used=10037Kb free=110277Kb
 bounds [0x0000015fcce30000, 0x0000015fcd800000, 0x0000015fd4360000]
CodeHeap 'non-nmethods': size=5760Kb used=2962Kb max_used=3029Kb free=2797Kb
 bounds [0x0000015fd4360000, 0x0000015fd4660000, 0x0000015fd4900000]
CodeCache: size=245760Kb, used=16005Kb, max_used=16387Kb, free=229752Kb
 total_blobs=6250, nmethods=5378, adapters=776, full_count=0
Compilation: enabled, stopped_count=0, restarted_count=0

Compilation events (20 events):
Event: 10.638 Thread 0x0000015fe15b02f0 6428       2       com.google.common.collect.MapMakerInternalMap$WeakKeyDummyValueEntry$Helper::setValue (1 bytes)
Event: 10.639 Thread 0x0000015fe15b02f0 nmethod 6428 0x0000015fcd133810 code [0x0000015fcd1339a0, 0x0000015fcd133aa8]
Event: 10.639 Thread 0x0000015fe15b02f0 6426       2       com.esotericsoftware.kryo.io.Input::readUtf8Length (139 bytes)
Event: 10.639 Thread 0x0000015fe15b02f0 nmethod 6426 0x0000015fcd133290 code [0x0000015fcd133440, 0x0000015fcd1336e8]
Event: 10.639 Thread 0x0000015fe15b02f0 6439       2       org.gradle.internal.serialize.AbstractCollectionSerializer::read (47 bytes)
Event: 10.639 Thread 0x0000015fe15b02f0 nmethod 6439 0x0000015fcd132a90 code [0x0000015fcd132c60, 0x0000015fcd132ec0]
Event: 10.639 Thread 0x0000015fe15b02f0 6429       2       com.google.common.collect.Sets::newLinkedHashSetWithExpectedSize (12 bytes)
Event: 10.639 Thread 0x0000015fe15b02f0 nmethod 6429 0x0000015fcd144f10 code [0x0000015fcd1450e0, 0x0000015fcd145278]
Event: 10.639 Thread 0x0000015fe15b02f0 6431       2       com.google.common.collect.Maps::capacity (36 bytes)
Event: 10.639 Thread 0x0000015fe15b02f0 nmethod 6431 0x0000015fcd144a90 code [0x0000015fcd144c80, 0x0000015fcd144e50]
Event: 10.639 Thread 0x0000015fe15b02f0 6435       2       org.gradle.internal.serialize.kryo.KryoBackedDecoder::readString (5 bytes)
Event: 10.639 Thread 0x0000015fe15b02f0 nmethod 6435 0x0000015fcd144290 code [0x0000015fcd144480, 0x0000015fcd144778]
Event: 10.639 Thread 0x0000015fe15b02f0 6442       3       com.esotericsoftware.kryo.io.Input::readByte (23 bytes)
Event: 10.639 Thread 0x0000015fe15b02f0 nmethod 6442 0x0000015fcd2b5c90 code [0x0000015fcd2b5e40, 0x0000015fcd2b5fd8]
Event: 10.639 Thread 0x0000015fe15b02f0 6443       3       com.google.common.collect.HashBiMap::put (8 bytes)
Event: 10.639 Thread 0x0000015fe15b02f0 nmethod 6443 0x0000015fcd2b5910 code [0x0000015fcd2b5ac0, 0x0000015fcd2b5c00]
Event: 10.639 Thread 0x0000015fe15b02f0 6434       2       java.util.LinkedHashSet::<init> (9 bytes)
Event: 10.639 Thread 0x0000015fe15b02f0 nmethod 6434 0x0000015fcd2b5590 code [0x0000015fcd2b5760, 0x0000015fcd2b5890]
Event: 10.639 Thread 0x0000015fe15b02f0 6445       3       com.google.common.collect.HashBiMap::put (169 bytes)
Event: 11.655 Thread 0x0000015fe15b02f0 nmethod 6445 0x0000015fcce95510 code [0x0000015fcce958a0, 0x0000015fcce96c58]

GC Heap History (20 events):
Event: 6.819 GC heap before
{Heap before GC invocations=13 (full 0):
 garbage-first heap   total 107520K, used 83214K [0x0000000080000000, 0x0000000100000000)
  region size 1024K, 23 young (23552K), 3 survivors (3072K)
 Metaspace       used 46332K, committed 47232K, reserved 1114112K
  class space    used 6382K, committed 6784K, reserved 1048576K
}
Event: 6.823 GC heap after
{Heap after GC invocations=14 (full 0):
 garbage-first heap   total 107520K, used 66278K [0x0000000080000000, 0x0000000100000000)
  region size 1024K, 3 young (3072K), 3 survivors (3072K)
 Metaspace       used 46332K, committed 47232K, reserved 1114112K
  class space    used 6382K, committed 6784K, reserved 1048576K
}
Event: 7.144 GC heap before
{Heap before GC invocations=14 (full 0):
 garbage-first heap   total 107520K, used 99046K [0x0000000080000000, 0x0000000100000000)
  region size 1024K, 31 young (31744K), 3 survivors (3072K)
 Metaspace       used 49486K, committed 50496K, reserved 1114112K
  class space    used 6743K, committed 7232K, reserved 1048576K
}
Event: 7.148 GC heap after
{Heap after GC invocations=15 (full 0):
 garbage-first heap   total 107520K, used 67649K [0x0000000080000000, 0x0000000100000000)
  region size 1024K, 3 young (3072K), 3 survivors (3072K)
 Metaspace       used 49486K, committed 50496K, reserved 1114112K
  class space    used 6743K, committed 7232K, reserved 1048576K
}
Event: 7.470 GC heap before
{Heap before GC invocations=15 (full 0):
 garbage-first heap   total 107520K, used 95297K [0x0000000080000000, 0x0000000100000000)
  region size 1024K, 31 young (31744K), 3 survivors (3072K)
 Metaspace       used 51932K, committed 52928K, reserved 1114112K
  class space    used 7176K, committed 7680K, reserved 1048576K
}
Event: 7.474 GC heap after
{Heap after GC invocations=16 (full 0):
 garbage-first heap   total 107520K, used 69242K [0x0000000080000000, 0x0000000100000000)
  region size 1024K, 2 young (2048K), 2 survivors (2048K)
 Metaspace       used 51932K, committed 52928K, reserved 1114112K
  class space    used 7176K, committed 7680K, reserved 1048576K
}
Event: 7.839 GC heap before
{Heap before GC invocations=17 (full 0):
 garbage-first heap   total 116736K, used 97914K [0x0000000080000000, 0x0000000100000000)
  region size 1024K, 30 young (30720K), 2 survivors (2048K)
 Metaspace       used 54530K, committed 55616K, reserved 1114112K
  class space    used 7494K, committed 8000K, reserved 1048576K
}
Event: 7.842 GC heap after
{Heap after GC invocations=18 (full 0):
 garbage-first heap   total 116736K, used 70869K [0x0000000080000000, 0x0000000100000000)
  region size 1024K, 4 young (4096K), 4 survivors (4096K)
 Metaspace       used 54530K, committed 55616K, reserved 1114112K
  class space    used 7494K, committed 8000K, reserved 1048576K
}
Event: 8.313 GC heap before
{Heap before GC invocations=18 (full 0):
 garbage-first heap   total 116736K, used 104661K [0x0000000080000000, 0x0000000100000000)
  region size 1024K, 37 young (37888K), 4 survivors (4096K)
 Metaspace       used 58313K, committed 59584K, reserved 1114112K
  class space    used 8109K, committed 8704K, reserved 1048576K
}
Event: 8.317 GC heap after
{Heap after GC invocations=19 (full 0):
 garbage-first heap   total 116736K, used 72525K [0x0000000080000000, 0x0000000100000000)
  region size 1024K, 4 young (4096K), 4 survivors (4096K)
 Metaspace       used 58313K, committed 59584K, reserved 1114112K
  class space    used 8109K, committed 8704K, reserved 1048576K
}
Event: 8.696 GC heap before
{Heap before GC invocations=19 (full 0):
 garbage-first heap   total 116736K, used 104269K [0x0000000080000000, 0x0000000100000000)
  region size 1024K, 35 young (35840K), 4 survivors (4096K)
 Metaspace       used 62305K, committed 63680K, reserved 1114112K
  class space    used 8774K, committed 9408K, reserved 1048576K
}
Event: 8.700 GC heap after
{Heap after GC invocations=20 (full 0):
 garbage-first heap   total 116736K, used 73994K [0x0000000080000000, 0x0000000100000000)
  region size 1024K, 4 young (4096K), 4 survivors (4096K)
 Metaspace       used 62305K, committed 63680K, reserved 1114112K
  class space    used 8774K, committed 9408K, reserved 1048576K
}
Event: 8.971 GC heap before
{Heap before GC invocations=21 (full 0):
 garbage-first heap   total 124928K, used 104714K [0x0000000080000000, 0x0000000100000000)
  region size 1024K, 34 young (34816K), 4 survivors (4096K)
 Metaspace       used 63601K, committed 65024K, reserved 1114112K
  class space    used 9018K, committed 9664K, reserved 1048576K
}
Event: 8.975 GC heap after
{Heap after GC invocations=22 (full 0):
 garbage-first heap   total 124928K, used 75435K [0x0000000080000000, 0x0000000100000000)
  region size 1024K, 3 young (3072K), 3 survivors (3072K)
 Metaspace       used 63601K, committed 65024K, reserved 1114112K
  class space    used 9018K, committed 9664K, reserved 1048576K
}
Event: 9.127 GC heap before
{Heap before GC invocations=22 (full 0):
 garbage-first heap   total 124928K, used 114347K [0x0000000080000000, 0x0000000100000000)
  region size 1024K, 41 young (41984K), 3 survivors (3072K)
 Metaspace       used 63635K, committed 65024K, reserved 1114112K
  class space    used 9028K, committed 9664K, reserved 1048576K
}
Event: 9.131 GC heap after
{Heap after GC invocations=23 (full 0):
 garbage-first heap   total 124928K, used 76778K [0x0000000080000000, 0x0000000100000000)
  region size 1024K, 5 young (5120K), 5 survivors (5120K)
 Metaspace       used 63635K, committed 65024K, reserved 1114112K
  class space    used 9028K, committed 9664K, reserved 1048576K
}
Event: 9.273 GC heap before
{Heap before GC invocations=23 (full 0):
 garbage-first heap   total 124928K, used 111594K [0x0000000080000000, 0x0000000100000000)
  region size 1024K, 39 young (39936K), 5 survivors (5120K)
 Metaspace       used 63635K, committed 65024K, reserved 1114112K
  class space    used 9028K, committed 9664K, reserved 1048576K
}
Event: 9.278 GC heap after
{Heap after GC invocations=24 (full 0):
 garbage-first heap   total 150528K, used 78696K [0x0000000080000000, 0x0000000100000000)
  region size 1024K, 4 young (4096K), 4 survivors (4096K)
 Metaspace       used 63635K, committed 65024K, reserved 1114112K
  class space    used 9028K, committed 9664K, reserved 1048576K
}
Event: 9.531 GC heap before
{Heap before GC invocations=25 (full 0):
 garbage-first heap   total 150528K, used 137064K [0x0000000080000000, 0x0000000100000000)
  region size 1024K, 61 young (62464K), 4 survivors (4096K)
 Metaspace       used 63628K, committed 65024K, reserved 1114112K
  class space    used 9025K, committed 9664K, reserved 1048576K
}
Event: 9.536 GC heap after
{Heap after GC invocations=26 (full 0):
 garbage-first heap   total 150528K, used 86643K [0x0000000080000000, 0x0000000100000000)
  region size 1024K, 8 young (8192K), 8 survivors (8192K)
 Metaspace       used 63628K, committed 65024K, reserved 1114112K
  class space    used 9025K, committed 9664K, reserved 1048576K
}

Dll operation events (3 events):
Event: 0.007 Loaded shared library C:\Program Files\Android\Android Studio\jbr\bin\java.dll
Event: 0.012 Loaded shared library C:\Program Files\Android\Android Studio\jbr\bin\zip.dll
Event: 0.328 Loaded shared library C:\Program Files\Android\Android Studio\jbr\bin\verify.dll

Deoptimization events (20 events):
Event: 9.602 Thread 0x0000015fe81492e0 Uncommon trap: reason=class_check action=maybe_recompile pc=0x0000015fd4c20fe0 method=com.google.common.collect.NaturalOrdering.compare(Ljava/lang/Object;Ljava/lang/Object;)I @ 2 c2
Event: 9.602 Thread 0x0000015fe7b63a80 Uncommon trap: reason=class_check action=maybe_recompile pc=0x0000015fd4c20fe0 method=com.google.common.collect.NaturalOrdering.compare(Ljava/lang/Object;Ljava/lang/Object;)I @ 2 c2
Event: 9.602 Thread 0x0000015fe81492e0 DEOPT PACKING pc=0x0000015fd4c20fe0 sp=0x000000536a6fc700
Event: 9.602 Thread 0x0000015fe7b63a80 DEOPT PACKING pc=0x0000015fd4c20fe0 sp=0x0000005368bf5ab0
Event: 9.602 Thread 0x0000015fe81492e0 DEOPT UNPACKING pc=0x0000015fd43b7da2 sp=0x000000536a6fc678 mode 2
Event: 9.602 Thread 0x0000015fe7b63a80 DEOPT UNPACKING pc=0x0000015fd43b7da2 sp=0x0000005368bf5a28 mode 2
Event: 10.622 Thread 0x0000015fe7b63a80 DEOPT PACKING pc=0x0000015fcd2f3416 sp=0x0000005368bf5a50
Event: 10.622 Thread 0x0000015fe7b63a80 DEOPT UNPACKING pc=0x0000015fd43b88e2 sp=0x0000005368bf4f98 mode 0
Event: 10.629 Thread 0x0000015fe7b63a80 DEOPT PACKING pc=0x0000015fcd2986de sp=0x0000005368bf4150
Event: 10.629 Thread 0x0000015fe7b63a80 DEOPT UNPACKING pc=0x0000015fd43b88e2 sp=0x0000005368bf3638 mode 0
Event: 10.629 Thread 0x0000015fe7b63a80 DEOPT PACKING pc=0x0000015fcd2986de sp=0x0000005368bf4150
Event: 10.629 Thread 0x0000015fe7b63a80 DEOPT UNPACKING pc=0x0000015fd43b88e2 sp=0x0000005368bf3638 mode 0
Event: 10.629 Thread 0x0000015fe7b63a80 DEOPT PACKING pc=0x0000015fcd2986de sp=0x0000005368bf4150
Event: 10.629 Thread 0x0000015fe7b63a80 DEOPT UNPACKING pc=0x0000015fd43b88e2 sp=0x0000005368bf3638 mode 0
Event: 10.629 Thread 0x0000015fe7b63a80 DEOPT PACKING pc=0x0000015fcd2986de sp=0x0000005368bf4150
Event: 10.629 Thread 0x0000015fe7b63a80 DEOPT UNPACKING pc=0x0000015fd43b88e2 sp=0x0000005368bf3638 mode 0
Event: 10.632 Thread 0x0000015fe7b63a80 Uncommon trap: trap_request=0xffffff45 fr.pc=0x0000015fd4b24674 relative=0x00000000000000d4
Event: 10.632 Thread 0x0000015fe7b63a80 Uncommon trap: reason=unstable_if action=reinterpret pc=0x0000015fd4b24674 method=com.google.common.collect.HashBiMap.seekByKey(Ljava/lang/Object;I)Lcom/google/common/collect/HashBiMap$BiEntry; @ 21 c2
Event: 10.632 Thread 0x0000015fe7b63a80 DEOPT PACKING pc=0x0000015fd4b24674 sp=0x0000005368bf30d0
Event: 10.632 Thread 0x0000015fe7b63a80 DEOPT UNPACKING pc=0x0000015fd43b7da2 sp=0x0000005368bf3070 mode 2

Classes loaded (20 events):
Event: 8.573 Loading class java/util/concurrent/RecursiveAction done
Event: 8.763 Loading class java/io/DeleteOnExitHook
Event: 8.763 Loading class java/io/DeleteOnExitHook done
Event: 8.763 Loading class java/io/DeleteOnExitHook$1
Event: 8.763 Loading class java/io/DeleteOnExitHook$1 done
Event: 8.813 Loading class java/util/stream/DistinctOps
Event: 8.814 Loading class java/util/stream/DistinctOps done
Event: 8.814 Loading class java/util/stream/DistinctOps$1
Event: 8.814 Loading class java/util/stream/DistinctOps$1 done
Event: 8.815 Loading class java/util/stream/DistinctOps$1$2
Event: 8.816 Loading class java/util/stream/DistinctOps$1$2 done
Event: 8.833 Loading class sun/reflect/ReflectionFactory
Event: 8.833 Loading class sun/reflect/ReflectionFactory done
Event: 8.833 Loading class sun/reflect/ReflectionFactory$1
Event: 8.834 Loading class sun/reflect/ReflectionFactory$1 done
Event: 8.887 Loading class java/util/zip/ZipFile$ZipEntryIterator
Event: 8.887 Loading class java/util/zip/ZipFile$ZipEntryIterator done
Event: 8.890 Loading class java/util/zip/ZipInputStream
Event: 8.891 Loading class java/util/zip/ZipInputStream done
Event: 11.304 Loading class java/util/concurrent/LinkedBlockingDeque$Itr

Classes unloaded (3 events):
Event: 9.324 Thread 0x0000015fe150ed70 Unloading class 0x00000001007b0988 '_BuildScript_$_run_closure1$_closure2'
Event: 9.324 Thread 0x0000015fe150ed70 Unloading class 0x00000001007b0568 '_BuildScript_$_run_closure1'
Event: 9.324 Thread 0x0000015fe150ed70 Unloading class 0x00000001007b0000 '_BuildScript_'

Classes redefined (0 events):
No events

Internal exceptions (20 events):
Event: 8.506 Thread 0x0000015fe7b63a80 Exception <a 'java/lang/NoSuchMethodError'{0x00000000862ae1a0}: 'java.lang.Object java.lang.invoke.DirectMethodHandle$Holder.newInvokeSpecial(java.lang.Object, java.lang.Object, java.lang.Object, long, java.lang.Object)'> (0x00000000862ae1a0) 
thrown [s\src\hotspot\share\interpreter\linkResolver.cpp, line 784]
Event: 8.506 Thread 0x0000015fe7b63a80 Exception <a 'java/lang/NoSuchMethodError'{0x00000000862b32f8}: 'java.lang.Object java.lang.invoke.DirectMethodHandle$Holder.invokeSpecial(java.lang.Object, java.lang.Object, java.lang.Object, java.lang.Object, long, java.lang.Object)'> (0x00000000862b32f8) 
thrown [s\src\hotspot\share\interpreter\linkResolver.cpp, line 784]
Event: 8.506 Thread 0x0000015fe7b63a80 Exception <a 'java/lang/NoSuchMethodError'{0x00000000862b7ae0}: 'java.lang.Object java.lang.invoke.Invokers$Holder.linkToTargetMethod(java.lang.Object, java.lang.Object, long, java.lang.Object, java.lang.Object)'> (0x00000000862b7ae0) 
thrown [s\src\hotspot\share\interpreter\linkResolver.cpp, line 784]
Event: 8.534 Thread 0x0000015fe7b63a80 Exception <a 'java/lang/NoSuchMethodError'{0x0000000085f19280}: 'java.lang.Object java.lang.invoke.DirectMethodHandle$Holder.newInvokeSpecial(java.lang.Object, java.lang.Object, java.lang.Object, java.lang.Object, java.lang.Object, java.lang.Object, java.lang.Object, java.lang.Object, java.lang.Object, java.lang.Object, java.lang.Object, java.lang.Object, java.lang.Object, java.lang.Object, java.lang.Object, java.lang.Object, java.lang.Object, java.lang.Object, java.lang.Object, java.lang.Object, java.lang
Event: 8.565 Thread 0x0000015fe7b63a80 Implicit null exception at 0x0000015fd4b0ebef to 0x0000015fd4b0eca0
Event: 8.579 Thread 0x0000015fe7b63a80 Exception <a 'java/lang/ClassNotFoundException'{0x0000000085b1a850}: org/gradle/api/internal/artifacts/dsl/dependencies/DefaultDependencyHandler_DecoratedBeanInfo> (0x0000000085b1a850) 
thrown [s\src\hotspot\share\classfile\systemDictionary.cpp, line 312]
Event: 8.579 Thread 0x0000015fe7b63a80 Exception <a 'java/lang/ClassNotFoundException'{0x0000000085b30580}: org/gradle/api/internal/artifacts/dsl/dependencies/DefaultDependencyHandlerBeanInfo> (0x0000000085b30580) 
thrown [s\src\hotspot\share\classfile\systemDictionary.cpp, line 312]
Event: 8.579 Thread 0x0000015fe7b63a80 Exception <a 'java/lang/ClassNotFoundException'{0x0000000085b46270}: org/gradle/api/internal/artifacts/dsl/dependencies/DefaultDependencyHandlerCustomizer> (0x0000000085b46270) 
thrown [s\src\hotspot\share\classfile\systemDictionary.cpp, line 312]
Event: 8.582 Thread 0x0000015fe7b63a80 Exception <a 'java/lang/ClassNotFoundException'{0x0000000085b914d0}: org/gradle/api/internal/artifacts/dsl/dependencies/DefaultDependencyHandler_DecoratedCustomizer> (0x0000000085b914d0) 
thrown [s\src\hotspot\share\classfile\systemDictionary.cpp, line 312]
Event: 8.585 Thread 0x0000015fe7b63a80 Exception <a 'java/lang/ClassNotFoundException'{0x0000000085bd2ab0}: sync_studio_tooling5_46izndlowqt1znr097ja97dvs$_run_closure1BeanInfo> (0x0000000085bd2ab0) 
thrown [s\src\hotspot\share\classfile\systemDictionary.cpp, line 312]
Event: 8.585 Thread 0x0000015fe7b63a80 Exception <a 'java/lang/ClassNotFoundException'{0x0000000085bdadd0}: sync_studio_tooling5_46izndlowqt1znr097ja97dvs$_run_closure1Customizer> (0x0000000085bdadd0) 
thrown [s\src\hotspot\share\classfile\systemDictionary.cpp, line 312]
Event: 8.609 Thread 0x0000015fe7b63a80 Exception <a 'java/lang/NoSuchMethodError'{0x00000000859b5678}: 'java.lang.Object java.lang.invoke.DirectMethodHandle$Holder.newInvokeSpecial(java.lang.Object, int, java.lang.Object)'> (0x00000000859b5678) 
thrown [s\src\hotspot\share\interpreter\linkResolver.cpp, line 784]
Event: 8.725 Thread 0x0000015fe7b63a80 Exception <a 'java/lang/NoSuchMethodError'{0x0000000087650ee0}: 'java.lang.Object java.lang.invoke.DirectMethodHandle$Holder.invokeSpecial(java.lang.Object, java.lang.Object, long, java.lang.Object, java.lang.Object)'> (0x0000000087650ee0) 
thrown [s\src\hotspot\share\interpreter\linkResolver.cpp, line 784]
Event: 8.809 Thread 0x0000015fe7b63a80 Exception <a 'java/lang/NoSuchMethodError'{0x000000008734daf0}: 'int java.lang.invoke.DirectMethodHandle$Holder.invokeInterface(java.lang.Object, java.lang.Object, java.lang.Object, java.lang.Object, java.lang.Object)'> (0x000000008734daf0) 
thrown [s\src\hotspot\share\interpreter\linkResolver.cpp, line 784]
Event: 8.838 Thread 0x0000015fe7b63a80 Exception <a 'java/lang/NoSuchMethodError'{0x0000000087276970}: 'java.lang.Object java.lang.invoke.DirectMethodHandle$Holder.newInvokeSpecial(java.lang.Object, java.lang.Object, java.lang.Object, java.lang.Object, int, java.lang.Object)'> (0x0000000087276970) 
thrown [s\src\hotspot\share\interpreter\linkResolver.cpp, line 784]
Event: 8.838 Thread 0x0000015fe7b63a80 Exception <a 'java/lang/NoSuchMethodError'{0x000000008727f1b0}: 'java.lang.Object java.lang.invoke.Invokers$Holder.linkToTargetMethod(java.lang.Object, java.lang.Object, java.lang.Object, int, java.lang.Object, java.lang.Object)'> (0x000000008727f1b0) 
thrown [s\src\hotspot\share\interpreter\linkResolver.cpp, line 784]
Event: 8.889 Thread 0x0000015fe7b63a80 Implicit null exception at 0x0000015fd4aec763 to 0x0000015fd4aed2bc
Event: 8.889 Thread 0x0000015fe8145e60 Implicit null exception at 0x0000015fd4aec763 to 0x0000015fd4aed2bc
Event: 9.420 Thread 0x0000015fe7b63a80 Implicit null exception at 0x0000015fd4c0114b to 0x0000015fd4c02838
Event: 9.585 Thread 0x0000015fe7b63a80 Exception <a 'java/lang/NoSuchMethodError'{0x0000000089046af0}: 'java.lang.Object java.lang.invoke.DirectMethodHandle$Holder.invokeSpecialIFC(java.lang.Object, java.lang.Object, java.lang.Object)'> (0x0000000089046af0) 
thrown [s\src\hotspot\share\interpreter\linkResolver.cpp, line 784]

ZGC Phase Switch (0 events):
No events

VM Operations (20 events):
Event: 8.738 Executing VM operation: G1PauseRemark done
Event: 8.750 Executing VM operation: G1PauseCleanup
Event: 8.751 Executing VM operation: G1PauseCleanup done
Event: 8.815 Executing VM operation: HandshakeAllThreads (Deoptimize)
Event: 8.815 Executing VM operation: HandshakeAllThreads (Deoptimize) done
Event: 8.971 Executing VM operation: G1CollectForAllocation (G1 Evacuation Pause)
Event: 8.975 Executing VM operation: G1CollectForAllocation (G1 Evacuation Pause) done
Event: 9.127 Executing VM operation: G1CollectForAllocation (G1 Evacuation Pause)
Event: 9.131 Executing VM operation: G1CollectForAllocation (G1 Evacuation Pause) done
Event: 9.273 Executing VM operation: G1CollectForAllocation (G1 Evacuation Pause)
Event: 9.278 Executing VM operation: G1CollectForAllocation (G1 Evacuation Pause) done
Event: 9.323 Executing VM operation: G1PauseRemark
Event: 9.329 Executing VM operation: G1PauseRemark done
Event: 9.344 Executing VM operation: G1PauseCleanup
Event: 9.344 Executing VM operation: G1PauseCleanup done
Event: 9.531 Executing VM operation: G1CollectForAllocation (G1 Evacuation Pause)
Event: 9.536 Executing VM operation: G1CollectForAllocation (G1 Evacuation Pause) done
Event: 10.541 Executing VM operation: Cleanup
Event: 10.620 Executing VM operation: Cleanup done
Event: 11.623 Executing VM operation: Cleanup

Memory protections (0 events):
No events

Nmethod flushes (20 events):
Event: 9.329 Thread 0x0000015fe150ed70 flushing  nmethod 0x0000015fccfb8510
Event: 9.329 Thread 0x0000015fe150ed70 flushing  nmethod 0x0000015fcd004090
Event: 9.329 Thread 0x0000015fe150ed70 flushing  nmethod 0x0000015fcd144290
Event: 9.329 Thread 0x0000015fe150ed70 flushing  nmethod 0x0000015fcd144910
Event: 9.329 Thread 0x0000015fe150ed70 flushing  nmethod 0x0000015fcd1bf390
Event: 9.329 Thread 0x0000015fe150ed70 flushing  nmethod 0x0000015fcd40b110
Event: 9.329 Thread 0x0000015fe150ed70 flushing  nmethod 0x0000015fcd40be90
Event: 9.329 Thread 0x0000015fe150ed70 flushing  nmethod 0x0000015fcd410710
Event: 9.329 Thread 0x0000015fe150ed70 flushing  nmethod 0x0000015fcd466c10
Event: 9.329 Thread 0x0000015fe150ed70 flushing  nmethod 0x0000015fcd469610
Event: 9.329 Thread 0x0000015fe150ed70 flushing  nmethod 0x0000015fcd4e6a90
Event: 9.329 Thread 0x0000015fe150ed70 flushing  nmethod 0x0000015fcd4e7710
Event: 9.329 Thread 0x0000015fe150ed70 flushing  nmethod 0x0000015fcd621990
Event: 9.329 Thread 0x0000015fe150ed70 flushing  nmethod 0x0000015fcd623210
Event: 9.329 Thread 0x0000015fe150ed70 flushing  nmethod 0x0000015fcd623590
Event: 9.329 Thread 0x0000015fe150ed70 flushing  nmethod 0x0000015fcd625f90
Event: 9.329 Thread 0x0000015fe150ed70 flushing  nmethod 0x0000015fcd62f110
Event: 9.329 Thread 0x0000015fe150ed70 flushing  nmethod 0x0000015fcd695790
Event: 9.329 Thread 0x0000015fe150ed70 flushing  nmethod 0x0000015fcd733a90
Event: 9.329 Thread 0x0000015fe150ed70 flushing  nmethod 0x0000015fcd736990

Events (20 events):
Event: 2.447 Thread 0x0000015fe7b63a80 Thread added: 0x0000015fe7b66870
Event: 3.785 Thread 0x0000015fe15aa340 Thread added: 0x0000015fe6875390
Event: 3.900 Thread 0x0000015fe6875390 Thread exited: 0x0000015fe6875390
Event: 4.019 Thread 0x0000015fe7b63a80 Thread added: 0x0000015fe7b66f00
Event: 4.019 Thread 0x0000015fe7b63a80 Thread added: 0x0000015fe7b69660
Event: 4.019 Thread 0x0000015fe7b63a80 Thread added: 0x0000015fe7b661e0
Event: 4.019 Thread 0x0000015fe7b63a80 Thread added: 0x0000015fe7b68940
Event: 4.019 Thread 0x0000015fe7b63a80 Thread added: 0x0000015fe7b67590
Event: 4.019 Thread 0x0000015fe7b63a80 Thread added: 0x0000015fe7b67c20
Event: 4.019 Thread 0x0000015fe7b63a80 Thread added: 0x0000015fe7b68fd0
Event: 4.019 Thread 0x0000015fe7b63a80 Thread added: 0x0000015fe81478a0
Event: 5.632 Thread 0x0000015fe15aa340 Thread added: 0x0000015fe6875390
Event: 6.900 Thread 0x0000015fe7b63a80 Thread added: 0x0000015fe8147f30
Event: 6.922 Thread 0x0000015fe7b63a80 Thread added: 0x0000015fe81457d0
Event: 8.217 Thread 0x0000015fe7b63a80 Thread added: 0x0000015fe8145140
Event: 8.262 Thread 0x0000015fe7b63a80 Thread added: 0x0000015fe8148c50
Event: 8.862 Thread 0x0000015fe7b63a80 Thread added: 0x0000015fe8145e60
Event: 8.863 Thread 0x0000015fe7b63a80 Thread added: 0x0000015fe8147210
Event: 9.586 Thread 0x0000015fe7b63a80 Thread added: 0x0000015fe81492e0
Event: 9.587 Thread 0x0000015fe7b63a80 Thread added: 0x0000015fe8149970


Dynamic libraries:
0x00007ff754c90000 - 0x00007ff754c9a000 	C:\Program Files\Android\Android Studio\jbr\bin\java.exe
0x00007ffbfb9a0000 - 0x00007ffbfbc08000 	C:\WINDOWS\SYSTEM32\ntdll.dll
0x00007ffbfa7d0000 - 0x00007ffbfa899000 	C:\WINDOWS\System32\KERNEL32.DLL
0x00007ffbf86a0000 - 0x00007ffbf8a91000 	C:\WINDOWS\System32\KERNELBASE.dll
0x00007ffbf8280000 - 0x00007ffbf83cb000 	C:\WINDOWS\System32\ucrtbase.dll
0x00007ffbce2d0000 - 0x00007ffbce2eb000 	C:\Program Files\Android\Android Studio\jbr\bin\VCRUNTIME140.dll
0x00007ffbaa1d0000 - 0x00007ffbaa1e8000 	C:\Program Files\Android\Android Studio\jbr\bin\jli.dll
0x00007ffbfa8a0000 - 0x00007ffbfaa66000 	C:\WINDOWS\System32\USER32.dll
0x00007ffbdf080000 - 0x00007ffbdf313000 	C:\WINDOWS\WinSxS\amd64_microsoft.windows.common-controls_6595b64144ccf1df_6.0.26100.7824_none_3e0870b2e3345462\COMCTL32.dll
0x00007ffbf9310000 - 0x00007ffbf9337000 	C:\WINDOWS\System32\win32u.dll
0x00007ffbfa190000 - 0x00007ffbfa239000 	C:\WINDOWS\System32\msvcrt.dll
0x00007ffbfa7a0000 - 0x00007ffbfa7cb000 	C:\WINDOWS\System32\GDI32.dll
0x00007ffbf9550000 - 0x00007ffbf967b000 	C:\WINDOWS\System32\gdi32full.dll
0x00007ffbf83d0000 - 0x00007ffbf8473000 	C:\WINDOWS\System32\msvcp_win.dll
0x00007ffbfa260000 - 0x00007ffbfa291000 	C:\WINDOWS\System32\IMM32.DLL
0x00007ffbd6f20000 - 0x00007ffbd6f2c000 	C:\Program Files\Android\Android Studio\jbr\bin\vcruntime140_1.dll
0x00007ffb687a0000 - 0x00007ffb6882d000 	C:\Program Files\Android\Android Studio\jbr\bin\msvcp140.dll
0x00007ffab70a0000 - 0x00007ffab7d36000 	C:\Program Files\Android\Android Studio\jbr\bin\server\jvm.dll
0x00007ffbfa0d0000 - 0x00007ffbfa184000 	C:\WINDOWS\System32\ADVAPI32.dll
0x00007ffbfb860000 - 0x00007ffbfb906000 	C:\WINDOWS\System32\sechost.dll
0x00007ffbfb740000 - 0x00007ffbfb858000 	C:\WINDOWS\System32\RPCRT4.dll
0x00007ffbfa2a0000 - 0x00007ffbfa314000 	C:\WINDOWS\System32\WS2_32.dll
0x00007ffbf80e0000 - 0x00007ffbf813e000 	C:\WINDOWS\SYSTEM32\POWRPROF.dll
0x00007ffbf14e0000 - 0x00007ffbf14eb000 	C:\WINDOWS\SYSTEM32\VERSION.dll
0x00007ffbe2970000 - 0x00007ffbe29a5000 	C:\WINDOWS\SYSTEM32\WINMM.dll
0x00007ffbf80c0000 - 0x00007ffbf80d4000 	C:\WINDOWS\SYSTEM32\UMPDC.dll
0x00007ffbf7000000 - 0x00007ffbf701b000 	C:\WINDOWS\SYSTEM32\kernel.appcore.dll
0x00007ffbd31d0000 - 0x00007ffbd31da000 	C:\Program Files\Android\Android Studio\jbr\bin\jimage.dll
0x00007ffbf63e0000 - 0x00007ffbf6622000 	C:\WINDOWS\SYSTEM32\DBGHELP.DLL
0x00007ffbfaf00000 - 0x00007ffbfb286000 	C:\WINDOWS\System32\combase.dll
0x00007ffbfa500000 - 0x00007ffbfa5d7000 	C:\WINDOWS\System32\OLEAUT32.dll
0x00007ffbe19b0000 - 0x00007ffbe19eb000 	C:\WINDOWS\SYSTEM32\dbgcore.DLL
0x00007ffbf85f0000 - 0x00007ffbf8695000 	C:\WINDOWS\System32\bcryptPrimitives.dll
0x00007ffbc4d90000 - 0x00007ffbc4d9e000 	C:\Program Files\Android\Android Studio\jbr\bin\instrument.dll
0x00007ffbce200000 - 0x00007ffbce220000 	C:\Program Files\Android\Android Studio\jbr\bin\java.dll
0x00007ffbca3a0000 - 0x00007ffbca3b8000 	C:\Program Files\Android\Android Studio\jbr\bin\zip.dll
0x00007ffbf9840000 - 0x00007ffbf9f92000 	C:\WINDOWS\System32\SHELL32.dll
0x00007ffbf8480000 - 0x00007ffbf85ea000 	C:\WINDOWS\System32\wintypes.dll
0x00007ffbf8aa0000 - 0x00007ffbf9303000 	C:\WINDOWS\System32\windows.storage.dll
0x00007ffbfa6a0000 - 0x00007ffbfa796000 	C:\WINDOWS\System32\SHCORE.dll
0x00007ffbfb690000 - 0x00007ffbfb6f7000 	C:\WINDOWS\System32\shlwapi.dll
0x00007ffbf81a0000 - 0x00007ffbf81c9000 	C:\WINDOWS\SYSTEM32\profapi.dll
0x00007ffbcbe30000 - 0x00007ffbcbe40000 	C:\Program Files\Android\Android Studio\jbr\bin\net.dll
0x00007ffbf2d80000 - 0x00007ffbf2ea7000 	C:\WINDOWS\SYSTEM32\WINHTTP.dll
0x00007ffbf7590000 - 0x00007ffbf75fb000 	C:\WINDOWS\system32\mswsock.dll
0x00007ffbc65b0000 - 0x00007ffbc65c6000 	C:\Program Files\Android\Android Studio\jbr\bin\nio.dll
0x00007ffbc6580000 - 0x00007ffbc6590000 	C:\Program Files\Android\Android Studio\jbr\bin\verify.dll
0x00007ffba1080000 - 0x00007ffba10a7000 	E:\androidprojet\gradle\wrapper\wrapper\wrapper\wrapper\native\1def1411415f61bf3af743bc5b6707747c0891f09f0c88961ee8f79bc544acac\windows-amd64\native-platform.dll
0x00007ffb6a680000 - 0x00007ffb6a6f8000 	E:\androidprojet\gradle\wrapper\wrapper\wrapper\wrapper\native\0.2.7\x86_64-windows-gnu\gradle-fileevents.dll
0x00007ffbca560000 - 0x00007ffbca569000 	C:\Program Files\Android\Android Studio\jbr\bin\management.dll
0x00007ffbc65a0000 - 0x00007ffbc65ab000 	C:\Program Files\Android\Android Studio\jbr\bin\management_ext.dll
0x00007ffbfa250000 - 0x00007ffbfa258000 	C:\WINDOWS\System32\PSAPI.DLL
0x00007ffbf6aa0000 - 0x00007ffbf6ad4000 	C:\WINDOWS\SYSTEM32\IPHLPAPI.DLL
0x00007ffbfa240000 - 0x00007ffbfa24a000 	C:\WINDOWS\System32\NSI.dll
0x00007ffbcbb20000 - 0x00007ffbcbb29000 	C:\Program Files\Android\Android Studio\jbr\bin\extnet.dll
0x00007ffbf7860000 - 0x00007ffbf787b000 	C:\WINDOWS\SYSTEM32\CRYPTSP.dll
0x00007ffbf6f60000 - 0x00007ffbf6f99000 	C:\WINDOWS\system32\rsaenh.dll
0x00007ffbf7640000 - 0x00007ffbf766b000 	C:\WINDOWS\SYSTEM32\USERENV.dll
0x00007ffbf8170000 - 0x00007ffbf819a000 	C:\WINDOWS\SYSTEM32\bcrypt.dll
0x00007ffbf7880000 - 0x00007ffbf788c000 	C:\WINDOWS\SYSTEM32\CRYPTBASE.dll
0x00007ffba2ef0000 - 0x00007ffba2ef8000 	C:\WINDOWS\system32\wshunix.dll
0x00007ffbf7140000 - 0x00007ffbf7176000 	C:\WINDOWS\SYSTEM32\ntmarta.dll

JVMTI agents:
E:\androidprojet\gradle\wrapper\wrapper\wrapper\wrapper\wrapper\dists\gradle-8.13-bin\5xuhj0ry160q40clulazy9h7d\gradle-8.13\lib\agents\gradle-instrumentation-agent-8.13.jar path:C:\Program Files\Android\Android Studio\jbr\bin\instrument.dll, loaded, initialized, instrumentlib options:none

dbghelp: loaded successfully - version: 4.0.5 - missing functions: none
symbol engine: initialized successfully - sym options: 0x614 - pdb path: .;C:\Program Files\Android\Android Studio\jbr\bin;C:\WINDOWS\SYSTEM32;C:\WINDOWS\WinSxS\amd64_microsoft.windows.common-controls_6595b64144ccf1df_6.0.26100.7824_none_3e0870b2e3345462;C:\Program Files\Android\Android Studio\jbr\bin\server;E:\androidprojet\gradle\wrapper\wrapper\wrapper\wrapper\native\1def1411415f61bf3af743bc5b6707747c0891f09f0c88961ee8f79bc544acac\windows-amd64;E:\androidprojet\gradle\wrapper\wrapper\wrapper\wrapper\native\0.2.7\x86_64-windows-gnu

VM Arguments:
jvm_args: --add-opens=java.base/java.lang=ALL-UNNAMED --add-opens=java.base/java.lang.invoke=ALL-UNNAMED --add-opens=java.base/java.util=ALL-UNNAMED --add-opens=java.prefs/java.util.prefs=ALL-UNNAMED --add-exports=jdk.compiler/com.sun.tools.javac.api=ALL-UNNAMED --add-exports=jdk.compiler/com.sun.tools.javac.util=ALL-UNNAMED --add-opens=java.base/java.util=ALL-UNNAMED --add-opens=java.prefs/java.util.prefs=ALL-UNNAMED --add-opens=java.base/java.nio.charset=ALL-UNNAMED --add-opens=java.base/java.net=ALL-UNNAMED --add-opens=java.base/java.util.concurrent.atomic=ALL-UNNAMED --add-opens=java.xml/javax.xml.namespace=ALL-UNNAMED -Xmx2048m -Dfile.encoding=UTF-8 -Duser.country=FR -Duser.language=fr -Duser.variant -javaagent:E:\androidprojet\gradle\wrapper\wrapper\wrapper\wrapper\wrapper\dists\gradle-8.13-bin\5xuhj0ry160q40clulazy9h7d\gradle-8.13\lib\agents\gradle-instrumentation-agent-8.13.jar 
java_command: org.gradle.launcher.daemon.bootstrap.GradleDaemon 8.13
java_class_path (initial): E:\androidprojet\gradle\wrapper\wrapper\wrapper\wrapper\wrapper\dists\gradle-8.13-bin\5xuhj0ry160q40clulazy9h7d\gradle-8.13\lib\gradle-daemon-main-8.13.jar
Launcher Type: SUN_STANDARD

[Global flags]
     intx CICompilerCount                          = 4                                         {product} {ergonomic}
     uint ConcGCThreads                            = 2                                         {product} {ergonomic}
     uint G1ConcRefinementThreads                  = 8                                         {product} {ergonomic}
   size_t G1HeapRegionSize                         = 1048576                                   {product} {ergonomic}
    uintx GCDrainStackTargetSize                   = 64                                        {product} {ergonomic}
   size_t InitialHeapSize                          = 132120576                                 {product} {ergonomic}
   size_t MarkStackSize                            = 4194304                                   {product} {ergonomic}
   size_t MaxHeapSize                              = 2147483648                                {product} {command line}
   size_t MaxNewSize                               = 1287651328                                {product} {ergonomic}
   size_t MinHeapDeltaBytes                        = 1048576                                   {product} {ergonomic}
   size_t MinHeapSize                              = 8388608                                   {product} {ergonomic}
    uintx NonNMethodCodeHeapSize                   = 5839372                                {pd product} {ergonomic}
    uintx NonProfiledCodeHeapSize                  = 122909434                              {pd product} {ergonomic}
    uintx ProfiledCodeHeapSize                     = 122909434                              {pd product} {ergonomic}
    uintx ReservedCodeCacheSize                    = 251658240                              {pd product} {ergonomic}
     bool SegmentedCodeCache                       = true                                      {product} {ergonomic}
   size_t SoftMaxHeapSize                          = 2147483648                             {manageable} {ergonomic}
     bool UseCompressedOops                        = true                           {product lp64_product} {ergonomic}
     bool UseG1GC                                  = true                                      {product} {ergonomic}
     bool UseLargePagesIndividualAllocation        = false                                  {pd product} {ergonomic}

Logging:
Log output configuration:
 #0: stdout all=warning uptime,level,tags foldmultilines=false
 #1: stderr all=off uptime,level,tags foldmultilines=false

Environment Variables:
JAVA_HOME=C:\Program Files\Java\jdk-23\
PATH=C:\Program Files\Eclipse Adoptium\jdk-17.0.17.10-hotspot\bin;C:\Program Files\Microsoft MPI\Bin\;C:\apache-maven-3.9.9\bin;C:\oraclexe\app\oracle\product\11.2.0\server\bin;C:\Program Files\Common Files\Oracle\Java\javapath;C:\Program Files (x86)\Common Files\Oracle\Java\javapath;C:\Windows\System32\HWAudioDriverLibs;C:\Windows\system32;C:\Windows;C:\Windows\System32\Wbem;C:\Windows\System32\WindowsPowerShell\v1.0\;C:\Windows\System32\OpenSSH\;C:\Users\Administrator\AppData\Local\Microsoft\WindowsApps;C:\WINDOWS\system32;C:\WINDOWS;C:\WINDOWS\System32\Wbem;C:\WINDOWS\System32\WindowsPowerShell\v1.0\;C:\WINDOWS\System32\OpenSSH\;C:\Program Files\dotnet\;C:\Program Files (x86)\Microsoft SQL Server\160\Tools\Binn\;C:\Program Files\Microsoft SQL Server\160\Tools\Binn\;C:\Program Files\Microsoft SQL Server\Client SDK\ODBC\170\Tools\Binn\;C:\Program Files\Microsoft SQL Server\160\DTS\Binn\;C:\Program Files\Microsoft SQL Server\150\Tools\Binn\;C:\Program Files\Git\cmd;C:\Program Files (x86)\Microsoft SQL Server\160\DTS\Binn\;C:\Program Files (x86)\Bitvise SSH Client;C:\Program Files\nodejs\;C:\Users\manal\AppData\Local\Programs\Microsoft VS Code\bin;C:\Program Files\Docker\Docker\resources\bin;C:\wamp64\bin\php\php8.2.26\;C:\Users\manal\scoop\shims;C:\Users\manal\AppData\Local\Programs\Python\Python313\Scripts\;C:\Users\manal\AppData\Local\Programs\Python\Python313\;C:\Users\manal\AppData\Local\Programs\Python\Launcher\;C:\Users\manal\AppData\Local\Microsoft\WindowsApps;C:\msys64\ucrt64\bin;C:\Users\manal\AppData\Local\Programs\Microsoft VS Code\bin;C:\Program Files (x86)\GnuWin32\bin;C:\Program Files\Java\jdk-23\\bin;C:\Program Files\JetBrains\IntelliJ IDEA 2024.3.4.1\bin;C:\apache-maven-3.9.9;;C:\Users\manal\.dotnet\tools;C:\Users\manal\AppData\Roaming\npm;C:\Users\manal\AppData\Local\ComposerSetup\bin;C:\Users\manal\AppData\Roaming\Composer\vendor\bin;C:\Users\manal\scoop\apps\symfony-cli\current\bin;
USERNAME=manal
OS=Windows_NT
PROCESSOR_IDENTIFIER=Intel64 Family 6 Model 140 Stepping 2, GenuineIntel
TMP=C:\Users\manal\AppData\Local\Temp
TEMP=C:\Users\manal\AppData\Local\Temp




Periodic native trim disabled

JNI global refs:
JNI global refs: 28, weak refs: 27

JNI global refs memory usage: 835, weak refs: 833

Process memory usage:
Resident Set Size: 352788K (4% of 8166712K total physical memory with 297900K free physical memory)

OOME stack traces (most recent first):
Classloader memory used:
Loader org.gradle.internal.classloader.VisitableURLClassLoader                         : 32759K
Loader bootstrap                                                                       : 22772K
Loader org.gradle.initialization.MixInLegacyTypesClassLoader                           : 6652K
Loader org.gradle.internal.classloader.VisitableURLClassLoader                         : 739K
Loader jdk.internal.loader.ClassLoaders$PlatformClassLoader                            : 533K
Loader jdk.internal.loader.ClassLoaders$AppClassLoader                                 : 235K
Loader jdk.internal.reflect.DelegatingClassLoader                                      : 165K
Loader org.gradle.groovy.scripts.internal.DefaultScriptCompilationHandler$ScriptClassLoader: 36128B
Loader org.codehaus.groovy.runtime.callsite.CallSiteClassLoader                        : 7232B

Classes loaded by more than one classloader:
Class org.gradle.api.GradleException                                                  : loaded 3 times (x 82B)
Class org.gradle.internal.classloader.FilteringClassLoader                            : loaded 2 times (x 105B)
Class org.gradle.internal.classloader.ClassLoaderHierarchy                            : loaded 2 times (x 70B)
Class org.gradle.api.internal.classpath.ManifestUtil                                  : loaded 2 times (x 71B)
Class org.gradle.internal.operations.MultipleBuildOperationFailures                   : loaded 2 times (x 95B)
Class org.gradle.internal.classloader.DefaultClassLoaderFactory                       : loaded 2 times (x 82B)
Class kotlin.collections.AbstractList$Companion                                       : loaded 2 times (x 71B)
Class org.gradle.internal.classloader.ClassLoaderVisitor                              : loaded 2 times (x 76B)
Class org.gradle.api.internal.classpath.EffectiveClassPath                            : loaded 2 times (x 90B)
Class org.gradle.api.internal.DefaultClassPathProvider                                : loaded 2 times (x 76B)
Class [Lorg.gradle.api.internal.ClassPathProvider;                                    : loaded 2 times (x 69B)
Class org.gradle.api.internal.ClassPathProvider                                       : loaded 2 times (x 70B)
Class org.gradle.internal.service.UnknownServiceException                             : loaded 2 times (x 83B)
Class org.gradle.internal.classpath.TransformedClassPath                              : loaded 2 times (x 96B)
Class org.gradle.internal.classloader.InstrumentingClassLoader                        : loaded 2 times (x 70B)
Class kotlin.enums.EnumEntriesList                                                    : loaded 2 times (x 223B)
Class org.gradle.internal.service.ServiceLocator                                      : loaded 2 times (x 70B)
Class org.gradle.internal.InternalTransformer                                         : loaded 2 times (x 70B)
Class org.gradle.internal.time.DefaultTimer                                           : loaded 2 times (x 80B)
Class org.gradle.internal.classloader.ClasspathUtil$1                                 : loaded 2 times (x 76B)
Class org.gradle.api.internal.classpath.DefaultModuleRegistry$DefaultModule           : loaded 2 times (x 86B)
Class org.gradle.internal.time.DefaultCountdownTimer                                  : loaded 2 times (x 88B)
Class kotlin.Function                                                                 : loaded 2 times (x 70B)
Class org.gradle.api.internal.classpath.Module                                        : loaded 2 times (x 70B)
Class org.gradle.api.internal.classpath.UnknownModuleException                        : loaded 2 times (x 82B)
Class org.gradle.api.internal.DefaultClassPathRegistry                                : loaded 2 times (x 76B)
Class org.gradle.api.internal.ClassPathRegistry                                       : loaded 2 times (x 70B)
Class org.gradle.internal.classpath.DefaultClassPath$ImmutableUniqueList              : loaded 2 times (x 199B)
Class org.gradle.internal.classpath.ClassPath                                         : loaded 2 times (x 70B)
Class org.gradle.api.UncheckedIOException                                             : loaded 2 times (x 82B)
Class kotlin.UninitializedPropertyAccessException                                     : loaded 2 times (x 82B)
Class org.gradle.internal.installation.GradleInstallation$1                           : loaded 2 times (x 75B)
Class org.gradle.api.internal.classpath.ModuleRegistry                                : loaded 2 times (x 70B)
Class org.gradle.api.internal.classpath.DefaultModuleRegistry                         : loaded 2 times (x 86B)
Class org.gradle.internal.time.MonotonicClock                                         : loaded 2 times (x 77B)
Class org.gradle.internal.service.ServiceLookupException                              : loaded 2 times (x 82B)
Class org.gradle.internal.classloader.ClassLoaderFactory                              : loaded 2 times (x 70B)
Class org.gradle.internal.service.CachingServiceLocator                               : loaded 2 times (x 82B)
Class org.gradle.internal.time.TimeSource                                             : loaded 2 times (x 70B)
Class kotlin.enums.EnumEntries                                                        : loaded 2 times (x 70B)
Class org.gradle.internal.exceptions.ResolutionProvider                               : loaded 2 times (x 70B)
Class org.gradle.internal.classloader.ClasspathUtil                                   : loaded 2 times (x 71B)
Class org.gradle.internal.time.TimeSource$1                                           : loaded 2 times (x 77B)
Class org.gradle.api.specs.Spec                                                       : loaded 2 times (x 70B)
Class org.gradle.internal.time.Clock                                                  : loaded 2 times (x 70B)
Class kotlin.collections.AbstractList                                                 : loaded 2 times (x 197B)
Class kotlin.collections.AbstractCollection                                           : loaded 2 times (x 117B)
Class org.gradle.internal.classloader.VisitableURLClassLoader$InstrumentingVisitableURLClassLoader: loaded 2 times (x 123B)
Class org.gradle.internal.classloader.VisitableURLClassLoader$Spec                    : loaded 2 times (x 74B)
Class org.gradle.internal.classpath.DefaultClassPath                                  : loaded 2 times (x 90B)
Class org.gradle.internal.classloader.ClassLoaderSpec                                 : loaded 2 times (x 71B)
Class org.gradle.internal.classloader.VisitableURLClassLoader                         : loaded 2 times (x 117B)
Class org.gradle.internal.Cast                                                        : loaded 2 times (x 71B)
Class org.gradle.api.Action                                                           : loaded 2 times (x 70B)
Class kotlin.jvm.functions.Function1                                                  : loaded 2 times (x 70B)
Class org.gradle.internal.classpath.DefaultClassPath$ImmutableUniqueList$Builder      : loaded 2 times (x 75B)
Class kotlin.NotImplementedError                                                      : loaded 2 times (x 82B)
Class org.gradle.internal.exceptions.NonGradleCauseExceptionsHolder                   : loaded 2 times (x 70B)
Class kotlin.enums.EnumEntriesKt                                                      : loaded 2 times (x 71B)
Class org.gradle.internal.IoActions                                                   : loaded 2 times (x 71B)
Class org.gradle.internal.classloader.SystemClassLoaderSpec                           : loaded 2 times (x 71B)
Class org.gradle.internal.exceptions.MultiCauseException                              : loaded 2 times (x 70B)
Class org.gradle.internal.time.CountdownTimer                                         : loaded 2 times (x 70B)
Class kotlin.jvm.internal.Intrinsics                                                  : loaded 2 times (x 71B)
Class org.gradle.tooling.model.ProjectModel                                           : loaded 2 times (x 70B)
Class kotlin.KotlinNullPointerException                                               : loaded 2 times (x 83B)
Class org.gradle.internal.exceptions.DefaultMultiCauseException                       : loaded 2 times (x 95B)
Class org.gradle.internal.time.Time                                                   : loaded 2 times (x 71B)
Class org.gradle.api.internal.classpath.GlobalCacheRootsProvider                      : loaded 2 times (x 70B)
Class org.gradle.internal.time.Timer                                                  : loaded 2 times (x 70B)
Class kotlin.jvm.internal.markers.KMappedMarker                                       : loaded 2 times (x 70B)
Class org.gradle.internal.installation.CurrentGradleInstallationLocator               : loaded 2 times (x 71B)
Class org.gradle.internal.service.DefaultServiceLocator                               : loaded 2 times (x 83B)
Class org.gradle.util.GradleVersion                                                   : loaded 2 times (x 79B)
Class org.gradle.internal.installation.CurrentGradleInstallation                      : loaded 2 times (x 73B)
Class org.gradle.util.internal.GUtil                                                  : loaded 2 times (x 71B)
Class org.gradle.internal.installation.GradleInstallation                             : loaded 2 times (x 75B)

---------------  S Y S T E M  ---------------

OS:
 Windows 11 , 64 bit Build 26100 (10.0.26100.7705)
OS uptime: 9 days 9:56 hours
Hyper-V role detected

CPU: total 8 (initial active 8) (4 cores per cpu, 2 threads per core) family 6 model 140 stepping 2 microcode 0x16, cx8, cmov, fxsr, ht, mmx, 3dnowpref, sse, sse2, sse3, ssse3, sse4.1, sse4.2, popcnt, lzcnt, tsc, tscinvbit, avx, avx2, aes, erms, clmul, bmi1, bmi2, adx, avx512f, avx512dq, avx512cd, avx512bw, avx512vl, sha, fma, vzeroupper, avx512_vpopcntdq, avx512_vpclmulqdq, avx512_vaes, avx512_vnni, clflush, clflushopt, clwb, avx512_vbmi2, avx512_vbmi, hv, rdtscp, rdpid, fsrm, gfni, avx512_bitalg, f16c, cet_ibt, cet_ss, avx512_ifma
Processor Information for the first 8 processors :
  Max Mhz: 2496, Current Mhz: 2496, Mhz Limit: 2496

Memory: 4k page, system-wide physical 7975M (292M free)
TotalPageFile size 32551M (AvailPageFile size 7M)
current process WorkingSet (physical memory assigned to process): 344M, peak: 348M
current process commit charge ("private bytes"): 377M, peak: 381M

vm_info: OpenJDK 64-Bit Server VM (21.0.8+-14018985-b1038.68) for windows-amd64 JRE (21.0.8+-14018985-b1038.68), built on 2025-08-29T19:56:34Z by "builder" with MS VC++ 16.10 / 16.11 (VS2019)

END.
